#
# A fatal error has been detected by the Java Runtime Environment:
#
#  EXCEPTION_ACCESS_VIOLATION (0xc0000005) at pc=0x000007fedf561b76, pid=34040, tid=27768
#
# JRE version: Java(TM) SE Runtime Environment (7.0_55-b13) (build 1.7.0_55-b13)
# Java VM: Java HotSpot(TM) 64-Bit Server VM (24.55-b03 mixed mode windows-amd64 compressed oops)
# Problematic frame:
# C  [GraphicsCaptureHook64.dll+0x1b76]
#
# Failed to write core dump. Minidumps are not enabled by default on client versions of Windows
#
# If you would like to submit a bug report, please visit:
#   http://bugreport.sun.com/bugreport/crash.jsp
#

---------------  T H R E A D  ---------------

Current thread (0x000000000b72d000):  VMThread [stack: 0x000000000d880000,0x000000000d980000] [id=27768]

siginfo: ExceptionCode=0xc0000005, reading address 0x0000000000000008

Registers:
RAX=0x0000000000000000, RBX=0x000000000d97f070, RCX=0x000000001be7ffff, RDX=0x000000000d97f070
RSP=0x000000000d97f000, RBP=0x00000000023bf330, RSI=0x0000000000010000, RDI=0x0000000000000000
R8 =0x000007fffffa6000, R9 =0x000007fedf560000, R10=0x000000000d97f0a0, R11=0x000000000d97f0a0
R12=0x000007fffffdf000, R13=0x000007fffffa6000, R14=0x0000000077593bc0, R15=0x000000007758e670
RIP=0x000007fedf561b76, EFLAGS=0x0000000000010206

Top of Stack: (sp=0x000000000d97f000)
0x000000000d97f000:   30353a30353a3032 00000000e300203a
0x000000000d97f010:   0000000014b716f0 000000000037c650
0x000000000d97f020:   000007fedf5b8a00 000007fedf565aeb
0x000000000d97f030:   000000004eaa5261 00000000e30001e2
0x000000000d97f040:   000000007758e670 0000000077593bc0
0x000000000d97f050:   fffffffffffffffe 0000000000000000
0x000000000d97f060:   0000000000000000 000007fedf57e822
0x000000000d97f070:   000000001be7ffff 0000000000000000
0x000000000d97f080:   0000000000000000 0000000000000000
0x000000000d97f090:   0000000000000004 fffffffffffffffe
0x000000000d97f0a0:   30353a30353a3032 000000000000203a
0x000000000d97f0b0:   000000000000000a 000000000000000f
0x000000000d97f0c0:   000057ca33a292dd 0000000000000001
0x000000000d97f0d0:   0000000000000000 000007fedf68752d
0x000000000d97f0e0:   000007fef5e01318 0000000000000000
0x000000000d97f0f0:   000007fedf660000 0000000077361a5a 

Instructions: (pc=0x000007fedf561b76)
0x000007fedf561b56:   cc cc cc cc cc cc cc cc cc cc 40 53 48 83 ec 20
0x000007fedf561b66:   48 8b 41 40 48 8b da 48 8b 08 48 89 0a 48 8b 01
0x000007fedf561b76:   ff 50 08 48 8b c3 48 83 c4 20 5b c3 cc cc cc cc
0x000007fedf561b86:   cc cc cc cc cc cc cc cc cc cc 48 89 5c 24 08 57 


Register to memory mapping:

RAX=0x0000000000000000 is an unknown value
RBX=0x000000000d97f070 is an unknown value
RCX=0x000000001be7ffff is an unknown value
RDX=0x000000000d97f070 is an unknown value
RSP=0x000000000d97f000 is an unknown value
RBP=0x00000000023bf330 is an unknown value
RSI=0x0000000000010000 is an unknown value
RDI=0x0000000000000000 is an unknown value
R8 =0x000007fffffa6000 is an unknown value
R9 =0x000007fedf560000 is an unknown value
R10=0x000000000d97f0a0 is an unknown value
R11=0x000000000d97f0a0 is an unknown value
R12=0x000007fffffdf000 is an unknown value
R13=0x000007fffffa6000 is an unknown value
R14=0x0000000077593bc0 is an unknown value
R15=0x000000007758e670 is an unknown value


Stack: [0x000000000d880000,0x000000000d980000],  sp=0x000000000d97f000,  free space=1020k
Native frames: (J=compiled Java code, j=interpreted, Vv=VM code, C=native code)
C  [GraphicsCaptureHook64.dll+0x1b76]

VM_Operation (0x000000000277e990): Exit, mode: safepoint, requested by thread 0x000000000239c000


---------------  P R O C E S S  ---------------

Java Threads: ( => current thread )
  0x000000000f971000 JavaThread "AWT-Shutdown" [_thread_blocked, id=34304, stack(0x000000002e8d0000,0x000000002e9d0000)]
  0x000000000f970000 JavaThread "Keep-Alive-Timer" daemon [_thread_blocked, id=22488, stack(0x0000000025570000,0x0000000025670000)]
  0x000000000f972800 JavaThread "Thread-11" [_thread_blocked, id=30360, stack(0x000000000efe0000,0x000000000f0e0000)]
  0x000000000f971800 JavaThread "Thread-10" [_thread_blocked, id=33644, stack(0x0000000020cb0000,0x0000000020db0000)]
  0x00000000179f7800 JavaThread "ic2-poolthread-1" daemon [_thread_blocked, id=29804, stack(0x0000000020830000,0x0000000020930000)]
  0x0000000017797800 JavaThread "Thread-6" [_thread_blocked, id=33728, stack(0x000000001eb00000,0x000000001ec00000)]
  0x0000000016fb6800 JavaThread "Timer hack thread" daemon [_thread_blocked, id=18588, stack(0x0000000019260000,0x0000000019360000)]
  0x0000000017b0a800 JavaThread "Snooper Timer" daemon [_thread_blocked, id=27612, stack(0x00000000115f0000,0x00000000116f0000)]
  0x000000000f3fb000 JavaThread "Java2D Disposer" daemon [_thread_blocked, id=33332, stack(0x00000000114a0000,0x00000000115a0000)]
  0x000000000c80f000 JavaThread "Service Thread" daemon [_thread_blocked, id=24712, stack(0x000000000eee0000,0x000000000efe0000)]
  0x000000000c80e800 JavaThread "C2 CompilerThread1" daemon [_thread_blocked, id=31684, stack(0x000000000ed10000,0x000000000ee10000)]
  0x000000000c80d000 JavaThread "C2 CompilerThread0" daemon [_thread_blocked, id=21072, stack(0x000000000ebe0000,0x000000000ece0000)]
  0x000000000c7f9800 JavaThread "JDWP Event Helper Thread" daemon [_thread_blocked, id=30920, stack(0x000000000e8e0000,0x000000000e9e0000)]
  0x000000000b749000 JavaThread "Attach Listener" daemon [_thread_blocked, id=34392, stack(0x000000000dd00000,0x000000000de00000)]
  0x000000000242a000 JavaThread "Finalizer" daemon [_thread_blocked, id=33556, stack(0x000000000d6f0000,0x000000000d7f0000)]
  0x000000000b730000 JavaThread "Reference Handler" daemon [_thread_blocked, id=33044, stack(0x000000000da10000,0x000000000db10000)]
  0x000000000239c000 JavaThread "Client thread" [_thread_blocked, id=21668, stack(0x0000000002680000,0x0000000002780000)]

Other Threads:
=>0x000000000b72d000 VMThread [stack: 0x000000000d880000,0x000000000d980000] [id=27768]

VM state:at safepoint (shutting down)

VM Mutex/Monitor currently owned by a thread:  ([mutex/lock_event])
[0x0000000002399980] Threads_lock - owner thread: 0x000000000b72d000

Heap
 PSYoungGen      total 550912K, used 346232K [0x00000007d5a80000, 0x00000007ff980000, 0x0000000800000000)
  eden space 412672K, 81% used [0x00000007d5a80000,0x00000007ea458390,0x00000007eed80000)
  from space 138240K, 6% used [0x00000007f7280000,0x00000007f7ac5f90,0x00000007ff980000)
  to   space 136192K, 0% used [0x00000007eed80000,0x00000007eed80000,0x00000007f7280000)
 ParOldGen       total 503296K, used 357071K [0x0000000781000000, 0x000000079fb80000, 0x00000007d5a80000)
  object space 503296K, 70% used [0x0000000781000000,0x0000000796cb3e60,0x000000079fb80000)
 PSPermGen       total 116736K, used 85620K [0x0000000771000000, 0x0000000778200000, 0x0000000781000000)
  object space 116736K, 73% used [0x0000000771000000,0x000000077639d358,0x0000000778200000)

Card table byte_map: [0x0000000005780000,0x0000000005c00000] byte_map_base: 0x0000000001bf8000

Polling page: 0x0000000000120000

Code Cache  [0x0000000002780000, 0x0000000003050000, 0x0000000005780000)
 total_blobs=3027 nmethods=2015 adapters=971 free_code_cache=40255Kb largest_free_block=41098368

Compilation events (10 events):
Event: 54.097 Thread 0x000000000c80e800 2286             java.lang.Class::getReflectionFactory (26 bytes)
Event: 54.097 Thread 0x000000000c80e800 nmethod 2286 0x0000000003032690 code [0x00000000030327c0, 0x0000000003032838]
Event: 54.106 Thread 0x000000000c80d000 2287             org.objectweb.asm.Frame::type (416 bytes)
Event: 54.114 Thread 0x000000000c80d000 nmethod 2287 0x0000000003038b50 code [0x0000000003038f00, 0x0000000003039590]
Event: 54.118 Thread 0x000000000c80e800 2288 %           org.objectweb.asm.util.Printer::printList @ 2 (53 bytes)
Event: 54.129 Thread 0x000000000c80e800 nmethod 2288% 0x0000000003048090 code [0x0000000003048280, 0x00000000030494c0]
Event: 54.135 Thread 0x000000000c80d000 2289             org.objectweb.asm.util.Printer::printList (53 bytes)
Event: 54.146 Thread 0x000000000c80d000 nmethod 2289 0x000000000304a450 code [0x000000000304a640, 0x000000000304b7e0]
Event: 54.219 Thread 0x000000000c80e800 2290             sun.net.www.MessageHeader::mergeHeader (382 bytes)
Event: 54.230 Thread 0x000000000c80e800 nmethod 2290 0x000000000304c790 code [0x000000000304c9a0, 0x000000000304d9b0]

GC Heap History (10 events):
Event: 48.978 GC heap before
{Heap before GC invocations=43 (full 5):
 PSYoungGen      total 531456K, used 401548K [0x00000007d5a80000, 0x0000000800000000, 0x0000000800000000)
  eden space 387072K, 98% used [0x00000007d5a80000,0x00000007ed0b2f40,0x00000007ed480000)
  from space 144384K, 12% used [0x00000007ed480000,0x00000007ee670210,0x00000007f6180000)
  to   space 145408K, 0% used [0x00000007f7200000,0x00000007f7200000,0x0000000800000000)
 ParOldGen       total 503296K, used 321755K [0x0000000781000000, 0x000000079fb80000, 0x00000007d5a80000)
  object space 503296K, 63% used [0x0000000781000000,0x0000000794a36ff0,0x000000079fb80000)
 PSPermGen       total 116736K, used 76339K [0x0000000771000000, 0x0000000778200000, 0x0000000781000000)
  object space 116736K, 65% used [0x0000000771000000,0x0000000775a8cfa0,0x0000000778200000)
Event: 48.992 GC heap after
Heap after GC invocations=43 (full 5):
 PSYoungGen      total 548352K, used 14296K [0x00000007d5a80000, 0x0000000800000000, 0x0000000800000000)
  eden space 402944K, 0% used [0x00000007d5a80000,0x00000007d5a80000,0x00000007ee400000)
  from space 145408K, 9% used [0x00000007f7200000,0x00000007f7ff6040,0x0000000800000000)
  to   space 145408K, 0% used [0x00000007ee400000,0x00000007ee400000,0x00000007f7200000)
 ParOldGen       total 503296K, used 322476K [0x0000000781000000, 0x000000079fb80000, 0x00000007d5a80000)
  object space 503296K, 64% used [0x0000000781000000,0x0000000794aeb0c0,0x000000079fb80000)
 PSPermGen       total 116736K, used 76339K [0x0000000771000000, 0x0000000778200000, 0x0000000781000000)
  object space 116736K, 65% used [0x0000000771000000,0x0000000775a8cfa0,0x0000000778200000)
}
Event: 49.699 GC heap before
{Heap before GC invocations=44 (full 5):
 PSYoungGen      total 548352K, used 417240K [0x00000007d5a80000, 0x0000000800000000, 0x0000000800000000)
  eden space 402944K, 100% used [0x00000007d5a80000,0x00000007ee400000,0x00000007ee400000)
  from space 145408K, 9% used [0x00000007f7200000,0x00000007f7ff6040,0x0000000800000000)
  to   space 145408K, 0% used [0x00000007ee400000,0x00000007ee400000,0x00000007f7200000)
 ParOldGen       total 503296K, used 322476K [0x0000000781000000, 0x000000079fb80000, 0x00000007d5a80000)
  object space 503296K, 64% used [0x0000000781000000,0x0000000794aeb0c0,0x000000079fb80000)
 PSPermGen       total 116736K, used 76352K [0x0000000771000000, 0x0000000778200000, 0x0000000781000000)
  object space 116736K, 65% used [0x0000000771000000,0x0000000775a90308,0x0000000778200000)
Event: 49.726 GC heap after
Heap after GC invocations=44 (full 5):
 PSYoungGen      total 422400K, used 18962K [0x00000007d5a80000, 0x00000007ffc00000, 0x0000000800000000)
  eden space 402944K, 0% used [0x00000007d5a80000,0x00000007d5a80000,0x00000007ee400000)
  from space 19456K, 97% used [0x00000007ee400000,0x00000007ef684910,0x00000007ef700000)
  to   space 143360K, 0% used [0x00000007f7000000,0x00000007f7000000,0x00000007ffc00000)
 ParOldGen       total 503296K, used 335728K [0x0000000781000000, 0x000000079fb80000, 0x00000007d5a80000)
  object space 503296K, 66% used [0x0000000781000000,0x00000007957dc338,0x000000079fb80000)
 PSPermGen       total 116736K, used 76352K [0x0000000771000000, 0x0000000778200000, 0x0000000781000000)
  object space 116736K, 65% used [0x0000000771000000,0x0000000775a90308,0x0000000778200000)
}
Event: 50.817 GC heap before
{Heap before GC invocations=45 (full 5):
 PSYoungGen      total 422400K, used 421906K [0x00000007d5a80000, 0x00000007ffc00000, 0x0000000800000000)
  eden space 402944K, 100% used [0x00000007d5a80000,0x00000007ee400000,0x00000007ee400000)
  from space 19456K, 97% used [0x00000007ee400000,0x00000007ef684910,0x00000007ef700000)
  to   space 143360K, 0% used [0x00000007f7000000,0x00000007f7000000,0x00000007ffc00000)
 ParOldGen       total 503296K, used 335728K [0x0000000781000000, 0x000000079fb80000, 0x00000007d5a80000)
  object space 503296K, 66% used [0x0000000781000000,0x00000007957dc338,0x000000079fb80000)
 PSPermGen       total 116736K, used 78629K [0x0000000771000000, 0x0000000778200000, 0x0000000781000000)
  object space 116736K, 67% used [0x0000000771000000,0x0000000775cc97c0,0x0000000778200000)
Event: 50.838 GC heap after
Heap after GC invocations=45 (full 5):
 PSYoungGen      total 549376K, used 20194K [0x00000007d5a80000, 0x0000000800000000, 0x0000000800000000)
  eden space 406016K, 0% used [0x00000007d5a80000,0x00000007d5a80000,0x00000007ee700000)
  from space 143360K, 14% used [0x00000007f7000000,0x00000007f83b8bd8,0x00000007ffc00000)
  to   space 140288K, 0% used [0x00000007ee700000,0x00000007ee700000,0x00000007f7000000)
 ParOldGen       total 503296K, used 336440K [0x0000000781000000, 0x000000079fb80000, 0x00000007d5a80000)
  object space 503296K, 66% used [0x0000000781000000,0x000000079588e358,0x000000079fb80000)
 PSPermGen       total 116736K, used 78629K [0x0000000771000000, 0x0000000778200000, 0x0000000781000000)
  object space 116736K, 67% used [0x0000000771000000,0x0000000775cc97c0,0x0000000778200000)
}
Event: 51.959 GC heap before
{Heap before GC invocations=46 (full 5):
 PSYoungGen      total 549376K, used 426210K [0x00000007d5a80000, 0x0000000800000000, 0x0000000800000000)
  eden space 406016K, 100% used [0x00000007d5a80000,0x00000007ee700000,0x00000007ee700000)
  from space 143360K, 14% used [0x00000007f7000000,0x00000007f83b8bd8,0x00000007ffc00000)
  to   space 140288K, 0% used [0x00000007ee700000,0x00000007ee700000,0x00000007f7000000)
 ParOldGen       total 503296K, used 336440K [0x0000000781000000, 0x000000079fb80000, 0x00000007d5a80000)
  object space 503296K, 66% used [0x0000000781000000,0x000000079588e358,0x000000079fb80000)
 PSPermGen       total 116736K, used 80440K [0x0000000771000000, 0x0000000778200000, 0x0000000781000000)
  object space 116736K, 68% used [0x0000000771000000,0x0000000775e8e2c8,0x0000000778200000)
Event: 51.978 GC heap after
Heap after GC invocations=46 (full 5):
 PSYoungGen      total 546304K, used 8546K [0x00000007d5a80000, 0x00000007ffa00000, 0x0000000800000000)
  eden space 406016K, 0% used [0x00000007d5a80000,0x00000007d5a80000,0x00000007ee700000)
  from space 140288K, 6% used [0x00000007ee700000,0x00000007eef589c0,0x00000007f7000000)
  to   space 138752K, 0% used [0x00000007f7280000,0x00000007f7280000,0x00000007ffa00000)
 ParOldGen       total 503296K, used 350380K [0x0000000781000000, 0x000000079fb80000, 0x00000007d5a80000)
  object space 503296K, 69% used [0x0000000781000000,0x000000079662b3f0,0x000000079fb80000)
 PSPermGen       total 116736K, used 80440K [0x0000000771000000, 0x0000000778200000, 0x0000000781000000)
  object space 116736K, 68% used [0x0000000771000000,0x0000000775e8e2c8,0x0000000778200000)
}
Event: 53.310 GC heap before
{Heap before GC invocations=47 (full 5):
 PSYoungGen      total 546304K, used 414562K [0x00000007d5a80000, 0x00000007ffa00000, 0x0000000800000000)
  eden space 406016K, 100% used [0x00000007d5a80000,0x00000007ee700000,0x00000007ee700000)
  from space 140288K, 6% used [0x00000007ee700000,0x00000007eef589c0,0x00000007f7000000)
  to   space 138752K, 0% used [0x00000007f7280000,0x00000007f7280000,0x00000007ffa00000)
 ParOldGen       total 503296K, used 350380K [0x0000000781000000, 0x000000079fb80000, 0x00000007d5a80000)
  object space 503296K, 69% used [0x0000000781000000,0x000000079662b3f0,0x000000079fb80000)
 PSPermGen       total 116736K, used 83673K [0x0000000771000000, 0x0000000778200000, 0x0000000781000000)
  object space 116736K, 71% used [0x0000000771000000,0x00000007761b6770,0x0000000778200000)
Event: 53.328 GC heap after
Heap after GC invocations=47 (full 5):
 PSYoungGen      total 550912K, used 8471K [0x00000007d5a80000, 0x00000007ff980000, 0x0000000800000000)
  eden space 412672K, 0% used [0x00000007d5a80000,0x00000007d5a80000,0x00000007eed80000)
  from space 138240K, 6% used [0x00000007f7280000,0x00000007f7ac5f90,0x00000007ff980000)
  to   space 136192K, 0% used [0x00000007eed80000,0x00000007eed80000,0x00000007f7280000)
 ParOldGen       total 503296K, used 357071K [0x0000000781000000, 0x000000079fb80000, 0x00000007d5a80000)
  object space 503296K, 70% used [0x0000000781000000,0x0000000796cb3e60,0x000000079fb80000)
 PSPermGen       total 116736K, used 83673K [0x0000000771000000, 0x0000000778200000, 0x0000000781000000)
  object space 116736K, 71% used [0x0000000771000000,0x00000007761b6770,0x0000000778200000)
}

Deoptimization events (10 events):
Event: 54.414 Thread 0x000000000239c000 Uncommon trap: reason=unhandled action=none pc=0x0000000002cc8858 method=java.lang.Class.getDeclaredMethod(Ljava/lang/String;[Ljava/lang/Class;)Ljava/lang/reflect/Method; @ 64
Event: 54.414 Thread 0x000000000239c000 Uncommon trap: reason=unhandled action=none pc=0x0000000002cc8858 method=java.lang.Class.getDeclaredMethod(Ljava/lang/String;[Ljava/lang/Class;)Ljava/lang/reflect/Method; @ 64
Event: 54.414 Thread 0x000000000239c000 Uncommon trap: reason=unhandled action=none pc=0x0000000002cc8858 method=java.lang.Class.getDeclaredMethod(Ljava/lang/String;[Ljava/lang/Class;)Ljava/lang/reflect/Method; @ 64
Event: 54.416 Thread 0x000000000239c000 Uncommon trap: reason=class_check action=maybe_recompile pc=0x00000000028f15ec method=com.google.common.collect.AbstractMapBasedMultimap$Itr.next()Ljava/lang/Object; @ 42
Event: 54.421 Thread 0x000000000239c000 Uncommon trap: reason=unreached action=reinterpret pc=0x00000000028d7228 method=java.io.Win32FileSystem.canonicalize(Ljava/lang/String;)Ljava/lang/String; @ 217
Event: 54.434 Thread 0x000000000239c000 Uncommon trap: reason=class_check action=maybe_recompile pc=0x0000000002d1de80 method=com.google.common.collect.AbstractMapBasedMultimap$Itr.hasNext()Z @ 16
Event: 54.434 Thread 0x000000000239c000 Uncommon trap: reason=class_check action=maybe_recompile pc=0x0000000002f2c304 method=com.google.common.collect.ImmutableCollection$Builder.addAll(Ljava/lang/Iterable;)Lcom/google/common/collect/ImmutableCollection$Builder; @ 8
Event: 54.435 Thread 0x000000000239c000 Uncommon trap: reason=null_check action=none pc=0x0000000002b0d58c method=java.util.Properties$LineReader.readLine()I @ 48
Event: 54.439 Thread 0x000000000239c000 Uncommon trap: reason=class_check action=maybe_recompile pc=0x0000000002af96a8 method=java.io.Writer.write(Ljava/lang/String;)V @ 7
Event: 54.446 Thread 0x000000000f974000 Uncommon trap: reason=unreached action=reinterpret pc=0x0000000002c24e6c method=java.util.concurrent.ConcurrentHashMap$Segment.remove(Ljava/lang/Object;ILjava/lang/Object;)Ljava/lang/Object; @ 64

Internal exceptions (10 events):
Event: 54.419 Thread 0x000000000239c000 Threw 0x00000007e87c0720 at C:\re\jdk7u55\869\hotspot\src\share\vm\prims\jvm.cpp:1244
Event: 54.420 Thread 0x000000000239c000 Threw 0x00000007e87d67e0 at C:\re\jdk7u55\869\hotspot\src\share\vm\prims\jvm.cpp:1244
Event: 54.420 Thread 0x000000000239c000 Threw 0x00000007e87db860 at C:\re\jdk7u55\869\hotspot\src\share\vm\prims\jvm.cpp:1244
Event: 54.421 Thread 0x000000000239c000 Threw 0x00000007e87e3c00 at C:\re\jdk7u55\869\hotspot\src\share\vm\prims\jvm.cpp:1244
Event: 54.430 Thread 0x000000000239c000 Threw 0x00000007e87fe1c0 at C:\re\jdk7u55\869\hotspot\src\share\vm\prims\jvm.cpp:1244
Event: 54.443 Thread 0x000000000f974000 Threw 0x00000007e922c060 at C:\re\jdk7u55\869\hotspot\src\share\vm\prims\jvm.cpp:1244
Event: 54.445 Thread 0x000000000f974000 Threw 0x00000007e9234160 at C:\re\jdk7u55\869\hotspot\src\share\vm\prims\jvm.cpp:1244
Event: 54.445 Thread 0x000000000f974000 Threw 0x00000007e923aaf0 at C:\re\jdk7u55\869\hotspot\src\share\vm\prims\jvm.cpp:1244
Event: 54.446 Thread 0x000000000f976000 Threw 0x00000007ea0521f0 at C:\re\jdk7u55\869\hotspot\src\share\vm\prims\jvm.cpp:1244
Event: 54.446 Thread 0x000000000f976000 Threw 0x00000007ea0583c0 at C:\re\jdk7u55\869\hotspot\src\share\vm\prims\jvm.cpp:1244

Events (10 events):
Event: 54.446 Thread 0x000000000f976000 DEOPT PACKING pc=0x0000000002eb7b4c sp=0x000000002359eb50
Event: 54.446 Thread 0x000000000f976000 DEOPT UNPACKING pc=0x00000000027b92b9 sp=0x000000002359e870 mode 1
Event: 54.446 Thread 0x000000000f974000 Thread exited: 0x000000000f974000
Event: 54.448 Thread 0x000000000f976000 Thread exited: 0x000000000f976000
Event: 54.503 Thread 0x000000000fad6800 Thread exited: 0x000000000fad6800
Event: 54.544 Thread 0x000000000f974800 Thread exited: 0x000000000f974800
Event: 54.544 Thread 0x000000000c7ea000 Thread exited: 0x000000000c7ea000
Event: 54.544 Thread 0x000000000c7fa000 Thread exited: 0x000000000c7fa000
Event: 54.544 Thread 0x000000000b746800 Thread exited: 0x000000000b746800
Event: 54.544 Executing VM operation: Exit


Dynamic libraries:
0x000000013fbb0000 - 0x000000013fbe3000 	C:\Program Files\Java\jre7\bin\javaw.exe
0x0000000077460000 - 0x0000000077609000 	C:\Windows\SYSTEM32\ntdll.dll
0x0000000077340000 - 0x000000007745f000 	C:\Windows\system32\kernel32.dll
0x000007fefd260000 - 0x000007fefd2cc000 	C:\Windows\system32\KERNELBASE.dll
0x000007fefe100000 - 0x000007fefe1db000 	C:\Windows\system32\ADVAPI32.dll
0x000007feff6d0000 - 0x000007feff76f000 	C:\Windows\system32\msvcrt.dll
0x000007fefe1e0000 - 0x000007fefe1ff000 	C:\Windows\SYSTEM32\sechost.dll
0x000007fefe460000 - 0x000007fefe58d000 	C:\Windows\system32\RPCRT4.dll
0x0000000077240000 - 0x000000007733a000 	C:\Windows\system32\USER32.dll
0x000007feff660000 - 0x000007feff6c7000 	C:\Windows\system32\GDI32.dll
0x000007fefdca0000 - 0x000007fefdcae000 	C:\Windows\system32\LPK.dll
0x000007fefd950000 - 0x000007fefda19000 	C:\Windows\system32\USP10.dll
0x000007fefb880000 - 0x000007fefba74000 	C:\Windows\WinSxS\amd64_microsoft.windows.common-controls_6595b64144ccf1df_6.0.7601.18807_none_fa381d5f175bfb52\COMCTL32.dll
0x000007fefdec0000 - 0x000007fefdf31000 	C:\Windows\system32\SHLWAPI.dll
0x000007fefda20000 - 0x000007fefda4e000 	C:\Windows\system32\IMM32.DLL
0x000007fefdf40000 - 0x000007fefe049000 	C:\Windows\system32\MSCTF.dll
0x000000006ae20000 - 0x000000006aef2000 	C:\Program Files\Java\jre7\bin\msvcr100.dll
0x000000006ddf0000 - 0x000000006e5b9000 	C:\Program Files\Java\jre7\bin\server\jvm.dll
0x000007fef32b0000 - 0x000007fef32b9000 	C:\Windows\system32\WSOCK32.dll
0x000007fefe0b0000 - 0x000007fefe0fd000 	C:\Windows\system32\WS2_32.dll
0x000007fefe590000 - 0x000007fefe598000 	C:\Windows\system32\NSI.dll
0x000007fefb1f0000 - 0x000007fefb22b000 	C:\Windows\system32\WINMM.dll
0x0000000077620000 - 0x0000000077627000 	C:\Windows\system32\PSAPI.DLL
0x0000000074330000 - 0x000000007433f000 	C:\Program Files\Java\jre7\bin\verify.dll
0x0000000073f60000 - 0x0000000073f88000 	C:\Program Files\Java\jre7\bin\java.dll
0x0000000072bf0000 - 0x0000000072c25000 	C:\Program Files\Java\jre7\bin\jdwp.dll
0x0000000074010000 - 0x0000000074018000 	C:\Program Files\Java\jre7\bin\npt.dll
0x0000000074310000 - 0x0000000074325000 	C:\Program Files\Java\jre7\bin\zip.dll
0x0000000073f00000 - 0x0000000073f09000 	C:\Program Files\Java\jre7\bin\dt_socket.dll
0x000007fefb060000 - 0x000007fefb075000 	C:\Windows\system32\NLAapi.dll
0x000007fef5400000 - 0x000007fef5415000 	C:\Windows\system32\napinsp.dll
0x000007fef5420000 - 0x000007fef5439000 	C:\Windows\system32\pnrpnsp.dll
0x000007fefca00000 - 0x000007fefca55000 	C:\Windows\System32\mswsock.dll
0x000007fefc880000 - 0x000007fefc8db000 	C:\Windows\system32\DNSAPI.dll
0x000007fef53a0000 - 0x000007fef53ab000 	C:\Windows\System32\winrnr.dll
0x000007fefaef0000 - 0x000007fefaf17000 	C:\Windows\system32\IPHLPAPI.DLL
0x000007fefaee0000 - 0x000007fefaeeb000 	C:\Windows\system32\WINNSI.DLL
0x000007fefad60000 - 0x000007fefadb3000 	C:\Windows\System32\fwpuclnt.dll
0x000007fef5390000 - 0x000007fef5398000 	C:\Windows\system32\rasadhlp.dll
0x000007fefc3e0000 - 0x000007fefc3e7000 	C:\Windows\System32\wshtcpip.dll
0x0000000072db0000 - 0x0000000072dbb000 	C:\Program Files\Java\jre7\bin\management.dll
0x0000000073f40000 - 0x0000000073f59000 	C:\Program Files\Java\jre7\bin\net.dll
0x000007fefc9f0000 - 0x000007fefc9f7000 	C:\Windows\System32\wship6.dll
0x0000000072bb0000 - 0x0000000072bc1000 	C:\Program Files\Java\jre7\bin\nio.dll
0x0000000072040000 - 0x0000000072064000 	C:\Program Files\Java\jre7\bin\sunec.dll
0x0000000074340000 - 0x000000007434b000 	C:\Program Files\Java\jre7\bin\sunmscapi.dll
0x000007fefd3f0000 - 0x000007fefd55d000 	C:\Windows\system32\CRYPT32.dll
0x000007fefd230000 - 0x000007fefd23f000 	C:\Windows\system32\MSASN1.dll
0x000007fefca60000 - 0x000007fefca78000 	C:\Windows\system32\CRYPTSP.dll
0x000007fefc760000 - 0x000007fefc7a7000 	C:\Windows\system32\rsaenh.dll
0x000007fefd560000 - 0x000007fefd57e000 	C:\Windows\system32\USERENV.dll
0x000007fefd220000 - 0x000007fefd22f000 	C:\Windows\system32\profapi.dll
0x000007fefd0c0000 - 0x000007fefd0cf000 	C:\Windows\system32\CRYPTBASE.dll
0x000007fefad30000 - 0x000007fefad41000 	C:\Windows\system32\dhcpcsvc6.DLL
0x000007fefacb0000 - 0x000007fefacc8000 	C:\Windows\system32\dhcpcsvc.DLL
0x000000005b200000 - 0x000000005b395000 	C:\Program Files\Java\jre7\bin\awt.dll
0x000007fefe7f0000 - 0x000007fefe8c7000 	C:\Windows\system32\OLEAUT32.dll
0x000007fefdcb0000 - 0x000007fefdeb3000 	C:\Windows\system32\ole32.dll
0x000007fefb7f0000 - 0x000007fefb846000 	C:\Windows\system32\uxtheme.dll
0x000007fede9d0000 - 0x000007fede9f7000 	C:\Program Files (x86)\Raptr\ltc_help64-96675.dll
0x000007fefe8d0000 - 0x000007feff659000 	C:\Windows\system32\SHELL32.dll
0x000007fefd590000 - 0x000007fefd5cb000 	C:\Windows\system32\WINTRUST.dll
0x000007fefb3e0000 - 0x000007fefb3f8000 	C:\Windows\system32\dwmapi.dll
0x00000000722b0000 - 0x00000000722f7000 	C:\Program Files\Java\jre7\bin\fontmanager.dll
0x000007fefc2f0000 - 0x000007fefc2fc000 	C:\Windows\system32\VERSION.dll
0x000007fef2e10000 - 0x000007fef2f5c000 	C:\Windows\system32\aticfx64.dll
0x000007fefc2c0000 - 0x000007fefc2ec000 	C:\Windows\system32\POWRPROF.dll
0x000007fefe200000 - 0x000007fefe3d7000 	C:\Windows\system32\SETUPAPI.dll
0x000007fefd3b0000 - 0x000007fefd3e6000 	C:\Windows\system32\CFGMGR32.dll
0x000007fefd2f0000 - 0x000007fefd30a000 	C:\Windows\system32\DEVOBJ.dll
0x00000000611f0000 - 0x0000000061231000 	C:\Program Files\Java\jre7\bin\t2k.dll
0x0000000180000000 - 0x0000000180051000 	C:\Users\Daniel\.gradle\caches\minecraft\net\minecraft\minecraft_natives\1.7.10\lwjgl64.dll
0x000007fedf660000 - 0x000007fedf77d000 	C:\Windows\system32\OPENGL32.dll
0x000007fefae00000 - 0x000007fefae2d000 	C:\Windows\system32\GLU32.dll
0x000007fedf350000 - 0x000007fedf441000 	C:\Windows\system32\DDRAW.dll
0x000007fedf340000 - 0x000007fedf348000 	C:\Windows\system32\DCIMAN32.dll
0x000007fef5e00000 - 0x000007fef5e18000 	C:\Windows\system32\atig6pxx.dll
0x0000000068a90000 - 0x000000006a63e000 	C:\Windows\system32\atio6axx.dll
0x000007fee5420000 - 0x000007fee5558000 	C:\Windows\system32\atiadlxx.dll
0x000007fefbeb0000 - 0x000007fefbfdc000 	C:\Windows\system32\PROPSYS.dll
0x000007fefc300000 - 0x000007fefc311000 	C:\Windows\system32\WTSAPI32.dll
0x000007fef5da0000 - 0x000007fef5dc9000 	C:\Windows\system32\atig6txx.dll
0x000007fefe750000 - 0x000007fefe7e9000 	C:\Windows\system32\CLBCatQ.DLL
0x000007fef4120000 - 0x000007fef41bc000 	C:\Windows\system32\mscms.dll
0x000007fed7b00000 - 0x000007fed7b42000 	C:\Windows\system32\icm32.dll
0x0000000070a40000 - 0x0000000070adc000 	C:\Users\Daniel\.gradle\caches\minecraft\net\minecraft\minecraft_natives\1.7.10\avutil-ttv-51.dll
0x0000000065980000 - 0x00000000659d6000 	C:\Users\Daniel\.gradle\caches\minecraft\net\minecraft\minecraft_natives\1.7.10\swresample-ttv-0.dll
0x000000006eb80000 - 0x000000006ec50000 	C:\Users\Daniel\.gradle\caches\minecraft\net\minecraft\minecraft_natives\1.7.10\libmp3lame-ttv.dll
0x000007fed2de0000 - 0x000007fed4184000 	C:\Users\Daniel\.gradle\caches\minecraft\net\minecraft\minecraft_natives\1.7.10\libmfxsw64.dll
0x000007fed6c50000 - 0x000007fed6d7b000 	C:\Users\Daniel\.gradle\caches\minecraft\net\minecraft\minecraft_natives\1.7.10\twitchsdk.dll
0x000007fefda50000 - 0x000007fefdc97000 	C:\Windows\system32\WININET.dll
0x000007fefd2d0000 - 0x000007fefd2d4000 	C:\Windows\system32\api-ms-win-downlevel-user32-l1-1-0.dll
0x000007fefd5d0000 - 0x000007fefd5d4000 	C:\Windows\system32\api-ms-win-downlevel-shlwapi-l1-1-0.dll
0x000007fefd2e0000 - 0x000007fefd2e4000 	C:\Windows\system32\api-ms-win-downlevel-version-l1-1-0.dll
0x000007fefd250000 - 0x000007fefd253000 	C:\Windows\system32\api-ms-win-downlevel-normaliz-l1-1-0.dll
0x0000000077630000 - 0x0000000077633000 	C:\Windows\system32\normaliz.DLL
0x000007fefd5e0000 - 0x000007fefd8a7000 	C:\Windows\system32\iertutil.dll
0x000007fefd240000 - 0x000007fefd245000 	C:\Windows\system32\api-ms-win-downlevel-advapi32-l1-1-0.dll
0x000007fedf560000 - 0x000007fedf5bf000 	C:\Program Files\OBS\plugins\GraphicsCapture\GraphicsCaptureHook64.dll
0x000007fef3580000 - 0x000007fef35b4000 	C:\Windows\system32\d3d10_1.dll
0x000007fef3520000 - 0x000007fef3577000 	C:\Windows\system32\d3d10_1core.dll
0x000007fef34c0000 - 0x000007fef351d000 	C:\Windows\system32\dxgi.dll
0x000007fef32e0000 - 0x000007fef34b5000 	C:\Windows\system32\d3d11.dll
0x000007fef3280000 - 0x000007fef32a6000 	C:\Windows\system32\atiuxp64.dll
0x000007fef2380000 - 0x000007fef2e05000 	C:\Windows\system32\atidxx64.dll
0x00000000065c0000 - 0x0000000006624000 	C:\Users\Daniel\.gradle\caches\minecraft\net\minecraft\minecraft_natives\1.7.10\OpenAL64.dll
0x000007fefc020000 - 0x000007fefc06b000 	C:\Windows\System32\MMDevApi.dll
0x000007fef1890000 - 0x000007fef1918000 	C:\Windows\system32\dsound.dll
0x000007fefaf70000 - 0x000007fefafbf000 	C:\Windows\system32\AUDIOSES.DLL
0x000007fedf210000 - 0x000007fedf335000 	C:\Windows\system32\dbghelp.dll

VM Arguments:
jvm_args: -agentlib:jdwp=transport=dt_socket,suspend=y,address=localhost:61671 -Dfml.ignoreInvalidMinecraftCertificates=true -XX:MaxPermSize=256m -Dfile.encoding=Cp1252 
java_command: GradleStart --version 1.7 --tweakClass cpw.mods.fml.common.launcher.FMLTweaker --accessToken forgeTest --userProperties={} --username=blu.sunrize@yahoo.de --password=Dannyl1694 --assetIndex 1.7.10 --uuid=test --assetsDir C:/Users/Daniel/.gradle/caches/minecraft/assets
Launcher Type: SUN_STANDARD

Environment Variables:
PATH=C:\Program Files (x86)\NVIDIA Corporation\PhysX\Common;C:\Program Files (x86)\Intel\iCLS Client\;C:\Program Files\Intel\iCLS Client\;C:\Windows\system32;C:\Windows;C:\Windows\System32\Wbem;C:\Windows\System32\WindowsPowerShell\v1.0\;C:\Program Files\Intel\Intel(R) Management Engine Components\DAL;C:\Program Files\Intel\Intel(R) Management Engine Components\IPT;C:\Program Files (x86)\Intel\Intel(R) Management Engine Components\DAL;C:\Program Files (x86)\Intel\Intel(R) Management Engine Components\IPT;C:\Program Files (x86)\ATI Technologies\ATI.ACE\Core-Static;C:\Program Files (x86)\Git\cmd;E:\Program Files\Csound6\bin;C:\Program Files (x86)\AMD\ATI.ACE\Core-Static;C:\Program Files (x86)\Skype\Phone\
USERNAME=Daniel
OS=Windows_NT
PROCESSOR_IDENTIFIER=Intel64 Family 6 Model 60 Stepping 3, GenuineIntel



---------------  S Y S T E M  ---------------

OS: Windows 7 , 64 bit Build 7601 Service Pack 1

CPU:total 8 (4 cores per cpu, 2 threads per core) family 6 model 60 stepping 3, cmov, cx8, fxsr, mmx, sse, sse2, sse3, ssse3, sse4.1, sse4.2, popcnt, avx, avx2, aes, erms, ht, tsc, tscinvbit

Memory: 4k page, physical 8317496k(3159188k free), swap 25878348k(14863500k free)

vm_info: Java HotSpot(TM) 64-Bit Server VM (24.55-b03) for windows-amd64 JRE (1.7.0_55-b13), built on Mar 17 2014 19:45:30 by "java_re" with unknown MS VC++:1600

time: Thu Jun 04 20:50:50 2015
elapsed time: 54 seconds

