#
# A fatal error has been detected by the Java Runtime Environment:
#
#  EXCEPTION_ACCESS_VIOLATION (0xc0000005) at pc=0x000007fedf501b76, pid=34188, tid=23400
#
# JRE version: Java(TM) SE Runtime Environment (7.0_55-b13) (build 1.7.0_55-b13)
# Java VM: Java HotSpot(TM) 64-Bit Server VM (24.55-b03 mixed mode windows-amd64 compressed oops)
# Problematic frame:
# C  [GraphicsCaptureHook64.dll+0x1b76]
#
# Failed to write core dump. Minidumps are not enabled by default on client versions of Windows
#
# If you would like to submit a bug report, please visit:
#   http://bugreport.sun.com/bugreport/crash.jsp
#

---------------  T H R E A D  ---------------

Current thread (0x000000000c723800):  VMThread [stack: 0x000000000d6b0000,0x000000000d7b0000] [id=23400]

siginfo: ExceptionCode=0xc0000005, reading address 0x0000004000524008

Registers:
RAX=0x0000004000524000, RBX=0x000000000d7af3d0, RCX=0x000000001b540103, RDX=0x000000000d7af3d0
RSP=0x000000000d7af360, RBP=0x000000000223f330, RSI=0x0000000000010000, RDI=0x0000000000000000
R8 =0x000007fffffa4000, R9 =0x000007fedf500000, R10=0x000000000d7af400, R11=0x000000000d7af400
R12=0x000007fffffde000, R13=0x000007fffffa4000, R14=0x0000000077593bc0, R15=0x000000007758e670
RIP=0x000007fedf501b76, EFLAGS=0x0000000000010206

Top of Stack: (sp=0x000000000d7af360)
0x000000000d7af360:   32343a34333a3332 00000000e300203a
0x000000000d7af370:   0000000031f42230 000000000033c650
0x000000000d7af380:   000007fedf558a00 000007fedf505aeb
0x000000000d7af390:   000000004f3cffd3 00000000e30001e2
0x000000000d7af3a0:   000000007758e670 0000000077593bc0
0x000000000d7af3b0:   fffffffffffffffe 0000000000000000
0x000000000d7af3c0:   0000000000000000 000007fedf51e822
0x000000000d7af3d0:   000000001b540103 0000000000000000
0x000000000d7af3e0:   0000000000000000 0000000000000000
0x000000000d7af3f0:   0000000000000004 fffffffffffffffe
0x000000000d7af400:   32343a34333a3332 000000000000203a
0x000000000d7af410:   000000000000000a 000000000000000f
0x000000000d7af420:   00008410065fee47 0000000000000001
0x000000000d7af430:   0000000000000000 000007fed6c8752d
0x000000000d7af440:   000007fefae11318 0000000000000000
0x000000000d7af450:   000007fed6c60000 0000000077361a5a 

Instructions: (pc=0x000007fedf501b76)
0x000007fedf501b56:   cc cc cc cc cc cc cc cc cc cc 40 53 48 83 ec 20
0x000007fedf501b66:   48 8b 41 40 48 8b da 48 8b 08 48 89 0a 48 8b 01
0x000007fedf501b76:   ff 50 08 48 8b c3 48 83 c4 20 5b c3 cc cc cc cc
0x000007fedf501b86:   cc cc cc cc cc cc cc cc cc cc 48 89 5c 24 08 57 


Register to memory mapping:

RAX=0x0000004000524000 is an unknown value
RBX=0x000000000d7af3d0 is an unknown value
RCX=0x000000001b540103 is an unknown value
RDX=0x000000000d7af3d0 is an unknown value
RSP=0x000000000d7af360 is an unknown value
RBP=0x000000000223f330 is an unknown value
RSI=0x0000000000010000 is an unknown value
RDI=0x0000000000000000 is an unknown value
R8 =0x000007fffffa4000 is an unknown value
R9 =0x000007fedf500000 is an unknown value
R10=0x000000000d7af400 is an unknown value
R11=0x000000000d7af400 is an unknown value
R12=0x000007fffffde000 is an unknown value
R13=0x000007fffffa4000 is an unknown value
R14=0x0000000077593bc0 is an unknown value
R15=0x000000007758e670 is an unknown value


Stack: [0x000000000d6b0000,0x000000000d7b0000],  sp=0x000000000d7af360,  free space=1020k
Native frames: (J=compiled Java code, j=interpreted, Vv=VM code, C=native code)
C  [GraphicsCaptureHook64.dll+0x1b76]

VM_Operation (0x00000000026fe860): Exit, mode: safepoint, requested by thread 0x000000000221c000


---------------  P R O C E S S  ---------------

Java Threads: ( => current thread )
  0x000000002bea2000 JavaThread "AWT-Shutdown" [_thread_blocked, id=14252, stack(0x000000002e0e0000,0x000000002e1e0000)]
  0x000000000f248800 JavaThread "pool-4-thread-1" [_thread_blocked, id=32460, stack(0x000000001eb00000,0x000000001ec00000)]
  0x0000000023e76800 JavaThread "Thread-26" [_thread_blocked, id=31784, stack(0x0000000031340000,0x0000000031440000)]
  0x0000000023e77800 JavaThread "Thread-25" [_thread_blocked, id=32280, stack(0x0000000021250000,0x0000000021350000)]
  0x000000000f246800 JavaThread "File IO Thread" [_thread_blocked, id=20516, stack(0x000000002d510000,0x000000002d610000)]
  0x00000000181dc800 JavaThread "Chunk I/O Executor Thread-1" daemon [_thread_blocked, id=32224, stack(0x000000002fc00000,0x000000002fd00000)]
  0x0000000023e72000 JavaThread "Netty IO #1" daemon [_thread_in_native, id=26212, stack(0x000000002fd40000,0x000000002fe40000)]
  0x0000000023e71000 JavaThread "Netty Client IO #0" daemon [_thread_in_native, id=33748, stack(0x000000002f980000,0x000000002fa80000)]
  0x00000000181e2800 JavaThread "Netty IO #0" daemon [_thread_in_native, id=33252, stack(0x0000000012570000,0x0000000012670000)]
  0x00000000181e2000 JavaThread "ic2-poolthread-8" daemon [_thread_blocked, id=6788, stack(0x000000002faa0000,0x000000002fba0000)]
  0x00000000181e1000 JavaThread "ic2-poolthread-7" daemon [_thread_blocked, id=34128, stack(0x000000002f700000,0x000000002f800000)]
  0x00000000181e0800 JavaThread "ic2-poolthread-6" daemon [_thread_blocked, id=12064, stack(0x000000002f2d0000,0x000000002f3d0000)]
  0x00000000181df800 JavaThread "ic2-poolthread-5" daemon [_thread_blocked, id=13624, stack(0x000000002f800000,0x000000002f900000)]
  0x00000000181df000 JavaThread "ic2-poolthread-4" daemon [_thread_blocked, id=26972, stack(0x000000002f600000,0x000000002f700000)]
  0x00000000181de000 JavaThread "ic2-poolthread-3" daemon [_thread_blocked, id=34164, stack(0x000000002f410000,0x000000002f510000)]
  0x00000000181dd800 JavaThread "Thread-22" [_thread_blocked, id=33820, stack(0x000000002f170000,0x000000002f270000)]
  0x000000000f245000 JavaThread "LWJGL Timer" daemon [_thread_blocked, id=32040, stack(0x0000000011850000,0x0000000011950000)]
  0x000000000f243800 JavaThread "ic2-poolthread-2" daemon [_thread_blocked, id=15748, stack(0x0000000011550000,0x0000000011650000)]
  0x0000000010306000 JavaThread "AE2 VersionChecker" [_thread_blocked, id=34436, stack(0x00000000205b0000,0x00000000206b0000)]
  0x000000001025f000 JavaThread "ic2-poolthread-1" daemon [_thread_blocked, id=3480, stack(0x000000001afa0000,0x000000001b0a0000)]
  0x0000000018f62000 JavaThread "Timer hack thread" daemon [_thread_blocked, id=31508, stack(0x0000000017850000,0x0000000017950000)]
  0x000000001782f800 JavaThread "Snooper Timer" daemon [_thread_blocked, id=17880, stack(0x0000000017960000,0x0000000017a60000)]
  0x000000000f9a4800 JavaThread "Java2D Disposer" daemon [_thread_blocked, id=34240, stack(0x0000000011270000,0x0000000011370000)]
  0x000000000c791000 JavaThread "Service Thread" daemon [_thread_blocked, id=34216, stack(0x000000000eb80000,0x000000000ec80000)]
  0x000000000c78f800 JavaThread "C2 CompilerThread1" daemon [_thread_blocked, id=34476, stack(0x000000000e960000,0x000000000ea60000)]
  0x000000000c78d000 JavaThread "C2 CompilerThread0" daemon [_thread_blocked, id=14900, stack(0x000000000e830000,0x000000000e930000)]
  0x000000000c776800 JavaThread "JDWP Event Helper Thread" daemon [_thread_blocked, id=25156, stack(0x000000000e490000,0x000000000e590000)]
  0x000000000c768000 JavaThread "JDWP Transport Listener: dt_socket" daemon [_thread_blocked, id=33308, stack(0x000000000e5c0000,0x000000000e6c0000)]
  0x000000000b7db800 JavaThread "Attach Listener" daemon [_thread_blocked, id=34500, stack(0x000000000dd90000,0x000000000de90000)]
  0x000000000b7d9800 JavaThread "Signal Dispatcher" daemon [_thread_blocked, id=34292, stack(0x000000000dc80000,0x000000000dd80000)]
  0x000000000b7c6000 JavaThread "Finalizer" daemon [_thread_blocked, id=16096, stack(0x000000000d9a0000,0x000000000daa0000)]
  0x000000000b7bd800 JavaThread "Reference Handler" daemon [_thread_blocked, id=20112, stack(0x000000000d870000,0x000000000d970000)]
  0x000000000221c000 JavaThread "Client thread" [_thread_blocked, id=33848, stack(0x0000000002600000,0x0000000002700000)]

Other Threads:
=>0x000000000c723800 VMThread [stack: 0x000000000d6b0000,0x000000000d7b0000] [id=23400]

VM state:at safepoint (shutting down)

VM Mutex/Monitor currently owned by a thread:  ([mutex/lock_event])
[0x0000000002219980] Threads_lock - owner thread: 0x000000000c723800

Heap
 PSYoungGen      total 636416K, used 31050K [0x00000007d5a80000, 0x00000007ff400000, 0x0000000800000000)
  eden space 593408K, 5% used [0x00000007d5a80000,0x00000007d78d29a0,0x00000007f9e00000)
  from space 43008K, 0% used [0x00000007fca00000,0x00000007fca00000,0x00000007ff400000)
  to   space 44032K, 0% used [0x00000007f9e00000,0x00000007f9e00000,0x00000007fc900000)
 ParOldGen       total 723968K, used 510702K [0x0000000781000000, 0x00000007ad300000, 0x00000007d5a80000)
  object space 723968K, 70% used [0x0000000781000000,0x00000007a02bb8f0,0x00000007ad300000)
 PSPermGen       total 127488K, used 104564K [0x0000000771000000, 0x0000000778c80000, 0x0000000781000000)
  object space 127488K, 82% used [0x0000000771000000,0x000000077761d170,0x0000000778c80000)

Card table byte_map: [0x0000000005700000,0x0000000005b80000] byte_map_base: 0x0000000001b78000

Polling page: 0x0000000001c50000

Code Cache  [0x0000000002700000, 0x0000000003e10000, 0x0000000005700000)
 total_blobs=6939 nmethods=5737 adapters=1159 free_code_cache=25883Kb largest_free_block=26178240

Compilation events (10 events):
Event: 860.765 Thread 0x000000000c78d000 6546 %           com.google.gson.stream.JsonWriter::string @ 37 (169 bytes)
Event: 860.771 Thread 0x000000000c78d000 nmethod 6546% 0x0000000003880bd0 code [0x0000000003880da0, 0x0000000003881850]
Event: 860.823 Thread 0x000000000c78f800 6547             com.google.gson.stream.JsonWriter::string (169 bytes)
Event: 860.830 Thread 0x000000000c78f800 nmethod 6547 0x000000000387f550 code [0x000000000387f760, 0x00000000038801a0]
Event: 861.223 Thread 0x000000000c78d000 6548 %           net.minecraft.util.ObjectIntIdentityMap::func_148746_a @ 13 (56 bytes)
Event: 862.486 Thread 0x000000000c78d000 nmethod 6548% 0x0000000003dfe890 code [0x0000000003dfea00, 0x0000000003dff0e8]
Event: 862.486 Thread 0x000000000c78f800 6549             net.minecraft.util.ObjectIntIdentityMap::func_148746_a (56 bytes)
Event: 862.499 Thread 0x000000000c78f800 nmethod 6549 0x0000000003dfcd10 code [0x0000000003dfcee0, 0x0000000003dfdbe8]
Event: 862.530 Thread 0x000000000c78d000 6550             cpw.mods.fml.common.eventhandler.ListenerList$ListenerListInst::unregister (44 bytes)
Event: 862.533 Thread 0x000000000c78d000 nmethod 6550 0x0000000003823650 code [0x00000000038237e0, 0x0000000003823bc8]

GC Heap History (10 events):
Event: 860.209 GC heap before
{Heap before GC invocations=137 (full 11):
 PSYoungGen      total 639488K, used 0K [0x00000007d5a80000, 0x00000007ff900000, 0x0000000800000000)
  eden space 593408K, 0% used [0x00000007d5a80000,0x00000007d5a80000,0x00000007f9e00000)
  from space 46080K, 0% used [0x00000007fcc00000,0x00000007fcc00000,0x00000007ff900000)
  to   space 46592K, 0% used [0x00000007f9e00000,0x00000007f9e00000,0x00000007fcb80000)
 ParOldGen       total 723968K, used 516991K [0x0000000781000000, 0x00000007ad300000, 0x00000007d5a80000)
  object space 723968K, 71% used [0x0000000781000000,0x00000007a08dfee8,0x00000007ad300000)
 PSPermGen       total 135168K, used 104507K [0x0000000771000000, 0x0000000779400000, 0x0000000781000000)
  object space 135168K, 77% used [0x0000000771000000,0x000000077760ece0,0x0000000779400000)
Event: 860.589 GC heap after
Heap after GC invocations=137 (full 11):
 PSYoungGen      total 639488K, used 0K [0x00000007d5a80000, 0x00000007ff900000, 0x0000000800000000)
  eden space 593408K, 0% used [0x00000007d5a80000,0x00000007d5a80000,0x00000007f9e00000)
  from space 46080K, 0% used [0x00000007fcc00000,0x00000007fcc00000,0x00000007ff900000)
  to   space 46592K, 0% used [0x00000007f9e00000,0x00000007f9e00000,0x00000007fcb80000)
 ParOldGen       total 723968K, used 516991K [0x0000000781000000, 0x00000007ad300000, 0x00000007d5a80000)
  object space 723968K, 71% used [0x0000000781000000,0x00000007a08dfee8,0x00000007ad300000)
 PSPermGen       total 132608K, used 104507K [0x0000000771000000, 0x0000000779180000, 0x0000000781000000)
  object space 132608K, 78% used [0x0000000771000000,0x000000077760ece0,0x0000000779180000)
}
Event: 861.229 GC heap before
{Heap before GC invocations=138 (full 11):
 PSYoungGen      total 639488K, used 41972K [0x00000007d5a80000, 0x00000007ff900000, 0x0000000800000000)
  eden space 593408K, 7% used [0x00000007d5a80000,0x00000007d837d350,0x00000007f9e00000)
  from space 46080K, 0% used [0x00000007fcc00000,0x00000007fcc00000,0x00000007ff900000)
  to   space 46592K, 0% used [0x00000007f9e00000,0x00000007f9e00000,0x00000007fcb80000)
 ParOldGen       total 723968K, used 516991K [0x0000000781000000, 0x00000007ad300000, 0x00000007d5a80000)
  object space 723968K, 71% used [0x0000000781000000,0x00000007a08dfee8,0x00000007ad300000)
 PSPermGen       total 132608K, used 104552K [0x0000000771000000, 0x0000000779180000, 0x0000000781000000)
  object space 132608K, 78% used [0x0000000771000000,0x000000077761a058,0x0000000779180000)
Event: 861.240 GC heap after
Heap after GC invocations=138 (full 11):
 PSYoungGen      total 594432K, used 656K [0x00000007d5a80000, 0x00000007ff600000, 0x0000000800000000)
  eden space 593408K, 0% used [0x00000007d5a80000,0x00000007d5a80000,0x00000007f9e00000)
  from space 1024K, 64% used [0x00000007f9e00000,0x00000007f9ea4010,0x00000007f9f00000)
  to   space 45056K, 0% used [0x00000007fca00000,0x00000007fca00000,0x00000007ff600000)
 ParOldGen       total 723968K, used 516991K [0x0000000781000000, 0x00000007ad300000, 0x00000007d5a80000)
  object space 723968K, 71% used [0x0000000781000000,0x00000007a08dfee8,0x00000007ad300000)
 PSPermGen       total 132608K, used 104552K [0x0000000771000000, 0x0000000779180000, 0x0000000781000000)
  object space 132608K, 78% used [0x0000000771000000,0x000000077761a058,0x0000000779180000)
}
Event: 861.240 GC heap before
{Heap before GC invocations=139 (full 12):
 PSYoungGen      total 594432K, used 656K [0x00000007d5a80000, 0x00000007ff600000, 0x0000000800000000)
  eden space 593408K, 0% used [0x00000007d5a80000,0x00000007d5a80000,0x00000007f9e00000)
  from space 1024K, 64% used [0x00000007f9e00000,0x00000007f9ea4010,0x00000007f9f00000)
  to   space 45056K, 0% used [0x00000007fca00000,0x00000007fca00000,0x00000007ff600000)
 ParOldGen       total 723968K, used 516991K [0x0000000781000000, 0x00000007ad300000, 0x00000007d5a80000)
  object space 723968K, 71% used [0x0000000781000000,0x00000007a08dfee8,0x00000007ad300000)
 PSPermGen       total 132608K, used 104552K [0x0000000771000000, 0x0000000779180000, 0x0000000781000000)
  object space 132608K, 78% used [0x0000000771000000,0x000000077761a058,0x0000000779180000)
Event: 862.131 GC heap after
Heap after GC invocations=139 (full 12):
 PSYoungGen      total 594432K, used 0K [0x00000007d5a80000, 0x00000007ff600000, 0x0000000800000000)
  eden space 593408K, 0% used [0x00000007d5a80000,0x00000007d5a80000,0x00000007f9e00000)
  from space 1024K, 0% used [0x00000007f9e00000,0x00000007f9e00000,0x00000007f9f00000)
  to   space 45056K, 0% used [0x00000007fca00000,0x00000007fca00000,0x00000007ff600000)
 ParOldGen       total 723968K, used 510702K [0x0000000781000000, 0x00000007ad300000, 0x00000007d5a80000)
  object space 723968K, 70% used [0x0000000781000000,0x00000007a02bb850,0x00000007ad300000)
 PSPermGen       total 130048K, used 104551K [0x0000000771000000, 0x0000000778f00000, 0x0000000781000000)
  object space 130048K, 80% used [0x0000000771000000,0x0000000777619cd8,0x0000000778f00000)
}
Event: 862.132 GC heap before
{Heap before GC invocations=140 (full 12):
 PSYoungGen      total 594432K, used 6384K [0x00000007d5a80000, 0x00000007ff600000, 0x0000000800000000)
  eden space 593408K, 1% used [0x00000007d5a80000,0x00000007d60bc2f0,0x00000007f9e00000)
  from space 1024K, 0% used [0x00000007f9e00000,0x00000007f9e00000,0x00000007f9f00000)
  to   space 45056K, 0% used [0x00000007fca00000,0x00000007fca00000,0x00000007ff600000)
 ParOldGen       total 723968K, used 510702K [0x0000000781000000, 0x00000007ad300000, 0x00000007d5a80000)
  object space 723968K, 70% used [0x0000000781000000,0x00000007a02bb850,0x00000007ad300000)
 PSPermGen       total 130048K, used 104551K [0x0000000771000000, 0x0000000778f00000, 0x0000000781000000)
  object space 130048K, 80% used [0x0000000771000000,0x0000000777619cd8,0x0000000778f00000)
Event: 862.140 GC heap after
Heap after GC invocations=140 (full 12):
 PSYoungGen      total 636416K, used 160K [0x00000007d5a80000, 0x00000007ff400000, 0x0000000800000000)
  eden space 593408K, 0% used [0x00000007d5a80000,0x00000007d5a80000,0x00000007f9e00000)
  from space 43008K, 0% used [0x00000007fca00000,0x00000007fca28000,0x00000007ff400000)
  to   space 44032K, 0% used [0x00000007f9e00000,0x00000007f9e00000,0x00000007fc900000)
 ParOldGen       total 723968K, used 510702K [0x0000000781000000, 0x00000007ad300000, 0x00000007d5a80000)
  object space 723968K, 70% used [0x0000000781000000,0x00000007a02bb850,0x00000007ad300000)
 PSPermGen       total 130048K, used 104551K [0x0000000771000000, 0x0000000778f00000, 0x0000000781000000)
  object space 130048K, 80% used [0x0000000771000000,0x0000000777619cd8,0x0000000778f00000)
}
Event: 862.140 GC heap before
{Heap before GC invocations=141 (full 13):
 PSYoungGen      total 636416K, used 160K [0x00000007d5a80000, 0x00000007ff400000, 0x0000000800000000)
  eden space 593408K, 0% used [0x00000007d5a80000,0x00000007d5a80000,0x00000007f9e00000)
  from space 43008K, 0% used [0x00000007fca00000,0x00000007fca28000,0x00000007ff400000)
  to   space 44032K, 0% used [0x00000007f9e00000,0x00000007f9e00000,0x00000007fc900000)
 ParOldGen       total 723968K, used 510702K [0x0000000781000000, 0x00000007ad300000, 0x00000007d5a80000)
  object space 723968K, 70% used [0x0000000781000000,0x00000007a02bb850,0x00000007ad300000)
 PSPermGen       total 130048K, used 104551K [0x0000000771000000, 0x0000000778f00000, 0x0000000781000000)
  object space 130048K, 80% used [0x0000000771000000,0x0000000777619cd8,0x0000000778f00000)
Event: 862.485 GC heap after
Heap after GC invocations=141 (full 13):
 PSYoungGen      total 636416K, used 0K [0x00000007d5a80000, 0x00000007ff400000, 0x0000000800000000)
  eden space 593408K, 0% used [0x00000007d5a80000,0x00000007d5a80000,0x00000007f9e00000)
  from space 43008K, 0% used [0x00000007fca00000,0x00000007fca00000,0x00000007ff400000)
  to   space 44032K, 0% used [0x00000007f9e00000,0x00000007f9e00000,0x00000007fc900000)
 ParOldGen       total 723968K, used 510702K [0x0000000781000000, 0x00000007ad300000, 0x00000007d5a80000)
  object space 723968K, 70% used [0x0000000781000000,0x00000007a02bb8f0,0x00000007ad300000)
 PSPermGen       total 127488K, used 104551K [0x0000000771000000, 0x0000000778c80000, 0x0000000781000000)
  object space 127488K, 82% used [0x0000000771000000,0x0000000777619cd8,0x0000000778c80000)
}

Deoptimization events (10 events):
Event: 860.843 Thread 0x00000000181e2800 Uncommon trap: reason=bimorphic action=maybe_recompile pc=0x00000000033ba9b4 method=io.netty.channel.DefaultChannelHandlerContext.executor()Lio/netty/util/concurrent/EventExecutor; @ 11
Event: 860.901 Thread 0x0000000023e72000 Uncommon trap: reason=class_check action=maybe_recompile pc=0x000000000388f5fc method=io.netty.util.concurrent.DefaultPromise.notifyListener0(Lio/netty/util/concurrent/Future;Lio/netty/util/concurrent/GenericFutureListener;)V @ 2
Event: 860.901 Thread 0x0000000023e71000 Uncommon trap: reason=bimorphic action=maybe_recompile pc=0x00000000038e79a0 method=net.minecraft.network.NetworkManager.channelRead0(Lio/netty/channel/ChannelHandlerContext;Lnet/minecraft/network/Packet;)V @ 24
Event: 861.219 Thread 0x00000000181dc000 Uncommon trap: reason=bimorphic action=maybe_recompile pc=0x0000000002ea7644 method=java.util.Hashtable.remove(Ljava/lang/Object;)Ljava/lang/Object; @ 49
Event: 861.220 Thread 0x00000000181dc000 Uncommon trap: reason=bimorphic action=maybe_recompile pc=0x0000000002ea7644 method=java.util.Hashtable.remove(Ljava/lang/Object;)Ljava/lang/Object; @ 49
Event: 861.220 Thread 0x00000000181dc000 Uncommon trap: reason=bimorphic action=maybe_recompile pc=0x0000000002ea7644 method=java.util.Hashtable.remove(Ljava/lang/Object;)Ljava/lang/Object; @ 49
Event: 861.220 Thread 0x00000000181dc000 Uncommon trap: reason=bimorphic action=maybe_recompile pc=0x0000000002ea7644 method=java.util.Hashtable.remove(Ljava/lang/Object;)Ljava/lang/Object; @ 49
Event: 862.566 Thread 0x00000000181dc000 Uncommon trap: reason=bimorphic action=maybe_recompile pc=0x00000000035d0e14 method=com.google.common.collect.AbstractMultimap.isEmpty()Z @ 1
Event: 862.566 Thread 0x00000000181dc000 Uncommon trap: reason=bimorphic action=maybe_recompile pc=0x00000000035d0e14 method=com.google.common.collect.AbstractMultimap.isEmpty()Z @ 1
Event: 862.570 Thread 0x000000000f63c800 Uncommon trap: reason=unreached action=reinterpret pc=0x0000000003af1df0 method=java.lang.SecurityManager.checkAccess(Ljava/lang/Thread;)V @ 21

Internal exceptions (10 events):
Event: 861.134 Thread 0x00000000181dc000 Threw 0x00000007d784a780 at C:\re\jdk7u55\869\hotspot\src\share\vm\prims\jvm.cpp:1244
Event: 861.134 Thread 0x00000000181dc000 Threw 0x00000007d7853b00 at C:\re\jdk7u55\869\hotspot\src\share\vm\prims\jvm.cpp:1244
Event: 861.135 Thread 0x00000000181dc000 Threw 0x00000007d785ce80 at C:\re\jdk7u55\869\hotspot\src\share\vm\prims\jvm.cpp:1244
Event: 861.135 Thread 0x00000000181dc000 Threw 0x00000007d7866200 at C:\re\jdk7u55\869\hotspot\src\share\vm\prims\jvm.cpp:1244
Event: 861.135 Thread 0x00000000181dc000 Threw 0x00000007d786f580 at C:\re\jdk7u55\869\hotspot\src\share\vm\prims\jvm.cpp:1244
Event: 862.570 Thread 0x00000000181dc000 Threw 0x00000007d6e951c0 at C:\re\jdk7u55\869\hotspot\src\share\vm\prims\jvm.cpp:1244
Event: 862.572 Thread 0x000000002bea3800 Threw 0x00000007d7272f70 at C:\re\jdk7u55\869\hotspot\src\share\vm\prims\jvm.cpp:1244
Event: 862.573 Thread 0x000000002bea3800 Threw 0x00000007d7279900 at C:\re\jdk7u55\869\hotspot\src\share\vm\prims\jvm.cpp:1244
Event: 862.573 Thread 0x00000000181dc000 Threw 0x00000007d6e9d2c0 at C:\re\jdk7u55\869\hotspot\src\share\vm\prims\jvm.cpp:1244
Event: 862.574 Thread 0x00000000181dc000 Threw 0x00000007d6ea3490 at C:\re\jdk7u55\869\hotspot\src\share\vm\prims\jvm.cpp:1244

Events (10 events):
Event: 862.578 Executing VM operation: BulkRevokeBias
Event: 862.578 Executing VM operation: BulkRevokeBias done
Event: 862.578 Executing VM operation: RevokeBias
Event: 862.578 Executing VM operation: RevokeBias done
Event: 862.578 Thread 0x00000000181dc000 Thread exited: 0x00000000181dc000
Event: 862.580 Thread 0x000000002bea2800 Thread exited: 0x000000002bea2800
Event: 862.599 Thread 0x000000000f63c800 Thread exited: 0x000000000f63c800
Event: 862.671 Thread 0x000000002bea1000 Thread exited: 0x000000002bea1000
Event: 862.671 Thread 0x000000000c777800 Thread exited: 0x000000000c777800
Event: 862.672 Executing VM operation: Exit


Dynamic libraries:
0x000000013f8e0000 - 0x000000013f913000 	C:\Program Files\Java\jre7\bin\javaw.exe
0x0000000077460000 - 0x0000000077609000 	C:\Windows\SYSTEM32\ntdll.dll
0x0000000077340000 - 0x000000007745f000 	C:\Windows\system32\kernel32.dll
0x000007fefd260000 - 0x000007fefd2cc000 	C:\Windows\system32\KERNELBASE.dll
0x000007fefe100000 - 0x000007fefe1db000 	C:\Windows\system32\ADVAPI32.dll
0x000007feff6d0000 - 0x000007feff76f000 	C:\Windows\system32\msvcrt.dll
0x000007fefe1e0000 - 0x000007fefe1ff000 	C:\Windows\SYSTEM32\sechost.dll
0x000007fefe460000 - 0x000007fefe58d000 	C:\Windows\system32\RPCRT4.dll
0x0000000077240000 - 0x000000007733a000 	C:\Windows\system32\USER32.dll
0x000007feff660000 - 0x000007feff6c7000 	C:\Windows\system32\GDI32.dll
0x000007fefdca0000 - 0x000007fefdcae000 	C:\Windows\system32\LPK.dll
0x000007fefd950000 - 0x000007fefda19000 	C:\Windows\system32\USP10.dll
0x000007fefb880000 - 0x000007fefba74000 	C:\Windows\WinSxS\amd64_microsoft.windows.common-controls_6595b64144ccf1df_6.0.7601.18807_none_fa381d5f175bfb52\COMCTL32.dll
0x000007fefdec0000 - 0x000007fefdf31000 	C:\Windows\system32\SHLWAPI.dll
0x000007fefda20000 - 0x000007fefda4e000 	C:\Windows\system32\IMM32.DLL
0x000007fefdf40000 - 0x000007fefe049000 	C:\Windows\system32\MSCTF.dll
0x000000006ae20000 - 0x000000006aef2000 	C:\Program Files\Java\jre7\bin\msvcr100.dll
0x000000006ddf0000 - 0x000000006e5b9000 	C:\Program Files\Java\jre7\bin\server\jvm.dll
0x000007fef32b0000 - 0x000007fef32b9000 	C:\Windows\system32\WSOCK32.dll
0x000007fefe0b0000 - 0x000007fefe0fd000 	C:\Windows\system32\WS2_32.dll
0x000007fefe590000 - 0x000007fefe598000 	C:\Windows\system32\NSI.dll
0x000007fefb1f0000 - 0x000007fefb22b000 	C:\Windows\system32\WINMM.dll
0x0000000077620000 - 0x0000000077627000 	C:\Windows\system32\PSAPI.DLL
0x0000000074330000 - 0x000000007433f000 	C:\Program Files\Java\jre7\bin\verify.dll
0x0000000073f60000 - 0x0000000073f88000 	C:\Program Files\Java\jre7\bin\java.dll
0x0000000072d80000 - 0x0000000072db5000 	C:\Program Files\Java\jre7\bin\jdwp.dll
0x0000000073f00000 - 0x0000000073f08000 	C:\Program Files\Java\jre7\bin\npt.dll
0x0000000074310000 - 0x0000000074325000 	C:\Program Files\Java\jre7\bin\zip.dll
0x0000000074010000 - 0x0000000074019000 	C:\Program Files\Java\jre7\bin\dt_socket.dll
0x000007fefb060000 - 0x000007fefb075000 	C:\Windows\system32\NLAapi.dll
0x000007fef5400000 - 0x000007fef5415000 	C:\Windows\system32\napinsp.dll
0x000007fef5420000 - 0x000007fef5439000 	C:\Windows\system32\pnrpnsp.dll
0x000007fefca00000 - 0x000007fefca55000 	C:\Windows\System32\mswsock.dll
0x000007fefc880000 - 0x000007fefc8db000 	C:\Windows\system32\DNSAPI.dll
0x000007fef53a0000 - 0x000007fef53ab000 	C:\Windows\System32\winrnr.dll
0x000007fefaef0000 - 0x000007fefaf17000 	C:\Windows\system32\IPHLPAPI.DLL
0x000007fefaee0000 - 0x000007fefaeeb000 	C:\Windows\system32\WINNSI.DLL
0x000007fefad60000 - 0x000007fefadb3000 	C:\Windows\System32\fwpuclnt.dll
0x000007fef5390000 - 0x000007fef5398000 	C:\Windows\system32\rasadhlp.dll
0x000007fefc3e0000 - 0x000007fefc3e7000 	C:\Windows\System32\wshtcpip.dll
0x0000000072d70000 - 0x0000000072d7b000 	C:\Program Files\Java\jre7\bin\management.dll
0x0000000073f40000 - 0x0000000073f59000 	C:\Program Files\Java\jre7\bin\net.dll
0x000007fefc9f0000 - 0x000007fefc9f7000 	C:\Windows\System32\wship6.dll
0x0000000072bb0000 - 0x0000000072bc1000 	C:\Program Files\Java\jre7\bin\nio.dll
0x0000000072040000 - 0x0000000072064000 	C:\Program Files\Java\jre7\bin\sunec.dll
0x0000000074340000 - 0x000000007434b000 	C:\Program Files\Java\jre7\bin\sunmscapi.dll
0x000007fefd3f0000 - 0x000007fefd55d000 	C:\Windows\system32\CRYPT32.dll
0x000007fefd230000 - 0x000007fefd23f000 	C:\Windows\system32\MSASN1.dll
0x000007fefca60000 - 0x000007fefca78000 	C:\Windows\system32\CRYPTSP.dll
0x000007fefc760000 - 0x000007fefc7a7000 	C:\Windows\system32\rsaenh.dll
0x000007fefd560000 - 0x000007fefd57e000 	C:\Windows\system32\USERENV.dll
0x000007fefd220000 - 0x000007fefd22f000 	C:\Windows\system32\profapi.dll
0x000007fefd0c0000 - 0x000007fefd0cf000 	C:\Windows\system32\CRYPTBASE.dll
0x000007fefad30000 - 0x000007fefad41000 	C:\Windows\system32\dhcpcsvc6.DLL
0x000007fefacb0000 - 0x000007fefacc8000 	C:\Windows\system32\dhcpcsvc.DLL
0x0000000061230000 - 0x00000000613c5000 	C:\Program Files\Java\jre7\bin\awt.dll
0x000007fefe7f0000 - 0x000007fefe8c7000 	C:\Windows\system32\OLEAUT32.dll
0x000007fefdcb0000 - 0x000007fefdeb3000 	C:\Windows\system32\ole32.dll
0x000007fefb7f0000 - 0x000007fefb846000 	C:\Windows\system32\uxtheme.dll
0x000007fede9d0000 - 0x000007fede9f7000 	C:\Program Files (x86)\Raptr\ltc_help64-96675.dll
0x000007fefe8d0000 - 0x000007feff659000 	C:\Windows\system32\SHELL32.dll
0x000007fefd590000 - 0x000007fefd5cb000 	C:\Windows\system32\WINTRUST.dll
0x000007fefb3e0000 - 0x000007fefb3f8000 	C:\Windows\system32\dwmapi.dll
0x00000000722b0000 - 0x00000000722f7000 	C:\Program Files\Java\jre7\bin\fontmanager.dll
0x000007fefc2f0000 - 0x000007fefc2fc000 	C:\Windows\system32\VERSION.dll
0x000007fef2e10000 - 0x000007fef2f5c000 	C:\Windows\system32\aticfx64.dll
0x000007fefc2c0000 - 0x000007fefc2ec000 	C:\Windows\system32\POWRPROF.dll
0x000007fefe200000 - 0x000007fefe3d7000 	C:\Windows\system32\SETUPAPI.dll
0x000007fefd3b0000 - 0x000007fefd3e6000 	C:\Windows\system32\CFGMGR32.dll
0x000007fefd2f0000 - 0x000007fefd30a000 	C:\Windows\system32\DEVOBJ.dll
0x00000000611e0000 - 0x0000000061221000 	C:\Program Files\Java\jre7\bin\t2k.dll
0x0000000180000000 - 0x0000000180051000 	C:\Users\Daniel\.gradle\caches\minecraft\net\minecraft\minecraft_natives\1.7.10\lwjgl64.dll
0x000007fed6c60000 - 0x000007fed6d7d000 	C:\Windows\system32\OPENGL32.dll
0x000007fef5dc0000 - 0x000007fef5ded000 	C:\Windows\system32\GLU32.dll
0x000007fedf350000 - 0x000007fedf441000 	C:\Windows\system32\DDRAW.dll
0x000007fedf340000 - 0x000007fedf348000 	C:\Windows\system32\DCIMAN32.dll
0x000007fefae10000 - 0x000007fefae28000 	C:\Windows\system32\atig6pxx.dll
0x0000000068630000 - 0x000000006a1de000 	C:\Windows\system32\atio6axx.dll
0x000007fee5420000 - 0x000007fee5558000 	C:\Windows\system32\atiadlxx.dll
0x000007fefbeb0000 - 0x000007fefbfdc000 	C:\Windows\system32\PROPSYS.dll
0x000007fefc300000 - 0x000007fefc311000 	C:\Windows\system32\WTSAPI32.dll
0x000007fee4d80000 - 0x000007fee4da9000 	C:\Windows\system32\atig6txx.dll
0x000007fefe750000 - 0x000007fefe7e9000 	C:\Windows\system32\CLBCatQ.DLL
0x000007fef4120000 - 0x000007fef41bc000 	C:\Windows\system32\mscms.dll
0x000007fed7b00000 - 0x000007fed7b42000 	C:\Windows\system32\icm32.dll
0x0000000070a40000 - 0x0000000070adc000 	C:\Users\Daniel\.gradle\caches\minecraft\net\minecraft\minecraft_natives\1.7.10\avutil-ttv-51.dll
0x0000000065980000 - 0x00000000659d6000 	C:\Users\Daniel\.gradle\caches\minecraft\net\minecraft\minecraft_natives\1.7.10\swresample-ttv-0.dll
0x000000006eb80000 - 0x000000006ec50000 	C:\Users\Daniel\.gradle\caches\minecraft\net\minecraft\minecraft_natives\1.7.10\libmp3lame-ttv.dll
0x000007fecfb70000 - 0x000007fed0f14000 	C:\Users\Daniel\.gradle\caches\minecraft\net\minecraft\minecraft_natives\1.7.10\libmfxsw64.dll
0x000007fedf650000 - 0x000007fedf77b000 	C:\Users\Daniel\.gradle\caches\minecraft\net\minecraft\minecraft_natives\1.7.10\twitchsdk.dll
0x000007fefda50000 - 0x000007fefdc97000 	C:\Windows\system32\WININET.dll
0x000007fefd2d0000 - 0x000007fefd2d4000 	C:\Windows\system32\api-ms-win-downlevel-user32-l1-1-0.dll
0x000007fefd5d0000 - 0x000007fefd5d4000 	C:\Windows\system32\api-ms-win-downlevel-shlwapi-l1-1-0.dll
0x000007fefd2e0000 - 0x000007fefd2e4000 	C:\Windows\system32\api-ms-win-downlevel-version-l1-1-0.dll
0x000007fefd250000 - 0x000007fefd253000 	C:\Windows\system32\api-ms-win-downlevel-normaliz-l1-1-0.dll
0x0000000077630000 - 0x0000000077633000 	C:\Windows\system32\normaliz.DLL
0x000007fefd5e0000 - 0x000007fefd8a7000 	C:\Windows\system32\iertutil.dll
0x000007fefd240000 - 0x000007fefd245000 	C:\Windows\system32\api-ms-win-downlevel-advapi32-l1-1-0.dll
0x000007fedf500000 - 0x000007fedf55f000 	C:\Program Files\OBS\plugins\GraphicsCapture\GraphicsCaptureHook64.dll
0x000007fef3580000 - 0x000007fef35b4000 	C:\Windows\system32\d3d10_1.dll
0x000007fef3520000 - 0x000007fef3577000 	C:\Windows\system32\d3d10_1core.dll
0x000007fef34c0000 - 0x000007fef351d000 	C:\Windows\system32\dxgi.dll
0x000007fef32e0000 - 0x000007fef34b5000 	C:\Windows\system32\d3d11.dll
0x000007fef3280000 - 0x000007fef32a6000 	C:\Windows\system32\atiuxp64.dll
0x000007fef2380000 - 0x000007fef2e05000 	C:\Windows\system32\atidxx64.dll
0x000000000d7b0000 - 0x000000000d814000 	C:\Users\Daniel\.gradle\caches\minecraft\net\minecraft\minecraft_natives\1.7.10\OpenAL64.dll
0x000007fefc020000 - 0x000007fefc06b000 	C:\Windows\System32\MMDevApi.dll
0x000007fef1890000 - 0x000007fef1918000 	C:\Windows\system32\dsound.dll
0x000007fefaf70000 - 0x000007fefafbf000 	C:\Windows\system32\AUDIOSES.DLL
0x000007fedf210000 - 0x000007fedf335000 	C:\Windows\system32\dbghelp.dll

VM Arguments:
jvm_args: -agentlib:jdwp=transport=dt_socket,suspend=y,address=localhost:49177 -Dfml.ignoreInvalidMinecraftCertificates=true -XX:MaxPermSize=256m -Dfile.encoding=Cp1252 
java_command: GradleStart --version 1.7 --tweakClass cpw.mods.fml.common.launcher.FMLTweaker --accessToken forgeTest --userProperties={} --username=blu.sunrize@yahoo.de --password=Dannyl1694 --assetIndex 1.7.10 --uuid=test --assetsDir C:/Users/Daniel/.gradle/caches/minecraft/assets
Launcher Type: SUN_STANDARD

Environment Variables:
PATH=C:\Program Files (x86)\NVIDIA Corporation\PhysX\Common;C:\Program Files (x86)\Intel\iCLS Client\;C:\Program Files\Intel\iCLS Client\;C:\Windows\system32;C:\Windows;C:\Windows\System32\Wbem;C:\Windows\System32\WindowsPowerShell\v1.0\;C:\Program Files\Intel\Intel(R) Management Engine Components\DAL;C:\Program Files\Intel\Intel(R) Management Engine Components\IPT;C:\Program Files (x86)\Intel\Intel(R) Management Engine Components\DAL;C:\Program Files (x86)\Intel\Intel(R) Management Engine Components\IPT;C:\Program Files (x86)\ATI Technologies\ATI.ACE\Core-Static;C:\Program Files (x86)\Git\cmd;E:\Program Files\Csound6\bin;C:\Program Files (x86)\AMD\ATI.ACE\Core-Static;C:\Program Files (x86)\Skype\Phone\
USERNAME=Daniel
OS=Windows_NT
PROCESSOR_IDENTIFIER=Intel64 Family 6 Model 60 Stepping 3, GenuineIntel



---------------  S Y S T E M  ---------------

OS: Windows 7 , 64 bit Build 7601 Service Pack 1

CPU:total 8 (4 cores per cpu, 2 threads per core) family 6 model 60 stepping 3, cmov, cx8, fxsr, mmx, sse, sse2, sse3, ssse3, sse4.1, sse4.2, popcnt, avx, avx2, aes, erms, ht, tsc, tscinvbit

Memory: 4k page, physical 8317496k(2315788k free), swap 25878348k(14253920k free)

vm_info: Java HotSpot(TM) 64-Bit Server VM (24.55-b03) for windows-amd64 JRE (1.7.0_55-b13), built on Mar 17 2014 19:45:30 by "java_re" with unknown MS VC++:1600

time: Thu Jun 04 23:34:42 2015
elapsed time: 863 seconds

