#
# A fatal error has been detected by the Java Runtime Environment:
#
#  EXCEPTION_ACCESS_VIOLATION (0xc0000005) at pc=0x000007fedf0b1b76, pid=14980, tid=34344
#
# JRE version: Java(TM) SE Runtime Environment (7.0_55-b13) (build 1.7.0_55-b13)
# Java VM: Java HotSpot(TM) 64-Bit Server VM (24.55-b03 mixed mode windows-amd64 compressed oops)
# Problematic frame:
# C  [GraphicsCaptureHook64.dll+0x1b76]
#
# Failed to write core dump. Minidumps are not enabled by default on client versions of Windows
#
# If you would like to submit a bug report, please visit:
#   http://bugreport.sun.com/bugreport/crash.jsp
#

---------------  T H R E A D  ---------------

Current thread (0x000000000b88d000):  VMThread [stack: 0x000000000d730000,0x000000000d830000] [id=34344]

siginfo: ExceptionCode=0xc0000005, reading address 0x000069e303800008

Registers:
RAX=0x000069e303800000, RBX=0x000000000d82f480, RCX=0x000000001bc1004e, RDX=0x000000000d82f480
RSP=0x000000000d82f410, RBP=0x000000000216f330, RSI=0x0000000000020001, RDI=0x0000000000000028
R8 =0x000007fffffa6000, R9 =0x000007fedf0b0000, R10=0x000000000d82f4b0, R11=0x000000000d82f4b0
R12=0x000007fffffdf000, R13=0x000007fffffa6000, R14=0x0000000077593bc0, R15=0x000000007758e670
RIP=0x000007fedf0b1b76, EFLAGS=0x0000000000010202

Top of Stack: (sp=0x000000000d82f410)
0x000000000d82f410:   38313a30323a3332 00000000e300203a
0x000000000d82f420:   000000001b552e50 000000000037c650
0x000000000d82f430:   000007fedf108a00 000007fedf0b5aeb
0x000000000d82f440:   000000004e1a866c 00000000e30001e2
0x000000000d82f450:   000000007758e670 0000000077593bc0
0x000000000d82f460:   fffffffffffffffe 0000000000000028
0x000000000d82f470:   0000000000000028 000007fedf0ce822
0x000000000d82f480:   000000001bc1004e 0000000000000001
0x000000000d82f490:   0000000000000001 0000000000000000
0x000000000d82f4a0:   0000000000000004 fffffffffffffffe
0x000000000d82f4b0:   38313a30323a3332 000000000000203a
0x000000000d82f4c0:   000000000000000a 000000000000000f
0x000000000d82f4d0:   00006e6907aeb84f 0000000000000001
0x000000000d82f4e0:   0000000000000028 000007fedf68752d
0x000000000d82f4f0:   000007fef5dd1318 0000000000000001
0x000000000d82f500:   000007fedf660000 0000000077361a5a 

Instructions: (pc=0x000007fedf0b1b76)
0x000007fedf0b1b56:   cc cc cc cc cc cc cc cc cc cc 40 53 48 83 ec 20
0x000007fedf0b1b66:   48 8b 41 40 48 8b da 48 8b 08 48 89 0a 48 8b 01
0x000007fedf0b1b76:   ff 50 08 48 8b c3 48 83 c4 20 5b c3 cc cc cc cc
0x000007fedf0b1b86:   cc cc cc cc cc cc cc cc cc cc 48 89 5c 24 08 57 


Register to memory mapping:

RAX=0x000069e303800000 is an unknown value
RBX=0x000000000d82f480 is an unknown value
RCX=0x000000001bc1004e is an unknown value
RDX=0x000000000d82f480 is an unknown value
RSP=0x000000000d82f410 is an unknown value
RBP=0x000000000216f330 is an unknown value
RSI=0x0000000000020001 is an unknown value
RDI=0x0000000000000028 is an unknown value
R8 =0x000007fffffa6000 is an unknown value
R9 =0x000007fedf0b0000 is an unknown value
R10=0x000000000d82f4b0 is an unknown value
R11=0x000000000d82f4b0 is an unknown value
R12=0x000007fffffdf000 is an unknown value
R13=0x000007fffffa6000 is an unknown value
R14=0x0000000077593bc0 is an unknown value
R15=0x000000007758e670 is an unknown value


Stack: [0x000000000d730000,0x000000000d830000],  sp=0x000000000d82f410,  free space=1021k
Native frames: (J=compiled Java code, j=interpreted, Vv=VM code, C=native code)
C  [GraphicsCaptureHook64.dll+0x1b76]

VM_Operation (0x000000000249e510): Exit, mode: safepoint, requested by thread 0x000000000214c000


---------------  P R O C E S S  ---------------

Java Threads: ( => current thread )
  0x0000000017933800 JavaThread "AWT-Shutdown" [_thread_blocked, id=27820, stack(0x0000000012170000,0x0000000012270000)]
  0x0000000019c81800 JavaThread "File IO Thread" [_thread_blocked, id=26212, stack(0x0000000030d70000,0x0000000030e70000)]
  0x00000000183ae800 JavaThread "Chunk I/O Executor Thread-1" daemon [_thread_blocked, id=26972, stack(0x0000000030010000,0x0000000030110000)]
  0x0000000019c7e800 JavaThread "Netty IO #1" daemon [_thread_in_native, id=15296, stack(0x000000002f880000,0x000000002f980000)]
  0x0000000019c7e000 JavaThread "Netty Client IO #0" daemon [_thread_in_native, id=34164, stack(0x00000000305b0000,0x00000000306b0000)]
  0x0000000019c7d000 JavaThread "Netty IO #0" daemon [_thread_in_native, id=6788, stack(0x0000000030b60000,0x0000000030c60000)]
  0x0000000019c7c800 JavaThread "ic2-poolthread-8" daemon [_thread_blocked, id=13624, stack(0x0000000030a10000,0x0000000030b10000)]
  0x00000000183b3800 JavaThread "ic2-poolthread-7" daemon [_thread_blocked, id=33632, stack(0x0000000030890000,0x0000000030990000)]
  0x00000000183b3000 JavaThread "ic2-poolthread-6" daemon [_thread_blocked, id=23100, stack(0x0000000016030000,0x0000000016130000)]
  0x00000000183b2000 JavaThread "ic2-poolthread-5" daemon [_thread_blocked, id=34128, stack(0x00000000306f0000,0x00000000307f0000)]
  0x00000000183b1800 JavaThread "ic2-poolthread-4" daemon [_thread_blocked, id=33820, stack(0x0000000030440000,0x0000000030540000)]
  0x00000000183b0800 JavaThread "ic2-poolthread-3" daemon [_thread_blocked, id=34516, stack(0x000000002fbb0000,0x000000002fcb0000)]
  0x00000000183ac000 JavaThread "Physis Odd One Out Builder" [_thread_blocked, id=34652, stack(0x00000000302a0000,0x00000000303a0000)]
  0x00000000183b0000 JavaThread "Thread-22" [_thread_blocked, id=16876, stack(0x00000000191e0000,0x00000000192e0000)]
  0x00000000183ad800 JavaThread "Server thread" [_thread_blocked, id=33252, stack(0x000000002feb0000,0x000000002ffb0000)]
  0x00000000183aa000 JavaThread "LWJGL Timer" daemon [_thread_blocked, id=31260, stack(0x000000002e670000,0x000000002e770000)]
  0x00000000183a7800 JavaThread "ic2-poolthread-2" daemon [_thread_blocked, id=34744, stack(0x000000001fb70000,0x000000001fc70000)]
  0x0000000016c77800 JavaThread "AE2 VersionChecker" [_thread_blocked, id=28420, stack(0x000000001fca0000,0x000000001fda0000)]
  0x00000000189d8000 JavaThread "ic2-poolthread-1" daemon [_thread_blocked, id=28036, stack(0x0000000019460000,0x0000000019560000)]
  0x0000000018c5e000 JavaThread "Timer hack thread" daemon [_thread_blocked, id=28852, stack(0x00000000192e0000,0x00000000193e0000)]
  0x000000001739c800 JavaThread "Snooper Timer" daemon [_thread_blocked, id=34132, stack(0x00000000169d0000,0x0000000016ad0000)]
  0x000000000f79d800 JavaThread "Java2D Disposer" daemon [_thread_blocked, id=9532, stack(0x0000000011210000,0x0000000011310000)]
  0x000000000c757800 JavaThread "Service Thread" daemon [_thread_blocked, id=31552, stack(0x000000000e770000,0x000000000e870000)]
  0x000000000c74e000 JavaThread "C2 CompilerThread1" daemon [_thread_blocked, id=14252, stack(0x000000000eae0000,0x000000000ebe0000)]
  0x000000000c74b800 JavaThread "C2 CompilerThread0" daemon [_thread_blocked, id=26256, stack(0x000000000e8b0000,0x000000000e9b0000)]
  0x000000000c735000 JavaThread "JDWP Event Helper Thread" daemon [_thread_blocked, id=15900, stack(0x000000000e610000,0x000000000e710000)]
  0x000000000b8aa800 JavaThread "Attach Listener" daemon [_thread_blocked, id=34264, stack(0x000000000dea0000,0x000000000dfa0000)]
  0x000000000b8a8000 JavaThread "Signal Dispatcher" daemon [_thread_blocked, id=31156, stack(0x000000000dd50000,0x000000000de50000)]
  0x00000000021da000 JavaThread "Finalizer" daemon [_thread_blocked, id=32708, stack(0x000000000dc00000,0x000000000dd00000)]
  0x000000000b890000 JavaThread "Reference Handler" daemon [_thread_blocked, id=16228, stack(0x000000000d9b0000,0x000000000dab0000)]
  0x000000000214c000 JavaThread "Client thread" [_thread_blocked, id=33748, stack(0x00000000023a0000,0x00000000024a0000)]

Other Threads:
=>0x000000000b88d000 VMThread [stack: 0x000000000d730000,0x000000000d830000] [id=34344]

VM state:at safepoint (shutting down)

VM Mutex/Monitor currently owned by a thread:  ([mutex/lock_event])
[0x0000000002149980] Threads_lock - owner thread: 0x000000000b88d000

Heap
 PSYoungGen      total 265216K, used 161128K [0x00000007d5a80000, 0x00000007e5e80000, 0x0000000800000000)
  eden space 264704K, 60% used [0x00000007d5a80000,0x00000007df7c2370,0x00000007e5d00000)
  from space 512K, 18% used [0x00000007e5d80000,0x00000007e5d98000,0x00000007e5e00000)
  to   space 512K, 0% used [0x00000007e5d00000,0x00000007e5d00000,0x00000007e5d80000)
 ParOldGen       total 695808K, used 513750K [0x0000000781000000, 0x00000007ab780000, 0x00000007d5a80000)
  object space 695808K, 73% used [0x0000000781000000,0x00000007a05b5970,0x00000007ab780000)
 PSPermGen       total 137728K, used 105953K [0x0000000771000000, 0x0000000779680000, 0x0000000781000000)
  object space 137728K, 76% used [0x0000000771000000,0x0000000777778640,0x0000000779680000)

Card table byte_map: [0x0000000005560000,0x00000000059e0000] byte_map_base: 0x00000000019d8000

Polling page: 0x0000000000320000

Code Cache  [0x00000000024a0000, 0x0000000003d60000, 0x00000000054a0000)
 total_blobs=7326 nmethods=6119 adapters=1163 free_code_cache=24109Kb largest_free_block=24400896

Compilation events (10 events):
Event: 2486.252 Thread 0x000000000c74b800 nmethod 7115 0x000000000283f210 code [0x000000000283f340, 0x000000000283f418]
Event: 2486.253 Thread 0x000000000c74b800 7116             com.google.gson.stream.JsonWriter::beforeName (47 bytes)
Event: 2486.256 Thread 0x000000000c74e000 nmethod 7114 0x0000000003841d90 code [0x0000000003841f40, 0x00000000038423b0]
Event: 2486.256 Thread 0x000000000c74b800 nmethod 7116 0x000000000383fe50 code [0x000000000383ffe0, 0x0000000003840428]
Event: 2486.316 Thread 0x000000000c74b800 7117             java.lang.ThreadLocal$ThreadLocalMap::cleanSomeSlots (60 bytes)
Event: 2486.317 Thread 0x000000000c74b800 nmethod 7117 0x0000000003519d50 code [0x0000000003519ea0, 0x0000000003519fd8]
Event: 2486.320 Thread 0x000000000c74e000 7118 %           com.google.gson.stream.JsonWriter::string @ 37 (169 bytes)
Event: 2486.328 Thread 0x000000000c74e000 nmethod 7118% 0x0000000003c3c4d0 code [0x0000000003c3c6a0, 0x0000000003c3d1d0]
Event: 2486.476 Thread 0x000000000c74b800 7119             com.google.gson.stream.JsonWriter::string (169 bytes)
Event: 2486.483 Thread 0x000000000c74b800 nmethod 7119 0x0000000003c3aed0 code [0x0000000003c3b0c0, 0x0000000003c3ba90]

GC Heap History (10 events):
Event: 2406.450 GC heap before
{Heap before GC invocations=205 (full 9):
 PSYoungGen      total 261120K, used 260192K [0x00000007d5a80000, 0x00000007e5c00000, 0x0000000800000000)
  eden space 260096K, 100% used [0x00000007d5a80000,0x00000007e5880000,0x00000007e5880000)
  from space 1024K, 9% used [0x00000007e5880000,0x00000007e5898000,0x00000007e5980000)
  to   space 1024K, 0% used [0x00000007e5b00000,0x00000007e5b00000,0x00000007e5c00000)
 ParOldGen       total 695808K, used 513742K [0x0000000781000000, 0x00000007ab780000, 0x00000007d5a80000)
  object space 695808K, 73% used [0x0000000781000000,0x00000007a05b3970,0x00000007ab780000)
 PSPermGen       total 137728K, used 105455K [0x0000000771000000, 0x0000000779680000, 0x0000000781000000)
  object space 137728K, 76% used [0x0000000771000000,0x00000007776fbf28,0x0000000779680000)
Event: 2406.461 GC heap after
Heap after GC invocations=205 (full 9):
 PSYoungGen      total 262656K, used 128K [0x00000007d5a80000, 0x00000007e5c00000, 0x0000000800000000)
  eden space 261632K, 0% used [0x00000007d5a80000,0x00000007d5a80000,0x00000007e5a00000)
  from space 1024K, 12% used [0x00000007e5b00000,0x00000007e5b20000,0x00000007e5c00000)
  to   space 1024K, 0% used [0x00000007e5a00000,0x00000007e5a00000,0x00000007e5b00000)
 ParOldGen       total 695808K, used 513742K [0x0000000781000000, 0x00000007ab780000, 0x00000007d5a80000)
  object space 695808K, 73% used [0x0000000781000000,0x00000007a05b3970,0x00000007ab780000)
 PSPermGen       total 137728K, used 105455K [0x0000000771000000, 0x0000000779680000, 0x0000000781000000)
  object space 137728K, 76% used [0x0000000771000000,0x00000007776fbf28,0x0000000779680000)
}
Event: 2423.949 GC heap before
{Heap before GC invocations=206 (full 9):
 PSYoungGen      total 262656K, used 261760K [0x00000007d5a80000, 0x00000007e5c00000, 0x0000000800000000)
  eden space 261632K, 100% used [0x00000007d5a80000,0x00000007e5a00000,0x00000007e5a00000)
  from space 1024K, 12% used [0x00000007e5b00000,0x00000007e5b20000,0x00000007e5c00000)
  to   space 1024K, 0% used [0x00000007e5a00000,0x00000007e5a00000,0x00000007e5b00000)
 ParOldGen       total 695808K, used 513742K [0x0000000781000000, 0x00000007ab780000, 0x00000007d5a80000)
  object space 695808K, 73% used [0x0000000781000000,0x00000007a05b3970,0x00000007ab780000)
 PSPermGen       total 137728K, used 105591K [0x0000000771000000, 0x0000000779680000, 0x0000000781000000)
  object space 137728K, 76% used [0x0000000771000000,0x000000077771ddb0,0x0000000779680000)
Event: 2423.963 GC heap after
Heap after GC invocations=206 (full 9):
 PSYoungGen      total 262656K, used 32K [0x00000007d5a80000, 0x00000007e5d80000, 0x0000000800000000)
  eden space 261632K, 0% used [0x00000007d5a80000,0x00000007d5a80000,0x00000007e5a00000)
  from space 1024K, 3% used [0x00000007e5a00000,0x00000007e5a08000,0x00000007e5b00000)
  to   space 1024K, 0% used [0x00000007e5c80000,0x00000007e5c80000,0x00000007e5d80000)
 ParOldGen       total 695808K, used 513750K [0x0000000781000000, 0x00000007ab780000, 0x00000007d5a80000)
  object space 695808K, 73% used [0x0000000781000000,0x00000007a05b5970,0x00000007ab780000)
 PSPermGen       total 137728K, used 105591K [0x0000000771000000, 0x0000000779680000, 0x0000000781000000)
  object space 137728K, 76% used [0x0000000771000000,0x000000077771ddb0,0x0000000779680000)
}
Event: 2441.424 GC heap before
{Heap before GC invocations=207 (full 9):
 PSYoungGen      total 262656K, used 261664K [0x00000007d5a80000, 0x00000007e5d80000, 0x0000000800000000)
  eden space 261632K, 100% used [0x00000007d5a80000,0x00000007e5a00000,0x00000007e5a00000)
  from space 1024K, 3% used [0x00000007e5a00000,0x00000007e5a08000,0x00000007e5b00000)
  to   space 1024K, 0% used [0x00000007e5c80000,0x00000007e5c80000,0x00000007e5d80000)
 ParOldGen       total 695808K, used 513750K [0x0000000781000000, 0x00000007ab780000, 0x00000007d5a80000)
  object space 695808K, 73% used [0x0000000781000000,0x00000007a05b5970,0x00000007ab780000)
 PSPermGen       total 137728K, used 105591K [0x0000000771000000, 0x0000000779680000, 0x0000000781000000)
  object space 137728K, 76% used [0x0000000771000000,0x000000077771ddb0,0x0000000779680000)
Event: 2441.435 GC heap after
Heap after GC invocations=207 (full 9):
 PSYoungGen      total 263680K, used 96K [0x00000007d5a80000, 0x00000007e5d00000, 0x0000000800000000)
  eden space 263168K, 0% used [0x00000007d5a80000,0x00000007d5a80000,0x00000007e5b80000)
  from space 512K, 18% used [0x00000007e5c80000,0x00000007e5c98000,0x00000007e5d00000)
  to   space 512K, 0% used [0x00000007e5c00000,0x00000007e5c00000,0x00000007e5c80000)
 ParOldGen       total 695808K, used 513750K [0x0000000781000000, 0x00000007ab780000, 0x00000007d5a80000)
  object space 695808K, 73% used [0x0000000781000000,0x00000007a05b5970,0x00000007ab780000)
 PSPermGen       total 137728K, used 105591K [0x0000000771000000, 0x0000000779680000, 0x0000000781000000)
  object space 137728K, 76% used [0x0000000771000000,0x000000077771ddb0,0x0000000779680000)
}
Event: 2459.408 GC heap before
{Heap before GC invocations=208 (full 9):
 PSYoungGen      total 263680K, used 263264K [0x00000007d5a80000, 0x00000007e5d00000, 0x0000000800000000)
  eden space 263168K, 100% used [0x00000007d5a80000,0x00000007e5b80000,0x00000007e5b80000)
  from space 512K, 18% used [0x00000007e5c80000,0x00000007e5c98000,0x00000007e5d00000)
  to   space 512K, 0% used [0x00000007e5c00000,0x00000007e5c00000,0x00000007e5c80000)
 ParOldGen       total 695808K, used 513750K [0x0000000781000000, 0x00000007ab780000, 0x00000007d5a80000)
  object space 695808K, 73% used [0x0000000781000000,0x00000007a05b5970,0x00000007ab780000)
 PSPermGen       total 137728K, used 105591K [0x0000000771000000, 0x0000000779680000, 0x0000000781000000)
  object space 137728K, 76% used [0x0000000771000000,0x000000077771ddb0,0x0000000779680000)
Event: 2459.424 GC heap after
Heap after GC invocations=208 (full 9):
 PSYoungGen      total 264192K, used 96K [0x00000007d5a80000, 0x00000007e5e00000, 0x0000000800000000)
  eden space 263680K, 0% used [0x00000007d5a80000,0x00000007d5a80000,0x00000007e5c00000)
  from space 512K, 18% used [0x00000007e5c00000,0x00000007e5c18000,0x00000007e5c80000)
  to   space 512K, 0% used [0x00000007e5d80000,0x00000007e5d80000,0x00000007e5e00000)
 ParOldGen       total 695808K, used 513750K [0x0000000781000000, 0x00000007ab780000, 0x00000007d5a80000)
  object space 695808K, 73% used [0x0000000781000000,0x00000007a05b5970,0x00000007ab780000)
 PSPermGen       total 137728K, used 105591K [0x0000000771000000, 0x0000000779680000, 0x0000000781000000)
  object space 137728K, 76% used [0x0000000771000000,0x000000077771ddb0,0x0000000779680000)
}
Event: 2477.503 GC heap before
{Heap before GC invocations=209 (full 9):
 PSYoungGen      total 264192K, used 263776K [0x00000007d5a80000, 0x00000007e5e00000, 0x0000000800000000)
  eden space 263680K, 100% used [0x00000007d5a80000,0x00000007e5c00000,0x00000007e5c00000)
  from space 512K, 18% used [0x00000007e5c00000,0x00000007e5c18000,0x00000007e5c80000)
  to   space 512K, 0% used [0x00000007e5d80000,0x00000007e5d80000,0x00000007e5e00000)
 ParOldGen       total 695808K, used 513750K [0x0000000781000000, 0x00000007ab780000, 0x00000007d5a80000)
  object space 695808K, 73% used [0x0000000781000000,0x00000007a05b5970,0x00000007ab780000)
 PSPermGen       total 137728K, used 105591K [0x0000000771000000, 0x0000000779680000, 0x0000000781000000)
  object space 137728K, 76% used [0x0000000771000000,0x000000077771ddb0,0x0000000779680000)
Event: 2477.515 GC heap after
Heap after GC invocations=209 (full 9):
 PSYoungGen      total 265216K, used 96K [0x00000007d5a80000, 0x00000007e5e80000, 0x0000000800000000)
  eden space 264704K, 0% used [0x00000007d5a80000,0x00000007d5a80000,0x00000007e5d00000)
  from space 512K, 18% used [0x00000007e5d80000,0x00000007e5d98000,0x00000007e5e00000)
  to   space 512K, 0% used [0x00000007e5d00000,0x00000007e5d00000,0x00000007e5d80000)
 ParOldGen       total 695808K, used 513750K [0x0000000781000000, 0x00000007ab780000, 0x00000007d5a80000)
  object space 695808K, 73% used [0x0000000781000000,0x00000007a05b5970,0x00000007ab780000)
 PSPermGen       total 137728K, used 105591K [0x0000000771000000, 0x0000000779680000, 0x0000000781000000)
  object space 137728K, 76% used [0x0000000771000000,0x000000077771ddb0,0x0000000779680000)
}

Deoptimization events (10 events):
Event: 2486.500 Thread 0x0000000019c7e000 Uncommon trap: reason=bimorphic action=maybe_recompile pc=0x000000000372a584 method=net.minecraft.network.NetworkManager.channelRead0(Lio/netty/channel/ChannelHandlerContext;Lnet/minecraft/network/Packet;)V @ 24
Event: 2486.511 Thread 0x00000000183ad800 Uncommon trap: reason=class_check action=maybe_recompile pc=0x0000000002ffe64c method=org.apache.logging.log4j.core.Logger$PrivateConfig.filter(Lorg/apache/logging/log4j/Level;Lorg/apache/logging/log4j/Marker;Ljava/lang/String;)Z @ 4
Event: 2486.512 Thread 0x00000000183aa800 Uncommon trap: reason=class_check action=maybe_recompile pc=0x0000000002c236bc method=org.apache.logging.log4j.core.Logger$PrivateConfig.filter(Lorg/apache/logging/log4j/Level;Lorg/apache/logging/log4j/Marker;Ljava/lang/String;)Z @ 4
Event: 2486.515 Thread 0x0000000019c7e800 Uncommon trap: reason=unreached action=reinterpret pc=0x00000000034fa8c4 method=io.netty.channel.AbstractChannel$AbstractUnsafe.flush()V @ 6
Event: 2486.515 Thread 0x0000000019c7e800 Uncommon trap: reason=class_check action=maybe_recompile pc=0x000000000362e328 method=io.netty.util.concurrent.DefaultPromise.notifyListener0(Lio/netty/util/concurrent/Future;Lio/netty/util/concurrent/GenericFutureListener;)V @ 2
Event: 2486.515 Thread 0x0000000019c7e800 Uncommon trap: reason=unreached action=reinterpret pc=0x0000000003325914 method=io.netty.util.concurrent.DefaultPromise.isSuccess()Z @ 22
Event: 2486.715 Thread 0x00000000183ad800 Uncommon trap: reason=bimorphic action=maybe_recompile pc=0x0000000002c154c4 method=java.util.Hashtable.remove(Ljava/lang/Object;)Ljava/lang/Object; @ 49
Event: 2486.715 Thread 0x00000000183aa800 Uncommon trap: reason=unreached action=reinterpret pc=0x0000000002c1549c method=java.util.Hashtable.remove(Ljava/lang/Object;)Ljava/lang/Object; @ 31
Event: 2486.715 Thread 0x00000000183ad800 Uncommon trap: reason=bimorphic action=maybe_recompile pc=0x0000000002c154c4 method=java.util.Hashtable.remove(Ljava/lang/Object;)Ljava/lang/Object; @ 49
Event: 2486.715 Thread 0x00000000183ad800 Uncommon trap: reason=unloaded action=reinterpret pc=0x0000000002972610 method=java.util.Hashtable$Enumerator.next()Ljava/lang/Object; @ 14

Internal exceptions (10 events):
Event: 2486.387 Thread 0x000000001791c000 Threw 0x00000007deb3d150 at C:\re\jdk7u55\869\hotspot\src\share\vm\prims\jvm.cpp:1244
Event: 2486.388 Thread 0x0000000017936800 Threw 0x00000007def9aee8 at C:\re\jdk7u55\869\hotspot\src\share\vm\prims\jvm.cpp:1244
Event: 2486.398 Thread 0x0000000017936800 Threw 0x00000007defa10b8 at C:\re\jdk7u55\869\hotspot\src\share\vm\prims\jvm.cpp:1244
Event: 2486.515 Thread 0x0000000019c7e800 Implicit null exception at 0x00000000034fa41b to 0x00000000034fa8a1
Event: 2486.699 Thread 0x00000000183ad800 Threw 0x00000007df507728 at C:\re\jdk7u55\869\hotspot\src\share\vm\prims\jvm.cpp:1244
Event: 2486.700 Thread 0x00000000183ad800 Threw 0x00000007df5116d8 at C:\re\jdk7u55\869\hotspot\src\share\vm\prims\jvm.cpp:1244
Event: 2486.700 Thread 0x00000000183ad800 Threw 0x00000007df51aa58 at C:\re\jdk7u55\869\hotspot\src\share\vm\prims\jvm.cpp:1244
Event: 2486.701 Thread 0x00000000183ad800 Threw 0x00000007df523dd8 at C:\re\jdk7u55\869\hotspot\src\share\vm\prims\jvm.cpp:1244
Event: 2486.701 Thread 0x00000000183ad800 Threw 0x00000007df52d158 at C:\re\jdk7u55\869\hotspot\src\share\vm\prims\jvm.cpp:1244
Event: 2486.701 Thread 0x00000000183ad800 Threw 0x00000007df5364d8 at C:\re\jdk7u55\869\hotspot\src\share\vm\prims\jvm.cpp:1244

Events (10 events):
Event: 2486.715 Thread 0x00000000183ad800 DEOPT UNPACKING pc=0x00000000024d75a4 sp=0x000000002ffaeef0 mode 2
Event: 2486.715 Thread 0x00000000183aa800 Thread exited: 0x00000000183aa800
Event: 2486.715 Executing VM operation: RevokeBias
Event: 2486.715 Executing VM operation: RevokeBias done
Event: 2486.716 Thread 0x00000000183ad000 Thread exited: 0x00000000183ad000
Event: 2486.716 Thread 0x00000000183ad800 DEOPT PACKING pc=0x0000000003916208 sp=0x000000002ffaf0e0
Event: 2486.716 Thread 0x00000000183ad800 DEOPT UNPACKING pc=0x00000000024d92b9 sp=0x000000002ffaee18 mode 1
Event: 2486.716 Thread 0x000000000c745800 Thread exited: 0x000000000c745800
Event: 2486.716 Thread 0x000000000c727000 Thread exited: 0x000000000c727000
Event: 2486.716 Executing VM operation: Exit


Dynamic libraries:
0x000000013f170000 - 0x000000013f1a3000 	C:\Program Files\Java\jre7\bin\javaw.exe
0x0000000077460000 - 0x0000000077609000 	C:\Windows\SYSTEM32\ntdll.dll
0x0000000077340000 - 0x000000007745f000 	C:\Windows\system32\kernel32.dll
0x000007fefd260000 - 0x000007fefd2cc000 	C:\Windows\system32\KERNELBASE.dll
0x000007fefe100000 - 0x000007fefe1db000 	C:\Windows\system32\ADVAPI32.dll
0x000007feff6d0000 - 0x000007feff76f000 	C:\Windows\system32\msvcrt.dll
0x000007fefe1e0000 - 0x000007fefe1ff000 	C:\Windows\SYSTEM32\sechost.dll
0x000007fefe460000 - 0x000007fefe58d000 	C:\Windows\system32\RPCRT4.dll
0x0000000077240000 - 0x000000007733a000 	C:\Windows\system32\USER32.dll
0x000007feff660000 - 0x000007feff6c7000 	C:\Windows\system32\GDI32.dll
0x000007fefdca0000 - 0x000007fefdcae000 	C:\Windows\system32\LPK.dll
0x000007fefd950000 - 0x000007fefda19000 	C:\Windows\system32\USP10.dll
0x000007fefb880000 - 0x000007fefba74000 	C:\Windows\WinSxS\amd64_microsoft.windows.common-controls_6595b64144ccf1df_6.0.7601.18807_none_fa381d5f175bfb52\COMCTL32.dll
0x000007fefdec0000 - 0x000007fefdf31000 	C:\Windows\system32\SHLWAPI.dll
0x000007fefda20000 - 0x000007fefda4e000 	C:\Windows\system32\IMM32.DLL
0x000007fefdf40000 - 0x000007fefe049000 	C:\Windows\system32\MSCTF.dll
0x000000006ae20000 - 0x000000006aef2000 	C:\Program Files\Java\jre7\bin\msvcr100.dll
0x000000006ddf0000 - 0x000000006e5b9000 	C:\Program Files\Java\jre7\bin\server\jvm.dll
0x000007fef32b0000 - 0x000007fef32b9000 	C:\Windows\system32\WSOCK32.dll
0x000007fefe0b0000 - 0x000007fefe0fd000 	C:\Windows\system32\WS2_32.dll
0x000007fefe590000 - 0x000007fefe598000 	C:\Windows\system32\NSI.dll
0x000007fefb1f0000 - 0x000007fefb22b000 	C:\Windows\system32\WINMM.dll
0x0000000077620000 - 0x0000000077627000 	C:\Windows\system32\PSAPI.DLL
0x0000000074330000 - 0x000000007433f000 	C:\Program Files\Java\jre7\bin\verify.dll
0x0000000073f60000 - 0x0000000073f88000 	C:\Program Files\Java\jre7\bin\java.dll
0x00000000722c0000 - 0x00000000722f5000 	C:\Program Files\Java\jre7\bin\jdwp.dll
0x0000000074010000 - 0x0000000074018000 	C:\Program Files\Java\jre7\bin\npt.dll
0x0000000074310000 - 0x0000000074325000 	C:\Program Files\Java\jre7\bin\zip.dll
0x0000000073f00000 - 0x0000000073f09000 	C:\Program Files\Java\jre7\bin\dt_socket.dll
0x000007fefb060000 - 0x000007fefb075000 	C:\Windows\system32\NLAapi.dll
0x000007fef5400000 - 0x000007fef5415000 	C:\Windows\system32\napinsp.dll
0x000007fef5420000 - 0x000007fef5439000 	C:\Windows\system32\pnrpnsp.dll
0x000007fefca00000 - 0x000007fefca55000 	C:\Windows\System32\mswsock.dll
0x000007fefc880000 - 0x000007fefc8db000 	C:\Windows\system32\DNSAPI.dll
0x000007fef53a0000 - 0x000007fef53ab000 	C:\Windows\System32\winrnr.dll
0x000007fefaef0000 - 0x000007fefaf17000 	C:\Windows\system32\IPHLPAPI.DLL
0x000007fefaee0000 - 0x000007fefaeeb000 	C:\Windows\system32\WINNSI.DLL
0x000007fefad60000 - 0x000007fefadb3000 	C:\Windows\System32\fwpuclnt.dll
0x000007fef5390000 - 0x000007fef5398000 	C:\Windows\system32\rasadhlp.dll
0x000007fefc3e0000 - 0x000007fefc3e7000 	C:\Windows\System32\wshtcpip.dll
0x0000000072db0000 - 0x0000000072dbb000 	C:\Program Files\Java\jre7\bin\management.dll
0x0000000073f40000 - 0x0000000073f59000 	C:\Program Files\Java\jre7\bin\net.dll
0x000007fefc9f0000 - 0x000007fefc9f7000 	C:\Windows\System32\wship6.dll
0x0000000072bb0000 - 0x0000000072bc1000 	C:\Program Files\Java\jre7\bin\nio.dll
0x0000000072040000 - 0x0000000072064000 	C:\Program Files\Java\jre7\bin\sunec.dll
0x0000000074340000 - 0x000000007434b000 	C:\Program Files\Java\jre7\bin\sunmscapi.dll
0x000007fefd3f0000 - 0x000007fefd55d000 	C:\Windows\system32\CRYPT32.dll
0x000007fefd230000 - 0x000007fefd23f000 	C:\Windows\system32\MSASN1.dll
0x000007fefca60000 - 0x000007fefca78000 	C:\Windows\system32\CRYPTSP.dll
0x000007fefc760000 - 0x000007fefc7a7000 	C:\Windows\system32\rsaenh.dll
0x000007fefd560000 - 0x000007fefd57e000 	C:\Windows\system32\USERENV.dll
0x000007fefd220000 - 0x000007fefd22f000 	C:\Windows\system32\profapi.dll
0x000007fefd0c0000 - 0x000007fefd0cf000 	C:\Windows\system32\CRYPTBASE.dll
0x000007fefad30000 - 0x000007fefad41000 	C:\Windows\system32\dhcpcsvc6.DLL
0x000007fefacb0000 - 0x000007fefacc8000 	C:\Windows\system32\dhcpcsvc.DLL
0x00000000610a0000 - 0x0000000061235000 	C:\Program Files\Java\jre7\bin\awt.dll
0x000007fefe7f0000 - 0x000007fefe8c7000 	C:\Windows\system32\OLEAUT32.dll
0x000007fefdcb0000 - 0x000007fefdeb3000 	C:\Windows\system32\ole32.dll
0x000007fefb7f0000 - 0x000007fefb846000 	C:\Windows\system32\uxtheme.dll
0x000007fede9d0000 - 0x000007fede9f7000 	C:\Program Files (x86)\Raptr\ltc_help64-96675.dll
0x000007fefe8d0000 - 0x000007feff659000 	C:\Windows\system32\SHELL32.dll
0x000007fefd590000 - 0x000007fefd5cb000 	C:\Windows\system32\WINTRUST.dll
0x000007fefb3e0000 - 0x000007fefb3f8000 	C:\Windows\system32\dwmapi.dll
0x000000005cc20000 - 0x000000005cc67000 	C:\Program Files\Java\jre7\bin\fontmanager.dll
0x000007fefc2f0000 - 0x000007fefc2fc000 	C:\Windows\system32\VERSION.dll
0x000007fefc2c0000 - 0x000007fefc2ec000 	C:\Windows\system32\POWRPROF.dll
0x000007fefe200000 - 0x000007fefe3d7000 	C:\Windows\system32\SETUPAPI.dll
0x000007fefd3b0000 - 0x000007fefd3e6000 	C:\Windows\system32\CFGMGR32.dll
0x000007fefd2f0000 - 0x000007fefd30a000 	C:\Windows\system32\DEVOBJ.dll
0x000000005cbd0000 - 0x000000005cc11000 	C:\Program Files\Java\jre7\bin\t2k.dll
0x0000000180000000 - 0x0000000180051000 	C:\Users\Daniel\.gradle\caches\minecraft\net\minecraft\minecraft_natives\1.7.10\lwjgl64.dll
0x000007fedf660000 - 0x000007fedf77d000 	C:\Windows\system32\OPENGL32.dll
0x000007fef5df0000 - 0x000007fef5e1d000 	C:\Windows\system32\GLU32.dll
0x000007fedf350000 - 0x000007fedf441000 	C:\Windows\system32\DDRAW.dll
0x000007fedf340000 - 0x000007fedf348000 	C:\Windows\system32\DCIMAN32.dll
0x000007fef5dd0000 - 0x000007fef5de8000 	C:\Windows\system32\atig6pxx.dll
0x0000000068fc0000 - 0x000000006ab6e000 	C:\Windows\system32\atio6axx.dll
0x000007fee5420000 - 0x000007fee5558000 	C:\Windows\system32\atiadlxx.dll
0x000007fefbeb0000 - 0x000007fefbfdc000 	C:\Windows\system32\PROPSYS.dll
0x000007fefc300000 - 0x000007fefc311000 	C:\Windows\system32\WTSAPI32.dll
0x000007fee4d80000 - 0x000007fee4da9000 	C:\Windows\system32\atig6txx.dll
0x000007fefe750000 - 0x000007fefe7e9000 	C:\Windows\system32\CLBCatQ.DLL
0x000007fef4120000 - 0x000007fef41bc000 	C:\Windows\system32\mscms.dll
0x000007fed7b00000 - 0x000007fed7b42000 	C:\Windows\system32\icm32.dll
0x0000000070a40000 - 0x0000000070adc000 	C:\Users\Daniel\.gradle\caches\minecraft\net\minecraft\minecraft_natives\1.7.10\avutil-ttv-51.dll
0x0000000065980000 - 0x00000000659d6000 	C:\Users\Daniel\.gradle\caches\minecraft\net\minecraft\minecraft_natives\1.7.10\swresample-ttv-0.dll
0x000000006eb80000 - 0x000000006ec50000 	C:\Users\Daniel\.gradle\caches\minecraft\net\minecraft\minecraft_natives\1.7.10\libmp3lame-ttv.dll
0x000007fed2a70000 - 0x000007fed3e14000 	C:\Users\Daniel\.gradle\caches\minecraft\net\minecraft\minecraft_natives\1.7.10\libmfxsw64.dll
0x000007fed5e20000 - 0x000007fed5f4b000 	C:\Users\Daniel\.gradle\caches\minecraft\net\minecraft\minecraft_natives\1.7.10\twitchsdk.dll
0x000007fefda50000 - 0x000007fefdc97000 	C:\Windows\system32\WININET.dll
0x000007fefd2d0000 - 0x000007fefd2d4000 	C:\Windows\system32\api-ms-win-downlevel-user32-l1-1-0.dll
0x000007fefd5d0000 - 0x000007fefd5d4000 	C:\Windows\system32\api-ms-win-downlevel-shlwapi-l1-1-0.dll
0x000007fefd2e0000 - 0x000007fefd2e4000 	C:\Windows\system32\api-ms-win-downlevel-version-l1-1-0.dll
0x000007fefd250000 - 0x000007fefd253000 	C:\Windows\system32\api-ms-win-downlevel-normaliz-l1-1-0.dll
0x0000000077630000 - 0x0000000077633000 	C:\Windows\system32\normaliz.DLL
0x000007fefd5e0000 - 0x000007fefd8a7000 	C:\Windows\system32\iertutil.dll
0x000007fefd240000 - 0x000007fefd245000 	C:\Windows\system32\api-ms-win-downlevel-advapi32-l1-1-0.dll
0x000007fedf0b0000 - 0x000007fedf10f000 	C:\Program Files\OBS\plugins\GraphicsCapture\GraphicsCaptureHook64.dll
0x000007fef3580000 - 0x000007fef35b4000 	C:\Windows\system32\d3d10_1.dll
0x000007fef3520000 - 0x000007fef3577000 	C:\Windows\system32\d3d10_1core.dll
0x000007fef34c0000 - 0x000007fef351d000 	C:\Windows\system32\dxgi.dll
0x000007fef32e0000 - 0x000007fef34b5000 	C:\Windows\system32\d3d11.dll
0x000000000dad0000 - 0x000000000db34000 	C:\Users\Daniel\.gradle\caches\minecraft\net\minecraft\minecraft_natives\1.7.10\OpenAL64.dll
0x000007fefc020000 - 0x000007fefc06b000 	C:\Windows\System32\MMDevApi.dll
0x000007fef1890000 - 0x000007fef1918000 	C:\Windows\system32\dsound.dll
0x000007fefaf70000 - 0x000007fefafbf000 	C:\Windows\system32\AUDIOSES.DLL
0x000007fedf210000 - 0x000007fedf335000 	C:\Windows\system32\dbghelp.dll

VM Arguments:
jvm_args: -agentlib:jdwp=transport=dt_socket,suspend=y,address=localhost:64579 -Dfml.ignoreInvalidMinecraftCertificates=true -XX:MaxPermSize=256m -Dfile.encoding=Cp1252 
java_command: GradleStart --version 1.7 --tweakClass cpw.mods.fml.common.launcher.FMLTweaker --accessToken forgeTest --userProperties={} --username=blu.sunrize@yahoo.de --password=Dannyl1694 --assetIndex 1.7.10 --uuid=test --assetsDir C:/Users/Daniel/.gradle/caches/minecraft/assets
Launcher Type: SUN_STANDARD

Environment Variables:
PATH=C:\Program Files (x86)\NVIDIA Corporation\PhysX\Common;C:\Program Files (x86)\Intel\iCLS Client\;C:\Program Files\Intel\iCLS Client\;C:\Windows\system32;C:\Windows;C:\Windows\System32\Wbem;C:\Windows\System32\WindowsPowerShell\v1.0\;C:\Program Files\Intel\Intel(R) Management Engine Components\DAL;C:\Program Files\Intel\Intel(R) Management Engine Components\IPT;C:\Program Files (x86)\Intel\Intel(R) Management Engine Components\DAL;C:\Program Files (x86)\Intel\Intel(R) Management Engine Components\IPT;C:\Program Files (x86)\ATI Technologies\ATI.ACE\Core-Static;C:\Program Files (x86)\Git\cmd;E:\Program Files\Csound6\bin;C:\Program Files (x86)\AMD\ATI.ACE\Core-Static;C:\Program Files (x86)\Skype\Phone\
USERNAME=Daniel
OS=Windows_NT
PROCESSOR_IDENTIFIER=Intel64 Family 6 Model 60 Stepping 3, GenuineIntel



---------------  S Y S T E M  ---------------

OS: Windows 7 , 64 bit Build 7601 Service Pack 1

CPU:total 8 (4 cores per cpu, 2 threads per core) family 6 model 60 stepping 3, cmov, cx8, fxsr, mmx, sse, sse2, sse3, ssse3, sse4.1, sse4.2, popcnt, avx, avx2, aes, erms, ht, tsc, tscinvbit

Memory: 4k page, physical 8317496k(2828132k free), swap 25878348k(14785864k free)

vm_info: Java HotSpot(TM) 64-Bit Server VM (24.55-b03) for windows-amd64 JRE (1.7.0_55-b13), built on Mar 17 2014 19:45:30 by "java_re" with unknown MS VC++:1600

time: Thu Jun 04 23:20:18 2015
elapsed time: 2487 seconds

