#
# A fatal error has been detected by the Java Runtime Environment:
#
#  EXCEPTION_ACCESS_VIOLATION (0xc0000005) at pc=0x000007fed3cf1b76, pid=24656, tid=21112
#
# JRE version: Java(TM) SE Runtime Environment (7.0_55-b13) (build 1.7.0_55-b13)
# Java VM: Java HotSpot(TM) 64-Bit Server VM (24.55-b03 mixed mode windows-amd64 compressed oops)
# Problematic frame:
# C  [GraphicsCaptureHook64.dll+0x1b76]
#
# Failed to write core dump. Minidumps are not enabled by default on client versions of Windows
#
# If you would like to submit a bug report, please visit:
#   http://bugreport.sun.com/bugreport/crash.jsp
#

---------------  T H R E A D  ---------------

Current thread (0x0000000001f8d000):  VMThread [stack: 0x000000000d3f0000,0x000000000d4f0000] [id=21112]

siginfo: ExceptionCode=0xc0000005, reading address 0xffffffffffffffff

Registers:
RAX=0x6f0073006e000000, RBX=0x000000000d4ef0b0, RCX=0x000000001253033d, RDX=0x000000000d4ef0b0
RSP=0x000000000d4ef040, RBP=0x0000000001f1f400, RSI=0x0000000000020001, RDI=0x0000000000000028
R8 =0x000007fffffa4000, R9 =0x000007fed3cf0000, R10=0x000000000d4ef0e0, R11=0x000000000d4ef0e0
R12=0x000007fffffde000, R13=0x000007fffffa4000, R14=0x00000000776d3bc0, R15=0x00000000776ce670
RIP=0x000007fed3cf1b76, EFLAGS=0x0000000000010202

Top of Stack: (sp=0x000000000d4ef040)
0x000000000d4ef040:   31333a32313a3331 00000000df00203a
0x000000000d4ef050:   0000000012528370 000000000021c890
0x000000000d4ef060:   000007fed3d48a00 000007fed3cf5aeb
0x000000000d4ef070:   000000006e3272d8 00000000df0001de
0x000000000d4ef080:   00000000776ce670 00000000776d3bc0
0x000000000d4ef090:   fffffffffffffffe 0000000000000028
0x000000000d4ef0a0:   0000000000000028 000007fed3d0e822
0x000000000d4ef0b0:   000000001253033d 0000000000000001
0x000000000d4ef0c0:   0000000000000001 00000000775c5b3f
0x000000000d4ef0d0:   0000000000000004 fffffffffffffffe
0x000000000d4ef0e0:   31333a32313a3331 000000000000203a
0x000000000d4ef0f0:   000000000000000a 000000000000000f
0x000000000d4ef100:   0000b0b36152dcf9 0000000000000001
0x000000000d4ef110:   0000000000000028 000007fedc1f752d
0x000000000d4ef120:   000007fef5331318 0000000000000001
0x000000000d4ef130:   000007fedc1d0000 00000000773a1a5a 

Instructions: (pc=0x000007fed3cf1b76)
0x000007fed3cf1b56:   cc cc cc cc cc cc cc cc cc cc 40 53 48 83 ec 20
0x000007fed3cf1b66:   48 8b 41 40 48 8b da 48 8b 08 48 89 0a 48 8b 01
0x000007fed3cf1b76:   ff 50 08 48 8b c3 48 83 c4 20 5b c3 cc cc cc cc
0x000007fed3cf1b86:   cc cc cc cc cc cc cc cc cc cc 48 89 5c 24 08 57 


Register to memory mapping:

RAX=0x6f0073006e000000 is an unknown value
RBX=0x000000000d4ef0b0 is an unknown value
RCX=0x000000001253033d is an unknown value
RDX=0x000000000d4ef0b0 is an unknown value
RSP=0x000000000d4ef040 is an unknown value
RBP=0x0000000001f1f400 is an unknown value
RSI=0x0000000000020001 is an unknown value
RDI=0x0000000000000028 is an unknown value
R8 =0x000007fffffa4000 is an unknown value
R9 =0x000007fed3cf0000 is an unknown value
R10=0x000000000d4ef0e0 is an unknown value
R11=0x000000000d4ef0e0 is an unknown value
R12=0x000007fffffde000 is an unknown value
R13=0x000007fffffa4000 is an unknown value
R14=0x00000000776d3bc0 is an unknown value
R15=0x00000000776ce670 is an unknown value


Stack: [0x000000000d3f0000,0x000000000d4f0000],  sp=0x000000000d4ef040,  free space=1020k
Native frames: (J=compiled Java code, j=interpreted, Vv=VM code, C=native code)
C  [GraphicsCaptureHook64.dll+0x1b76]

VM_Operation (0x00000000020ce7f0): Exit, mode: safepoint, requested by thread 0x0000000001efc000


---------------  P R O C E S S  ---------------

Java Threads: ( => current thread )
  0x000000002eb52800 JavaThread "AWT-Shutdown" [_thread_blocked, id=21000, stack(0x000000001d360000,0x000000001d460000)]
  0x00000000189e0000 JavaThread "File IO Thread" [_thread_blocked, id=21416, stack(0x0000000049bf0000,0x0000000049cf0000)]
  0x00000000172e7000 JavaThread "Chunk I/O Executor Thread-1" daemon [_thread_blocked, id=24012, stack(0x0000000044c70000,0x0000000044d70000)]
  0x00000000189dc800 JavaThread "Netty IO #1" daemon [_thread_in_native, id=25176, stack(0x0000000044af0000,0x0000000044bf0000)]
  0x00000000189db800 JavaThread "Netty Client IO #0" daemon [_thread_in_native, id=22620, stack(0x0000000044720000,0x0000000044820000)]
  0x00000000172ee000 JavaThread "Netty IO #0" daemon [_thread_in_native, id=17944, stack(0x00000000448f0000,0x00000000449f0000)]
  0x00000000172ed000 JavaThread "ic2-poolthread-8" daemon [_thread_blocked, id=9332, stack(0x0000000044610000,0x0000000044710000)]
  0x00000000172ec800 JavaThread "ic2-poolthread-7" daemon [_thread_blocked, id=22028, stack(0x000000001df30000,0x000000001e030000)]
  0x00000000172eb800 JavaThread "ic2-poolthread-6" daemon [_thread_blocked, id=16444, stack(0x0000000044490000,0x0000000044590000)]
  0x00000000172eb000 JavaThread "ic2-poolthread-5" daemon [_thread_blocked, id=15184, stack(0x0000000044370000,0x0000000044470000)]
  0x00000000172ea000 JavaThread "ic2-poolthread-4" daemon [_thread_blocked, id=24224, stack(0x00000000360c0000,0x00000000361c0000)]
  0x00000000172e9800 JavaThread "ic2-poolthread-3" daemon [_thread_blocked, id=18688, stack(0x0000000044210000,0x0000000044310000)]
  0x00000000172e8000 JavaThread "Server thread" [_thread_blocked, id=24728, stack(0x0000000021530000,0x0000000021630000)]
  0x0000000017754000 JavaThread "LWJGL Timer" daemon [_thread_blocked, id=16848, stack(0x0000000021f90000,0x0000000022090000)]
  0x0000000017756000 JavaThread "ic2-poolthread-2" daemon [_thread_blocked, id=23756, stack(0x0000000030160000,0x0000000030260000)]
  0x0000000019a9a000 JavaThread "ic2-poolthread-1" daemon [_thread_blocked, id=25340, stack(0x000000001f070000,0x000000001f170000)]
  0x0000000018dbf800 JavaThread "Timer hack thread" daemon [_thread_blocked, id=24740, stack(0x0000000011490000,0x0000000011590000)]
  0x000000000ee30800 JavaThread "Snooper Timer" daemon [_thread_blocked, id=19348, stack(0x0000000011c40000,0x0000000011d40000)]
  0x000000000f95c000 JavaThread "Java2D Disposer" daemon [_thread_blocked, id=24424, stack(0x000000000e2c0000,0x000000000e3c0000)]
  0x000000000c4b1800 JavaThread "Service Thread" daemon [_thread_blocked, id=25096, stack(0x000000000eae0000,0x000000000ebe0000)]
  0x000000000c4b0000 JavaThread "C2 CompilerThread1" daemon [_thread_blocked, id=23628, stack(0x000000000e8d0000,0x000000000e9d0000)]
  0x000000000c4ae800 JavaThread "C2 CompilerThread0" daemon [_thread_blocked, id=18144, stack(0x000000000e6e0000,0x000000000e7e0000)]
  0x000000000c499000 JavaThread "JDWP Event Helper Thread" daemon [_thread_blocked, id=9808, stack(0x000000000e420000,0x000000000e520000)]
  0x000000000b2de000 JavaThread "Attach Listener" daemon [_thread_blocked, id=22128, stack(0x000000000dbe0000,0x000000000dce0000)]
  0x000000000b2dc000 JavaThread "Signal Dispatcher" daemon [_thread_blocked, id=7720, stack(0x000000000d9f0000,0x000000000daf0000)]
  0x000000000b2c6000 JavaThread "Finalizer" daemon [_thread_blocked, id=8732, stack(0x000000000d820000,0x000000000d920000)]
  0x000000000b2bf800 JavaThread "Reference Handler" daemon [_thread_blocked, id=15612, stack(0x000000000d560000,0x000000000d660000)]
  0x0000000001efc000 JavaThread "Client thread" [_thread_blocked, id=23764, stack(0x0000000001fd0000,0x00000000020d0000)]

Other Threads:
=>0x0000000001f8d000 VMThread [stack: 0x000000000d3f0000,0x000000000d4f0000] [id=21112]

VM state:at safepoint (shutting down)

VM Mutex/Monitor currently owned by a thread:  ([mutex/lock_event])
[0x0000000001efa5b0] Threads_lock - owner thread: 0x0000000001f8d000

Heap
 PSYoungGen      total 451072K, used 53741K [0x00000007d5a80000, 0x00000007f5400000, 0x0000000800000000)
  eden space 439808K, 9% used [0x00000007d5a80000,0x00000007d8414cf0,0x00000007f0800000)
  from space 11264K, 99% used [0x00000007f4900000,0x00000007f53e6a30,0x00000007f5400000)
  to   space 38912K, 0% used [0x00000007f0800000,0x00000007f0800000,0x00000007f2e00000)
 ParOldGen       total 645632K, used 564201K [0x0000000781000000, 0x00000007a8680000, 0x00000007d5a80000)
  object space 645632K, 87% used [0x0000000781000000,0x00000007a36fa450,0x00000007a8680000)
 PSPermGen       total 127488K, used 103317K [0x0000000771000000, 0x0000000778c80000, 0x0000000781000000)
  object space 127488K, 81% used [0x0000000771000000,0x00000007774e56f0,0x0000000778c80000)

Card table byte_map: [0x00000000051d0000,0x0000000005650000] byte_map_base: 0x0000000001648000

Polling page: 0x0000000000090000

Code Cache  [0x00000000021d0000, 0x00000000039b0000, 0x00000000051d0000)
 total_blobs=6957 nmethods=5775 adapters=1137 free_code_cache=24981Kb largest_free_block=25343744

Compilation events (10 events):
Event: 936.279 Thread 0x000000000c4ae800 6581             com.google.gson.JsonPrimitive::isPrimitiveOrString (55 bytes)
Event: 936.280 Thread 0x000000000c4b0000 6582             com.google.gson.internal.bind.JsonTreeWriter::endObject (70 bytes)
Event: 936.283 Thread 0x000000000c4b0000 nmethod 6582 0x00000000036e57d0 code [0x00000000036e5920, 0x00000000036e5b38]
Event: 936.283 Thread 0x000000000c4b0000 6583             com.google.gson.internal.bind.JsonTreeWriter::beginObject (26 bytes)
Event: 936.287 Thread 0x000000000c4ae800 nmethod 6581 0x00000000036efd50 code [0x00000000036efea0, 0x00000000036f0198]
Event: 936.288 Thread 0x000000000c4ae800 6584             com.google.gson.internal.bind.JsonTreeWriter::value (76 bytes)
Event: 936.312 Thread 0x000000000c4b0000 nmethod 6583 0x00000000036e6910 code [0x00000000036e6ac0, 0x00000000036e7128]
Event: 936.312 Thread 0x000000000c4ae800 nmethod 6584 0x00000000036ef810 code [0x00000000036ef980, 0x00000000036efb28]
Event: 936.320 Thread 0x000000000c4b0000 6585             com.google.gson.stream.JsonWriter::name (53 bytes)
Event: 936.320 Thread 0x000000000c4b0000 nmethod 6585 0x00000000036e5450 code [0x00000000036e5580, 0x00000000036e5658]

GC Heap History (10 events):
Event: 853.824 GC heap before
{Heap before GC invocations=105 (full 9):
 PSYoungGen      total 552960K, used 552626K [0x00000007d5a80000, 0x00000007fb800000, 0x0000000800000000)
  eden space 530944K, 100% used [0x00000007d5a80000,0x00000007f6100000,0x00000007f6100000)
  from space 22016K, 98% used [0x00000007f7e00000,0x00000007f932ca48,0x00000007f9380000)
  to   space 37376K, 0% used [0x00000007f9380000,0x00000007f9380000,0x00000007fb800000)
 ParOldGen       total 645632K, used 552360K [0x0000000781000000, 0x00000007a8680000, 0x00000007d5a80000)
  object space 645632K, 85% used [0x0000000781000000,0x00000007a2b6a350,0x00000007a8680000)
 PSPermGen       total 127488K, used 103254K [0x0000000771000000, 0x0000000778c80000, 0x0000000781000000)
  object space 127488K, 80% used [0x0000000771000000,0x00000007774d5a98,0x0000000778c80000)
Event: 853.848 GC heap after
Heap after GC invocations=105 (full 9):
 PSYoungGen      total 531968K, used 20637K [0x00000007d5a80000, 0x00000007fa800000, 0x0000000800000000)
  eden space 510976K, 0% used [0x00000007d5a80000,0x00000007d5a80000,0x00000007f4d80000)
  from space 20992K, 98% used [0x00000007f9380000,0x00000007fa7a7748,0x00000007fa800000)
  to   space 38912K, 0% used [0x00000007f5c00000,0x00000007f5c00000,0x00000007f8200000)
 ParOldGen       total 645632K, used 553442K [0x0000000781000000, 0x00000007a8680000, 0x00000007d5a80000)
  object space 645632K, 85% used [0x0000000781000000,0x00000007a2c78a50,0x00000007a8680000)
 PSPermGen       total 127488K, used 103254K [0x0000000771000000, 0x0000000778c80000, 0x0000000781000000)
  object space 127488K, 80% used [0x0000000771000000,0x00000007774d5a98,0x0000000778c80000)
}
Event: 875.226 GC heap before
{Heap before GC invocations=106 (full 9):
 PSYoungGen      total 531968K, used 531613K [0x00000007d5a80000, 0x00000007fa800000, 0x0000000800000000)
  eden space 510976K, 100% used [0x00000007d5a80000,0x00000007f4d80000,0x00000007f4d80000)
  from space 20992K, 98% used [0x00000007f9380000,0x00000007fa7a7748,0x00000007fa800000)
  to   space 38912K, 0% used [0x00000007f5c00000,0x00000007f5c00000,0x00000007f8200000)
 ParOldGen       total 645632K, used 553442K [0x0000000781000000, 0x00000007a8680000, 0x00000007d5a80000)
  object space 645632K, 85% used [0x0000000781000000,0x00000007a2c78a50,0x00000007a8680000)
 PSPermGen       total 127488K, used 103256K [0x0000000771000000, 0x0000000778c80000, 0x0000000781000000)
  object space 127488K, 80% used [0x0000000771000000,0x00000007774d61f8,0x0000000778c80000)
Event: 875.249 GC heap after
Heap after GC invocations=106 (full 9):
 PSYoungGen      total 510464K, used 18168K [0x00000007d5a80000, 0x00000007f9400000, 0x0000000800000000)
  eden space 492032K, 0% used [0x00000007d5a80000,0x00000007d5a80000,0x00000007f3b00000)
  from space 18432K, 98% used [0x00000007f5c00000,0x00000007f6dbe128,0x00000007f6e00000)
  to   space 38400K, 0% used [0x00000007f6e80000,0x00000007f6e80000,0x00000007f9400000)
 ParOldGen       total 645632K, used 556062K [0x0000000781000000, 0x00000007a8680000, 0x00000007d5a80000)
  object space 645632K, 86% used [0x0000000781000000,0x00000007a2f07838,0x00000007a8680000)
 PSPermGen       total 127488K, used 103256K [0x0000000771000000, 0x0000000778c80000, 0x0000000781000000)
  object space 127488K, 80% used [0x0000000771000000,0x00000007774d61f8,0x0000000778c80000)
}
Event: 897.025 GC heap before
{Heap before GC invocations=107 (full 9):
 PSYoungGen      total 510464K, used 510200K [0x00000007d5a80000, 0x00000007f9400000, 0x0000000800000000)
  eden space 492032K, 100% used [0x00000007d5a80000,0x00000007f3b00000,0x00000007f3b00000)
  from space 18432K, 98% used [0x00000007f5c00000,0x00000007f6dbe128,0x00000007f6e00000)
  to   space 38400K, 0% used [0x00000007f6e80000,0x00000007f6e80000,0x00000007f9400000)
 ParOldGen       total 645632K, used 556062K [0x0000000781000000, 0x00000007a8680000, 0x00000007d5a80000)
  object space 645632K, 86% used [0x0000000781000000,0x00000007a2f07838,0x00000007a8680000)
 PSPermGen       total 127488K, used 103257K [0x0000000771000000, 0x0000000778c80000, 0x0000000781000000)
  object space 127488K, 80% used [0x0000000771000000,0x00000007774d64b8,0x0000000778c80000)
Event: 897.046 GC heap after
Heap after GC invocations=107 (full 9):
 PSYoungGen      total 489472K, used 15839K [0x00000007d5a80000, 0x00000007f7e00000, 0x0000000800000000)
  eden space 473600K, 0% used [0x00000007d5a80000,0x00000007d5a80000,0x00000007f2900000)
  from space 15872K, 99% used [0x00000007f6e80000,0x00000007f7df7de8,0x00000007f7e00000)
  to   space 38400K, 0% used [0x00000007f3300000,0x00000007f3300000,0x00000007f5880000)
 ParOldGen       total 645632K, used 558725K [0x0000000781000000, 0x00000007a8680000, 0x00000007d5a80000)
  object space 645632K, 86% used [0x0000000781000000,0x00000007a31a14d8,0x00000007a8680000)
 PSPermGen       total 127488K, used 103257K [0x0000000771000000, 0x0000000778c80000, 0x0000000781000000)
  object space 127488K, 80% used [0x0000000771000000,0x00000007774d64b8,0x0000000778c80000)
}
Event: 916.875 GC heap before
{Heap before GC invocations=108 (full 9):
 PSYoungGen      total 489472K, used 489439K [0x00000007d5a80000, 0x00000007f7e00000, 0x0000000800000000)
  eden space 473600K, 100% used [0x00000007d5a80000,0x00000007f2900000,0x00000007f2900000)
  from space 15872K, 99% used [0x00000007f6e80000,0x00000007f7df7de8,0x00000007f7e00000)
  to   space 38400K, 0% used [0x00000007f3300000,0x00000007f3300000,0x00000007f5880000)
 ParOldGen       total 645632K, used 558725K [0x0000000781000000, 0x00000007a8680000, 0x00000007d5a80000)
  object space 645632K, 86% used [0x0000000781000000,0x00000007a31a14d8,0x00000007a8680000)
 PSPermGen       total 127488K, used 103257K [0x0000000771000000, 0x0000000778c80000, 0x0000000781000000)
  object space 127488K, 80% used [0x0000000771000000,0x00000007774d6688,0x0000000778c80000)
Event: 916.895 GC heap after
Heap after GC invocations=108 (full 9):
 PSYoungGen      total 466944K, used 10417K [0x00000007d5a80000, 0x00000007f6f00000, 0x0000000800000000)
  eden space 456192K, 0% used [0x00000007d5a80000,0x00000007d5a80000,0x00000007f1800000)
  from space 10752K, 96% used [0x00000007f3300000,0x00000007f3d2c7b0,0x00000007f3d80000)
  to   space 38912K, 0% used [0x00000007f4900000,0x00000007f4900000,0x00000007f6f00000)
 ParOldGen       total 645632K, used 564109K [0x0000000781000000, 0x00000007a8680000, 0x00000007d5a80000)
  object space 645632K, 87% used [0x0000000781000000,0x00000007a36e35b0,0x00000007a8680000)
 PSPermGen       total 127488K, used 103257K [0x0000000771000000, 0x0000000778c80000, 0x0000000781000000)
  object space 127488K, 80% used [0x0000000771000000,0x00000007774d6688,0x0000000778c80000)
}
Event: 936.290 GC heap before
{Heap before GC invocations=109 (full 9):
 PSYoungGen      total 466944K, used 466609K [0x00000007d5a80000, 0x00000007f6f00000, 0x0000000800000000)
  eden space 456192K, 100% used [0x00000007d5a80000,0x00000007f1800000,0x00000007f1800000)
  from space 10752K, 96% used [0x00000007f3300000,0x00000007f3d2c7b0,0x00000007f3d80000)
  to   space 38912K, 0% used [0x00000007f4900000,0x00000007f4900000,0x00000007f6f00000)
 ParOldGen       total 645632K, used 564109K [0x0000000781000000, 0x00000007a8680000, 0x00000007d5a80000)
  object space 645632K, 87% used [0x0000000781000000,0x00000007a36e35b0,0x00000007a8680000)
 PSPermGen       total 127488K, used 103259K [0x0000000771000000, 0x0000000778c80000, 0x0000000781000000)
  object space 127488K, 80% used [0x0000000771000000,0x00000007774d6cd8,0x0000000778c80000)
Event: 936.311 GC heap after
Heap after GC invocations=109 (full 9):
 PSYoungGen      total 451072K, used 11162K [0x00000007d5a80000, 0x00000007f5400000, 0x0000000800000000)
  eden space 439808K, 0% used [0x00000007d5a80000,0x00000007d5a80000,0x00000007f0800000)
  from space 11264K, 99% used [0x00000007f4900000,0x00000007f53e6a30,0x00000007f5400000)
  to   space 38912K, 0% used [0x00000007f0800000,0x00000007f0800000,0x00000007f2e00000)
 ParOldGen       total 645632K, used 564201K [0x0000000781000000, 0x00000007a8680000, 0x00000007d5a80000)
  object space 645632K, 87% used [0x0000000781000000,0x00000007a36fa450,0x00000007a8680000)
 PSPermGen       total 127488K, used 103259K [0x0000000771000000, 0x0000000778c80000, 0x0000000781000000)
  object space 127488K, 80% used [0x0000000771000000,0x00000007774d6cd8,0x0000000778c80000)
}

Deoptimization events (10 events):
Event: 936.732 Thread 0x00000000189dd000 Uncommon trap: reason=unloaded action=reinterpret pc=0x000000000332ec7c method=net.minecraft.network.NetworkManager.scheduleOutboundPacket(Lnet/minecraft/network/Packet;[Lio/netty/util/concurrent/GenericFutureListener;)V @ 36
Event: 936.738 Thread 0x00000000189dd000 Uncommon trap: reason=class_check action=maybe_recompile pc=0x0000000002c2e160 method=org.apache.logging.log4j.core.Logger$PrivateConfig.filter(Lorg/apache/logging/log4j/Level;Lorg/apache/logging/log4j/Marker;Ljava/lang/String;)Z @ 4
Event: 936.738 Thread 0x00000000189dd000 Uncommon trap: reason=class_check action=maybe_recompile pc=0x0000000002c2e160 method=org.apache.logging.log4j.core.Logger$PrivateConfig.filter(Lorg/apache/logging/log4j/Level;Lorg/apache/logging/log4j/Marker;Ljava/lang/String;)Z @ 4
Event: 936.745 Thread 0x00000000189dd000 Uncommon trap: reason=class_check action=maybe_recompile pc=0x0000000002c4af7c method=org.apache.logging.log4j.core.Logger$PrivateConfig.filter(Lorg/apache/logging/log4j/Level;Lorg/apache/logging/log4j/Marker;Ljava/lang/String;)Z @ 4
Event: 936.889 Thread 0x00000000189dd000 Uncommon trap: reason=class_check action=maybe_recompile pc=0x0000000002c2e160 method=org.apache.logging.log4j.core.Logger$PrivateConfig.filter(Lorg/apache/logging/log4j/Level;Lorg/apache/logging/log4j/Marker;Ljava/lang/String;)Z @ 4
Event: 937.056 Thread 0x00000000172e8000 Uncommon trap: reason=bimorphic action=maybe_recompile pc=0x0000000002a8958c method=java.util.Hashtable.remove(Ljava/lang/Object;)Ljava/lang/Object; @ 49
Event: 937.056 Thread 0x00000000189dd000 Uncommon trap: reason=unreached action=reinterpret pc=0x0000000002a89560 method=java.util.Hashtable.remove(Ljava/lang/Object;)Ljava/lang/Object; @ 31
Event: 937.056 Thread 0x00000000172e8000 Uncommon trap: reason=bimorphic action=maybe_recompile pc=0x0000000002a8958c method=java.util.Hashtable.remove(Ljava/lang/Object;)Ljava/lang/Object; @ 49
Event: 937.056 Thread 0x00000000189dd000 Uncommon trap: reason=class_check action=maybe_recompile pc=0x0000000002c4af7c method=org.apache.logging.log4j.core.Logger$PrivateConfig.filter(Lorg/apache/logging/log4j/Level;Lorg/apache/logging/log4j/Marker;Ljava/lang/String;)Z @ 4
Event: 937.056 Thread 0x00000000172e8000 Uncommon trap: reason=class_check action=maybe_recompile pc=0x0000000002c4af7c method=org.apache.logging.log4j.core.Logger$PrivateConfig.filter(Lorg/apache/logging/log4j/Level;Lorg/apache/logging/log4j/Marker;Ljava/lang/String;)Z @ 4

Internal exceptions (10 events):
Event: 936.535 Thread 0x0000000017757800 Threw 0x00000007d7388768 at C:\re\jdk7u55\869\hotspot\src\share\vm\prims\jvm.cpp:1244
Event: 936.536 Thread 0x0000000017757800 Threw 0x00000007d738f200 at C:\re\jdk7u55\869\hotspot\src\share\vm\prims\jvm.cpp:1244
Event: 936.541 Thread 0x0000000017759000 Threw 0x00000007d7255840 at C:\re\jdk7u55\869\hotspot\src\share\vm\prims\jvm.cpp:1244
Event: 936.543 Thread 0x0000000017759000 Threw 0x00000007d725bb18 at C:\re\jdk7u55\869\hotspot\src\share\vm\prims\jvm.cpp:1244
Event: 936.979 Thread 0x00000000189dd000 Threw 0x00000007d7cca7a8 at C:\re\jdk7u55\869\hotspot\src\share\vm\prims\jvm.cpp:1244
Event: 936.980 Thread 0x00000000189dd000 Threw 0x00000007d7cd4758 at C:\re\jdk7u55\869\hotspot\src\share\vm\prims\jvm.cpp:1244
Event: 936.981 Thread 0x00000000189dd000 Threw 0x00000007d7cddad8 at C:\re\jdk7u55\869\hotspot\src\share\vm\prims\jvm.cpp:1244
Event: 936.982 Thread 0x00000000189dd000 Threw 0x00000007d7fbc440 at C:\re\jdk7u55\869\hotspot\src\share\vm\prims\jvm.cpp:1244
Event: 936.983 Thread 0x00000000189dd000 Threw 0x00000007d7fc57c0 at C:\re\jdk7u55\869\hotspot\src\share\vm\prims\jvm.cpp:1244
Event: 936.983 Thread 0x00000000189dd000 Threw 0x00000007d7fceb40 at C:\re\jdk7u55\869\hotspot\src\share\vm\prims\jvm.cpp:1244

Events (10 events):
Event: 937.056 Thread 0x00000000172e8000 DEOPT PACKING pc=0x0000000002c4af7c sp=0x000000002162f3a0
Event: 937.056 Thread 0x00000000189dd000 DEOPT UNPACKING pc=0x00000000022075a4 sp=0x000000001d17ef40 mode 2
Event: 937.056 Thread 0x00000000172e8000 DEOPT UNPACKING pc=0x00000000022075a4 sp=0x000000002162f2d0 mode 2
Event: 937.056 Executing VM operation: RevokeBias
Event: 937.056 Executing VM operation: RevokeBias done
Event: 937.056 Thread 0x00000000189dd000 Thread exited: 0x00000000189dd000
Event: 937.057 Thread 0x0000000017754800 Thread exited: 0x0000000017754800
Event: 937.057 Thread 0x000000000c49b800 Thread exited: 0x000000000c49b800
Event: 937.057 Thread 0x000000000c48a800 Thread exited: 0x000000000c48a800
Event: 937.057 Executing VM operation: Exit


Dynamic libraries:
0x000000013f330000 - 0x000000013f363000 	C:\Program Files\Java\jre7\bin\javaw.exe
0x00000000775a0000 - 0x0000000077749000 	C:\Windows\SYSTEM32\ntdll.dll
0x0000000077380000 - 0x000000007749f000 	C:\Windows\system32\kernel32.dll
0x000007fefd690000 - 0x000007fefd6fc000 	C:\Windows\system32\KERNELBASE.dll
0x000007fefe8d0000 - 0x000007fefe9ab000 	C:\Windows\system32\ADVAPI32.dll
0x000007fefea80000 - 0x000007fefeb1f000 	C:\Windows\system32\msvcrt.dll
0x000007fefd710000 - 0x000007fefd72f000 	C:\Windows\SYSTEM32\sechost.dll
0x000007fefe780000 - 0x000007fefe8ad000 	C:\Windows\system32\RPCRT4.dll
0x00000000774a0000 - 0x000000007759a000 	C:\Windows\system32\USER32.dll
0x000007fefdd40000 - 0x000007fefdda7000 	C:\Windows\system32\GDI32.dll
0x000007fefd920000 - 0x000007fefd92e000 	C:\Windows\system32\LPK.dll
0x000007fefe370000 - 0x000007fefe439000 	C:\Windows\system32\USP10.dll
0x000007fefb9b0000 - 0x000007fefbba4000 	C:\Windows\WinSxS\amd64_microsoft.windows.common-controls_6595b64144ccf1df_6.0.7601.18837_none_fa3b1e3d17594757\COMCTL32.dll
0x000007fefdab0000 - 0x000007fefdb21000 	C:\Windows\system32\SHLWAPI.dll
0x000007fefe6b0000 - 0x000007fefe6de000 	C:\Windows\system32\IMM32.DLL
0x000007fefe260000 - 0x000007fefe369000 	C:\Windows\system32\MSCTF.dll
0x0000000072130000 - 0x0000000072202000 	C:\Program Files\Java\jre7\bin\msvcr100.dll
0x000000006ddf0000 - 0x000000006e5b9000 	C:\Program Files\Java\jre7\bin\server\jvm.dll
0x000007fef18b0000 - 0x000007fef18b9000 	C:\Windows\system32\WSOCK32.dll
0x000007fefe9b0000 - 0x000007fefe9fd000 	C:\Windows\system32\WS2_32.dll
0x000007fefe440000 - 0x000007fefe448000 	C:\Windows\system32\NSI.dll
0x000007fefb320000 - 0x000007fefb35b000 	C:\Windows\system32\WINMM.dll
0x0000000077760000 - 0x0000000077767000 	C:\Windows\system32\PSAPI.DLL
0x0000000074e70000 - 0x0000000074e7f000 	C:\Program Files\Java\jre7\bin\verify.dll
0x00000000737f0000 - 0x0000000073818000 	C:\Program Files\Java\jre7\bin\java.dll
0x0000000073960000 - 0x0000000073995000 	C:\Program Files\Java\jre7\bin\jdwp.dll
0x0000000073950000 - 0x0000000073958000 	C:\Program Files\Java\jre7\bin\npt.dll
0x00000000743b0000 - 0x00000000743c5000 	C:\Program Files\Java\jre7\bin\zip.dll
0x0000000072c50000 - 0x0000000072c59000 	C:\Program Files\Java\jre7\bin\dt_socket.dll
0x000007fefb190000 - 0x000007fefb1a5000 	C:\Windows\system32\NLAapi.dll
0x000007fef5500000 - 0x000007fef5515000 	C:\Windows\system32\napinsp.dll
0x000007fef54e0000 - 0x000007fef54f9000 	C:\Windows\system32\pnrpnsp.dll
0x000007fefcb30000 - 0x000007fefcb85000 	C:\Windows\System32\mswsock.dll
0x000007fefc980000 - 0x000007fefc9db000 	C:\Windows\system32\DNSAPI.dll
0x000007fef54d0000 - 0x000007fef54db000 	C:\Windows\System32\winrnr.dll
0x000007fefaff0000 - 0x000007fefb017000 	C:\Windows\system32\IPHLPAPI.DLL
0x000007fefafe0000 - 0x000007fefafeb000 	C:\Windows\system32\WINNSI.DLL
0x000007fefae90000 - 0x000007fefaee3000 	C:\Windows\System32\fwpuclnt.dll
0x000007fef54c0000 - 0x000007fef54c8000 	C:\Windows\system32\rasadhlp.dll
0x000007fefc510000 - 0x000007fefc517000 	C:\Windows\System32\wshtcpip.dll
0x0000000072bf0000 - 0x0000000072bfb000 	C:\Program Files\Java\jre7\bin\management.dll
0x00000000737d0000 - 0x00000000737e9000 	C:\Program Files\Java\jre7\bin\net.dll
0x000007fefcb20000 - 0x000007fefcb27000 	C:\Windows\System32\wship6.dll
0x00000000737b0000 - 0x00000000737c1000 	C:\Program Files\Java\jre7\bin\nio.dll
0x0000000072c60000 - 0x0000000072c84000 	C:\Program Files\Java\jre7\bin\sunec.dll
0x0000000074450000 - 0x000000007445b000 	C:\Program Files\Java\jre7\bin\sunmscapi.dll
0x000007fefd400000 - 0x000007fefd56d000 	C:\Windows\system32\CRYPT32.dll
0x000007fefd360000 - 0x000007fefd36f000 	C:\Windows\system32\MSASN1.dll
0x000007fefcd70000 - 0x000007fefcd88000 	C:\Windows\system32\CRYPTSP.dll
0x000007fefc730000 - 0x000007fefc777000 	C:\Windows\system32\rsaenh.dll
0x000007fefd390000 - 0x000007fefd3ae000 	C:\Windows\system32\USERENV.dll
0x000007fefd350000 - 0x000007fefd35f000 	C:\Windows\system32\profapi.dll
0x000007fefd1f0000 - 0x000007fefd1ff000 	C:\Windows\system32\CRYPTBASE.dll
0x000007fefad80000 - 0x000007fefad91000 	C:\Windows\system32\dhcpcsvc6.DLL
0x000007fefad60000 - 0x000007fefad78000 	C:\Windows\system32\dhcpcsvc.DLL
0x0000000062ab0000 - 0x0000000062c45000 	C:\Program Files\Java\jre7\bin\awt.dll
0x000007fefd9d0000 - 0x000007fefdaa7000 	C:\Windows\system32\OLEAUT32.dll
0x000007fefdb30000 - 0x000007fefdd33000 	C:\Windows\system32\ole32.dll
0x000007fefb920000 - 0x000007fefb976000 	C:\Windows\system32\uxtheme.dll
0x000007fef2240000 - 0x000007fef2267000 	C:\Program Files (x86)\Raptr\ltc_help64-96675.dll
0x000007fefeb20000 - 0x000007feff8a9000 	C:\Windows\system32\SHELL32.dll
0x000007fefd570000 - 0x000007fefd5ab000 	C:\Windows\system32\WINTRUST.dll
0x000007fefb540000 - 0x000007fefb558000 	C:\Windows\system32\dwmapi.dll
0x0000000071e10000 - 0x0000000071e57000 	C:\Program Files\Java\jre7\bin\fontmanager.dll
0x000007fefc420000 - 0x000007fefc42c000 	C:\Windows\system32\VERSION.dll
0x000007fefc3f0000 - 0x000007fefc41c000 	C:\Windows\system32\POWRPROF.dll
0x000007fefddb0000 - 0x000007fefdf87000 	C:\Windows\system32\SETUPAPI.dll
0x000007fefd3b0000 - 0x000007fefd3e6000 	C:\Windows\system32\CFGMGR32.dll
0x000007fefd670000 - 0x000007fefd68a000 	C:\Windows\system32\DEVOBJ.dll
0x00000000728b0000 - 0x00000000728f1000 	C:\Program Files\Java\jre7\bin\t2k.dll
0x0000000180000000 - 0x0000000180051000 	C:\Users\Daniel\.gradle\caches\minecraft\net\minecraft\minecraft_natives\1.7.10\lwjgl64.dll
0x000007fedc1d0000 - 0x000007fedc2ed000 	C:\Windows\system32\OPENGL32.dll
0x000007fef5390000 - 0x000007fef53bd000 	C:\Windows\system32\GLU32.dll
0x000007fedbf30000 - 0x000007fedc021000 	C:\Windows\system32\DDRAW.dll
0x000007fee1b50000 - 0x000007fee1b58000 	C:\Windows\system32\DCIMAN32.dll
0x000007fef5330000 - 0x000007fef5348000 	C:\Windows\system32\atig6pxx.dll
0x0000000054bc0000 - 0x000000005676e000 	C:\Windows\system32\atio6axx.dll
0x000007fee5b60000 - 0x000007fee5c98000 	C:\Windows\system32\atiadlxx.dll
0x000007fefc020000 - 0x000007fefc14c000 	C:\Windows\system32\PROPSYS.dll
0x000007fefc430000 - 0x000007fefc441000 	C:\Windows\system32\WTSAPI32.dll
0x000007fee2360000 - 0x000007fee2389000 	C:\Windows\system32\atig6txx.dll
0x000007fef4400000 - 0x000007fef449c000 	C:\Windows\system32\mscms.dll
0x000007fed76a0000 - 0x000007fed76e2000 	C:\Windows\system32\icm32.dll
0x0000000070a40000 - 0x0000000070adc000 	C:\Users\Daniel\.gradle\caches\minecraft\net\minecraft\minecraft_natives\1.7.10\avutil-ttv-51.dll
0x0000000065980000 - 0x00000000659d6000 	C:\Users\Daniel\.gradle\caches\minecraft\net\minecraft\minecraft_natives\1.7.10\swresample-ttv-0.dll
0x000000006eb80000 - 0x000000006ec50000 	C:\Users\Daniel\.gradle\caches\minecraft\net\minecraft\minecraft_natives\1.7.10\libmp3lame-ttv.dll
0x000007fecdff0000 - 0x000007fecf394000 	C:\Users\Daniel\.gradle\caches\minecraft\net\minecraft\minecraft_natives\1.7.10\libmfxsw64.dll
0x000007fed3cf0000 - 0x000007fed3d4f000 	C:\Program Files\OBS\plugins\GraphicsCapture\GraphicsCaptureHook64.dll
0x000007fed1880000 - 0x000007fed19ab000 	C:\Users\Daniel\.gradle\caches\minecraft\net\minecraft\minecraft_natives\1.7.10\twitchsdk.dll
0x000007fefe450000 - 0x000007fefe6aa000 	C:\Windows\system32\WININET.dll
0x000007fefd650000 - 0x000007fefd654000 	C:\Windows\system32\api-ms-win-downlevel-user32-l1-1-0.dll
0x000007fefd370000 - 0x000007fefd374000 	C:\Windows\system32\api-ms-win-downlevel-shlwapi-l1-1-0.dll
0x000007fefd3f0000 - 0x000007fefd3f4000 	C:\Windows\system32\api-ms-win-downlevel-version-l1-1-0.dll
0x000007fefd380000 - 0x000007fefd383000 	C:\Windows\system32\api-ms-win-downlevel-normaliz-l1-1-0.dll
0x0000000077770000 - 0x0000000077773000 	C:\Windows\system32\normaliz.DLL
0x000007fefdf90000 - 0x000007fefe257000 	C:\Windows\system32\iertutil.dll
0x000007fefd700000 - 0x000007fefd705000 	C:\Windows\system32\api-ms-win-downlevel-advapi32-l1-1-0.dll
0x000007fef3850000 - 0x000007fef3884000 	C:\Windows\system32\d3d10_1.dll
0x000007fef37f0000 - 0x000007fef3847000 	C:\Windows\system32\d3d10_1core.dll
0x000007fef3400000 - 0x000007fef345d000 	C:\Windows\system32\dxgi.dll
0x000007fef3220000 - 0x000007fef33f5000 	C:\Windows\system32\d3d11.dll
0x000000000d4f0000 - 0x000000000d554000 	C:\Users\Daniel\.gradle\caches\minecraft\net\minecraft\minecraft_natives\1.7.10\OpenAL64.dll
0x000007fefd930000 - 0x000007fefd9c9000 	C:\Windows\system32\CLBCatQ.DLL
0x000007fefc150000 - 0x000007fefc19b000 	C:\Windows\System32\MMDevApi.dll
0x000007fef1df0000 - 0x000007fef1e78000 	C:\Windows\system32\dsound.dll
0x000007fefb0b0000 - 0x000007fefb0ff000 	C:\Windows\system32\AUDIOSES.DLL
0x000007fedbe00000 - 0x000007fedbf25000 	C:\Windows\system32\dbghelp.dll

VM Arguments:
jvm_args: -agentlib:jdwp=transport=dt_socket,suspend=y,address=localhost:52379 -Dfml.ignoreInvalidMinecraftCertificates=true -XX:MaxPermSize=256m -Dfml.coreMods.load=blusunrize.aquatweaks.core.AquaTweaksCoreLoader -Dfile.encoding=Cp1252 
java_command: GradleStart --version 1.7 --tweakClass cpw.mods.fml.common.launcher.FMLTweaker --accessToken forgeTest --userProperties={} --username=blu.sunrize@yahoo.de --password=Dannyl1694 --assetIndex 1.7.10 --uuid=test --assetsDir C:/Users/Daniel/.gradle/caches/minecraft/assets
Launcher Type: SUN_STANDARD

Environment Variables:
PATH=C:\Program Files (x86)\NVIDIA Corporation\PhysX\Common;C:\Program Files (x86)\Intel\iCLS Client\;C:\Program Files\Intel\iCLS Client\;C:\Windows\system32;C:\Windows;C:\Windows\System32\Wbem;C:\Windows\System32\WindowsPowerShell\v1.0\;C:\Program Files\Intel\Intel(R) Management Engine Components\DAL;C:\Program Files\Intel\Intel(R) Management Engine Components\IPT;C:\Program Files (x86)\Intel\Intel(R) Management Engine Components\DAL;C:\Program Files (x86)\Intel\Intel(R) Management Engine Components\IPT;C:\Program Files (x86)\ATI Technologies\ATI.ACE\Core-Static;C:\Program Files (x86)\Git\cmd;E:\Program Files\Csound6\bin;C:\Program Files (x86)\AMD\ATI.ACE\Core-Static;C:\Program Files (x86)\Skype\Phone\
USERNAME=Daniel
OS=Windows_NT
PROCESSOR_IDENTIFIER=Intel64 Family 6 Model 60 Stepping 3, GenuineIntel



---------------  S Y S T E M  ---------------

OS: Windows 7 , 64 bit Build 7601 Service Pack 1

CPU:total 8 (4 cores per cpu, 2 threads per core) family 6 model 60 stepping 3, cmov, cx8, fxsr, mmx, sse, sse2, sse3, ssse3, sse4.1, sse4.2, popcnt, avx, avx2, aes, erms, ht, tsc, tscinvbit

Memory: 4k page, physical 8317496k(1446012k free), swap 18228532k(6335944k free)

vm_info: Java HotSpot(TM) 64-Bit Server VM (24.55-b03) for windows-amd64 JRE (1.7.0_55-b13), built on Mar 17 2014 19:45:30 by "java_re" with unknown MS VC++:1600

time: Tue Jun 30 13:12:32 2015
elapsed time: 937 seconds

