#
# A fatal error has been detected by the Java Runtime Environment:
#
#  EXCEPTION_ACCESS_VIOLATION (0xc0000005) at pc=0x000000006ef30020, pid=8812, tid=5652
#
# JRE version: Java(TM) SE Runtime Environment (7.0_55-b13) (build 1.7.0_55-b13)
# Java VM: Java HotSpot(TM) 64-Bit Server VM (24.55-b03 mixed mode windows-amd64 compressed oops)
# Problematic frame:
# V  [jvm.dll+0x430020]
#
# Failed to write core dump. Minidumps are not enabled by default on client versions of Windows
#
# If you would like to submit a bug report, please visit:
#   http://bugreport.sun.com/bugreport/crash.jsp
#

---------------  T H R E A D  ---------------

Current thread (0x000000000c7ce800):  JavaThread "C2 CompilerThread0" daemon [_thread_in_native, id=5652, stack(0x000000000e9a0000,0x000000000eaa0000)]

siginfo: ExceptionCode=0xc0000005, reading address 0x0000000000000002

Registers:
RAX=0x0000000000000000, RBX=0x0000000000000000, RCX=0x0000000000000002, RDX=0x0000000000000000
RSP=0x000000000ea9c2e0, RBP=0x000000000000001a, RSI=0x00000000000000d0, RDI=0x000000000ea9c330
R8 =0x0000000000000000, R9 =0x00000000000016e7, R10=0x000000006eb00000, R11=0x0000000000000246
R12=0x000000000006b680, R13=0x0000000000000f58, R14=0x000000006eb00000, R15=0x0000000000000000
RIP=0x000000006ef30020, EFLAGS=0x0000000000010246

Top of Stack: (sp=0x000000000ea9c2e0)
0x000000000ea9c2e0:   000000000ea9ea10 0000000011ec2ab0
0x000000000ea9c2f0:   fffffffffffffff8 000000000c7cd190
0x000000000ea9c300:   0000000000000002 000000006ef2ba45
0x000000000ea9c310:   0000000011f81910 0000000000000000
0x000000000ea9c320:   000000000ea9c400 000000000000001e
0x000000000ea9c330:   000016ec00000000 0000000000000008
0x000000000ea9c340:   0000000000000002 0000000000000017
0x000000000ea9c350:   000000000fc1c528 000000000000001f
0x000000000ea9c360:   0000000011ee9750 000000000ea9c710
0x000000000ea9c370:   00000000103b7b68 00000000103b7790
0x000000000ea9c380:   000000000ea9c490 000000006eef9cf8
0x000000000ea9c390:   000000000ea9ea10 00000000103b7780
0x000000000ea9c3a0:   000000000ea9c710 00000000000003d8
0x000000000ea9c3b0:   00000000103b7780 000000001942de60
0x000000000ea9c3c0:   0000000019432af0 0000000019435e48
0x000000000ea9c3d0:   00000000006a98a0 000000000fa4fd30 

Instructions: (pc=0x000000006ef30020)
0x000000006ef30000:   48 8b 4f 20 48 39 04 0e 0f 84 9d 00 00 00 48 8b
0x000000006ef30010:   0c 0e 33 d2 33 c0 48 89 4f 10 66 0f 1f 44 00 00
0x000000006ef30020:   83 3c 08 00 0f 85 36 01 00 00 ff c2 48 83 c0 04
0x000000006ef30030:   83 fa 08 72 eb 48 8b 47 30 48 89 44 24 30 48 85 


Register to memory mapping:

RAX=0x0000000000000000 is an unknown value
RBX=0x0000000000000000 is an unknown value
RCX=0x0000000000000002 is an unknown value
RDX=0x0000000000000000 is an unknown value
RSP=0x000000000ea9c2e0 is pointing into the stack for thread: 0x000000000c7ce800
RBP=0x000000000000001a is an unknown value
RSI=0x00000000000000d0 is an unknown value
RDI=0x000000000ea9c330 is pointing into the stack for thread: 0x000000000c7ce800
R8 =0x0000000000000000 is an unknown value
R9 =0x00000000000016e7 is an unknown value
R10=0x000000006eb00000 is an unknown value
R11=0x0000000000000246 is an unknown value
R12=0x000000000006b680 is an unknown value
R13=0x0000000000000f58 is an unknown value
R14=0x000000006eb00000 is an unknown value
R15=0x0000000000000000 is an unknown value


Stack: [0x000000000e9a0000,0x000000000eaa0000],  sp=0x000000000ea9c2e0,  free space=1008k
Native frames: (J=compiled Java code, j=interpreted, Vv=VM code, C=native code)
V  [jvm.dll+0x430020]


Current CompileTask:
C2:  19464 1212   !         net.minecraft.launchwrapper.LaunchClassLoader::findClass (695 bytes)


---------------  P R O C E S S  ---------------

Java Threads: ( => current thread )
  0x0000000017e15800 JavaThread "Timer hack thread" daemon [_thread_blocked, id=8724, stack(0x0000000016310000,0x0000000016410000)]
  0x000000000f335000 JavaThread "Snooper Timer" daemon [_thread_blocked, id=4580, stack(0x00000000182d0000,0x00000000183d0000)]
  0x000000000f8c8800 JavaThread "AWT-Windows" daemon [_thread_in_native, id=5284, stack(0x000000000eaa0000,0x000000000eba0000)]
  0x000000000f8c7000 JavaThread "Java2D Disposer" daemon [_thread_blocked, id=8056, stack(0x0000000011260000,0x0000000011360000)]
  0x000000000c7d1800 JavaThread "Service Thread" daemon [_thread_blocked, id=6208, stack(0x000000000ec10000,0x000000000ed10000)]
  0x000000000c7d1000 JavaThread "C2 CompilerThread1" daemon [_thread_blocked, id=8260, stack(0x000000000e610000,0x000000000e710000)]
=>0x000000000c7ce800 JavaThread "C2 CompilerThread0" daemon [_thread_in_native, id=5652, stack(0x000000000e9a0000,0x000000000eaa0000)]
  0x000000000c7bd000 JavaThread "JDWP Command Reader" daemon [_thread_in_native, id=6368, stack(0x000000000e880000,0x000000000e980000)]
  0x000000000c7ba000 JavaThread "JDWP Event Helper Thread" daemon [_thread_blocked, id=4240, stack(0x000000000dd80000,0x000000000de80000)]
  0x000000000c7b2000 JavaThread "JDWP Transport Listener: dt_socket" daemon [_thread_blocked, id=7224, stack(0x000000000e490000,0x000000000e590000)]
  0x000000000b70e000 JavaThread "Attach Listener" daemon [_thread_blocked, id=7380, stack(0x000000000de80000,0x000000000df80000)]
  0x000000000b70d800 JavaThread "Signal Dispatcher" daemon [_thread_blocked, id=3352, stack(0x000000000d870000,0x000000000d970000)]
  0x000000000b6f3800 JavaThread "Finalizer" daemon [_thread_blocked, id=8072, stack(0x000000000dbf0000,0x000000000dcf0000)]
  0x000000000c763800 JavaThread "Reference Handler" daemon [_thread_blocked, id=8116, stack(0x000000000da60000,0x000000000db60000)]
  0x00000000021eb800 JavaThread "Client thread" [_thread_in_native, id=8264, stack(0x00000000025c0000,0x00000000026c0000)]

Other Threads:
  0x000000000c762800 VMThread [stack: 0x000000000d770000,0x000000000d870000] [id=7044]
  0x000000000c816800 WatcherThread [stack: 0x000000000ede0000,0x000000000eee0000] [id=9024]

VM state:not at safepoint (normal execution)

VM Mutex/Monitor currently owned by a thread: None

Heap
 PSYoungGen      total 585216K, used 444841K [0x00000007d5a80000, 0x0000000800000000, 0x0000000800000000)
  eden space 507392K, 72% used [0x00000007d5a80000,0x00000007ec0ecc80,0x00000007f4a00000)
  from space 77824K, 99% used [0x00000007fb100000,0x00000007ffcfdb58,0x00000007ffd00000)
  to   space 93184K, 0% used [0x00000007f4a00000,0x00000007f4a00000,0x00000007fa500000)
 ParOldGen       total 246784K, used 139678K [0x0000000781000000, 0x0000000790100000, 0x00000007d5a80000)
  object space 246784K, 56% used [0x0000000781000000,0x00000007898678d0,0x0000000790100000)
 PSPermGen       total 47104K, used 36676K [0x0000000771000000, 0x0000000773e00000, 0x0000000781000000)
  object space 47104K, 77% used [0x0000000771000000,0x00000007733d10e8,0x0000000773e00000)

Card table byte_map: [0x00000000056c0000,0x0000000005b40000] byte_map_base: 0x0000000001b38000

Polling page: 0x00000000001b0000

Code Cache  [0x00000000026c0000, 0x0000000002b70000, 0x00000000056c0000)
 total_blobs=1777 nmethods=1080 adapters=656 free_code_cache=44612Kb largest_free_block=45480896

Compilation events (10 events):
Event: 19.175 Thread 0x000000000c7d1000 nmethod 1210 0x00000000028b3a90 code [0x00000000028b3bc0, 0x00000000028b3c38]
Event: 19.299 Thread 0x000000000c7ce800 1212   !         net.minecraft.launchwrapper.LaunchClassLoader::findClass (695 bytes)
Event: 19.347 Thread 0x000000000c7d1000 1213             org.objectweb.asm.tree.ClassNode::visitInnerClass (27 bytes)
Event: 19.349 Thread 0x000000000c7d1000 nmethod 1213 0x00000000028b3210 code [0x00000000028b3360, 0x00000000028b3508]
Event: 19.394 Thread 0x000000000c7d1000 1214             sun.util.calendar.ZoneInfo::getTransitionIndex (156 bytes)
Event: 19.400 Thread 0x000000000c7d1000 nmethod 1214 0x00000000029cdb90 code [0x00000000029cdce0, 0x00000000029ce278]
Event: 19.400 Thread 0x000000000c7d1000 1215             java.lang.String::equals (81 bytes)
Event: 19.403 Thread 0x000000000c7d1000 nmethod 1215 0x0000000002a95e10 code [0x0000000002a95f60, 0x0000000002a96258]
Event: 19.427 Thread 0x000000000c7d1000 1216             java.net.URLStreamHandler::getDefaultPort (2 bytes)
Event: 19.427 Thread 0x000000000c7d1000 nmethod 1216 0x0000000002a6fcd0 code [0x0000000002a6fe00, 0x0000000002a6fe58]

GC Heap History (10 events):
Event: 14.575 GC heap before
{Heap before GC invocations=17 (full 2):
 PSYoungGen      total 380416K, used 380405K [0x00000007d5a80000, 0x00000007f0f80000, 0x0000000800000000)
  eden space 353792K, 100% used [0x00000007d5a80000,0x00000007eb400000,0x00000007eb400000)
  from space 26624K, 99% used [0x00000007edd80000,0x00000007ef77d7b8,0x00000007ef780000)
  to   space 42496K, 0% used [0x00000007eb400000,0x00000007eb400000,0x00000007edd80000)
 ParOldGen       total 123392K, used 91988K [0x0000000781000000, 0x0000000788880000, 0x00000007d5a80000)
  object space 123392K, 74% used [0x0000000781000000,0x00000007869d5270,0x0000000788880000)
 PSPermGen       total 40448K, used 30096K [0x0000000771000000, 0x0000000773780000, 0x0000000781000000)
  object space 40448K, 74% used [0x0000000771000000,0x0000000772d64000,0x0000000773780000)
Event: 14.634 GC heap after
Heap after GC invocations=17 (full 2):
 PSYoungGen      total 396288K, used 42483K [0x00000007d5a80000, 0x00000007f9700000, 0x0000000800000000)
  eden space 353792K, 0% used [0x00000007d5a80000,0x00000007d5a80000,0x00000007eb400000)
  from space 42496K, 99% used [0x00000007eb400000,0x00000007edd7ccb0,0x00000007edd80000)
  to   space 64512K, 0% used [0x00000007f5800000,0x00000007f5800000,0x00000007f9700000)
 ParOldGen       total 133632K, used 133140K [0x0000000781000000, 0x0000000789280000, 0x00000007d5a80000)
  object space 133632K, 99% used [0x0000000781000000,0x00000007892052c0,0x0000000789280000)
 PSPermGen       total 40448K, used 30096K [0x0000000771000000, 0x0000000773780000, 0x0000000781000000)
  object space 40448K, 74% used [0x0000000771000000,0x0000000772d64000,0x0000000773780000)
}
Event: 14.634 GC heap before
{Heap before GC invocations=18 (full 3):
 PSYoungGen      total 396288K, used 42483K [0x00000007d5a80000, 0x00000007f9700000, 0x0000000800000000)
  eden space 353792K, 0% used [0x00000007d5a80000,0x00000007d5a80000,0x00000007eb400000)
  from space 42496K, 99% used [0x00000007eb400000,0x00000007edd7ccb0,0x00000007edd80000)
  to   space 64512K, 0% used [0x00000007f5800000,0x00000007f5800000,0x00000007f9700000)
 ParOldGen       total 133632K, used 133140K [0x0000000781000000, 0x0000000789280000, 0x00000007d5a80000)
  object space 133632K, 99% used [0x0000000781000000,0x00000007892052c0,0x0000000789280000)
 PSPermGen       total 40448K, used 30096K [0x0000000771000000, 0x0000000773780000, 0x0000000781000000)
  object space 40448K, 74% used [0x0000000771000000,0x0000000772d64000,0x0000000773780000)
Event: 15.105 GC heap after
Heap after GC invocations=18 (full 3):
 PSYoungGen      total 396288K, used 9963K [0x00000007d5a80000, 0x00000007f9700000, 0x0000000800000000)
  eden space 353792K, 0% used [0x00000007d5a80000,0x00000007d5a80000,0x00000007eb400000)
  from space 42496K, 23% used [0x00000007eb400000,0x00000007ebdbaf10,0x00000007edd80000)
  to   space 64512K, 0% used [0x00000007f5800000,0x00000007f5800000,0x00000007f9700000)
 ParOldGen       total 246784K, used 133365K [0x0000000781000000, 0x0000000790100000, 0x00000007d5a80000)
  object space 246784K, 54% used [0x0000000781000000,0x000000078923d660,0x0000000790100000)
 PSPermGen       total 47104K, used 30093K [0x0000000771000000, 0x0000000773e00000, 0x0000000781000000)
  object space 47104K, 63% used [0x0000000771000000,0x0000000772d63470,0x0000000773e00000)
}
Event: 16.473 GC heap before
{Heap before GC invocations=19 (full 3):
 PSYoungGen      total 396288K, used 363755K [0x00000007d5a80000, 0x00000007f9700000, 0x0000000800000000)
  eden space 353792K, 100% used [0x00000007d5a80000,0x00000007eb400000,0x00000007eb400000)
  from space 42496K, 23% used [0x00000007eb400000,0x00000007ebdbaf10,0x00000007edd80000)
  to   space 64512K, 0% used [0x00000007f5800000,0x00000007f5800000,0x00000007f9700000)
 ParOldGen       total 246784K, used 133365K [0x0000000781000000, 0x0000000790100000, 0x00000007d5a80000)
  object space 246784K, 54% used [0x0000000781000000,0x000000078923d660,0x0000000790100000)
 PSPermGen       total 47104K, used 31247K [0x0000000771000000, 0x0000000773e00000, 0x0000000781000000)
  object space 47104K, 66% used [0x0000000771000000,0x0000000772e83c88,0x0000000773e00000)
Event: 16.540 GC heap after
Heap after GC invocations=19 (full 3):
 PSYoungGen      total 489984K, used 52514K [0x00000007d5a80000, 0x00000007f8e00000, 0x0000000800000000)
  eden space 434688K, 0% used [0x00000007d5a80000,0x00000007d5a80000,0x00000007f0300000)
  from space 55296K, 94% used [0x00000007f5800000,0x00000007f8b489f8,0x00000007f8e00000)
  to   space 71168K, 0% used [0x00000007f0300000,0x00000007f0300000,0x00000007f4880000)
 ParOldGen       total 246784K, used 133528K [0x0000000781000000, 0x0000000790100000, 0x00000007d5a80000)
  object space 246784K, 54% used [0x0000000781000000,0x00000007892661b8,0x0000000790100000)
 PSPermGen       total 47104K, used 31247K [0x0000000771000000, 0x0000000773e00000, 0x0000000781000000)
  object space 47104K, 66% used [0x0000000771000000,0x0000000772e83c88,0x0000000773e00000)
}
Event: 17.656 GC heap before
{Heap before GC invocations=20 (full 3):
 PSYoungGen      total 489984K, used 487202K [0x00000007d5a80000, 0x00000007f8e00000, 0x0000000800000000)
  eden space 434688K, 100% used [0x00000007d5a80000,0x00000007f0300000,0x00000007f0300000)
  from space 55296K, 94% used [0x00000007f5800000,0x00000007f8b489f8,0x00000007f8e00000)
  to   space 71168K, 0% used [0x00000007f0300000,0x00000007f0300000,0x00000007f4880000)
 ParOldGen       total 246784K, used 133528K [0x0000000781000000, 0x0000000790100000, 0x00000007d5a80000)
  object space 246784K, 54% used [0x0000000781000000,0x00000007892661b8,0x0000000790100000)
 PSPermGen       total 47104K, used 33931K [0x0000000771000000, 0x0000000773e00000, 0x0000000781000000)
  object space 47104K, 72% used [0x0000000771000000,0x0000000773122ea8,0x0000000773e00000)
Event: 17.692 GC heap after
Heap after GC invocations=20 (full 3):
 PSYoungGen      total 505856K, used 57448K [0x00000007d5a80000, 0x00000007ffd00000, 0x0000000800000000)
  eden space 434688K, 0% used [0x00000007d5a80000,0x00000007d5a80000,0x00000007f0300000)
  from space 71168K, 80% used [0x00000007f0300000,0x00000007f3b1a3d0,0x00000007f4880000)
  to   space 77824K, 0% used [0x00000007fb100000,0x00000007fb100000,0x00000007ffd00000)
 ParOldGen       total 246784K, used 133528K [0x0000000781000000, 0x0000000790100000, 0x00000007d5a80000)
  object space 246784K, 54% used [0x0000000781000000,0x00000007892661b8,0x0000000790100000)
 PSPermGen       total 47104K, used 33931K [0x0000000771000000, 0x0000000773e00000, 0x0000000781000000)
  object space 47104K, 72% used [0x0000000771000000,0x0000000773122ea8,0x0000000773e00000)
}
Event: 18.592 GC heap before
{Heap before GC invocations=21 (full 3):
 PSYoungGen      total 505856K, used 492136K [0x00000007d5a80000, 0x00000007ffd00000, 0x0000000800000000)
  eden space 434688K, 100% used [0x00000007d5a80000,0x00000007f0300000,0x00000007f0300000)
  from space 71168K, 80% used [0x00000007f0300000,0x00000007f3b1a3d0,0x00000007f4880000)
  to   space 77824K, 0% used [0x00000007fb100000,0x00000007fb100000,0x00000007ffd00000)
 ParOldGen       total 246784K, used 133528K [0x0000000781000000, 0x0000000790100000, 0x00000007d5a80000)
  object space 246784K, 54% used [0x0000000781000000,0x00000007892661b8,0x0000000790100000)
 PSPermGen       total 47104K, used 35621K [0x0000000771000000, 0x0000000773e00000, 0x0000000781000000)
  object space 47104K, 75% used [0x0000000771000000,0x00000007732c9700,0x0000000773e00000)
Event: 18.644 GC heap after
Heap after GC invocations=21 (full 3):
 PSYoungGen      total 585216K, used 77814K [0x00000007d5a80000, 0x0000000800000000, 0x0000000800000000)
  eden space 507392K, 0% used [0x00000007d5a80000,0x00000007d5a80000,0x00000007f4a00000)
  from space 77824K, 99% used [0x00000007fb100000,0x00000007ffcfdb58,0x00000007ffd00000)
  to   space 93184K, 0% used [0x00000007f4a00000,0x00000007f4a00000,0x00000007fa500000)
 ParOldGen       total 246784K, used 139678K [0x0000000781000000, 0x0000000790100000, 0x00000007d5a80000)
  object space 246784K, 56% used [0x0000000781000000,0x00000007898678d0,0x0000000790100000)
 PSPermGen       total 47104K, used 35621K [0x0000000771000000, 0x0000000773e00000, 0x0000000781000000)
  object space 47104K, 75% used [0x0000000771000000,0x00000007732c9700,0x0000000773e00000)
}

Deoptimization events (10 events):
Event: 19.295 Thread 0x00000000021eb800 Uncommon trap: reason=class_check action=maybe_recompile pc=0x0000000002b52704 method=net.minecraft.launchwrapper.LaunchClassLoader.findClass(Ljava/lang/String;)Ljava/lang/Class; @ 287
Event: 19.297 Thread 0x00000000021eb800 Uncommon trap: reason=class_check action=maybe_recompile pc=0x0000000002b52704 method=net.minecraft.launchwrapper.LaunchClassLoader.findClass(Ljava/lang/String;)Ljava/lang/Class; @ 287
Event: 19.349 Thread 0x00000000021eb800 Uncommon trap: reason=class_check action=maybe_recompile pc=0x0000000002a0d370 method=org.objectweb.asm.ClassReader.readAnnotationValue(I[CLjava/lang/String;Lorg/objectweb/asm/AnnotationVisitor;)I @ 554
Event: 19.365 Thread 0x00000000021eb800 Uncommon trap: reason=class_check action=maybe_recompile pc=0x0000000002a0d370 method=org.objectweb.asm.ClassReader.readAnnotationValue(I[CLjava/lang/String;Lorg/objectweb/asm/AnnotationVisitor;)I @ 554
Event: 19.365 Thread 0x00000000021eb800 Uncommon trap: reason=class_check action=maybe_recompile pc=0x0000000002a0d370 method=org.objectweb.asm.ClassReader.readAnnotationValue(I[CLjava/lang/String;Lorg/objectweb/asm/AnnotationVisitor;)I @ 554
Event: 19.374 Thread 0x00000000021eb800 Uncommon trap: reason=class_check action=maybe_recompile pc=0x0000000002a0d370 method=org.objectweb.asm.ClassReader.readAnnotationValue(I[CLjava/lang/String;Lorg/objectweb/asm/AnnotationVisitor;)I @ 554
Event: 19.398 Thread 0x00000000021eb800 Uncommon trap: reason=class_check action=maybe_recompile pc=0x0000000002738008 method=java.lang.String.equals(Ljava/lang/Object;)Z @ 8
Event: 19.398 Thread 0x00000000021eb800 Uncommon trap: reason=class_check action=maybe_recompile pc=0x0000000002738008 method=java.lang.String.equals(Ljava/lang/Object;)Z @ 8
Event: 19.399 Thread 0x00000000021eb800 Uncommon trap: reason=class_check action=maybe_recompile pc=0x0000000002738008 method=java.lang.String.equals(Ljava/lang/Object;)Z @ 8
Event: 19.399 Thread 0x00000000021eb800 Uncommon trap: reason=class_check action=maybe_recompile pc=0x0000000002738008 method=java.lang.String.equals(Ljava/lang/Object;)Z @ 8

Internal exceptions (10 events):
Event: 16.250 Thread 0x00000000021eb800 Threw 0x00000007e88a3918 at C:\re\jdk7u55\869\hotspot\src\share\vm\prims\jvm.cpp:1244
Event: 16.251 Thread 0x00000000021eb800 Threw 0x00000007e88b0d90 at C:\re\jdk7u55\869\hotspot\src\share\vm\prims\jvm.cpp:1244
Event: 16.251 Thread 0x00000000021eb800 Threw 0x00000007e88bc700 at C:\re\jdk7u55\869\hotspot\src\share\vm\prims\jvm.cpp:1244
Event: 16.252 Thread 0x00000000021eb800 Threw 0x00000007e88c8700 at C:\re\jdk7u55\869\hotspot\src\share\vm\prims\jvm.cpp:1244
Event: 16.774 Thread 0x00000000021eb800 Threw 0x00000007dbfc2638 at C:\re\jdk7u55\869\hotspot\src\share\vm\prims\jvm.cpp:1244
Event: 16.775 Thread 0x00000000021eb800 Threw 0x00000007dbfcfae8 at C:\re\jdk7u55\869\hotspot\src\share\vm\prims\jvm.cpp:1244
Event: 17.034 Thread 0x00000000021eb800 Implicit null exception at 0x0000000002b16671 to 0x0000000002b1ceed
Event: 17.110 Thread 0x00000000021eb800 Threw 0x00000007e469b698 at C:\re\jdk7u55\869\hotspot\src\share\vm\prims\jvm.cpp:1244
Event: 17.111 Thread 0x00000000021eb800 Threw 0x00000007e46b48d8 at C:\re\jdk7u55\869\hotspot\src\share\vm\prims\jvm.cpp:1244
Event: 17.277 Thread 0x00000000021eb800 Implicit null exception at 0x0000000002b2e328 to 0x0000000002b31901

Events (10 events):
Event: 19.399 Thread 0x00000000021eb800 DEOPT PACKING pc=0x0000000002738008 sp=0x00000000026bc4d0
Event: 19.399 Thread 0x00000000021eb800 DEOPT UNPACKING pc=0x00000000026f75a4 sp=0x00000000026bc460 mode 2
Event: 19.401 loading class 0x000000000c93d310
Event: 19.401 loading class 0x000000000c93d310 done
Event: 19.405 loading class 0x000000000c93d690
Event: 19.405 loading class 0x000000000c93d690 done
Event: 19.407 loading class 0x0000000018001340
Event: 19.407 loading class 0x0000000018001340 done
Event: 19.409 loading class 0x000000000c93d750
Event: 19.409 loading class 0x000000000c93d750 done


Dynamic libraries:
0x000000013f810000 - 0x000000013f843000 	C:\Program Files\Java\jre7\bin\javaw.exe
0x00000000772d0000 - 0x0000000077479000 	C:\Windows\SYSTEM32\ntdll.dll
0x00000000771b0000 - 0x00000000772cf000 	C:\Windows\system32\kernel32.dll
0x000007fefd0b0000 - 0x000007fefd11c000 	C:\Windows\system32\KERNELBASE.dll
0x000007feff200000 - 0x000007feff2db000 	C:\Windows\system32\ADVAPI32.dll
0x000007feff150000 - 0x000007feff1ef000 	C:\Windows\system32\msvcrt.dll
0x000007fefe910000 - 0x000007fefe92f000 	C:\Windows\SYSTEM32\sechost.dll
0x000007fefe710000 - 0x000007fefe83d000 	C:\Windows\system32\RPCRT4.dll
0x00000000770b0000 - 0x00000000771aa000 	C:\Windows\system32\USER32.dll
0x000007feff2e0000 - 0x000007feff347000 	C:\Windows\system32\GDI32.dll
0x000007feff1f0000 - 0x000007feff1fe000 	C:\Windows\system32\LPK.dll
0x000007fefd740000 - 0x000007fefd809000 	C:\Windows\system32\USP10.dll
0x000007fefb2a0000 - 0x000007fefb494000 	C:\Windows\WinSxS\amd64_microsoft.windows.common-controls_6595b64144ccf1df_6.0.7601.17514_none_fa396087175ac9ac\COMCTL32.dll
0x000007feff4e0000 - 0x000007feff551000 	C:\Windows\system32\SHLWAPI.dll
0x000007fefe840000 - 0x000007fefe86e000 	C:\Windows\system32\IMM32.DLL
0x000007fefd810000 - 0x000007fefd919000 	C:\Windows\system32\MSCTF.dll
0x000000006ae10000 - 0x000000006aee2000 	C:\Program Files\Java\jre7\bin\msvcr100.dll
0x000000006eb00000 - 0x000000006f2c9000 	C:\Program Files\Java\jre7\bin\server\jvm.dll
0x000007fef3090000 - 0x000007fef3099000 	C:\Windows\system32\WSOCK32.dll
0x000007feff570000 - 0x000007feff5bd000 	C:\Windows\system32\WS2_32.dll
0x000007feff560000 - 0x000007feff568000 	C:\Windows\system32\NSI.dll
0x000007fefa620000 - 0x000007fefa65b000 	C:\Windows\system32\WINMM.dll
0x00000000774a0000 - 0x00000000774a7000 	C:\Windows\system32\PSAPI.DLL
0x0000000073d60000 - 0x0000000073d6f000 	C:\Program Files\Java\jre7\bin\verify.dll
0x0000000073010000 - 0x0000000073038000 	C:\Program Files\Java\jre7\bin\java.dll
0x000000006d170000 - 0x000000006d1a5000 	C:\Program Files\Java\jre7\bin\jdwp.dll
0x00000000734b0000 - 0x00000000734b8000 	C:\Program Files\Java\jre7\bin\npt.dll
0x0000000073160000 - 0x0000000073175000 	C:\Program Files\Java\jre7\bin\zip.dll
0x0000000073190000 - 0x0000000073199000 	C:\Program Files\Java\jre7\bin\dt_socket.dll
0x000007fefba80000 - 0x000007fefba95000 	C:\Windows\system32\NLAapi.dll
0x000007fef5460000 - 0x000007fef5475000 	C:\Windows\system32\napinsp.dll
0x000007fef5440000 - 0x000007fef5459000 	C:\Windows\system32\pnrpnsp.dll
0x000007fefc870000 - 0x000007fefc8c5000 	C:\Windows\System32\mswsock.dll
0x000007fefc6f0000 - 0x000007fefc74b000 	C:\Windows\system32\DNSAPI.dll
0x000007fef5430000 - 0x000007fef543b000 	C:\Windows\System32\winrnr.dll
0x000007fefb960000 - 0x000007fefb987000 	C:\Windows\system32\IPHLPAPI.DLL
0x000007fefb950000 - 0x000007fefb95b000 	C:\Windows\system32\WINNSI.DLL
0x000007fefb810000 - 0x000007fefb863000 	C:\Windows\System32\fwpuclnt.dll
0x000007fef5420000 - 0x000007fef5428000 	C:\Windows\system32\rasadhlp.dll
0x000007fefc250000 - 0x000007fefc257000 	C:\Windows\System32\wshtcpip.dll
0x0000000073180000 - 0x000000007318b000 	C:\Program Files\Java\jre7\bin\management.dll
0x0000000072ff0000 - 0x0000000073009000 	C:\Program Files\Java\jre7\bin\net.dll
0x000007fefc860000 - 0x000007fefc867000 	C:\Windows\System32\wship6.dll
0x0000000072fd0000 - 0x0000000072fe1000 	C:\Program Files\Java\jre7\bin\nio.dll
0x0000000072fa0000 - 0x0000000072fc4000 	C:\Program Files\Java\jre7\bin\sunec.dll
0x0000000073ca0000 - 0x0000000073cab000 	C:\Program Files\Java\jre7\bin\sunmscapi.dll
0x000007fefd1d0000 - 0x000007fefd33d000 	C:\Windows\system32\CRYPT32.dll
0x000007fefd090000 - 0x000007fefd09f000 	C:\Windows\system32\MSASN1.dll
0x000007fefc8d0000 - 0x000007fefc8e8000 	C:\Windows\system32\CRYPTSP.dll
0x000007fefc5d0000 - 0x000007fefc617000 	C:\Windows\system32\rsaenh.dll
0x000007fefd170000 - 0x000007fefd18e000 	C:\Windows\system32\USERENV.dll
0x000007fefd0a0000 - 0x000007fefd0af000 	C:\Windows\system32\profapi.dll
0x000007fefcf30000 - 0x000007fefcf3f000 	C:\Windows\system32\CRYPTBASE.dll
0x000007fefb7e0000 - 0x000007fefb7f1000 	C:\Windows\system32\dhcpcsvc6.DLL
0x000007fefb760000 - 0x000007fefb778000 	C:\Windows\system32\dhcpcsvc.DLL
0x000000006ce60000 - 0x000000006cff5000 	C:\Program Files\Java\jre7\bin\awt.dll
0x000007feff070000 - 0x000007feff147000 	C:\Windows\system32\OLEAUT32.dll
0x000007fefee60000 - 0x000007feff063000 	C:\Windows\system32\ole32.dll
0x000007fefa980000 - 0x000007fefa9d6000 	C:\Windows\system32\uxtheme.dll
0x000007fed98f0000 - 0x000007fed9915000 	C:\Program Files (x86)\Raptr\ltc_help64-94307.dll
0x000007fefd980000 - 0x000007fefe709000 	C:\Windows\system32\SHELL32.dll
0x000007fefd410000 - 0x000007fefd44b000 	C:\Windows\system32\WINTRUST.dll
0x000007fedbee0000 - 0x000007fedbf12000 	C:\Program Files (x86)\Overwolf\0.84.95.0\x64\OWExplorer.dll
0x0000000078890000 - 0x0000000078928000 	C:\Windows\system32\MSVCP100.dll
0x000007fefc160000 - 0x000007fefc16c000 	C:\Windows\system32\VERSION.dll
0x000007fedc1e0000 - 0x000007fedc305000 	C:\Windows\system32\dbghelp.dll
0x000007fefa4e0000 - 0x000007fefa4f8000 	C:\Windows\system32\dwmapi.dll
0x000000006cbd0000 - 0x000000006cc17000 	C:\Program Files\Java\jre7\bin\fontmanager.dll
0x000007fef0460000 - 0x000007fef065f000 	C:\Windows\system32\d3d9.dll
0x000007fef08a0000 - 0x000007fef08a7000 	C:\Windows\system32\d3d8thk.dll
0x000007fef2bf0000 - 0x000007fef2d3c000 	C:\Windows\system32\aticfx64.dll
0x000007fef0840000 - 0x000007fef0861000 	C:\Windows\system32\atiu9p64.dll
0x000007feefc60000 - 0x000007fef0456000 	C:\Windows\system32\atiumd64.dll
0x00000000611f0000 - 0x00000000619f8000 	C:\Windows\system32\atiumd6a.dll
0x000007fefc130000 - 0x000007fefc15c000 	C:\Windows\system32\POWRPROF.dll
0x000007fefec00000 - 0x000007fefedd7000 	C:\Windows\system32\SETUPAPI.dll
0x000007fefd190000 - 0x000007fefd1c6000 	C:\Windows\system32\CFGMGR32.dll
0x000007fefd150000 - 0x000007fefd16a000 	C:\Windows\system32\DEVOBJ.dll
0x000000006db30000 - 0x000000006db71000 	C:\Program Files\Java\jre7\bin\t2k.dll
0x0000000180000000 - 0x0000000180051000 	C:\Users\Daniel\.gradle\caches\minecraft\net\minecraft\minecraft_natives\1.7.10\lwjgl64.dll
0x000007fedc420000 - 0x000007fedc53d000 	C:\Windows\system32\OPENGL32.dll
0x000007fedc540000 - 0x000007fedc56d000 	C:\Windows\system32\GLU32.dll
0x000007fedc320000 - 0x000007fedc411000 	C:\Windows\system32\DDRAW.dll
0x000007fedc310000 - 0x000007fedc318000 	C:\Windows\system32\DCIMAN32.dll
0x000007fef5e20000 - 0x000007fef5e38000 	C:\Windows\system32\atig6pxx.dll
0x0000000068800000 - 0x000000006a3ae000 	C:\Windows\system32\atio6axx.dll
0x000007fee6450000 - 0x000007fee6588000 	C:\Windows\system32\atiadlxx.dll
0x000007fefbd60000 - 0x000007fefbe8c000 	C:\Windows\system32\PROPSYS.dll
0x000007fefc170000 - 0x000007fefc181000 	C:\Windows\system32\WTSAPI32.dll
0x000007fef5dc0000 - 0x000007fef5de9000 	C:\Windows\system32\atig6txx.dll
0x000007fed7b50000 - 0x000007fed7bec000 	C:\Windows\system32\mscms.dll
0x000007fed7ab0000 - 0x000007fed7af2000 	C:\Windows\system32\icm32.dll
0x0000000070a40000 - 0x0000000070adc000 	C:\Users\Daniel\.gradle\caches\minecraft\net\minecraft\minecraft_natives\1.7.10\avutil-ttv-51.dll
0x0000000065980000 - 0x00000000659d6000 	C:\Users\Daniel\.gradle\caches\minecraft\net\minecraft\minecraft_natives\1.7.10\swresample-ttv-0.dll
0x000000000ed10000 - 0x000000000ede0000 	C:\Users\Daniel\.gradle\caches\minecraft\net\minecraft\minecraft_natives\1.7.10\libmp3lame-ttv.dll
0x000007fed2240000 - 0x000007fed35e4000 	C:\Users\Daniel\.gradle\caches\minecraft\net\minecraft\minecraft_natives\1.7.10\libmfxsw64.dll
0x000007fed3c30000 - 0x000007fed3d5b000 	C:\Users\Daniel\.gradle\caches\minecraft\net\minecraft\minecraft_natives\1.7.10\twitchsdk.dll
0x000007fefd4f0000 - 0x000007fefd738000 	C:\Windows\system32\WININET.dll
0x000007fefd130000 - 0x000007fefd134000 	C:\Windows\system32\api-ms-win-downlevel-user32-l1-1-0.dll
0x000007fefd400000 - 0x000007fefd404000 	C:\Windows\system32\api-ms-win-downlevel-shlwapi-l1-1-0.dll
0x000007fefd140000 - 0x000007fefd144000 	C:\Windows\system32\api-ms-win-downlevel-version-l1-1-0.dll
0x000007fefd3f0000 - 0x000007fefd3f3000 	C:\Windows\system32\api-ms-win-downlevel-normaliz-l1-1-0.dll
0x0000000077490000 - 0x0000000077493000 	C:\Windows\system32\normaliz.DLL
0x000007fefe930000 - 0x000007fefebf7000 	C:\Windows\system32\iertutil.dll
0x000007fefd120000 - 0x000007fefd125000 	C:\Windows\system32\api-ms-win-downlevel-advapi32-l1-1-0.dll
0x000007feff5c0000 - 0x000007feff5d9000 	C:\Windows\system32\imagehlp.dll
0x000007fefca50000 - 0x000007fefcaa0000 	C:\Windows\system32\ncrypt.dll
0x000007fefca20000 - 0x000007fefca42000 	C:\Windows\system32\bcrypt.dll
0x000007fefc510000 - 0x000007fefc55c000 	C:\Windows\system32\bcryptprimitives.dll
0x000007fefc340000 - 0x000007fefc35b000 	C:\Windows\system32\GPAPI.dll
0x000007fefae70000 - 0x000007fefae97000 	C:\Windows\system32\cryptnet.dll
0x000007fefd920000 - 0x000007fefd972000 	C:\Windows\system32\WLDAP32.dll
0x000007fef8080000 - 0x000007fef8089000 	C:\Windows\system32\SensApi.dll
0x000007fed4b60000 - 0x000007fed4d6f000 	C:\PROGRA~2\Raptr\ltc_game64-94307.dll
0x000007fedc720000 - 0x000007fedc73a000 	C:\Program Files (x86)\Overwolf\0.84.95.0\x64\OWLog.dll
0x000007fed1ff0000 - 0x000007fed2236000 	C:\Program Files (x86)\Overwolf\0.84.95.0\x64\OWClient.dll

VM Arguments:
jvm_args: -agentlib:jdwp=transport=dt_socket,suspend=y,address=localhost:55183 -Dfml.ignoreInvalidMinecraftCertificates=true -XX:MaxPermSize=256m -Dfile.encoding=Cp1252 
java_command: GradleStart --version 1.7 --tweakClass cpw.mods.fml.common.launcher.FMLTweaker --accessToken forgeTest --userProperties={} --username=blu.sunrize@yahoo.de --password=Dannyl1694 --assetIndex 1.7.10 --uuid=test --assetsDir C:/Users/Daniel/.gradle/caches/minecraft/assets
Launcher Type: SUN_STANDARD

Environment Variables:
PATH=C:\Program Files (x86)\NVIDIA Corporation\PhysX\Common;C:\Program Files (x86)\Intel\iCLS Client\;C:\Program Files\Intel\iCLS Client\;C:\Windows\system32;C:\Windows;C:\Windows\System32\Wbem;C:\Windows\System32\WindowsPowerShell\v1.0\;C:\Program Files\Intel\Intel(R) Management Engine Components\DAL;C:\Program Files\Intel\Intel(R) Management Engine Components\IPT;C:\Program Files (x86)\Intel\Intel(R) Management Engine Components\DAL;C:\Program Files (x86)\Intel\Intel(R) Management Engine Components\IPT;C:\Program Files (x86)\ATI Technologies\ATI.ACE\Core-Static;C:\Program Files (x86)\Git\cmd;E:\Program Files\Csound6\bin;C:\Program Files (x86)\AMD\ATI.ACE\Core-Static;C:\Program Files (x86)\Skype\Phone\
USERNAME=Daniel
OS=Windows_NT
PROCESSOR_IDENTIFIER=Intel64 Family 6 Model 60 Stepping 3, GenuineIntel



---------------  S Y S T E M  ---------------

OS: Windows 7 , 64 bit Build 7601 Service Pack 1

CPU:total 8 (4 cores per cpu, 2 threads per core) family 6 model 60 stepping 3, cmov, cx8, fxsr, mmx, sse, sse2, sse3, ssse3, sse4.1, sse4.2, popcnt, avx, avx2, aes, erms, ht, tsc, tscinvbit

Memory: 4k page, physical 8317496k(1966616k free), swap 16633136k(8541892k free)

vm_info: Java HotSpot(TM) 64-Bit Server VM (24.55-b03) for windows-amd64 JRE (1.7.0_55-b13), built on Mar 17 2014 19:45:30 by "java_re" with unknown MS VC++:1600

time: Wed Apr 15 10:23:46 2015
elapsed time: 19 seconds

