#
# A fatal error has been detected by the Java Runtime Environment:
#
#  EXCEPTION_ACCESS_VIOLATION (0xc0000005) at pc=0x000007fee1101b76, pid=9784, tid=9940
#
# JRE version: Java(TM) SE Runtime Environment (7.0_55-b13) (build 1.7.0_55-b13)
# Java VM: Java HotSpot(TM) 64-Bit Server VM (24.55-b03 mixed mode windows-amd64 compressed oops)
# Problematic frame:
# C  [GraphicsCaptureHook64.dll+0x1b76]
#
# Failed to write core dump. Minidumps are not enabled by default on client versions of Windows
#
# If you would like to submit a bug report, please visit:
#   http://bugreport.sun.com/bugreport/crash.jsp
#

---------------  T H R E A D  ---------------

Current thread (0x000000000c773800):  VMThread [stack: 0x000000000d810000,0x000000000d910000] [id=9940]

siginfo: ExceptionCode=0xc0000005, reading address 0xffffffffffffffff

Registers:
RAX=0xcfc0200000000000, RBX=0x000000000d90f2b0, RCX=0x000000001ad00343, RDX=0x000000000d90f2b0
RSP=0x000000000d90f240, RBP=0x000000000223ef00, RSI=0x0000000000010000, RDI=0x0000000000000000
R8 =0x000007fffffa6000, R9 =0x000007fee1100000, R10=0x000000000d90f2e0, R11=0x000000000d90f2e0
R12=0x000007fffffdb000, R13=0x000007fffffa6000, R14=0x0000000077457be0, R15=0x0000000077452670
RIP=0x000007fee1101b76, EFLAGS=0x0000000000010202

Top of Stack: (sp=0x000000000d90f240)
0x000000000d90f240:   39303a33343a3032 000000000200203a
0x000000000d90f250:   0000000000000004 000000006a01e530
0x000000000d90f260:   000007fee1158a00 000007fee1105aeb
0x000000000d90f270:   0000000078a8fa31 0000000002000002
0x000000000d90f280:   0000000077452670 0000000077457be0
0x000000000d90f290:   fffffffffffffffe 0000000000000000
0x000000000d90f2a0:   0000000000000000 000007fee111e822
0x000000000d90f2b0:   000000001ad00343 0000000000000000
0x000000000d90f2c0:   0000000000000000 0000000000000001
0x000000000d90f2d0:   0000000000000000 fffffffffffffffe
0x000000000d90f2e0:   39303a33343a3032 000000001100203a
0x000000000d90f2f0:   000000000000000a 000000000000000f
0x000000000d90f300:   0000f1dee2c717d0 00000000164f0000
0x000000000d90f310:   0000000000000000 000007fee0fa752d
0x000000000d90f320:   00000000164f0000 0000000000000000
0x000000000d90f330:   000007fee0f80000 00000000164f8020 

Instructions: (pc=0x000007fee1101b76)
0x000007fee1101b56:   cc cc cc cc cc cc cc cc cc cc 40 53 48 83 ec 20
0x000007fee1101b66:   48 8b 41 40 48 8b da 48 8b 08 48 89 0a 48 8b 01
0x000007fee1101b76:   ff 50 08 48 8b c3 48 83 c4 20 5b c3 cc cc cc cc
0x000007fee1101b86:   cc cc cc cc cc cc cc cc cc cc 48 89 5c 24 08 57 


Register to memory mapping:

RAX=0xcfc0200000000000 is an unknown value
RBX=0x000000000d90f2b0 is an unknown value
RCX=0x000000001ad00343 is an unknown value
RDX=0x000000000d90f2b0 is an unknown value
RSP=0x000000000d90f240 is an unknown value
RBP=0x000000000223ef00 is an unknown value
RSI=0x0000000000010000 is an unknown value
RDI=0x0000000000000000 is an unknown value
R8 =0x000007fffffa6000 is an unknown value
R9 =0x000007fee1100000 is an unknown value
R10=0x000000000d90f2e0 is an unknown value
R11=0x000000000d90f2e0 is an unknown value
R12=0x000007fffffdb000 is an unknown value
R13=0x000007fffffa6000 is an unknown value
R14=0x0000000077457be0 is an unknown value
R15=0x0000000077452670 is an unknown value


Stack: [0x000000000d810000,0x000000000d910000],  sp=0x000000000d90f240,  free space=1020k
Native frames: (J=compiled Java code, j=interpreted, Vv=VM code, C=native code)
C  [GraphicsCaptureHook64.dll+0x1b76]

VM_Operation (0x000000000241e770): Exit, mode: safepoint, requested by thread 0x000000000221b800


---------------  P R O C E S S  ---------------

Java Threads: ( => current thread )
  0x0000000016ca0000 JavaThread "AWT-Shutdown" [_thread_blocked, id=9220, stack(0x00000000119d0000,0x0000000011ad0000)]
  0x0000000030ff4000 JavaThread "Netty IO #5" daemon [_thread_in_native, id=4572, stack(0x0000000029f00000,0x000000002a000000)]
  0x0000000030ff7000 JavaThread "Netty Client IO #2" daemon [_thread_in_native, id=10908, stack(0x000000001fad0000,0x000000001fbd0000)]
  0x0000000016719800 JavaThread "Netty IO #4" daemon [_thread_in_native, id=10116, stack(0x00000000205d0000,0x00000000206d0000)]
  0x0000000030ff5000 JavaThread "Chunk I/O Executor Thread-1" daemon [_thread_blocked, id=10032, stack(0x0000000020ca0000,0x0000000020da0000)]
  0x0000000030ff2800 JavaThread "Netty IO #3" daemon [_thread_in_native, id=10636, stack(0x00000000334a0000,0x00000000335a0000)]
  0x0000000030ff2000 JavaThread "Netty Client IO #1" daemon [_thread_in_native, id=1888, stack(0x0000000033290000,0x0000000033390000)]
  0x0000000030ff1000 JavaThread "Netty IO #2" daemon [_thread_in_native, id=11572, stack(0x0000000033050000,0x0000000033150000)]
  0x0000000030ff0800 JavaThread "ic2-poolthread-8" daemon [_thread_blocked, id=860, stack(0x000000002a9e0000,0x000000002aae0000)]
  0x0000000016ca4000 JavaThread "ic2-poolthread-7" daemon [_thread_blocked, id=2224, stack(0x0000000032a60000,0x0000000032b60000)]
  0x0000000016ca3800 JavaThread "ic2-poolthread-6" daemon [_thread_blocked, id=10912, stack(0x0000000032ed0000,0x0000000032fd0000)]
  0x0000000016ca2800 JavaThread "ic2-poolthread-5" daemon [_thread_blocked, id=2716, stack(0x0000000032cf0000,0x0000000032df0000)]
  0x0000000016ca2000 JavaThread "ic2-poolthread-4" daemon [_thread_blocked, id=5624, stack(0x0000000032b80000,0x0000000032c80000)]
  0x0000000016ca1000 JavaThread "ic2-poolthread-3" daemon [_thread_blocked, id=7132, stack(0x0000000032960000,0x0000000032a60000)]
  0x0000000016c9e000 JavaThread "File IO Thread" [_thread_blocked, id=12100, stack(0x0000000011d20000,0x0000000011e20000)]
  0x0000000016c9d000 JavaThread "Netty IO #1" daemon [_thread_in_native, id=11688, stack(0x00000000209a0000,0x0000000020aa0000)]
  0x000000001671e000 JavaThread "Netty Client IO #0" daemon [_thread_in_native, id=12140, stack(0x0000000020fa0000,0x00000000210a0000)]
  0x000000001671c800 JavaThread "Netty IO #0" daemon [_thread_in_native, id=1480, stack(0x00000000206d0000,0x00000000207d0000)]
  0x000000001671d800 JavaThread "pool-4-thread-1" [_thread_blocked, id=10000, stack(0x0000000020840000,0x0000000020940000)]
  0x0000000016718000 JavaThread "Snooper Timer" daemon [_thread_blocked, id=6264, stack(0x0000000010620000,0x0000000010720000)]
  0x0000000016717800 JavaThread "LWJGL Timer" daemon [_thread_blocked, id=7744, stack(0x0000000031eb0000,0x0000000031fb0000)]
  0x000000001671c000 JavaThread "Thread-15" [_thread_blocked, id=11608, stack(0x0000000031d10000,0x0000000031e10000)]
  0x000000001671b000 JavaThread "Thread-14" [_thread_blocked, id=8416, stack(0x0000000031b70000,0x0000000031c70000)]
  0x000000001671a800 JavaThread "Keep-Alive-SocketCleaner" daemon [_thread_blocked, id=7856, stack(0x000000002ab00000,0x000000002ac00000)]
  0x0000000016719000 JavaThread "ic2-poolthread-2" daemon [_thread_blocked, id=5876, stack(0x00000000212b0000,0x00000000213b0000)]
  0x000000001036a800 JavaThread "ic2-poolthread-1" daemon [_thread_blocked, id=11084, stack(0x0000000011b30000,0x0000000011c30000)]
  0x0000000017941000 JavaThread "Timer hack thread" daemon [_thread_blocked, id=9716, stack(0x0000000017530000,0x0000000017630000)]
  0x00000000174c4000 JavaThread "Snooper Timer" daemon [_thread_blocked, id=5188, stack(0x0000000018920000,0x0000000018a20000)]
  0x000000000f5c5800 JavaThread "Java2D Disposer" daemon [_thread_blocked, id=9544, stack(0x0000000011070000,0x0000000011170000)]
  0x000000000c7de000 JavaThread "Service Thread" daemon [_thread_blocked, id=8172, stack(0x000000000e7d0000,0x000000000e8d0000)]
  0x000000000c7dd000 JavaThread "C2 CompilerThread1" daemon [_thread_blocked, id=11184, stack(0x000000000e8f0000,0x000000000e9f0000)]
  0x000000000c7da800 JavaThread "C2 CompilerThread0" daemon [_thread_blocked, id=9236, stack(0x000000000e3d0000,0x000000000e4d0000)]
  0x000000000c7c9000 JavaThread "JDWP Command Reader" daemon [_thread_blocked, id=8288, stack(0x000000000e690000,0x000000000e790000)]
  0x000000000c7c6000 JavaThread "JDWP Event Helper Thread" daemon [_thread_blocked, id=9136, stack(0x000000000e530000,0x000000000e630000)]
  0x000000000c7b8000 JavaThread "JDWP Transport Listener: dt_socket" daemon [_thread_blocked, id=12084, stack(0x000000000e050000,0x000000000e150000)]
  0x000000000b71a800 JavaThread "Attach Listener" daemon [_thread_blocked, id=7036, stack(0x000000000dc80000,0x000000000dd80000)]
  0x000000000b719800 JavaThread "Signal Dispatcher" daemon [_thread_blocked, id=3052, stack(0x000000000db70000,0x000000000dc70000)]
  0x000000000b704000 JavaThread "Finalizer" daemon [_thread_blocked, id=10940, stack(0x000000000d910000,0x000000000da10000)]
  0x000000000b6fd800 JavaThread "Reference Handler" daemon [_thread_blocked, id=252, stack(0x00000000063c0000,0x00000000064c0000)]
  0x000000000221b800 JavaThread "Client thread" [_thread_blocked, id=4108, stack(0x0000000002320000,0x0000000002420000)]

Other Threads:
=>0x000000000c773800 VMThread [stack: 0x000000000d810000,0x000000000d910000] [id=9940]

VM state:at safepoint (shutting down)

VM Mutex/Monitor currently owned by a thread:  ([mutex/lock_event])
[0x0000000002219580] Threads_lock - owner thread: 0x000000000c773800

Heap
 PSYoungGen      total 173056K, used 21051K [0x00000007d5a80000, 0x00000007e0b00000, 0x0000000800000000)
  eden space 165376K, 12% used [0x00000007d5a80000,0x00000007d6f0ef40,0x00000007dfc00000)
  from space 7680K, 0% used [0x00000007e0380000,0x00000007e0380000,0x00000007e0b00000)
  to   space 7680K, 0% used [0x00000007dfc00000,0x00000007dfc00000,0x00000007e0380000)
 ParOldGen       total 724992K, used 494870K [0x0000000781000000, 0x00000007ad400000, 0x00000007d5a80000)
  object space 724992K, 68% used [0x0000000781000000,0x000000079f3458a8,0x00000007ad400000)
 PSPermGen       total 101888K, used 91422K [0x0000000771000000, 0x0000000777380000, 0x0000000781000000)
  object space 101888K, 89% used [0x0000000771000000,0x0000000776947aa8,0x0000000777380000)

Card table byte_map: [0x00000000054e0000,0x0000000005960000] byte_map_base: 0x0000000001958000

Polling page: 0x0000000000320000

Code Cache  [0x0000000002420000, 0x00000000038c0000, 0x0000000005420000)
 total_blobs=6533 nmethods=5351 adapters=1138 free_code_cache=28312Kb largest_free_block=28750336

Compilation events (10 events):
Event: 2584.285 Thread 0x000000000c7da800 6149             blusunrize.immersiveengineering.client.ClientEventHandler::renderOverlay (603 bytes)
Event: 2584.295 Thread 0x000000000c7da800 nmethod 6149 0x000000000389c250 code [0x000000000389c480, 0x000000000389cfd0]
Event: 2585.684 Thread 0x000000000c7dd000 6150             blusunrize.immersiveengineering.client.ClientUtils::bindTexture (14 bytes)
Event: 2585.684 Thread 0x000000000c7da800 6151             blusunrize.immersiveengineering.client.ClientUtils::getResource (53 bytes)
Event: 2585.705 Thread 0x000000000c7da800 nmethod 6151 0x0000000003869890 code [0x0000000003869a60, 0x000000000386aa90]
Event: 2585.713 Thread 0x000000000c7dd000 nmethod 6150 0x00000000038a8110 code [0x00000000038a8300, 0x00000000038a94c0]
Event: 2619.086 Thread 0x000000000c7da800 6152             blusunrize.immersiveengineering.client.render.BlockRenderMetalDecoration::shouldRender3DInInventory (2 bytes)
Event: 2619.086 Thread 0x000000000c7dd000 6153   !         blusunrize.immersiveengineering.client.render.BlockRenderMetalDecoration::renderInventoryBlock (793 bytes)
Event: 2619.086 Thread 0x000000000c7da800 nmethod 6152 0x0000000003869690 code [0x00000000038697c0, 0x0000000003869818]
Event: 2619.123 Thread 0x000000000c7dd000 nmethod 6153 0x00000000038afb90 code [0x00000000038b00c0, 0x00000000038b2658]

GC Heap History (10 events):
Event: 2625.978 GC heap before
{Heap before GC invocations=428 (full 16):
 PSYoungGen      total 172544K, used 4176K [0x00000007d5a80000, 0x00000007e0a00000, 0x0000000800000000)
  eden space 165376K, 0% used [0x00000007d5a80000,0x00000007d5a80000,0x00000007dfc00000)
  from space 7168K, 58% used [0x00000007e0300000,0x00000007e0714010,0x00000007e0a00000)
  to   space 7168K, 0% used [0x00000007dfc00000,0x00000007dfc00000,0x00000007e0300000)
 ParOldGen       total 724992K, used 569208K [0x0000000781000000, 0x00000007ad400000, 0x00000007d5a80000)
  object space 724992K, 78% used [0x0000000781000000,0x00000007a3bde218,0x00000007ad400000)
 PSPermGen       total 106496K, used 92188K [0x0000000771000000, 0x0000000777800000, 0x0000000781000000)
  object space 106496K, 86% used [0x0000000771000000,0x0000000776a070c0,0x0000000777800000)
Event: 2627.052 GC heap after
Heap after GC invocations=428 (full 16):
 PSYoungGen      total 172544K, used 0K [0x00000007d5a80000, 0x00000007e0a00000, 0x0000000800000000)
  eden space 165376K, 0% used [0x00000007d5a80000,0x00000007d5a80000,0x00000007dfc00000)
  from space 7168K, 0% used [0x00000007e0300000,0x00000007e0300000,0x00000007e0a00000)
  to   space 7168K, 0% used [0x00000007dfc00000,0x00000007dfc00000,0x00000007e0300000)
 ParOldGen       total 724992K, used 494859K [0x0000000781000000, 0x00000007ad400000, 0x00000007d5a80000)
  object space 724992K, 68% used [0x0000000781000000,0x000000079f342d58,0x00000007ad400000)
 PSPermGen       total 104960K, used 91410K [0x0000000771000000, 0x0000000777680000, 0x0000000781000000)
  object space 104960K, 87% used [0x0000000771000000,0x0000000776944998,0x0000000777680000)
}
Event: 2627.053 GC heap before
{Heap before GC invocations=429 (full 16):
 PSYoungGen      total 172544K, used 16K [0x00000007d5a80000, 0x00000007e0a00000, 0x0000000800000000)
  eden space 165376K, 0% used [0x00000007d5a80000,0x00000007d5a84100,0x00000007dfc00000)
  from space 7168K, 0% used [0x00000007e0300000,0x00000007e0300000,0x00000007e0a00000)
  to   space 7168K, 0% used [0x00000007dfc00000,0x00000007dfc00000,0x00000007e0300000)
 ParOldGen       total 724992K, used 494859K [0x0000000781000000, 0x00000007ad400000, 0x00000007d5a80000)
  object space 724992K, 68% used [0x0000000781000000,0x000000079f342d58,0x00000007ad400000)
 PSPermGen       total 104960K, used 91410K [0x0000000771000000, 0x0000000777680000, 0x0000000781000000)
  object space 104960K, 87% used [0x0000000771000000,0x0000000776944998,0x0000000777680000)
Event: 2627.061 GC heap after
Heap after GC invocations=429 (full 16):
 PSYoungGen      total 172544K, used 128K [0x00000007d5a80000, 0x00000007e0b00000, 0x0000000800000000)
  eden space 165376K, 0% used [0x00000007d5a80000,0x00000007d5a80000,0x00000007dfc00000)
  from space 7168K, 1% used [0x00000007dfc00000,0x00000007dfc20000,0x00000007e0300000)
  to   space 7680K, 0% used [0x00000007e0380000,0x00000007e0380000,0x00000007e0b00000)
 ParOldGen       total 724992K, used 494859K [0x0000000781000000, 0x00000007ad400000, 0x00000007d5a80000)
  object space 724992K, 68% used [0x0000000781000000,0x000000079f342d58,0x00000007ad400000)
 PSPermGen       total 104960K, used 91410K [0x0000000771000000, 0x0000000777680000, 0x0000000781000000)
  object space 104960K, 87% used [0x0000000771000000,0x0000000776944998,0x0000000777680000)
}
Event: 2627.061 GC heap before
{Heap before GC invocations=430 (full 17):
 PSYoungGen      total 172544K, used 128K [0x00000007d5a80000, 0x00000007e0b00000, 0x0000000800000000)
  eden space 165376K, 0% used [0x00000007d5a80000,0x00000007d5a80000,0x00000007dfc00000)
  from space 7168K, 1% used [0x00000007dfc00000,0x00000007dfc20000,0x00000007e0300000)
  to   space 7680K, 0% used [0x00000007e0380000,0x00000007e0380000,0x00000007e0b00000)
 ParOldGen       total 724992K, used 494859K [0x0000000781000000, 0x00000007ad400000, 0x00000007d5a80000)
  object space 724992K, 68% used [0x0000000781000000,0x000000079f342d58,0x00000007ad400000)
 PSPermGen       total 104960K, used 91410K [0x0000000771000000, 0x0000000777680000, 0x0000000781000000)
  object space 104960K, 87% used [0x0000000771000000,0x0000000776944998,0x0000000777680000)
Event: 2627.459 GC heap after
Heap after GC invocations=430 (full 17):
 PSYoungGen      total 172544K, used 0K [0x00000007d5a80000, 0x00000007e0b00000, 0x0000000800000000)
  eden space 165376K, 0% used [0x00000007d5a80000,0x00000007d5a80000,0x00000007dfc00000)
  from space 7168K, 0% used [0x00000007dfc00000,0x00000007dfc00000,0x00000007e0300000)
  to   space 7680K, 0% used [0x00000007e0380000,0x00000007e0380000,0x00000007e0b00000)
 ParOldGen       total 724992K, used 494859K [0x0000000781000000, 0x00000007ad400000, 0x00000007d5a80000)
  object space 724992K, 68% used [0x0000000781000000,0x000000079f342e68,0x00000007ad400000)
 PSPermGen       total 103424K, used 91410K [0x0000000771000000, 0x0000000777500000, 0x0000000781000000)
  object space 103424K, 88% used [0x0000000771000000,0x0000000776944998,0x0000000777500000)
}
Event: 2627.487 GC heap before
{Heap before GC invocations=431 (full 17):
 PSYoungGen      total 172544K, used 6397K [0x00000007d5a80000, 0x00000007e0b00000, 0x0000000800000000)
  eden space 165376K, 3% used [0x00000007d5a80000,0x00000007d60bf5a0,0x00000007dfc00000)
  from space 7168K, 0% used [0x00000007dfc00000,0x00000007dfc00000,0x00000007e0300000)
  to   space 7680K, 0% used [0x00000007e0380000,0x00000007e0380000,0x00000007e0b00000)
 ParOldGen       total 724992K, used 494859K [0x0000000781000000, 0x00000007ad400000, 0x00000007d5a80000)
  object space 724992K, 68% used [0x0000000781000000,0x000000079f342e68,0x00000007ad400000)
 PSPermGen       total 103424K, used 91410K [0x0000000771000000, 0x0000000777500000, 0x0000000781000000)
  object space 103424K, 88% used [0x0000000771000000,0x0000000776944ab8,0x0000000777500000)
Event: 2627.496 GC heap after
Heap after GC invocations=431 (full 17):
 PSYoungGen      total 173056K, used 288K [0x00000007d5a80000, 0x00000007e0b00000, 0x0000000800000000)
  eden space 165376K, 0% used [0x00000007d5a80000,0x00000007d5a80000,0x00000007dfc00000)
  from space 7680K, 3% used [0x00000007e0380000,0x00000007e03c8000,0x00000007e0b00000)
  to   space 7680K, 0% used [0x00000007dfc00000,0x00000007dfc00000,0x00000007e0380000)
 ParOldGen       total 724992K, used 494859K [0x0000000781000000, 0x00000007ad400000, 0x00000007d5a80000)
  object space 724992K, 68% used [0x0000000781000000,0x000000079f342e68,0x00000007ad400000)
 PSPermGen       total 103424K, used 91410K [0x0000000771000000, 0x0000000777500000, 0x0000000781000000)
  object space 103424K, 88% used [0x0000000771000000,0x0000000776944ab8,0x0000000777500000)
}
Event: 2627.496 GC heap before
{Heap before GC invocations=432 (full 18):
 PSYoungGen      total 173056K, used 288K [0x00000007d5a80000, 0x00000007e0b00000, 0x0000000800000000)
  eden space 165376K, 0% used [0x00000007d5a80000,0x00000007d5a80000,0x00000007dfc00000)
  from space 7680K, 3% used [0x00000007e0380000,0x00000007e03c8000,0x00000007e0b00000)
  to   space 7680K, 0% used [0x00000007dfc00000,0x00000007dfc00000,0x00000007e0380000)
 ParOldGen       total 724992K, used 494859K [0x0000000781000000, 0x00000007ad400000, 0x00000007d5a80000)
  object space 724992K, 68% used [0x0000000781000000,0x000000079f342e68,0x00000007ad400000)
 PSPermGen       total 103424K, used 91410K [0x0000000771000000, 0x0000000777500000, 0x0000000781000000)
  object space 103424K, 88% used [0x0000000771000000,0x0000000776944ab8,0x0000000777500000)
Event: 2627.987 GC heap after
Heap after GC invocations=432 (full 18):
 PSYoungGen      total 173056K, used 0K [0x00000007d5a80000, 0x00000007e0b00000, 0x0000000800000000)
  eden space 165376K, 0% used [0x00000007d5a80000,0x00000007d5a80000,0x00000007dfc00000)
  from space 7680K, 0% used [0x00000007e0380000,0x00000007e0380000,0x00000007e0b00000)
  to   space 7680K, 0% used [0x00000007dfc00000,0x00000007dfc00000,0x00000007e0380000)
 ParOldGen       total 724992K, used 494870K [0x0000000781000000, 0x00000007ad400000, 0x00000007d5a80000)
  object space 724992K, 68% used [0x0000000781000000,0x000000079f3458a8,0x00000007ad400000)
 PSPermGen       total 101888K, used 91410K [0x0000000771000000, 0x0000000777380000, 0x0000000781000000)
  object space 101888K, 89% used [0x0000000771000000,0x0000000776944a38,0x0000000777380000)
}

Deoptimization events (10 events):
Event: 2623.195 Thread 0x000000000221b800 Uncommon trap: reason=unhandled action=none pc=0x00000000024ce15c method=java.lang.Integer.parseInt(Ljava/lang/String;I)I @ 204
Event: 2624.194 Thread 0x000000000221b800 Uncommon trap: reason=unhandled action=none pc=0x00000000024ce15c method=java.lang.Integer.parseInt(Ljava/lang/String;I)I @ 204
Event: 2625.193 Thread 0x000000000221b800 Uncommon trap: reason=unhandled action=none pc=0x00000000024ce15c method=java.lang.Integer.parseInt(Ljava/lang/String;I)I @ 204
Event: 2625.890 Thread 0x000000000221b800 Uncommon trap: reason=unloaded action=reinterpret pc=0x0000000002d49a6c method=net.minecraft.client.renderer.Tessellator.startDrawing(I)V @ 7
Event: 2625.893 Thread 0x000000000221b800 Uncommon trap: reason=unloaded action=reinterpret pc=0x0000000003332448 method=net.minecraft.client.renderer.Tessellator.startDrawing(I)V @ 7
Event: 2625.944 Thread 0x000000000221b800 Uncommon trap: reason=null_check action=make_not_entrant pc=0x0000000002f0b1b0 method=net.minecraft.entity.EntityList.getEntityString(Lnet/minecraft/entity/Entity;)Ljava/lang/String; @ 12
Event: 2627.460 Thread 0x000000000221b800 Uncommon trap: reason=unloaded action=reinterpret pc=0x0000000002bc846c method=net.minecraft.client.renderer.Tessellator.startDrawing(I)V @ 7
Event: 2628.223 Thread 0x0000000030ff7000 Uncommon trap: reason=bimorphic action=maybe_recompile pc=0x00000000035308ac method=net.minecraft.network.NetworkManager.channelRead0(Lio/netty/channel/ChannelHandlerContext;Lnet/minecraft/network/Packet;)V @ 24
Event: 2628.658 Thread 0x0000000016c9f800 Uncommon trap: reason=class_check action=maybe_recompile pc=0x0000000003669d50 method=java.lang.System$2.getEnumConstantsShared(Ljava/lang/Class;)[Ljava/lang/Enum; @ 4
Event: 2628.739 Thread 0x0000000016c9f800 Uncommon trap: reason=unreached action=reinterpret pc=0x00000000037649a0 method=java.lang.Class.getDeclaredField(Ljava/lang/String;)Ljava/lang/reflect/Field; @ 21

Internal exceptions (10 events):
Event: 2625.812 Thread 0x000000001671b000 Threw 0x00000007d9ee2928 at C:\re\jdk7u55\869\hotspot\src\share\vm\prims\jvm.cpp:2965
Event: 2625.817 Thread 0x000000001671b000 Threw 0x00000007d9ee2ae8 at C:\re\jdk7u55\869\hotspot\src\share\vm\prims\jvm.cpp:2965
Event: 2625.820 Thread 0x000000001671b000 Threw 0x00000007d9ee2ca8 at C:\re\jdk7u55\869\hotspot\src\share\vm\prims\jvm.cpp:2965
Event: 2625.826 Thread 0x000000001671b000 Threw 0x00000007d9ee2e68 at C:\re\jdk7u55\869\hotspot\src\share\vm\prims\jvm.cpp:2965
Event: 2625.834 Thread 0x000000001671b000 Threw 0x00000007d9ee3028 at C:\re\jdk7u55\869\hotspot\src\share\vm\prims\jvm.cpp:2965
Event: 2628.743 Thread 0x000000000f7c0800 Threw 0x00000007d6e4dca8 at C:\re\jdk7u55\869\hotspot\src\share\vm\prims\jvm.cpp:1244
Event: 2628.744 Thread 0x000000000f7c0800 Threw 0x00000007d6e64520 at C:\re\jdk7u55\869\hotspot\src\share\vm\prims\jvm.cpp:1244
Event: 2628.745 Thread 0x000000000f7c0800 Threw 0x00000007d6e6a9d8 at C:\re\jdk7u55\869\hotspot\src\share\vm\prims\jvm.cpp:1244
Event: 2628.745 Thread 0x000000000f7c1800 Threw 0x00000007d6e824e0 at C:\re\jdk7u55\869\hotspot\src\share\vm\prims\jvm.cpp:1244
Event: 2628.745 Thread 0x000000000f7c1800 Threw 0x00000007d6e881f8 at C:\re\jdk7u55\869\hotspot\src\share\vm\prims\jvm.cpp:1244

Events (10 events):
Event: 2628.745 loading class 0x000000000ecf24a0 done
Event: 2628.745 Thread 0x000000000f7c1800 DEOPT PACKING pc=0x0000000002be9270 sp=0x000000002a92e7f0
Event: 2628.745 Thread 0x000000000f7c1800 DEOPT UNPACKING pc=0x00000000024592b9 sp=0x000000002a92e4b8 mode 1
Event: 2628.745 Thread 0x000000000f7c1800 DEOPT PACKING pc=0x0000000002bf6b0c sp=0x000000002a92e960
Event: 2628.745 Thread 0x000000000f7c1800 DEOPT UNPACKING pc=0x00000000024592b9 sp=0x000000002a92e680 mode 1
Event: 2628.745 Thread 0x000000000f7c0800 Thread exited: 0x000000000f7c0800
Event: 2628.748 Thread 0x000000000f7c1800 Thread exited: 0x000000000f7c1800
Event: 2628.785 Thread 0x000000000f740000 Thread exited: 0x000000000f740000
Event: 2628.843 Thread 0x0000000030ff6800 Thread exited: 0x0000000030ff6800
Event: 2628.843 Executing VM operation: Exit


Dynamic libraries:
0x000000013f6d0000 - 0x000000013f703000 	C:\Program Files\Java\jre7\bin\javaw.exe
0x0000000077320000 - 0x00000000774c9000 	C:\Windows\SYSTEM32\ntdll.dll
0x0000000077100000 - 0x000000007721f000 	C:\Windows\system32\kernel32.dll
0x000007fefd1c0000 - 0x000007fefd22c000 	C:\Windows\system32\KERNELBASE.dll
0x000007fefea90000 - 0x000007fefeb6b000 	C:\Windows\system32\ADVAPI32.dll
0x000007feff590000 - 0x000007feff62f000 	C:\Windows\system32\msvcrt.dll
0x000007feff570000 - 0x000007feff58f000 	C:\Windows\SYSTEM32\sechost.dll
0x000007fefe6f0000 - 0x000007fefe81d000 	C:\Windows\system32\RPCRT4.dll
0x0000000077220000 - 0x000000007731a000 	C:\Windows\system32\USER32.dll
0x000007fefd7d0000 - 0x000007fefd837000 	C:\Windows\system32\GDI32.dll
0x000007fefd4a0000 - 0x000007fefd4ae000 	C:\Windows\system32\LPK.dll
0x000007fefd840000 - 0x000007fefd909000 	C:\Windows\system32\USP10.dll
0x000007fefb2e0000 - 0x000007fefb4d4000 	C:\Windows\WinSxS\amd64_microsoft.windows.common-controls_6595b64144ccf1df_6.0.7601.17514_none_fa396087175ac9ac\COMCTL32.dll
0x000007fefeba0000 - 0x000007fefec11000 	C:\Windows\system32\SHLWAPI.dll
0x000007fefeb70000 - 0x000007fefeb9e000 	C:\Windows\system32\IMM32.DLL
0x000007fefe980000 - 0x000007fefea89000 	C:\Windows\system32\MSCTF.dll
0x00000000732d0000 - 0x00000000733a2000 	C:\Program Files\Java\jre7\bin\msvcr100.dll
0x0000000063a70000 - 0x0000000064239000 	C:\Program Files\Java\jre7\bin\server\jvm.dll
0x000007fef34f0000 - 0x000007fef34f9000 	C:\Windows\system32\WSOCK32.dll
0x000007fefd910000 - 0x000007fefd95d000 	C:\Windows\system32\WS2_32.dll
0x000007fefd4b0000 - 0x000007fefd4b8000 	C:\Windows\system32\NSI.dll
0x000007fefab30000 - 0x000007fefab6b000 	C:\Windows\system32\WINMM.dll
0x00000000774e0000 - 0x00000000774e7000 	C:\Windows\system32\PSAPI.DLL
0x00000000733f0000 - 0x00000000733ff000 	C:\Program Files\Java\jre7\bin\verify.dll
0x00000000732a0000 - 0x00000000732c8000 	C:\Program Files\Java\jre7\bin\java.dll
0x00000000730d0000 - 0x0000000073105000 	C:\Program Files\Java\jre7\bin\jdwp.dll
0x00000000733e0000 - 0x00000000733e8000 	C:\Program Files\Java\jre7\bin\npt.dll
0x0000000073280000 - 0x0000000073295000 	C:\Program Files\Java\jre7\bin\zip.dll
0x0000000073140000 - 0x0000000073149000 	C:\Program Files\Java\jre7\bin\dt_socket.dll
0x000007fefbad0000 - 0x000007fefbae5000 	C:\Windows\system32\NLAapi.dll
0x000007fef54b0000 - 0x000007fef54c5000 	C:\Windows\system32\napinsp.dll
0x000007fef5490000 - 0x000007fef54a9000 	C:\Windows\system32\pnrpnsp.dll
0x000007fefc8c0000 - 0x000007fefc915000 	C:\Windows\System32\mswsock.dll
0x000007fefc740000 - 0x000007fefc79b000 	C:\Windows\system32\DNSAPI.dll
0x000007fef5480000 - 0x000007fef548b000 	C:\Windows\System32\winrnr.dll
0x000007fefb9b0000 - 0x000007fefb9d7000 	C:\Windows\system32\IPHLPAPI.DLL
0x000007fefb9a0000 - 0x000007fefb9ab000 	C:\Windows\system32\WINNSI.DLL
0x000007fefb860000 - 0x000007fefb8b3000 	C:\Windows\System32\fwpuclnt.dll
0x000007fef5470000 - 0x000007fef5478000 	C:\Windows\system32\rasadhlp.dll
0x000007fefc2a0000 - 0x000007fefc2a7000 	C:\Windows\System32\wshtcpip.dll
0x0000000073130000 - 0x000000007313b000 	C:\Program Files\Java\jre7\bin\management.dll
0x0000000073260000 - 0x0000000073279000 	C:\Program Files\Java\jre7\bin\net.dll
0x000007fefc8b0000 - 0x000007fefc8b7000 	C:\Windows\System32\wship6.dll
0x0000000073180000 - 0x0000000073191000 	C:\Program Files\Java\jre7\bin\nio.dll
0x0000000073150000 - 0x0000000073174000 	C:\Program Files\Java\jre7\bin\sunec.dll
0x0000000073250000 - 0x000000007325b000 	C:\Program Files\Java\jre7\bin\sunmscapi.dll
0x000007fefd230000 - 0x000007fefd39d000 	C:\Windows\system32\CRYPT32.dll
0x000007fefd0e0000 - 0x000007fefd0ef000 	C:\Windows\system32\MSASN1.dll
0x000007fefc920000 - 0x000007fefc938000 	C:\Windows\system32\CRYPTSP.dll
0x000007fefc620000 - 0x000007fefc667000 	C:\Windows\system32\rsaenh.dll
0x000007fefd3c0000 - 0x000007fefd3de000 	C:\Windows\system32\USERENV.dll
0x000007fefd0f0000 - 0x000007fefd0ff000 	C:\Windows\system32\profapi.dll
0x000007fefcf80000 - 0x000007fefcf8f000 	C:\Windows\system32\CRYPTBASE.dll
0x000007fefb830000 - 0x000007fefb841000 	C:\Windows\system32\dhcpcsvc6.DLL
0x000007fefb7b0000 - 0x000007fefb7c8000 	C:\Windows\system32\dhcpcsvc.DLL
0x0000000072f30000 - 0x00000000730c5000 	C:\Program Files\Java\jre7\bin\awt.dll
0x000007fefe8a0000 - 0x000007fefe977000 	C:\Windows\system32\OLEAUT32.dll
0x000007feff130000 - 0x000007feff333000 	C:\Windows\system32\ole32.dll
0x000007fefae90000 - 0x000007fefaee6000 	C:\Windows\system32\uxtheme.dll
0x000007fee1ca0000 - 0x000007fee1cc5000 	C:\Program Files (x86)\Raptr\ltc_help64-94307.dll
0x000007fefd960000 - 0x000007fefe6e9000 	C:\Windows\system32\SHELL32.dll
0x000007fefd400000 - 0x000007fefd43b000 	C:\Windows\system32\WINTRUST.dll
0x000007fefa8e0000 - 0x000007fefa8f8000 	C:\Windows\system32\dwmapi.dll
0x0000000072ee0000 - 0x0000000072f27000 	C:\Program Files\Java\jre7\bin\fontmanager.dll
0x000007fefc1b0000 - 0x000007fefc1bc000 	C:\Windows\system32\VERSION.dll
0x000007fef3050000 - 0x000007fef319c000 	C:\Windows\system32\aticfx64.dll
0x000007fefc180000 - 0x000007fefc1ac000 	C:\Windows\system32\POWRPROF.dll
0x000007fefec80000 - 0x000007fefee57000 	C:\Windows\system32\SETUPAPI.dll
0x000007fefd460000 - 0x000007fefd496000 	C:\Windows\system32\CFGMGR32.dll
0x000007fefd1a0000 - 0x000007fefd1ba000 	C:\Windows\system32\DEVOBJ.dll
0x00000000634d0000 - 0x0000000063511000 	C:\Program Files\Java\jre7\bin\t2k.dll
0x0000000180000000 - 0x0000000180051000 	C:\Users\Daniel\.gradle\caches\minecraft\net\minecraft\minecraft_natives\1.7.10\lwjgl64.dll
0x000007fee0f80000 - 0x000007fee109d000 	C:\Windows\system32\OPENGL32.dll
0x000007fef5380000 - 0x000007fef53ad000 	C:\Windows\system32\GLU32.dll
0x000007fedc370000 - 0x000007fedc461000 	C:\Windows\system32\DDRAW.dll
0x000007fee5c00000 - 0x000007fee5c08000 	C:\Windows\system32\DCIMAN32.dll
0x000007fef5300000 - 0x000007fef5318000 	C:\Windows\system32\atig6pxx.dll
0x0000000068a40000 - 0x000000006a5ee000 	C:\Windows\system32\atio6axx.dll
0x000007fee6620000 - 0x000007fee6758000 	C:\Windows\system32\atiadlxx.dll
0x000007fefbdb0000 - 0x000007fefbedc000 	C:\Windows\system32\PROPSYS.dll
0x000007fefc1c0000 - 0x000007fefc1d1000 	C:\Windows\system32\WTSAPI32.dll
0x000007fee1160000 - 0x000007fee1189000 	C:\Windows\system32\atig6txx.dll
0x000007fefd4c0000 - 0x000007fefd559000 	C:\Windows\system32\CLBCatQ.DLL
0x000007fed7b60000 - 0x000007fed7bfc000 	C:\Windows\system32\mscms.dll
0x000007fed7ac0000 - 0x000007fed7b02000 	C:\Windows\system32\icm32.dll
0x0000000070a40000 - 0x0000000070adc000 	C:\Users\Daniel\.gradle\caches\minecraft\net\minecraft\minecraft_natives\1.7.10\avutil-ttv-51.dll
0x0000000065980000 - 0x00000000659d6000 	C:\Users\Daniel\.gradle\caches\minecraft\net\minecraft\minecraft_natives\1.7.10\swresample-ttv-0.dll
0x000000006eb80000 - 0x000000006ec50000 	C:\Users\Daniel\.gradle\caches\minecraft\net\minecraft\minecraft_natives\1.7.10\libmp3lame-ttv.dll
0x000007fed0b80000 - 0x000007fed1f24000 	C:\Users\Daniel\.gradle\caches\minecraft\net\minecraft\minecraft_natives\1.7.10\libmfxsw64.dll
0x000007fed9ad0000 - 0x000007fed9bfb000 	C:\Users\Daniel\.gradle\caches\minecraft\net\minecraft\minecraft_natives\1.7.10\twitchsdk.dll
0x000007fefd560000 - 0x000007fefd7a8000 	C:\Windows\system32\WININET.dll
0x000007fefd440000 - 0x000007fefd444000 	C:\Windows\system32\api-ms-win-downlevel-user32-l1-1-0.dll
0x000007fefd3a0000 - 0x000007fefd3a4000 	C:\Windows\system32\api-ms-win-downlevel-shlwapi-l1-1-0.dll
0x000007fefd3b0000 - 0x000007fefd3b4000 	C:\Windows\system32\api-ms-win-downlevel-version-l1-1-0.dll
0x000007fefd3e0000 - 0x000007fefd3e3000 	C:\Windows\system32\api-ms-win-downlevel-normaliz-l1-1-0.dll
0x00000000774f0000 - 0x00000000774f3000 	C:\Windows\system32\normaliz.DLL
0x000007fefee60000 - 0x000007feff127000 	C:\Windows\system32\iertutil.dll
0x000007fefd450000 - 0x000007fefd455000 	C:\Windows\system32\api-ms-win-downlevel-advapi32-l1-1-0.dll
0x000007fee1100000 - 0x000007fee115f000 	C:\Program Files\OBS\plugins\GraphicsCapture\GraphicsCaptureHook64.dll
0x000007fefd7b0000 - 0x000007fefd7c9000 	C:\Windows\system32\imagehlp.dll
0x000007fefcaa0000 - 0x000007fefcaf0000 	C:\Windows\system32\ncrypt.dll
0x000007fefca70000 - 0x000007fefca92000 	C:\Windows\system32\bcrypt.dll
0x000007fefc560000 - 0x000007fefc5ac000 	C:\Windows\system32\bcryptprimitives.dll
0x000007fefc390000 - 0x000007fefc3ab000 	C:\Windows\system32\GPAPI.dll
0x000007fefa590000 - 0x000007fefa5b7000 	C:\Windows\system32\cryptnet.dll
0x000007fefec20000 - 0x000007fefec72000 	C:\Windows\system32\WLDAP32.dll
0x000007fef80d0000 - 0x000007fef80d9000 	C:\Windows\system32\SensApi.dll
0x000007fef37c0000 - 0x000007fef37f4000 	C:\Windows\system32\d3d10_1.dll
0x000007fef3760000 - 0x000007fef37b7000 	C:\Windows\system32\d3d10_1core.dll
0x000007fef3700000 - 0x000007fef375d000 	C:\Windows\system32\dxgi.dll
0x000007fef3520000 - 0x000007fef36f5000 	C:\Windows\system32\d3d11.dll
0x000007fef34c0000 - 0x000007fef34e6000 	C:\Windows\system32\atiuxp64.dll
0x000007fef25c0000 - 0x000007fef3045000 	C:\Windows\system32\atidxx64.dll
0x000000000da10000 - 0x000000000da74000 	C:\Users\Daniel\.gradle\caches\minecraft\net\minecraft\minecraft_natives\1.7.10\OpenAL64.dll
0x000007fefbee0000 - 0x000007fefbf2b000 	C:\Windows\System32\MMDevApi.dll
0x000007fef1ad0000 - 0x000007fef1b58000 	C:\Windows\system32\dsound.dll
0x000007fefa980000 - 0x000007fefa9cf000 	C:\Windows\system32\AUDIOSES.DLL
0x000007fedc240000 - 0x000007fedc365000 	C:\Windows\system32\dbghelp.dll

VM Arguments:
jvm_args: -agentlib:jdwp=transport=dt_socket,suspend=y,address=localhost:57336 -Dfml.ignoreInvalidMinecraftCertificates=true -XX:MaxPermSize=256m -Dfile.encoding=Cp1252 
java_command: GradleStart --version 1.7 --tweakClass cpw.mods.fml.common.launcher.FMLTweaker --accessToken forgeTest --userProperties={} --username=blu.sunrize@yahoo.de --password=Dannyl1694 --assetIndex 1.7.10 --uuid=test --assetsDir C:/Users/Daniel/.gradle/caches/minecraft/assets
Launcher Type: SUN_STANDARD

Environment Variables:
PATH=C:\Program Files (x86)\NVIDIA Corporation\PhysX\Common;C:\Program Files (x86)\Intel\iCLS Client\;C:\Program Files\Intel\iCLS Client\;C:\Windows\system32;C:\Windows;C:\Windows\System32\Wbem;C:\Windows\System32\WindowsPowerShell\v1.0\;C:\Program Files\Intel\Intel(R) Management Engine Components\DAL;C:\Program Files\Intel\Intel(R) Management Engine Components\IPT;C:\Program Files (x86)\Intel\Intel(R) Management Engine Components\DAL;C:\Program Files (x86)\Intel\Intel(R) Management Engine Components\IPT;C:\Program Files (x86)\ATI Technologies\ATI.ACE\Core-Static;C:\Program Files (x86)\Git\cmd;E:\Program Files\Csound6\bin;C:\Program Files (x86)\AMD\ATI.ACE\Core-Static;C:\Program Files (x86)\Skype\Phone\
USERNAME=Daniel
OS=Windows_NT
PROCESSOR_IDENTIFIER=Intel64 Family 6 Model 60 Stepping 3, GenuineIntel



---------------  S Y S T E M  ---------------

OS: Windows 7 , 64 bit Build 7601 Service Pack 1

CPU:total 8 (4 cores per cpu, 2 threads per core) family 6 model 60 stepping 3, cmov, cx8, fxsr, mmx, sse, sse2, sse3, ssse3, sse4.1, sse4.2, popcnt, avx, avx2, aes, erms, ht, tsc, tscinvbit

Memory: 4k page, physical 8317496k(1132460k free), swap 16633136k(6012392k free)

vm_info: Java HotSpot(TM) 64-Bit Server VM (24.55-b03) for windows-amd64 JRE (1.7.0_55-b13), built on Mar 17 2014 19:45:30 by "java_re" with unknown MS VC++:1600

time: Wed Apr 08 20:43:09 2015
elapsed time: 2629 seconds

