#
# A fatal error has been detected by the Java Runtime Environment:
#
#  EXCEPTION_ACCESS_VIOLATION (0xc0000005) at pc=0x000007fedbebd6c4, pid=4440, tid=11924
#
# JRE version: Java(TM) SE Runtime Environment (7.0_55-b13) (build 1.7.0_55-b13)
# Java VM: Java HotSpot(TM) 64-Bit Server VM (24.55-b03 mixed mode windows-amd64 compressed oops)
# Problematic frame:
# C  [OPENGL32.dll+0xdd6c4]
#
# Failed to write core dump. Minidumps are not enabled by default on client versions of Windows
#
# If you would like to submit a bug report, please visit:
#   http://bugreport.sun.com/bugreport/crash.jsp
#

---------------  T H R E A D  ---------------

Current thread (0x000000000b8ee800):  VMThread [stack: 0x000000000d720000,0x000000000d820000] [id=11924]

siginfo: ExceptionCode=0xc0000005, reading address 0x0000000000000a38

Registers:
RAX=0x0000000000000000, RBX=0x000000001ccf7ac0, RCX=0x0000000000000001, RDX=0x000000001ccf7ac8
RSP=0x000000000d81f2a8, RBP=0x0000000000000000, RSI=0x000000001ccfb610, RDI=0x000000001ccfb610
R8 =0x000000000d81f328, R9 =0x00000000022af0e0, R10=0x0000000000000000, R11=0x0000000000000286
R12=0x0000000000000000, R13=0x0000000010d1c678, R14=0x0000000010d1c550, R15=0x0000000000000000
RIP=0x000007fedbebd6c4, EFLAGS=0x0000000000010287

Top of Stack: (sp=0x000000000d81f2a8)
0x000000000d81f2a8:   000007fed3e01c5b 0000000000000000
0x000000000d81f2b8:   0000000000000001 00000000ffffffff
0x000000000d81f2c8:   000007fed3f99ac0 0000000000000000
0x000000000d81f2d8:   000007fed3e068d7 0000000010d1c678
0x000000000d81f2e8:   0000000000000001 0000000010d1c660
0x000000000d81f2f8:   0000000010d1c550 fffffffffffffffe
0x000000000d81f308:   0000000077311a7a 0000000000000000
0x000000000d81f318:   000007fed3e06fa9 000000001ccfb610
0x000000000d81f328:   000000001ccfdf70 000007fed3ed4c90
0x000000000d81f338:   000007fed3e762ac fffffffffffffffe
0x000000000d81f348:   0000000010d115c0 0000000000000001
0x000000000d81f358:   0000000010d1c658 0000000010d1c550
0x000000000d81f368:   000007fed3e7d325 000007fed3f99840
0x000000000d81f378:   000007fed3ed4c80 00000000022af0e0
0x000000000d81f388:   0000000000000031 0000000010d1c658
0x000000000d81f398:   0000000010d1c550 0000000010d1c550 

Instructions: (pc=0x000007fedbebd6c4)
0x000007fedbebd6a4:   cc cc cc cc cc cc 66 0f 1f 44 00 00 8b 05 16 0c
0x000007fedbebd6b4:   01 00 83 f8 40 73 0f 65 48 8b 04 c5 80 14 00 00
0x000007fedbebd6c4:   ff a0 38 0a 00 00 b8 47 01 00 00 e9 ec d4 ff ff
0x000007fedbebd6d4:   cc cc cc cc cc cc 66 0f 1f 44 00 00 8b 05 e6 0b 


Register to memory mapping:

RAX=0x0000000000000000 is an unknown value
RBX=0x000000001ccf7ac0 is an unknown value
RCX=0x0000000000000001 is an unknown value
RDX=0x000000001ccf7ac8 is an unknown value
RSP=0x000000000d81f2a8 is an unknown value
RBP=0x0000000000000000 is an unknown value
RSI=0x000000001ccfb610 is an unknown value
RDI=0x000000001ccfb610 is an unknown value
R8 =0x000000000d81f328 is an unknown value
R9 =0x00000000022af0e0 is an unknown value
R10=0x0000000000000000 is an unknown value
R11=0x0000000000000286 is an unknown value
R12=0x0000000000000000 is an unknown value
R13=0x0000000010d1c678 is an unknown value
R14=0x0000000010d1c550 is an unknown value
R15=0x0000000000000000 is an unknown value


Stack: [0x000000000d720000,0x000000000d820000],  sp=0x000000000d81f2a8,  free space=1020k
Native frames: (J=compiled Java code, j=interpreted, Vv=VM code, C=native code)
C  [OPENGL32.dll+0xdd6c4]

[error occurred during error reporting (printing native stack), id 0xc0000005]

VM_Operation (0x000000000275ea50): Exit, mode: safepoint, requested by thread 0x000000000228b800


---------------  P R O C E S S  ---------------

Java Threads: ( => current thread )
  0x000000001392a800 JavaThread "AWT-Shutdown" [_thread_blocked, id=12104, stack(0x0000000017590000,0x0000000017690000)]
  0x0000000013925000 JavaThread "File IO Thread" [_thread_blocked, id=11060, stack(0x00000000280e0000,0x00000000281e0000)]
  0x0000000013923000 JavaThread "Netty IO #1" daemon [_thread_in_native, id=10884, stack(0x0000000017830000,0x0000000017930000)]
  0x0000000013922000 JavaThread "Netty Client IO #0" daemon [_thread_in_native, id=8252, stack(0x00000000176a0000,0x00000000177a0000)]
  0x0000000013921800 JavaThread "Netty IO #0" daemon [_thread_in_native, id=9428, stack(0x0000000017460000,0x0000000017560000)]
  0x0000000013920800 JavaThread "Server thread" [_thread_blocked, id=6664, stack(0x00000000172b0000,0x00000000173b0000)]
  0x000000001391e800 JavaThread "LWJGL Timer" daemon [_thread_blocked, id=8732, stack(0x000000001edc0000,0x000000001eec0000)]
  0x000000001233f800 JavaThread "Java2D Disposer" daemon [_thread_blocked, id=12232, stack(0x0000000012800000,0x0000000012900000)]
  0x000000001263b800 JavaThread "Timer hack thread" daemon [_thread_blocked, id=896, stack(0x00000000115e0000,0x00000000116e0000)]
  0x0000000011b73000 JavaThread "Snooper Timer" daemon [_thread_blocked, id=10200, stack(0x0000000014dc0000,0x0000000014ec0000)]
  0x000000000c7af800 JavaThread "Service Thread" daemon [_thread_blocked, id=11836, stack(0x000000000eaa0000,0x000000000eba0000)]
  0x000000000c7af000 JavaThread "C2 CompilerThread1" daemon [_thread_blocked, id=8208, stack(0x000000000edb0000,0x000000000eeb0000)]
  0x000000000c7ac000 JavaThread "C2 CompilerThread0" daemon [_thread_blocked, id=11320, stack(0x000000000ebf0000,0x000000000ecf0000)]
  0x000000000c799000 JavaThread "JDWP Command Reader" daemon [_thread_blocked, id=9356, stack(0x000000000e920000,0x000000000ea20000)]
  0x000000000c797800 JavaThread "JDWP Event Helper Thread" daemon [_thread_blocked, id=8112, stack(0x000000000e740000,0x000000000e840000)]
  0x000000000c78c000 JavaThread "JDWP Transport Listener: dt_socket" daemon [_thread_blocked, id=11644, stack(0x000000000e5e0000,0x000000000e6e0000)]
  0x000000000b90e800 JavaThread "Attach Listener" daemon [_thread_blocked, id=4796, stack(0x000000000dd80000,0x000000000de80000)]
  0x000000000b90a000 JavaThread "Signal Dispatcher" daemon [_thread_blocked, id=9624, stack(0x000000000dbd0000,0x000000000dcd0000)]
  0x000000000231c000 JavaThread "Finalizer" daemon [_thread_blocked, id=5384, stack(0x000000000d820000,0x000000000d920000)]
  0x000000000231b000 JavaThread "Reference Handler" daemon [_thread_blocked, id=1912, stack(0x000000000d950000,0x000000000da50000)]
  0x000000000228b800 JavaThread "Client thread" [_thread_blocked, id=11496, stack(0x0000000002660000,0x0000000002760000)]

Other Threads:
=>0x000000000b8ee800 VMThread [stack: 0x000000000d720000,0x000000000d820000] [id=11924]

VM state:at safepoint (shutting down)

VM Mutex/Monitor currently owned by a thread:  ([mutex/lock_event])
[0x0000000002289780] Threads_lock - owner thread: 0x000000000b8ee800

Heap
 PSYoungGen      total 578560K, used 53827K [0x00000007d5a80000, 0x00000007fef00000, 0x0000000800000000)
  eden space 572928K, 8% used [0x00000007d5a80000,0x00000007d89d03e0,0x00000007f8a00000)
  from space 5632K, 95% used [0x00000007f8a00000,0x00000007f8f40b30,0x00000007f8f80000)
  to   space 50688K, 0% used [0x00000007fbd80000,0x00000007fbd80000,0x00000007fef00000)
 ParOldGen       total 329216K, used 184712K [0x0000000781000000, 0x0000000795180000, 0x00000007d5a80000)
  object space 329216K, 56% used [0x0000000781000000,0x000000078c462190,0x0000000795180000)
 PSPermGen       total 64512K, used 47911K [0x0000000771000000, 0x0000000774f00000, 0x0000000781000000)
  object space 64512K, 74% used [0x0000000771000000,0x0000000773ec9e38,0x0000000774f00000)

Card table byte_map: [0x0000000005760000,0x0000000005be0000] byte_map_base: 0x0000000001bd8000

Polling page: 0x0000000000120000

Code Cache  [0x0000000002760000, 0x0000000003610000, 0x0000000005760000)
 total_blobs=4962 nmethods=4120 adapters=800 free_code_cache=34306Kb largest_free_block=34939200

Compilation events (10 events):
Event: 547.721 Thread 0x000000000c7ac000 4504             cpw.mods.fml.common.eventhandler.ASMEventHandler_28_CCCEventHandler_clientTick_ClientTickEvent::invoke (15 bytes)
Event: 547.724 Thread 0x000000000c7ac000 nmethod 4504 0x00000000035f7b10 code [0x00000000035f7cc0, 0x00000000035f8418]
Event: 549.526 Thread 0x000000000c7af000 4505             com.google.gson.internal.bind.TypeAdapters$25::write (256 bytes)
Event: 549.549 Thread 0x000000000c7ac000 4506 %           com.google.gson.stream.JsonWriter::newline @ 24 (47 bytes)
Event: 549.551 Thread 0x000000000c7ac000 nmethod 4506% 0x00000000035e6fd0 code [0x00000000035e7140, 0x00000000035e73a8]
Event: 549.552 Thread 0x000000000c7ac000 4507             com.google.gson.stream.JsonWriter::newline (47 bytes)
Event: 549.554 Thread 0x000000000c7ac000 nmethod 4507 0x00000000035dacd0 code [0x00000000035dae40, 0x00000000035db0b8]
Event: 549.628 Thread 0x000000000c7af000 nmethod 4505 0x00000000035ff350 code [0x00000000035ffc80, 0x00000000036049d8]
Event: 549.628 Thread 0x000000000c7ac000 4508             com.google.gson.stream.JsonWriter::beforeValue (155 bytes)
Event: 549.634 Thread 0x000000000c7ac000 nmethod 4508 0x00000000035fd9d0 code [0x00000000035fdbc0, 0x00000000035fe700]

GC Heap History (10 events):
Event: 441.228 GC heap before
{Heap before GC invocations=48 (full 7):
 PSYoungGen      total 626688K, used 571878K [0x00000007d5a80000, 0x00000007ffc00000, 0x0000000800000000)
  eden space 566784K, 100% used [0x00000007d5a80000,0x00000007f8400000,0x00000007f8400000)
  from space 59904K, 8% used [0x00000007fc180000,0x00000007fc6798b0,0x00000007ffc00000)
  to   space 61440K, 0% used [0x00000007f8400000,0x00000007f8400000,0x00000007fc000000)
 ParOldGen       total 329216K, used 184712K [0x0000000781000000, 0x0000000795180000, 0x00000007d5a80000)
  object space 329216K, 56% used [0x0000000781000000,0x000000078c462190,0x0000000795180000)
 PSPermGen       total 64512K, used 47828K [0x0000000771000000, 0x0000000774f00000, 0x0000000781000000)
  object space 64512K, 74% used [0x0000000771000000,0x0000000773eb52e0,0x0000000774f00000)
Event: 441.232 GC heap after
Heap after GC invocations=48 (full 7):
 PSYoungGen      total 628224K, used 4870K [0x00000007d5a80000, 0x00000007ffb00000, 0x0000000800000000)
  eden space 566784K, 0% used [0x00000007d5a80000,0x00000007d5a80000,0x00000007f8400000)
  from space 61440K, 7% used [0x00000007f8400000,0x00000007f88c18b0,0x00000007fc000000)
  to   space 59392K, 0% used [0x00000007fc100000,0x00000007fc100000,0x00000007ffb00000)
 ParOldGen       total 329216K, used 184712K [0x0000000781000000, 0x0000000795180000, 0x00000007d5a80000)
  object space 329216K, 56% used [0x0000000781000000,0x000000078c462190,0x0000000795180000)
 PSPermGen       total 64512K, used 47828K [0x0000000771000000, 0x0000000774f00000, 0x0000000781000000)
  object space 64512K, 74% used [0x0000000771000000,0x0000000773eb52e0,0x0000000774f00000)
}
Event: 458.406 GC heap before
{Heap before GC invocations=49 (full 7):
 PSYoungGen      total 628224K, used 571654K [0x00000007d5a80000, 0x00000007ffb00000, 0x0000000800000000)
  eden space 566784K, 100% used [0x00000007d5a80000,0x00000007f8400000,0x00000007f8400000)
  from space 61440K, 7% used [0x00000007f8400000,0x00000007f88c18b0,0x00000007fc000000)
  to   space 59392K, 0% used [0x00000007fc100000,0x00000007fc100000,0x00000007ffb00000)
 ParOldGen       total 329216K, used 184712K [0x0000000781000000, 0x0000000795180000, 0x00000007d5a80000)
  object space 329216K, 56% used [0x0000000781000000,0x000000078c462190,0x0000000795180000)
 PSPermGen       total 64512K, used 47834K [0x0000000771000000, 0x0000000774f00000, 0x0000000781000000)
  object space 64512K, 74% used [0x0000000771000000,0x0000000773eb6828,0x0000000774f00000)
Event: 458.412 GC heap after
Heap after GC invocations=49 (full 7):
 PSYoungGen      total 625152K, used 5058K [0x00000007d5a80000, 0x00000007ff700000, 0x0000000800000000)
  eden space 569856K, 0% used [0x00000007d5a80000,0x00000007d5a80000,0x00000007f8700000)
  from space 55296K, 9% used [0x00000007fc100000,0x00000007fc5f0b30,0x00000007ff700000)
  to   space 57344K, 0% used [0x00000007f8700000,0x00000007f8700000,0x00000007fbf00000)
 ParOldGen       total 329216K, used 184712K [0x0000000781000000, 0x0000000795180000, 0x00000007d5a80000)
  object space 329216K, 56% used [0x0000000781000000,0x000000078c462190,0x0000000795180000)
 PSPermGen       total 64512K, used 47834K [0x0000000771000000, 0x0000000774f00000, 0x0000000781000000)
  object space 64512K, 74% used [0x0000000771000000,0x0000000773eb6828,0x0000000774f00000)
}
Event: 475.406 GC heap before
{Heap before GC invocations=50 (full 7):
 PSYoungGen      total 625152K, used 574914K [0x00000007d5a80000, 0x00000007ff700000, 0x0000000800000000)
  eden space 569856K, 100% used [0x00000007d5a80000,0x00000007f8700000,0x00000007f8700000)
  from space 55296K, 9% used [0x00000007fc100000,0x00000007fc5f0b30,0x00000007ff700000)
  to   space 57344K, 0% used [0x00000007f8700000,0x00000007f8700000,0x00000007fbf00000)
 ParOldGen       total 329216K, used 184712K [0x0000000781000000, 0x0000000795180000, 0x00000007d5a80000)
  object space 329216K, 56% used [0x0000000781000000,0x000000078c462190,0x0000000795180000)
 PSPermGen       total 64512K, used 47836K [0x0000000771000000, 0x0000000774f00000, 0x0000000781000000)
  object space 64512K, 74% used [0x0000000771000000,0x0000000773eb7060,0x0000000774f00000)
Event: 475.411 GC heap after
Heap after GC invocations=50 (full 7):
 PSYoungGen      total 627200K, used 3586K [0x00000007d5a80000, 0x00000007ff600000, 0x0000000800000000)
  eden space 569856K, 0% used [0x00000007d5a80000,0x00000007d5a80000,0x00000007f8700000)
  from space 57344K, 6% used [0x00000007f8700000,0x00000007f8a80b30,0x00000007fbf00000)
  to   space 55296K, 0% used [0x00000007fc000000,0x00000007fc000000,0x00000007ff600000)
 ParOldGen       total 329216K, used 184712K [0x0000000781000000, 0x0000000795180000, 0x00000007d5a80000)
  object space 329216K, 56% used [0x0000000781000000,0x000000078c462190,0x0000000795180000)
 PSPermGen       total 64512K, used 47836K [0x0000000771000000, 0x0000000774f00000, 0x0000000781000000)
  object space 64512K, 74% used [0x0000000771000000,0x0000000773eb7060,0x0000000774f00000)
}
Event: 492.583 GC heap before
{Heap before GC invocations=51 (full 7):
 PSYoungGen      total 627200K, used 573442K [0x00000007d5a80000, 0x00000007ff600000, 0x0000000800000000)
  eden space 569856K, 100% used [0x00000007d5a80000,0x00000007f8700000,0x00000007f8700000)
  from space 57344K, 6% used [0x00000007f8700000,0x00000007f8a80b30,0x00000007fbf00000)
  to   space 55296K, 0% used [0x00000007fc000000,0x00000007fc000000,0x00000007ff600000)
 ParOldGen       total 329216K, used 184712K [0x0000000781000000, 0x0000000795180000, 0x00000007d5a80000)
  object space 329216K, 56% used [0x0000000781000000,0x000000078c462190,0x0000000795180000)
 PSPermGen       total 64512K, used 47837K [0x0000000771000000, 0x0000000774f00000, 0x0000000781000000)
  object space 64512K, 74% used [0x0000000771000000,0x0000000773eb7478,0x0000000774f00000)
Event: 492.588 GC heap after
Heap after GC invocations=51 (full 7):
 PSYoungGen      total 624128K, used 5122K [0x00000007d5a80000, 0x00000007ff200000, 0x0000000800000000)
  eden space 572928K, 0% used [0x00000007d5a80000,0x00000007d5a80000,0x00000007f8a00000)
  from space 51200K, 10% used [0x00000007fc000000,0x00000007fc500b30,0x00000007ff200000)
  to   space 53248K, 0% used [0x00000007f8a00000,0x00000007f8a00000,0x00000007fbe00000)
 ParOldGen       total 329216K, used 184712K [0x0000000781000000, 0x0000000795180000, 0x00000007d5a80000)
  object space 329216K, 56% used [0x0000000781000000,0x000000078c462190,0x0000000795180000)
 PSPermGen       total 64512K, used 47837K [0x0000000771000000, 0x0000000774f00000, 0x0000000781000000)
  object space 64512K, 74% used [0x0000000771000000,0x0000000773eb7478,0x0000000774f00000)
}
Event: 545.504 GC heap before
{Heap before GC invocations=52 (full 7):
 PSYoungGen      total 624128K, used 578050K [0x00000007d5a80000, 0x00000007ff200000, 0x0000000800000000)
  eden space 572928K, 100% used [0x00000007d5a80000,0x00000007f8a00000,0x00000007f8a00000)
  from space 51200K, 10% used [0x00000007fc000000,0x00000007fc500b30,0x00000007ff200000)
  to   space 53248K, 0% used [0x00000007f8a00000,0x00000007f8a00000,0x00000007fbe00000)
 ParOldGen       total 329216K, used 184712K [0x0000000781000000, 0x0000000795180000, 0x00000007d5a80000)
  object space 329216K, 56% used [0x0000000781000000,0x000000078c462190,0x0000000795180000)
 PSPermGen       total 64512K, used 47841K [0x0000000771000000, 0x0000000774f00000, 0x0000000781000000)
  object space 64512K, 74% used [0x0000000771000000,0x0000000773eb85e0,0x0000000774f00000)
Event: 545.509 GC heap after
Heap after GC invocations=52 (full 7):
 PSYoungGen      total 578560K, used 5378K [0x00000007d5a80000, 0x00000007fef00000, 0x0000000800000000)
  eden space 572928K, 0% used [0x00000007d5a80000,0x00000007d5a80000,0x00000007f8a00000)
  from space 5632K, 95% used [0x00000007f8a00000,0x00000007f8f40b30,0x00000007f8f80000)
  to   space 50688K, 0% used [0x00000007fbd80000,0x00000007fbd80000,0x00000007fef00000)
 ParOldGen       total 329216K, used 184712K [0x0000000781000000, 0x0000000795180000, 0x00000007d5a80000)
  object space 329216K, 56% used [0x0000000781000000,0x000000078c462190,0x0000000795180000)
 PSPermGen       total 64512K, used 47841K [0x0000000771000000, 0x0000000774f00000, 0x0000000781000000)
  object space 64512K, 74% used [0x0000000771000000,0x0000000773eb85e0,0x0000000774f00000)
}

Deoptimization events (10 events):
Event: 549.853 Thread 0x0000000013920800 Uncommon trap: reason=class_check action=maybe_recompile pc=0x0000000002d99894 method=java.util.zip.ZipInputStream.closeEntry()V @ 15
Event: 549.864 Thread 0x0000000013920800 Uncommon trap: reason=null_check action=make_not_entrant pc=0x00000000028edf20 method=java.lang.Boolean.equals(Ljava/lang/Object;)Z @ 1
Event: 549.867 Thread 0x0000000013920800 Uncommon trap: reason=class_check action=maybe_recompile pc=0x0000000002e7d968 method=java.io.BufferedInputStream.read1([BII)I @ 39
Event: 549.896 Thread 0x0000000013923000 Uncommon trap: reason=class_check action=maybe_recompile pc=0x00000000035bb8d8 method=io.netty.util.concurrent.DefaultPromise.notifyListener0(Lio/netty/util/concurrent/Future;Lio/netty/util/concurrent/GenericFutureListener;)V @ 2
Event: 549.896 Thread 0x0000000013922000 Uncommon trap: reason=bimorphic action=maybe_recompile pc=0x0000000002fdd198 method=net.minecraft.network.NetworkManager.channelRead0(Lio/netty/channel/ChannelHandlerContext;Lnet/minecraft/network/Packet;)V @ 24
Event: 549.896 Thread 0x0000000013922000 Uncommon trap: reason=null_check action=make_not_entrant pc=0x000000000355da34 method=io.netty.util.DefaultAttributeMap.attr(Lio/netty/util/AttributeKey;)Lio/netty/util/Attribute; @ 46
Event: 549.897 Thread 0x0000000013920800 Uncommon trap: reason=bimorphic action=maybe_recompile pc=0x00000000032da854 method=com.google.common.collect.AbstractMultimap.isEmpty()Z @ 1
Event: 549.898 Thread 0x0000000013920800 Uncommon trap: reason=class_check action=maybe_recompile pc=0x0000000002fde060 method=io.netty.channel.DefaultChannelHandlerContext.executor()Lio/netty/util/concurrent/EventExecutor; @ 11
Event: 550.080 Thread 0x0000000013920800 Uncommon trap: reason=unloaded action=reinterpret pc=0x0000000002fcbc74 method=net.minecraft.network.NetworkManager.scheduleOutboundPacket(Lnet/minecraft/network/Packet;[Lio/netty/util/concurrent/GenericFutureListener;)V @ 36
Event: 550.136 Thread 0x0000000013927800 Uncommon trap: reason=class_check action=maybe_recompile pc=0x00000000033d5d3c method=com.google.common.collect.AbstractMapBasedMultimap.<init>(Ljava/util/Map;)V @ 5

Internal exceptions (10 events):
Event: 549.873 Thread 0x0000000013920800 Threw 0x00000007d84f44b8 at C:\re\jdk7u55\869\hotspot\src\share\vm\prims\jvm.cpp:1244
Event: 549.873 Thread 0x0000000013920800 Threw 0x00000007d84fc058 at C:\re\jdk7u55\869\hotspot\src\share\vm\prims\jvm.cpp:1244
Event: 549.897 Thread 0x0000000013920800 Threw 0x00000007d8629068 at C:\re\jdk7u55\869\hotspot\src\share\vm\runtime\reflection.cpp:1030
Event: 549.897 Thread 0x0000000013920800 Threw 0x00000007d862a2c8 at C:\re\jdk7u55\869\hotspot\src\share\vm\prims\jvm.cpp:1244
Event: 550.132 Thread 0x0000000013927800 Threw 0x00000007d80363b0 at C:\re\jdk7u55\869\hotspot\src\share\vm\prims\jvm.cpp:1244
Event: 550.133 Thread 0x0000000013927800 Threw 0x00000007d8040ae8 at C:\re\jdk7u55\869\hotspot\src\share\vm\prims\jvm.cpp:1244
Event: 550.133 Thread 0x0000000013927800 Threw 0x00000007d804a5f0 at C:\re\jdk7u55\869\hotspot\src\share\vm\prims\jvm.cpp:1244
Event: 550.133 Thread 0x0000000013927800 Threw 0x00000007d80540f8 at C:\re\jdk7u55\869\hotspot\src\share\vm\prims\jvm.cpp:1244
Event: 550.134 Thread 0x0000000013927800 Threw 0x00000007d805dc00 at C:\re\jdk7u55\869\hotspot\src\share\vm\prims\jvm.cpp:1244
Event: 550.134 Thread 0x0000000013927800 Threw 0x00000007d8067708 at C:\re\jdk7u55\869\hotspot\src\share\vm\prims\jvm.cpp:1244

Events (10 events):
Event: 550.136 Thread 0x0000000013927800 Uncommon trap: trap_request=0xffffffde fr.pc=0x00000000033d5d3c
Event: 550.136 Thread 0x0000000013927800 DEOPT PACKING pc=0x00000000033d5d3c sp=0x00000000180ee710
Event: 550.136 Thread 0x0000000013927800 DEOPT UNPACKING pc=0x00000000027975a4 sp=0x00000000180ee6b8 mode 2
Event: 550.177 Executing VM operation: RevokeBias
Event: 550.177 Executing VM operation: RevokeBias done
Event: 550.177 Thread 0x0000000013927800 Thread exited: 0x0000000013927800
Event: 550.177 Executing VM operation: RevokeBias
Event: 550.177 Executing VM operation: RevokeBias done
Event: 550.177 Thread 0x0000000013920000 Thread exited: 0x0000000013920000
Event: 550.178 Executing VM operation: Exit


Dynamic libraries:
0x000000013f3a0000 - 0x000000013f3d3000 	C:\Program Files\Java\jre7\bin\javaw.exe
0x0000000077410000 - 0x00000000775b8000 	C:\Windows\SYSTEM32\ntdll.dll
0x00000000772f0000 - 0x000000007740f000 	C:\Windows\system32\kernel32.dll
0x000007fefd470000 - 0x000007fefd4dc000 	C:\Windows\system32\KERNELBASE.dll
0x000007fefe290000 - 0x000007fefe36b000 	C:\Windows\system32\ADVAPI32.dll
0x000007fefdb60000 - 0x000007fefdbff000 	C:\Windows\system32\msvcrt.dll
0x000007fefe180000 - 0x000007fefe19f000 	C:\Windows\SYSTEM32\sechost.dll
0x000007fefdf20000 - 0x000007fefe04d000 	C:\Windows\system32\RPCRT4.dll
0x00000000771f0000 - 0x00000000772ea000 	C:\Windows\system32\USER32.dll
0x000007fefdc30000 - 0x000007fefdc97000 	C:\Windows\system32\GDI32.dll
0x000007fefdca0000 - 0x000007fefdcae000 	C:\Windows\system32\LPK.dll
0x000007fefda90000 - 0x000007fefdb59000 	C:\Windows\system32\USP10.dll
0x000007fefb820000 - 0x000007fefba14000 	C:\Windows\WinSxS\amd64_microsoft.windows.common-controls_6595b64144ccf1df_6.0.7601.17514_none_fa396087175ac9ac\COMCTL32.dll
0x000007fefe8c0000 - 0x000007fefe931000 	C:\Windows\system32\SHLWAPI.dll
0x000007fefdc00000 - 0x000007fefdc2e000 	C:\Windows\system32\IMM32.DLL
0x000007fefe070000 - 0x000007fefe179000 	C:\Windows\system32\MSCTF.dll
0x0000000079040000 - 0x0000000079112000 	C:\Program Files\Java\jre7\bin\msvcr100.dll
0x000000006ddd0000 - 0x000000006e599000 	C:\Program Files\Java\jre7\bin\server\jvm.dll
0x000007fef2dc0000 - 0x000007fef2dc9000 	C:\Windows\system32\WSOCK32.dll
0x000007fefe940000 - 0x000007fefe98d000 	C:\Windows\system32\WS2_32.dll
0x000007fefe280000 - 0x000007fefe288000 	C:\Windows\system32\NSI.dll
0x000007fefb220000 - 0x000007fefb25b000 	C:\Windows\system32\WINMM.dll
0x00000000775d0000 - 0x00000000775d7000 	C:\Windows\system32\PSAPI.DLL
0x000000006e760000 - 0x000000006e76f000 	C:\Program Files\Java\jre7\bin\verify.dll
0x000000006c600000 - 0x000000006c628000 	C:\Program Files\Java\jre7\bin\java.dll
0x0000000071e30000 - 0x0000000071e65000 	C:\Program Files\Java\jre7\bin\jdwp.dll
0x0000000071eb0000 - 0x0000000071eb8000 	C:\Program Files\Java\jre7\bin\npt.dll
0x000000006ea00000 - 0x000000006ea15000 	C:\Program Files\Java\jre7\bin\zip.dll
0x0000000071e20000 - 0x0000000071e29000 	C:\Program Files\Java\jre7\bin\dt_socket.dll
0x000007fefb640000 - 0x000007fefb655000 	C:\Windows\system32\NLAapi.dll
0x000007fef5a50000 - 0x000007fef5a65000 	C:\Windows\system32\napinsp.dll
0x000007fef5a30000 - 0x000007fef5a49000 	C:\Windows\system32\pnrpnsp.dll
0x000007fefc9b0000 - 0x000007fefca05000 	C:\Windows\System32\mswsock.dll
0x000007fefc830000 - 0x000007fefc88b000 	C:\Windows\system32\DNSAPI.dll
0x000007fef5a20000 - 0x000007fef5a2b000 	C:\Windows\System32\winrnr.dll
0x000007fefb160000 - 0x000007fefb187000 	C:\Windows\system32\IPHLPAPI.DLL
0x000007fefb150000 - 0x000007fefb15b000 	C:\Windows\system32\WINNSI.DLL
0x000007fefb000000 - 0x000007fefb053000 	C:\Windows\System32\fwpuclnt.dll
0x000007fef5c30000 - 0x000007fef5c38000 	C:\Windows\system32\rasadhlp.dll
0x000007fefc390000 - 0x000007fefc397000 	C:\Windows\System32\wshtcpip.dll
0x0000000071d00000 - 0x0000000071d0b000 	C:\Program Files\Java\jre7\bin\management.dll
0x0000000000150000 - 0x0000000000169000 	C:\Program Files\Java\jre7\bin\net.dll
0x000007fefc9a0000 - 0x000007fefc9a7000 	C:\Windows\System32\wship6.dll
0x000000006e660000 - 0x000000006e671000 	C:\Program Files\Java\jre7\bin\nio.dll
0x000000006dc70000 - 0x000000006dc94000 	C:\Program Files\Java\jre7\bin\sunec.dll
0x000000006e950000 - 0x000000006e95b000 	C:\Program Files\Java\jre7\bin\sunmscapi.dll
0x000007fefd260000 - 0x000007fefd3cd000 	C:\Windows\system32\CRYPT32.dll
0x000007fefd1e0000 - 0x000007fefd1ef000 	C:\Windows\system32\MSASN1.dll
0x000007fefca10000 - 0x000007fefca28000 	C:\Windows\system32\CRYPTSP.dll
0x000007fefc710000 - 0x000007fefc757000 	C:\Windows\system32\rsaenh.dll
0x000007fefd240000 - 0x000007fefd25e000 	C:\Windows\system32\USERENV.dll
0x000007fefd1d0000 - 0x000007fefd1df000 	C:\Windows\system32\profapi.dll
0x000007fefd070000 - 0x000007fefd07f000 	C:\Windows\system32\CRYPTBASE.dll
0x000007fefaf30000 - 0x000007fefaf41000 	C:\Windows\system32\dhcpcsvc6.DLL
0x000007fefaf10000 - 0x000007fefaf28000 	C:\Windows\system32\dhcpcsvc.DLL
0x0000000180000000 - 0x0000000180051000 	C:\Users\Daniel\.gradle\caches\minecraft\net\minecraft\minecraft_natives\1.7.10\lwjgl64.dll
0x000007fedbde0000 - 0x000007fedbefd000 	C:\Windows\system32\OPENGL32.dll
0x000007fedbf00000 - 0x000007fedbf2d000 	C:\Windows\system32\GLU32.dll
0x000007fedc1a0000 - 0x000007fedc291000 	C:\Windows\system32\DDRAW.dll
0x000007fef1bf0000 - 0x000007fef1bf8000 	C:\Windows\system32\DCIMAN32.dll
0x000007fefe640000 - 0x000007fefe817000 	C:\Windows\system32\SETUPAPI.dll
0x000007fefd4e0000 - 0x000007fefd516000 	C:\Windows\system32\CFGMGR32.dll
0x000007fefe1a0000 - 0x000007fefe277000 	C:\Windows\system32\OLEAUT32.dll
0x000007fefdcb0000 - 0x000007fefdeb3000 	C:\Windows\system32\ole32.dll
0x000007fefd530000 - 0x000007fefd54a000 	C:\Windows\system32\DEVOBJ.dll
0x000007fefacd0000 - 0x000007feface8000 	C:\Windows\system32\dwmapi.dll
0x000007fefc2a0000 - 0x000007fefc2ac000 	C:\Windows\system32\VERSION.dll
0x0000000071770000 - 0x0000000071905000 	C:\Program Files\Java\jre7\bin\awt.dll
0x000007fefb660000 - 0x000007fefb6b6000 	C:\Windows\system32\uxtheme.dll
0x000007fedbc20000 - 0x000007fedbc7c000 	C:\Program Files (x86)\Overwolf\0.85.190.0\x64\OWExplorer.dll
0x000007fefe990000 - 0x000007feff719000 	C:\Windows\system32\SHELL32.dll
0x000007fedbcb0000 - 0x000007fedbdd5000 	C:\Windows\system32\dbghelp.dll
0x000007fef1bc0000 - 0x000007fef1be7000 	C:\Program Files (x86)\Raptr\ltc_help64-96006.dll
0x000007fefd550000 - 0x000007fefd58b000 	C:\Windows\system32\WINTRUST.dll
0x000007fef5870000 - 0x000007fef5888000 	C:\Windows\system32\atig6pxx.dll
0x0000000068f40000 - 0x000000006aaee000 	C:\Windows\system32\atio6axx.dll
0x000007fee5480000 - 0x000007fee55b8000 	C:\Windows\system32\atiadlxx.dll
0x000007fefbea0000 - 0x000007fefbfcc000 	C:\Windows\system32\PROPSYS.dll
0x000007fefc2b0000 - 0x000007fefc2c1000 	C:\Windows\system32\WTSAPI32.dll
0x000007fef5730000 - 0x000007fef5759000 	C:\Windows\system32\atig6txx.dll
0x000007fefd720000 - 0x000007fefd7b9000 	C:\Windows\system32\CLBCatQ.DLL
0x000007fef4180000 - 0x000007fef421c000 	C:\Windows\system32\mscms.dll
0x000007fed7ee0000 - 0x000007fed7f22000 	C:\Windows\system32\icm32.dll
0x0000000070a40000 - 0x0000000070adc000 	C:\Users\Daniel\.gradle\caches\minecraft\net\minecraft\minecraft_natives\1.7.10\avutil-ttv-51.dll
0x0000000065980000 - 0x00000000659d6000 	C:\Users\Daniel\.gradle\caches\minecraft\net\minecraft\minecraft_natives\1.7.10\swresample-ttv-0.dll
0x000000006eb80000 - 0x000000006ec50000 	C:\Users\Daniel\.gradle\caches\minecraft\net\minecraft\minecraft_natives\1.7.10\libmp3lame-ttv.dll
0x000007fed0110000 - 0x000007fed14b4000 	C:\Users\Daniel\.gradle\caches\minecraft\net\minecraft\minecraft_natives\1.7.10\libmfxsw64.dll
0x000007fed74f0000 - 0x000007fed761b000 	C:\Users\Daniel\.gradle\caches\minecraft\net\minecraft\minecraft_natives\1.7.10\twitchsdk.dll
0x000007fefe3f0000 - 0x000007fefe638000 	C:\Windows\system32\WININET.dll
0x000007fefd1f0000 - 0x000007fefd1f4000 	C:\Windows\system32\api-ms-win-downlevel-user32-l1-1-0.dll
0x000007fefd200000 - 0x000007fefd204000 	C:\Windows\system32\api-ms-win-downlevel-shlwapi-l1-1-0.dll
0x000007fefd230000 - 0x000007fefd234000 	C:\Windows\system32\api-ms-win-downlevel-version-l1-1-0.dll
0x000007fefd520000 - 0x000007fefd523000 	C:\Windows\system32\api-ms-win-downlevel-normaliz-l1-1-0.dll
0x00000000775e0000 - 0x00000000775e3000 	C:\Windows\system32\normaliz.DLL
0x000007fefd7c0000 - 0x000007fefda87000 	C:\Windows\system32\iertutil.dll
0x000007fefd210000 - 0x000007fefd215000 	C:\Windows\system32\api-ms-win-downlevel-advapi32-l1-1-0.dll
0x000007fefe050000 - 0x000007fefe069000 	C:\Windows\system32\imagehlp.dll
0x000007fefcb90000 - 0x000007fefcbe0000 	C:\Windows\system32\ncrypt.dll
0x000007fefcb60000 - 0x000007fefcb82000 	C:\Windows\system32\bcrypt.dll
0x000007fefc650000 - 0x000007fefc69c000 	C:\Windows\system32\bcryptprimitives.dll
0x000007fefc480000 - 0x000007fefc49b000 	C:\Windows\system32\GPAPI.dll
0x000007fefa0c0000 - 0x000007fefa0e7000 	C:\Windows\system32\cryptnet.dll
0x000007fefdec0000 - 0x000007fefdf12000 	C:\Windows\system32\WLDAP32.dll
0x000007fef9dd0000 - 0x000007fef9dd9000 	C:\Windows\system32\SensApi.dll
0x000007fed3da0000 - 0x000007fed3fb2000 	C:\PROGRA~2\Raptr\ltc_game64-96006.dll
0x0000000006610000 - 0x0000000006674000 	C:\Users\Daniel\.gradle\caches\minecraft\net\minecraft\minecraft_natives\1.7.10\OpenAL64.dll
0x000007fefbfd0000 - 0x000007fefc01b000 	C:\Windows\System32\MMDevApi.dll
0x000007fef1740000 - 0x000007fef17c8000 	C:\Windows\system32\dsound.dll
0x000007fefc270000 - 0x000007fefc29c000 	C:\Windows\system32\POWRPROF.dll
0x000007fefaec0000 - 0x000007fefaf0f000 	C:\Windows\system32\AUDIOSES.DLL
0x000007fed35e0000 - 0x000007fed3872000 	C:\Program Files (x86)\Overwolf\0.85.190.0\x64\OWClient.dll
0x0000000071c80000 - 0x0000000071cc7000 	C:\Program Files\Java\jre7\bin\fontmanager.dll
0x000007feefe70000 - 0x000007fef006f000 	C:\Windows\system32\d3d9.dll
0x000007fef5660000 - 0x000007fef5667000 	C:\Windows\system32\d3d8thk.dll
0x0000000071c30000 - 0x0000000071c71000 	C:\Program Files\Java\jre7\bin\t2k.dll

VM Arguments:
jvm_args: -agentlib:jdwp=transport=dt_socket,suspend=y,address=localhost:63603 -Dfml.ignoreInvalidMinecraftCertificates=true -XX:MaxPermSize=256m -Dfile.encoding=Cp1252 
java_command: GradleStart --version 1.7 --tweakClass cpw.mods.fml.common.launcher.FMLTweaker --accessToken forgeTest --userProperties={} --username=blu.sunrize@yahoo.de --password=Dannyl1694 --assetIndex 1.7.10 --uuid=test --assetsDir C:/Users/Daniel/.gradle/caches/minecraft/assets
Launcher Type: SUN_STANDARD

Environment Variables:
PATH=C:\Program Files (x86)\NVIDIA Corporation\PhysX\Common;C:\Program Files (x86)\Intel\iCLS Client\;C:\Program Files\Intel\iCLS Client\;C:\Windows\system32;C:\Windows;C:\Windows\System32\Wbem;C:\Windows\System32\WindowsPowerShell\v1.0\;C:\Program Files\Intel\Intel(R) Management Engine Components\DAL;C:\Program Files\Intel\Intel(R) Management Engine Components\IPT;C:\Program Files (x86)\Intel\Intel(R) Management Engine Components\DAL;C:\Program Files (x86)\Intel\Intel(R) Management Engine Components\IPT;C:\Program Files (x86)\ATI Technologies\ATI.ACE\Core-Static;C:\Program Files (x86)\Git\cmd;E:\Program Files\Csound6\bin;C:\Program Files (x86)\AMD\ATI.ACE\Core-Static;C:\Program Files (x86)\Skype\Phone\
USERNAME=Daniel
OS=Windows_NT
PROCESSOR_IDENTIFIER=Intel64 Family 6 Model 60 Stepping 3, GenuineIntel



---------------  S Y S T E M  ---------------

OS: Windows 7 , 64 bit Build 7601 Service Pack 1

CPU:total 8 (4 cores per cpu, 2 threads per core) family 6 model 60 stepping 3, cmov, cx8, fxsr, mmx, sse, sse2, sse3, ssse3, sse4.1, sse4.2, popcnt, avx, avx2, aes, erms, ht, tsc, tscinvbit

Memory: 4k page, physical 8317496k(1635096k free), swap 16633140k(6721492k free)

vm_info: Java HotSpot(TM) 64-Bit Server VM (24.55-b03) for windows-amd64 JRE (1.7.0_55-b13), built on Mar 17 2014 19:45:30 by "java_re" with unknown MS VC++:1600

time: Tue May 12 23:26:43 2015
elapsed time: 550 seconds

