#
# A fatal error has been detected by the Java Runtime Environment:
#
#  EXCEPTION_ACCESS_VIOLATION (0xc0000005) at pc=0x000007fedf501b76, pid=33856, tid=31552
#
# JRE version: Java(TM) SE Runtime Environment (7.0_55-b13) (build 1.7.0_55-b13)
# Java VM: Java HotSpot(TM) 64-Bit Server VM (24.55-b03 mixed mode windows-amd64 compressed oops)
# Problematic frame:
# C  [GraphicsCaptureHook64.dll+0x1b76]
#
# Failed to write core dump. Minidumps are not enabled by default on client versions of Windows
#
# If you would like to submit a bug report, please visit:
#   http://bugreport.sun.com/bugreport/crash.jsp
#

---------------  T H R E A D  ---------------

Current thread (0x000000000c823800):  VMThread [stack: 0x000000000d900000,0x000000000da00000] [id=31552]

siginfo: ExceptionCode=0xc0000005, reading address 0x000000003a900008

Registers:
RAX=0x000000003a900000, RBX=0x000000000d9ff5b0, RCX=0x000000001b7b02ee, RDX=0x000000000d9ff5b0
RSP=0x000000000d9ff540, RBP=0x00000000021ff330, RSI=0x0000000000010000, RDI=0x0000000000000000
R8 =0x000007fffffa6000, R9 =0x000007fedf500000, R10=0x000000000d9ff5e0, R11=0x000000000d9ff5e0
R12=0x000007fffffdf000, R13=0x000007fffffa6000, R14=0x0000000077593bc0, R15=0x000000007758e670
RIP=0x000007fedf501b76, EFLAGS=0x0000000000010202

Top of Stack: (sp=0x000000000d9ff540)
0x000000000d9ff540:   35353a39323a3232 00000000e300203a
0x000000000d9ff550:   000000001af97fc0 00000000001ec650
0x000000000d9ff560:   000007fedf558a00 000007fedf505aeb
0x000000000d9ff570:   000000004e094567 00000000e30001e2
0x000000000d9ff580:   000000007758e670 0000000077593bc0
0x000000000d9ff590:   fffffffffffffffe 0000000000000000
0x000000000d9ff5a0:   0000000000000000 000007fedf51e822
0x000000000d9ff5b0:   000000001b7b02ee 0000000000000000
0x000000000d9ff5c0:   0000000000000000 0000000000000000
0x000000000d9ff5d0:   0000000000000004 fffffffffffffffe
0x000000000d9ff5e0:   35353a39323a3232 000000000000203a
0x000000000d9ff5f0:   000000000000000a 000000000000000f
0x000000000d9ff600:   0000fce729f36926 0000000000000001
0x000000000d9ff610:   0000000000000000 000007fed6c8752d
0x000000000d9ff620:   000007fefae11318 0000000000000000
0x000000000d9ff630:   000007fed6c60000 0000000077361a5a 

Instructions: (pc=0x000007fedf501b76)
0x000007fedf501b56:   cc cc cc cc cc cc cc cc cc cc 40 53 48 83 ec 20
0x000007fedf501b66:   48 8b 41 40 48 8b da 48 8b 08 48 89 0a 48 8b 01
0x000007fedf501b76:   ff 50 08 48 8b c3 48 83 c4 20 5b c3 cc cc cc cc
0x000007fedf501b86:   cc cc cc cc cc cc cc cc cc cc 48 89 5c 24 08 57 


Register to memory mapping:

RAX=0x000000003a900000 is an unknown value
RBX=0x000000000d9ff5b0 is an unknown value
RCX=0x000000001b7b02ee is an unknown value
RDX=0x000000000d9ff5b0 is an unknown value
RSP=0x000000000d9ff540 is an unknown value
RBP=0x00000000021ff330 is an unknown value
RSI=0x0000000000010000 is an unknown value
RDI=0x0000000000000000 is an unknown value
R8 =0x000007fffffa6000 is an unknown value
R9 =0x000007fedf500000 is an unknown value
R10=0x000000000d9ff5e0 is an unknown value
R11=0x000000000d9ff5e0 is an unknown value
R12=0x000007fffffdf000 is an unknown value
R13=0x000007fffffa6000 is an unknown value
R14=0x0000000077593bc0 is an unknown value
R15=0x000000007758e670 is an unknown value


Stack: [0x000000000d900000,0x000000000da00000],  sp=0x000000000d9ff540,  free space=1021k
Native frames: (J=compiled Java code, j=interpreted, Vv=VM code, C=native code)
C  [GraphicsCaptureHook64.dll+0x1b76]

VM_Operation (0x000000000269e9f0): Exit, mode: safepoint, requested by thread 0x00000000021dc000


---------------  P R O C E S S  ---------------

Java Threads: ( => current thread )
  0x00000000248de800 JavaThread "AWT-Shutdown" [_thread_blocked, id=16380, stack(0x0000000035eb0000,0x0000000035fb0000)]
  0x0000000018941800 JavaThread "pool-4-thread-1" [_thread_blocked, id=29540, stack(0x00000000211e0000,0x00000000212e0000)]
  0x00000000248db800 JavaThread "File IO Thread" [_thread_blocked, id=34552, stack(0x0000000035660000,0x0000000035760000)]
  0x00000000248dc000 JavaThread "Thread-23" [_thread_blocked, id=28180, stack(0x0000000035540000,0x0000000035640000)]
  0x000000001893e000 JavaThread "Keep-Alive-Timer" daemon [_thread_blocked, id=32536, stack(0x0000000032c10000,0x0000000032d10000)]
  0x00000000248da800 JavaThread "pool-2-thread-1" [_thread_blocked, id=21476, stack(0x0000000032b00000,0x0000000032c00000)]
  0x0000000026418800 JavaThread "Chunk I/O Executor Thread-1" daemon [_thread_blocked, id=15536, stack(0x0000000031d10000,0x0000000031e10000)]
  0x00000000248da000 JavaThread "Netty IO #1" daemon [_thread_in_native, id=17984, stack(0x0000000031e60000,0x0000000031f60000)]
  0x00000000248d9000 JavaThread "Netty Client IO #0" daemon [_thread_in_native, id=30920, stack(0x0000000031c00000,0x0000000031d00000)]
  0x000000002641f000 JavaThread "ic2-poolthread-8" daemon [_thread_blocked, id=17880, stack(0x0000000031aa0000,0x0000000031ba0000)]
  0x000000002641e800 JavaThread "ic2-poolthread-7" daemon [_thread_blocked, id=32672, stack(0x0000000031880000,0x0000000031980000)]
  0x000000002641d800 JavaThread "ic2-poolthread-6" daemon [_thread_blocked, id=23992, stack(0x0000000012500000,0x0000000012600000)]
  0x000000002641d000 JavaThread "ic2-poolthread-5" daemon [_thread_blocked, id=34448, stack(0x0000000031730000,0x0000000031830000)]
  0x000000002641c000 JavaThread "ic2-poolthread-4" daemon [_thread_blocked, id=16228, stack(0x0000000031600000,0x0000000031700000)]
  0x000000002641b800 JavaThread "ic2-poolthread-3" daemon [_thread_blocked, id=31396, stack(0x0000000031420000,0x0000000031520000)]
  0x000000002641a800 JavaThread "Netty IO #0" daemon [_thread_in_native, id=34556, stack(0x0000000031250000,0x0000000031350000)]
  0x000000002641a000 JavaThread "Thread-22" [_thread_blocked, id=27072, stack(0x000000001ed40000,0x000000001ee40000)]
  0x000000001893e800 JavaThread "LWJGL Timer" daemon [_thread_blocked, id=22376, stack(0x000000001e740000,0x000000001e840000)]
  0x0000000018941000 JavaThread "Thread-19" [_thread_blocked, id=33828, stack(0x0000000012400000,0x0000000012500000)]
  0x0000000018940000 JavaThread "Thread-18" [_thread_blocked, id=30180, stack(0x000000002f940000,0x000000002fa40000)]
  0x000000001893c800 JavaThread "ic2-poolthread-2" daemon [_thread_blocked, id=8096, stack(0x00000000120a0000,0x00000000121a0000)]
  0x000000001893b800 JavaThread "AE2 VersionChecker" [_thread_blocked, id=26768, stack(0x0000000011a10000,0x0000000011b10000)]
  0x00000000100e4800 JavaThread "ic2-poolthread-1" daemon [_thread_blocked, id=25276, stack(0x0000000011c00000,0x0000000011d00000)]
  0x0000000018b5f800 JavaThread "Timer hack thread" daemon [_thread_blocked, id=16096, stack(0x0000000016c10000,0x0000000016d10000)]
  0x0000000010615000 JavaThread "Snooper Timer" daemon [_thread_blocked, id=24548, stack(0x0000000018040000,0x0000000018140000)]
  0x000000000fbba800 JavaThread "Java2D Disposer" daemon [_thread_blocked, id=31964, stack(0x0000000011480000,0x0000000011580000)]
  0x000000000c897800 JavaThread "Service Thread" daemon [_thread_blocked, id=27328, stack(0x000000000ee90000,0x000000000ef90000)]
  0x000000000c88e000 JavaThread "C2 CompilerThread1" daemon [_thread_blocked, id=19356, stack(0x000000000dc00000,0x000000000dd00000)]
  0x000000000c88b000 JavaThread "C2 CompilerThread0" daemon [_thread_blocked, id=34052, stack(0x000000000ecb0000,0x000000000edb0000)]
  0x000000000c881000 JavaThread "JDWP Command Reader" daemon [_thread_blocked, id=20704, stack(0x000000000ea80000,0x000000000eb80000)]
  0x000000000c876800 JavaThread "JDWP Event Helper Thread" daemon [_thread_blocked, id=26764, stack(0x000000000e5a0000,0x000000000e6a0000)]
  0x000000000c868000 JavaThread "JDWP Transport Listener: dt_socket" daemon [_thread_blocked, id=23804, stack(0x000000000e730000,0x000000000e830000)]
  0x000000000b6bb800 JavaThread "Attach Listener" daemon [_thread_blocked, id=16276, stack(0x000000000df40000,0x000000000e040000)]
  0x000000000b6b9800 JavaThread "Signal Dispatcher" daemon [_thread_blocked, id=23588, stack(0x000000000dd20000,0x000000000de20000)]
  0x000000000b6a6000 JavaThread "Finalizer" daemon [_thread_blocked, id=23476, stack(0x000000000db00000,0x000000000dc00000)]
  0x000000000b69d800 JavaThread "Reference Handler" daemon [_thread_blocked, id=32468, stack(0x000000000d7c0000,0x000000000d8c0000)]
  0x00000000021dc000 JavaThread "Client thread" [_thread_blocked, id=31488, stack(0x00000000025a0000,0x00000000026a0000)]

Other Threads:
=>0x000000000c823800 VMThread [stack: 0x000000000d900000,0x000000000da00000] [id=31552]

VM state:at safepoint (shutting down)

VM Mutex/Monitor currently owned by a thread:  ([mutex/lock_event])
[0x00000000021d9980] Threads_lock - owner thread: 0x000000000c823800

Heap
 PSYoungGen      total 598528K, used 174782K [0x00000007d5a80000, 0x00000007fff00000, 0x0000000800000000)
  eden space 503808K, 34% used [0x00000007d5a80000,0x00000007e052fa58,0x00000007f4680000)
  from space 94720K, 0% used [0x00000007f4680000,0x00000007f4680000,0x00000007fa300000)
  to   space 94208K, 0% used [0x00000007fa300000,0x00000007fa300000,0x00000007fff00000)
 ParOldGen       total 688128K, used 507885K [0x0000000781000000, 0x00000007ab000000, 0x00000007d5a80000)
  object space 688128K, 73% used [0x0000000781000000,0x000000079fffb750,0x00000007ab000000)
 PSPermGen       total 124928K, used 102241K [0x0000000771000000, 0x0000000778a00000, 0x0000000781000000)
  object space 124928K, 81% used [0x0000000771000000,0x00000007773d8558,0x0000000778a00000)

Card table byte_map: [0x00000000056a0000,0x0000000005b20000] byte_map_base: 0x0000000001b18000

Polling page: 0x00000000001b0000

Code Cache  [0x00000000026a0000, 0x00000000035b0000, 0x00000000056a0000)
 total_blobs=4833 nmethods=3664 adapters=1127 free_code_cache=34045Kb largest_free_block=34563520

Compilation events (10 events):
Event: 168.534 Thread 0x000000000c88e000 4186             net.minecraft.nbt.NBTTagIntArray::write (41 bytes)
Event: 168.537 Thread 0x000000000c88e000 nmethod 4186 0x0000000002dece90 code [0x0000000002ded020, 0x0000000002ded438]
Event: 168.594 Thread 0x000000000c88b000 4187 %           net.minecraft.util.ObjectIntIdentityMap::func_148746_a @ 13 (56 bytes)
Event: 169.756 Thread 0x000000000c88b000 nmethod 4187% 0x000000000346eb10 code [0x000000000346ec80, 0x000000000346f368]
Event: 169.756 Thread 0x000000000c88e000 4188             net.minecraft.util.ObjectIntIdentityMap::func_148746_a (56 bytes)
Event: 169.777 Thread 0x000000000c88e000 nmethod 4188 0x000000000346fc90 code [0x000000000346fe60, 0x0000000003470be8]
Event: 169.782 Thread 0x000000000c88b000 4189             com.google.common.collect.AbstractMapBasedMultimap$WrappedCollection::size (14 bytes)
Event: 169.782 Thread 0x000000000c88b000 nmethod 4189 0x0000000003347910 code [0x0000000003347a60, 0x0000000003347b08]
Event: 169.786 Thread 0x000000000c88e000 4190             cpw.mods.fml.common.eventhandler.ListenerList$ListenerListInst::unregister (44 bytes)
Event: 169.789 Thread 0x000000000c88e000 nmethod 4190 0x000000000335b750 code [0x000000000335b8e0, 0x000000000335bcc8]

GC Heap History (10 events):
Event: 167.637 GC heap before
{Heap before GC invocations=72 (full 11):
 PSYoungGen      total 598016K, used 503808K [0x00000007d5a80000, 0x0000000800000000, 0x0000000800000000)
  eden space 503808K, 100% used [0x00000007d5a80000,0x00000007f4680000,0x00000007f4680000)
  from space 94208K, 0% used [0x00000007f4680000,0x00000007f4680000,0x00000007fa280000)
  to   space 95232K, 0% used [0x00000007fa300000,0x00000007fa300000,0x0000000800000000)
 ParOldGen       total 536064K, used 507934K [0x0000000781000000, 0x00000007a1b80000, 0x00000007d5a80000)
  object space 536064K, 94% used [0x0000000781000000,0x00000007a00078f8,0x00000007a1b80000)
 PSPermGen       total 133120K, used 102168K [0x0000000771000000, 0x0000000779200000, 0x0000000781000000)
  object space 133120K, 76% used [0x0000000771000000,0x00000007773c6038,0x0000000779200000)
Event: 168.117 GC heap after
Heap after GC invocations=72 (full 11):
 PSYoungGen      total 598016K, used 0K [0x00000007d5a80000, 0x0000000800000000, 0x0000000800000000)
  eden space 503808K, 0% used [0x00000007d5a80000,0x00000007d5a80000,0x00000007f4680000)
  from space 94208K, 0% used [0x00000007f4680000,0x00000007f4680000,0x00000007fa280000)
  to   space 95232K, 0% used [0x00000007fa300000,0x00000007fa300000,0x0000000800000000)
 ParOldGen       total 688128K, used 508645K [0x0000000781000000, 0x00000007ab000000, 0x00000007d5a80000)
  object space 688128K, 73% used [0x0000000781000000,0x00000007a00b96e0,0x00000007ab000000)
 PSPermGen       total 130560K, used 102167K [0x0000000771000000, 0x0000000778f80000, 0x0000000781000000)
  object space 130560K, 78% used [0x0000000771000000,0x00000007773c5e18,0x0000000778f80000)
}
Event: 168.600 GC heap before
{Heap before GC invocations=73 (full 11):
 PSYoungGen      total 598016K, used 448959K [0x00000007d5a80000, 0x0000000800000000, 0x0000000800000000)
  eden space 503808K, 89% used [0x00000007d5a80000,0x00000007f10eff08,0x00000007f4680000)
  from space 94208K, 0% used [0x00000007f4680000,0x00000007f4680000,0x00000007fa280000)
  to   space 95232K, 0% used [0x00000007fa300000,0x00000007fa300000,0x0000000800000000)
 ParOldGen       total 688128K, used 508645K [0x0000000781000000, 0x00000007ab000000, 0x00000007d5a80000)
  object space 688128K, 73% used [0x0000000781000000,0x00000007a00b96e0,0x00000007ab000000)
 PSPermGen       total 130560K, used 102227K [0x0000000771000000, 0x0000000778f80000, 0x0000000781000000)
  object space 130560K, 78% used [0x0000000771000000,0x00000007773d4ef8,0x0000000778f80000)
Event: 168.609 GC heap after
Heap after GC invocations=73 (full 11):
 PSYoungGen      total 599040K, used 1080K [0x00000007d5a80000, 0x0000000800000000, 0x0000000800000000)
  eden space 503808K, 0% used [0x00000007d5a80000,0x00000007d5a80000,0x00000007f4680000)
  from space 95232K, 1% used [0x00000007fa300000,0x00000007fa40e1b8,0x0000000800000000)
  to   space 94720K, 0% used [0x00000007f4680000,0x00000007f4680000,0x00000007fa300000)
 ParOldGen       total 688128K, used 508645K [0x0000000781000000, 0x00000007ab000000, 0x00000007d5a80000)
  object space 688128K, 73% used [0x0000000781000000,0x00000007a00b96e0,0x00000007ab000000)
 PSPermGen       total 130560K, used 102227K [0x0000000771000000, 0x0000000778f80000, 0x0000000781000000)
  object space 130560K, 78% used [0x0000000771000000,0x00000007773d4ef8,0x0000000778f80000)
}
Event: 168.609 GC heap before
{Heap before GC invocations=74 (full 12):
 PSYoungGen      total 599040K, used 1080K [0x00000007d5a80000, 0x0000000800000000, 0x0000000800000000)
  eden space 503808K, 0% used [0x00000007d5a80000,0x00000007d5a80000,0x00000007f4680000)
  from space 95232K, 1% used [0x00000007fa300000,0x00000007fa40e1b8,0x0000000800000000)
  to   space 94720K, 0% used [0x00000007f4680000,0x00000007f4680000,0x00000007fa300000)
 ParOldGen       total 688128K, used 508645K [0x0000000781000000, 0x00000007ab000000, 0x00000007d5a80000)
  object space 688128K, 73% used [0x0000000781000000,0x00000007a00b96e0,0x00000007ab000000)
 PSPermGen       total 130560K, used 102227K [0x0000000771000000, 0x0000000778f80000, 0x0000000781000000)
  object space 130560K, 78% used [0x0000000771000000,0x00000007773d4ef8,0x0000000778f80000)
Event: 169.415 GC heap after
Heap after GC invocations=74 (full 12):
 PSYoungGen      total 599040K, used 0K [0x00000007d5a80000, 0x0000000800000000, 0x0000000800000000)
  eden space 503808K, 0% used [0x00000007d5a80000,0x00000007d5a80000,0x00000007f4680000)
  from space 95232K, 0% used [0x00000007fa300000,0x00000007fa300000,0x0000000800000000)
  to   space 94720K, 0% used [0x00000007f4680000,0x00000007f4680000,0x00000007fa300000)
 ParOldGen       total 688128K, used 507885K [0x0000000781000000, 0x00000007ab000000, 0x00000007d5a80000)
  object space 688128K, 73% used [0x0000000781000000,0x000000079fffb730,0x00000007ab000000)
 PSPermGen       total 128000K, used 102227K [0x0000000771000000, 0x0000000778d00000, 0x0000000781000000)
  object space 128000K, 79% used [0x0000000771000000,0x00000007773d4cb8,0x0000000778d00000)
}
Event: 169.416 GC heap before
{Heap before GC invocations=75 (full 12):
 PSYoungGen      total 599040K, used 224K [0x00000007d5a80000, 0x0000000800000000, 0x0000000800000000)
  eden space 503808K, 0% used [0x00000007d5a80000,0x00000007d5ab83d0,0x00000007f4680000)
  from space 95232K, 0% used [0x00000007fa300000,0x00000007fa300000,0x0000000800000000)
  to   space 94720K, 0% used [0x00000007f4680000,0x00000007f4680000,0x00000007fa300000)
 ParOldGen       total 688128K, used 507885K [0x0000000781000000, 0x00000007ab000000, 0x00000007d5a80000)
  object space 688128K, 73% used [0x0000000781000000,0x000000079fffb730,0x00000007ab000000)
 PSPermGen       total 128000K, used 102227K [0x0000000771000000, 0x0000000778d00000, 0x0000000781000000)
  object space 128000K, 79% used [0x0000000771000000,0x00000007773d4cb8,0x0000000778d00000)
Event: 169.424 GC heap after
Heap after GC invocations=75 (full 12):
 PSYoungGen      total 598528K, used 32K [0x00000007d5a80000, 0x00000007fff00000, 0x0000000800000000)
  eden space 503808K, 0% used [0x00000007d5a80000,0x00000007d5a80000,0x00000007f4680000)
  from space 94720K, 0% used [0x00000007f4680000,0x00000007f4688000,0x00000007fa300000)
  to   space 94208K, 0% used [0x00000007fa300000,0x00000007fa300000,0x00000007fff00000)
 ParOldGen       total 688128K, used 507885K [0x0000000781000000, 0x00000007ab000000, 0x00000007d5a80000)
  object space 688128K, 73% used [0x0000000781000000,0x000000079fffb730,0x00000007ab000000)
 PSPermGen       total 128000K, used 102227K [0x0000000771000000, 0x0000000778d00000, 0x0000000781000000)
  object space 128000K, 79% used [0x0000000771000000,0x00000007773d4cb8,0x0000000778d00000)
}
Event: 169.424 GC heap before
{Heap before GC invocations=76 (full 13):
 PSYoungGen      total 598528K, used 32K [0x00000007d5a80000, 0x00000007fff00000, 0x0000000800000000)
  eden space 503808K, 0% used [0x00000007d5a80000,0x00000007d5a80000,0x00000007f4680000)
  from space 94720K, 0% used [0x00000007f4680000,0x00000007f4688000,0x00000007fa300000)
  to   space 94208K, 0% used [0x00000007fa300000,0x00000007fa300000,0x00000007fff00000)
 ParOldGen       total 688128K, used 507885K [0x0000000781000000, 0x00000007ab000000, 0x00000007d5a80000)
  object space 688128K, 73% used [0x0000000781000000,0x000000079fffb730,0x00000007ab000000)
 PSPermGen       total 128000K, used 102227K [0x0000000771000000, 0x0000000778d00000, 0x0000000781000000)
  object space 128000K, 79% used [0x0000000771000000,0x00000007773d4cb8,0x0000000778d00000)
Event: 169.755 GC heap after
Heap after GC invocations=76 (full 13):
 PSYoungGen      total 598528K, used 0K [0x00000007d5a80000, 0x00000007fff00000, 0x0000000800000000)
  eden space 503808K, 0% used [0x00000007d5a80000,0x00000007d5a80000,0x00000007f4680000)
  from space 94720K, 0% used [0x00000007f4680000,0x00000007f4680000,0x00000007fa300000)
  to   space 94208K, 0% used [0x00000007fa300000,0x00000007fa300000,0x00000007fff00000)
 ParOldGen       total 688128K, used 507885K [0x0000000781000000, 0x00000007ab000000, 0x00000007d5a80000)
  object space 688128K, 73% used [0x0000000781000000,0x000000079fffb750,0x00000007ab000000)
 PSPermGen       total 124928K, used 102227K [0x0000000771000000, 0x0000000778a00000, 0x0000000781000000)
  object space 124928K, 81% used [0x0000000771000000,0x00000007773d4cb8,0x0000000778a00000)
}

Deoptimization events (10 events):
Event: 168.593 Thread 0x00000000248dc000 Uncommon trap: reason=null_check action=none pc=0x0000000002ed4ec4 method=cpw.mods.fml.common.registry.GameRegistry$UniqueIdentifier.<init>(Ljava/lang/String;)V @ 7
Event: 168.593 Thread 0x00000000248dc000 Uncommon trap: reason=null_check action=none pc=0x0000000002ed4ec4 method=cpw.mods.fml.common.registry.GameRegistry$UniqueIdentifier.<init>(Ljava/lang/String;)V @ 7
Event: 168.594 Thread 0x00000000248dc000 Uncommon trap: reason=null_check action=none pc=0x0000000002ed4ec4 method=cpw.mods.fml.common.registry.GameRegistry$UniqueIdentifier.<init>(Ljava/lang/String;)V @ 7
Event: 168.595 Thread 0x00000000248dc000 Uncommon trap: reason=null_check action=none pc=0x0000000002ed4ec4 method=cpw.mods.fml.common.registry.GameRegistry$UniqueIdentifier.<init>(Ljava/lang/String;)V @ 7
Event: 168.596 Thread 0x00000000248dc000 Uncommon trap: reason=null_check action=none pc=0x0000000002ed4ec4 method=cpw.mods.fml.common.registry.GameRegistry$UniqueIdentifier.<init>(Ljava/lang/String;)V @ 7
Event: 168.597 Thread 0x00000000248dc000 Uncommon trap: reason=null_check action=none pc=0x0000000002ed4ec4 method=cpw.mods.fml.common.registry.GameRegistry$UniqueIdentifier.<init>(Ljava/lang/String;)V @ 7
Event: 168.597 Thread 0x00000000248dc000 Uncommon trap: reason=null_check action=none pc=0x0000000002ed4ec4 method=cpw.mods.fml.common.registry.GameRegistry$UniqueIdentifier.<init>(Ljava/lang/String;)V @ 7
Event: 168.598 Thread 0x00000000248dc000 Uncommon trap: reason=null_check action=none pc=0x0000000002ed4ec4 method=cpw.mods.fml.common.registry.GameRegistry$UniqueIdentifier.<init>(Ljava/lang/String;)V @ 7
Event: 168.599 Thread 0x00000000248dc000 Uncommon trap: reason=null_check action=none pc=0x0000000002ed4ec4 method=cpw.mods.fml.common.registry.GameRegistry$UniqueIdentifier.<init>(Ljava/lang/String;)V @ 7
Event: 169.756 Thread 0x00000000248dc000 Uncommon trap: reason=null_check action=none pc=0x0000000002ed4ec4 method=cpw.mods.fml.common.registry.GameRegistry$UniqueIdentifier.<init>(Ljava/lang/String;)V @ 7

Internal exceptions (10 events):
Event: 168.490 Thread 0x0000000018942800 Threw 0x00000007e03ab660 at C:\re\jdk7u55\869\hotspot\src\share\vm\prims\jvm.cpp:1244
Event: 168.491 Thread 0x0000000018942800 Threw 0x00000007e03b49e0 at C:\re\jdk7u55\869\hotspot\src\share\vm\prims\jvm.cpp:1244
Event: 168.491 Thread 0x0000000018942800 Threw 0x00000007e03bdd60 at C:\re\jdk7u55\869\hotspot\src\share\vm\prims\jvm.cpp:1244
Event: 168.492 Thread 0x0000000018942800 Threw 0x00000007e03c70e0 at C:\re\jdk7u55\869\hotspot\src\share\vm\prims\jvm.cpp:1244
Event: 168.492 Thread 0x0000000018942800 Threw 0x00000007e03d0460 at C:\re\jdk7u55\869\hotspot\src\share\vm\prims\jvm.cpp:1244
Event: 169.832 Thread 0x0000000018942800 Threw 0x00000007d97d30e0 at C:\re\jdk7u55\869\hotspot\src\share\vm\prims\jvm.cpp:1244
Event: 169.834 Thread 0x000000001893f800 Threw 0x00000007d993bc00 at C:\re\jdk7u55\869\hotspot\src\share\vm\prims\jvm.cpp:1244
Event: 169.837 Thread 0x000000001893f800 Threw 0x00000007d9942590 at C:\re\jdk7u55\869\hotspot\src\share\vm\prims\jvm.cpp:1244
Event: 169.837 Thread 0x0000000018942800 Threw 0x00000007d97db1e0 at C:\re\jdk7u55\869\hotspot\src\share\vm\prims\jvm.cpp:1244
Event: 169.838 Thread 0x0000000018942800 Threw 0x00000007d97e13b0 at C:\re\jdk7u55\869\hotspot\src\share\vm\prims\jvm.cpp:1244

Events (10 events):
Event: 169.837 Thread 0x0000000018942800 DEOPT PACKING pc=0x0000000002d2f0dc sp=0x0000000034a9eb80
Event: 169.837 Thread 0x0000000018942800 DEOPT UNPACKING pc=0x00000000026d92b9 sp=0x0000000034a9e848 mode 1
Event: 169.838 Thread 0x0000000018942800 DEOPT PACKING pc=0x0000000002a2ad4c sp=0x0000000034a9ecf0
Event: 169.838 Thread 0x0000000018942800 DEOPT UNPACKING pc=0x00000000026d92b9 sp=0x0000000034a9ea10 mode 1
Event: 169.838 Thread 0x000000001893f800 Thread exited: 0x000000001893f800
Event: 169.838 Thread 0x00000000248dd800 Thread exited: 0x00000000248dd800
Event: 169.839 Thread 0x0000000018942800 Thread exited: 0x0000000018942800
Event: 169.871 Thread 0x000000000fbbc000 Thread exited: 0x000000000fbbc000
Event: 169.934 Thread 0x00000000248e0000 Thread exited: 0x00000000248e0000
Event: 169.934 Executing VM operation: Exit


Dynamic libraries:
0x000000013fa80000 - 0x000000013fab3000 	C:\Program Files\Java\jre7\bin\javaw.exe
0x0000000077460000 - 0x0000000077609000 	C:\Windows\SYSTEM32\ntdll.dll
0x0000000077340000 - 0x000000007745f000 	C:\Windows\system32\kernel32.dll
0x000007fefd260000 - 0x000007fefd2cc000 	C:\Windows\system32\KERNELBASE.dll
0x000007fefe100000 - 0x000007fefe1db000 	C:\Windows\system32\ADVAPI32.dll
0x000007feff6d0000 - 0x000007feff76f000 	C:\Windows\system32\msvcrt.dll
0x000007fefe1e0000 - 0x000007fefe1ff000 	C:\Windows\SYSTEM32\sechost.dll
0x000007fefe460000 - 0x000007fefe58d000 	C:\Windows\system32\RPCRT4.dll
0x0000000077240000 - 0x000000007733a000 	C:\Windows\system32\USER32.dll
0x000007feff660000 - 0x000007feff6c7000 	C:\Windows\system32\GDI32.dll
0x000007fefdca0000 - 0x000007fefdcae000 	C:\Windows\system32\LPK.dll
0x000007fefd950000 - 0x000007fefda19000 	C:\Windows\system32\USP10.dll
0x000007fefb880000 - 0x000007fefba74000 	C:\Windows\WinSxS\amd64_microsoft.windows.common-controls_6595b64144ccf1df_6.0.7601.18807_none_fa381d5f175bfb52\COMCTL32.dll
0x000007fefdec0000 - 0x000007fefdf31000 	C:\Windows\system32\SHLWAPI.dll
0x000007fefda20000 - 0x000007fefda4e000 	C:\Windows\system32\IMM32.DLL
0x000007fefdf40000 - 0x000007fefe049000 	C:\Windows\system32\MSCTF.dll
0x000000006ae20000 - 0x000000006aef2000 	C:\Program Files\Java\jre7\bin\msvcr100.dll
0x000000006ddf0000 - 0x000000006e5b9000 	C:\Program Files\Java\jre7\bin\server\jvm.dll
0x000007fef32b0000 - 0x000007fef32b9000 	C:\Windows\system32\WSOCK32.dll
0x000007fefe0b0000 - 0x000007fefe0fd000 	C:\Windows\system32\WS2_32.dll
0x000007fefe590000 - 0x000007fefe598000 	C:\Windows\system32\NSI.dll
0x000007fefb1f0000 - 0x000007fefb22b000 	C:\Windows\system32\WINMM.dll
0x0000000077620000 - 0x0000000077627000 	C:\Windows\system32\PSAPI.DLL
0x0000000074330000 - 0x000000007433f000 	C:\Program Files\Java\jre7\bin\verify.dll
0x0000000073f60000 - 0x0000000073f88000 	C:\Program Files\Java\jre7\bin\java.dll
0x0000000072d80000 - 0x0000000072db5000 	C:\Program Files\Java\jre7\bin\jdwp.dll
0x0000000073f00000 - 0x0000000073f08000 	C:\Program Files\Java\jre7\bin\npt.dll
0x0000000074310000 - 0x0000000074325000 	C:\Program Files\Java\jre7\bin\zip.dll
0x0000000074010000 - 0x0000000074019000 	C:\Program Files\Java\jre7\bin\dt_socket.dll
0x000007fefb060000 - 0x000007fefb075000 	C:\Windows\system32\NLAapi.dll
0x000007fef5400000 - 0x000007fef5415000 	C:\Windows\system32\napinsp.dll
0x000007fef5420000 - 0x000007fef5439000 	C:\Windows\system32\pnrpnsp.dll
0x000007fefca00000 - 0x000007fefca55000 	C:\Windows\System32\mswsock.dll
0x000007fefc880000 - 0x000007fefc8db000 	C:\Windows\system32\DNSAPI.dll
0x000007fef53a0000 - 0x000007fef53ab000 	C:\Windows\System32\winrnr.dll
0x000007fefaef0000 - 0x000007fefaf17000 	C:\Windows\system32\IPHLPAPI.DLL
0x000007fefaee0000 - 0x000007fefaeeb000 	C:\Windows\system32\WINNSI.DLL
0x000007fefad60000 - 0x000007fefadb3000 	C:\Windows\System32\fwpuclnt.dll
0x000007fef5390000 - 0x000007fef5398000 	C:\Windows\system32\rasadhlp.dll
0x000007fefc3e0000 - 0x000007fefc3e7000 	C:\Windows\System32\wshtcpip.dll
0x0000000072d70000 - 0x0000000072d7b000 	C:\Program Files\Java\jre7\bin\management.dll
0x0000000073f40000 - 0x0000000073f59000 	C:\Program Files\Java\jre7\bin\net.dll
0x000007fefc9f0000 - 0x000007fefc9f7000 	C:\Windows\System32\wship6.dll
0x0000000072bb0000 - 0x0000000072bc1000 	C:\Program Files\Java\jre7\bin\nio.dll
0x0000000072040000 - 0x0000000072064000 	C:\Program Files\Java\jre7\bin\sunec.dll
0x0000000074340000 - 0x000000007434b000 	C:\Program Files\Java\jre7\bin\sunmscapi.dll
0x000007fefd3f0000 - 0x000007fefd55d000 	C:\Windows\system32\CRYPT32.dll
0x000007fefd230000 - 0x000007fefd23f000 	C:\Windows\system32\MSASN1.dll
0x000007fefca60000 - 0x000007fefca78000 	C:\Windows\system32\CRYPTSP.dll
0x000007fefc760000 - 0x000007fefc7a7000 	C:\Windows\system32\rsaenh.dll
0x000007fefd560000 - 0x000007fefd57e000 	C:\Windows\system32\USERENV.dll
0x000007fefd220000 - 0x000007fefd22f000 	C:\Windows\system32\profapi.dll
0x000007fefd0c0000 - 0x000007fefd0cf000 	C:\Windows\system32\CRYPTBASE.dll
0x000007fefad30000 - 0x000007fefad41000 	C:\Windows\system32\dhcpcsvc6.DLL
0x000007fefacb0000 - 0x000007fefacc8000 	C:\Windows\system32\dhcpcsvc.DLL
0x000000005b060000 - 0x000000005b1f5000 	C:\Program Files\Java\jre7\bin\awt.dll
0x000007fefe7f0000 - 0x000007fefe8c7000 	C:\Windows\system32\OLEAUT32.dll
0x000007fefdcb0000 - 0x000007fefdeb3000 	C:\Windows\system32\ole32.dll
0x000007fefb7f0000 - 0x000007fefb846000 	C:\Windows\system32\uxtheme.dll
0x000007fede9d0000 - 0x000007fede9f7000 	C:\Program Files (x86)\Raptr\ltc_help64-96675.dll
0x000007fefe8d0000 - 0x000007feff659000 	C:\Windows\system32\SHELL32.dll
0x000007fefd590000 - 0x000007fefd5cb000 	C:\Windows\system32\WINTRUST.dll
0x000007fefb3e0000 - 0x000007fefb3f8000 	C:\Windows\system32\dwmapi.dll
0x00000000611f0000 - 0x0000000061237000 	C:\Program Files\Java\jre7\bin\fontmanager.dll
0x000007fefc2f0000 - 0x000007fefc2fc000 	C:\Windows\system32\VERSION.dll
0x000007fef2e10000 - 0x000007fef2f5c000 	C:\Windows\system32\aticfx64.dll
0x000007fefc2c0000 - 0x000007fefc2ec000 	C:\Windows\system32\POWRPROF.dll
0x000007fefe200000 - 0x000007fefe3d7000 	C:\Windows\system32\SETUPAPI.dll
0x000007fefd3b0000 - 0x000007fefd3e6000 	C:\Windows\system32\CFGMGR32.dll
0x000007fefd2f0000 - 0x000007fefd30a000 	C:\Windows\system32\DEVOBJ.dll
0x00000000722b0000 - 0x00000000722f1000 	C:\Program Files\Java\jre7\bin\t2k.dll
0x0000000180000000 - 0x0000000180051000 	C:\Users\Daniel\.gradle\caches\minecraft\net\minecraft\minecraft_natives\1.7.10\lwjgl64.dll
0x000007fed6c60000 - 0x000007fed6d7d000 	C:\Windows\system32\OPENGL32.dll
0x000007fef5da0000 - 0x000007fef5dcd000 	C:\Windows\system32\GLU32.dll
0x000007fedf350000 - 0x000007fedf441000 	C:\Windows\system32\DDRAW.dll
0x000007fedf340000 - 0x000007fedf348000 	C:\Windows\system32\DCIMAN32.dll
0x000007fefae10000 - 0x000007fefae28000 	C:\Windows\system32\atig6pxx.dll
0x0000000068310000 - 0x0000000069ebe000 	C:\Windows\system32\atio6axx.dll
0x000007fee5420000 - 0x000007fee5558000 	C:\Windows\system32\atiadlxx.dll
0x000007fefbeb0000 - 0x000007fefbfdc000 	C:\Windows\system32\PROPSYS.dll
0x000007fefc300000 - 0x000007fefc311000 	C:\Windows\system32\WTSAPI32.dll
0x000007fedf750000 - 0x000007fedf779000 	C:\Windows\system32\atig6txx.dll
0x000007fefe750000 - 0x000007fefe7e9000 	C:\Windows\system32\CLBCatQ.DLL
0x000007fef4120000 - 0x000007fef41bc000 	C:\Windows\system32\mscms.dll
0x000007fed7b00000 - 0x000007fed7b42000 	C:\Windows\system32\icm32.dll
0x0000000070a40000 - 0x0000000070adc000 	C:\Users\Daniel\.gradle\caches\minecraft\net\minecraft\minecraft_natives\1.7.10\avutil-ttv-51.dll
0x0000000065980000 - 0x00000000659d6000 	C:\Users\Daniel\.gradle\caches\minecraft\net\minecraft\minecraft_natives\1.7.10\swresample-ttv-0.dll
0x000000006eb80000 - 0x000000006ec50000 	C:\Users\Daniel\.gradle\caches\minecraft\net\minecraft\minecraft_natives\1.7.10\libmp3lame-ttv.dll
0x000007fecfb70000 - 0x000007fed0f14000 	C:\Users\Daniel\.gradle\caches\minecraft\net\minecraft\minecraft_natives\1.7.10\libmfxsw64.dll
0x000007fedf620000 - 0x000007fedf74b000 	C:\Users\Daniel\.gradle\caches\minecraft\net\minecraft\minecraft_natives\1.7.10\twitchsdk.dll
0x000007fefda50000 - 0x000007fefdc97000 	C:\Windows\system32\WININET.dll
0x000007fefd2d0000 - 0x000007fefd2d4000 	C:\Windows\system32\api-ms-win-downlevel-user32-l1-1-0.dll
0x000007fefd5d0000 - 0x000007fefd5d4000 	C:\Windows\system32\api-ms-win-downlevel-shlwapi-l1-1-0.dll
0x000007fefd2e0000 - 0x000007fefd2e4000 	C:\Windows\system32\api-ms-win-downlevel-version-l1-1-0.dll
0x000007fefd250000 - 0x000007fefd253000 	C:\Windows\system32\api-ms-win-downlevel-normaliz-l1-1-0.dll
0x0000000077630000 - 0x0000000077633000 	C:\Windows\system32\normaliz.DLL
0x000007fefd5e0000 - 0x000007fefd8a7000 	C:\Windows\system32\iertutil.dll
0x000007fefd240000 - 0x000007fefd245000 	C:\Windows\system32\api-ms-win-downlevel-advapi32-l1-1-0.dll
0x000007fedf500000 - 0x000007fedf55f000 	C:\Program Files\OBS\plugins\GraphicsCapture\GraphicsCaptureHook64.dll
0x000007fef3580000 - 0x000007fef35b4000 	C:\Windows\system32\d3d10_1.dll
0x000007fef3520000 - 0x000007fef3577000 	C:\Windows\system32\d3d10_1core.dll
0x000007fef34c0000 - 0x000007fef351d000 	C:\Windows\system32\dxgi.dll
0x000007fef32e0000 - 0x000007fef34b5000 	C:\Windows\system32\d3d11.dll
0x000007fef3280000 - 0x000007fef32a6000 	C:\Windows\system32\atiuxp64.dll
0x000007fef2380000 - 0x000007fef2e05000 	C:\Windows\system32\atidxx64.dll
0x000000000e310000 - 0x000000000e374000 	C:\Users\Daniel\.gradle\caches\minecraft\net\minecraft\minecraft_natives\1.7.10\OpenAL64.dll
0x000007fefc020000 - 0x000007fefc06b000 	C:\Windows\System32\MMDevApi.dll
0x000007fef1890000 - 0x000007fef1918000 	C:\Windows\system32\dsound.dll
0x000007fefaf70000 - 0x000007fefafbf000 	C:\Windows\system32\AUDIOSES.DLL
0x000007fedf210000 - 0x000007fedf335000 	C:\Windows\system32\dbghelp.dll

VM Arguments:
jvm_args: -agentlib:jdwp=transport=dt_socket,suspend=y,address=localhost:64167 -Dfml.ignoreInvalidMinecraftCertificates=true -XX:MaxPermSize=256m -Dfile.encoding=Cp1252 
java_command: GradleStart --version 1.7 --tweakClass cpw.mods.fml.common.launcher.FMLTweaker --accessToken forgeTest --userProperties={} --username=blu.sunrize@yahoo.de --password=Dannyl1694 --assetIndex 1.7.10 --uuid=test --assetsDir C:/Users/Daniel/.gradle/caches/minecraft/assets
Launcher Type: SUN_STANDARD

Environment Variables:
PATH=C:\Program Files (x86)\NVIDIA Corporation\PhysX\Common;C:\Program Files (x86)\Intel\iCLS Client\;C:\Program Files\Intel\iCLS Client\;C:\Windows\system32;C:\Windows;C:\Windows\System32\Wbem;C:\Windows\System32\WindowsPowerShell\v1.0\;C:\Program Files\Intel\Intel(R) Management Engine Components\DAL;C:\Program Files\Intel\Intel(R) Management Engine Components\IPT;C:\Program Files (x86)\Intel\Intel(R) Management Engine Components\DAL;C:\Program Files (x86)\Intel\Intel(R) Management Engine Components\IPT;C:\Program Files (x86)\ATI Technologies\ATI.ACE\Core-Static;C:\Program Files (x86)\Git\cmd;E:\Program Files\Csound6\bin;C:\Program Files (x86)\AMD\ATI.ACE\Core-Static;C:\Program Files (x86)\Skype\Phone\
USERNAME=Daniel
OS=Windows_NT
PROCESSOR_IDENTIFIER=Intel64 Family 6 Model 60 Stepping 3, GenuineIntel



---------------  S Y S T E M  ---------------

OS: Windows 7 , 64 bit Build 7601 Service Pack 1

CPU:total 8 (4 cores per cpu, 2 threads per core) family 6 model 60 stepping 3, cmov, cx8, fxsr, mmx, sse, sse2, sse3, ssse3, sse4.1, sse4.2, popcnt, avx, avx2, aes, erms, ht, tsc, tscinvbit

Memory: 4k page, physical 8317496k(2509800k free), swap 25878348k(14381616k free)

vm_info: Java HotSpot(TM) 64-Bit Server VM (24.55-b03) for windows-amd64 JRE (1.7.0_55-b13), built on Mar 17 2014 19:45:30 by "java_re" with unknown MS VC++:1600

time: Thu Jun 04 22:29:55 2015
elapsed time: 170 seconds

