#
# A fatal error has been detected by the Java Runtime Environment:
#
#  EXCEPTION_ACCESS_VIOLATION (0xc0000005) at pc=0x000007fedf561b76, pid=15420, tid=31640
#
# JRE version: Java(TM) SE Runtime Environment (7.0_55-b13) (build 1.7.0_55-b13)
# Java VM: Java HotSpot(TM) 64-Bit Server VM (24.55-b03 mixed mode windows-amd64 compressed oops)
# Problematic frame:
# C  [GraphicsCaptureHook64.dll+0x1b76]
#
# Failed to write core dump. Minidumps are not enabled by default on client versions of Windows
#
# If you would like to submit a bug report, please visit:
#   http://bugreport.sun.com/bugreport/crash.jsp
#

---------------  T H R E A D  ---------------

Current thread (0x000000000b94d000):  VMThread [stack: 0x000000000d8b0000,0x000000000d9b0000] [id=31640]

siginfo: ExceptionCode=0xc0000005, reading address 0x0000000000000008

Registers:
RAX=0x0000000000000000, RBX=0x000000000d9aef90, RCX=0x000000001b8f0045, RDX=0x000000000d9aef90
RSP=0x000000000d9aef20, RBP=0x00000000021bf330, RSI=0x0000000000020001, RDI=0x0000000000000028
R8 =0x000007fffffa6000, R9 =0x000007fedf560000, R10=0x000000000d9aefc0, R11=0x000000000d9aefc0
R12=0x000007fffffdf000, R13=0x000007fffffa6000, R14=0x0000000077593bc0, R15=0x000000007758e670
RIP=0x000007fedf561b76, EFLAGS=0x0000000000010202

Top of Stack: (sp=0x000000000d9aef20)
0x000000000d9aef20:   37333a37353a3032 000000000f00203a
0x000000000d9aef30:   000000001b462b80 00000000002ac650
0x000000000d9aef40:   000007fedf5b8a00 000007fedf565aeb
0x000000000d9aef50:   000000004ea32c47 00000000e30001e2
0x000000000d9aef60:   000000007758e670 0000000077593bc0
0x000000000d9aef70:   fffffffffffffffe 0000000000000028
0x000000000d9aef80:   0000000000000028 000007fedf57e822
0x000000000d9aef90:   000000001b8f0045 0000000000000001
0x000000000d9aefa0:   0000000000000001 0000000000000000
0x000000000d9aefb0:   0000000000000004 fffffffffffffffe
0x000000000d9aefc0:   37333a37353a3032 000000000000203a
0x000000000d9aefd0:   000000000000000a 000000000000000f
0x000000000d9aefe0:   00009b3678eabef9 0000000000000001
0x000000000d9aeff0:   0000000000000028 000007fedf68752d
0x000000000d9af000:   000007fef5e01318 0000000000000001
0x000000000d9af010:   000007fedf660000 0000000077361a5a 

Instructions: (pc=0x000007fedf561b76)
0x000007fedf561b56:   cc cc cc cc cc cc cc cc cc cc 40 53 48 83 ec 20
0x000007fedf561b66:   48 8b 41 40 48 8b da 48 8b 08 48 89 0a 48 8b 01
0x000007fedf561b76:   ff 50 08 48 8b c3 48 83 c4 20 5b c3 cc cc cc cc
0x000007fedf561b86:   cc cc cc cc cc cc cc cc cc cc 48 89 5c 24 08 57 


Register to memory mapping:

RAX=0x0000000000000000 is an unknown value
RBX=0x000000000d9aef90 is an unknown value
RCX=0x000000001b8f0045 is an unknown value
RDX=0x000000000d9aef90 is an unknown value
RSP=0x000000000d9aef20 is an unknown value
RBP=0x00000000021bf330 is an unknown value
RSI=0x0000000000020001 is an unknown value
RDI=0x0000000000000028 is an unknown value
R8 =0x000007fffffa6000 is an unknown value
R9 =0x000007fedf560000 is an unknown value
R10=0x000000000d9aefc0 is an unknown value
R11=0x000000000d9aefc0 is an unknown value
R12=0x000007fffffdf000 is an unknown value
R13=0x000007fffffa6000 is an unknown value
R14=0x0000000077593bc0 is an unknown value
R15=0x000000007758e670 is an unknown value


Stack: [0x000000000d8b0000,0x000000000d9b0000],  sp=0x000000000d9aef20,  free space=1019k
Native frames: (J=compiled Java code, j=interpreted, Vv=VM code, C=native code)
C  [GraphicsCaptureHook64.dll+0x1b76]

VM_Operation (0x000000000258e460): Exit, mode: safepoint, requested by thread 0x000000000219c000


---------------  P R O C E S S  ---------------

Java Threads: ( => current thread )
  0x0000000017d71800 JavaThread "AWT-Shutdown" [_thread_blocked, id=34348, stack(0x000000001d540000,0x000000001d640000)]
  0x000000002822c000 JavaThread "File IO Thread" [_thread_blocked, id=18924, stack(0x0000000030d60000,0x0000000030e60000)]
  0x000000001043e000 JavaThread "Chunk I/O Executor Thread-1" daemon [_thread_blocked, id=30856, stack(0x0000000030170000,0x0000000030270000)]
  0x00000000106db800 JavaThread "Netty IO #1" daemon [_thread_in_native, id=33976, stack(0x00000000218a0000,0x00000000219a0000)]
  0x00000000106db000 JavaThread "Netty Client IO #0" daemon [_thread_in_native, id=9220, stack(0x0000000021300000,0x0000000021400000)]
  0x00000000106da000 JavaThread "Netty IO #0" daemon [_thread_in_native, id=14252, stack(0x0000000021790000,0x0000000021890000)]
  0x0000000010444000 JavaThread "ic2-poolthread-8" daemon [_thread_blocked, id=34512, stack(0x0000000021560000,0x0000000021660000)]
  0x0000000010443000 JavaThread "ic2-poolthread-7" daemon [_thread_blocked, id=18804, stack(0x0000000021660000,0x0000000021760000)]
  0x0000000010442800 JavaThread "ic2-poolthread-6" daemon [_thread_blocked, id=10200, stack(0x0000000021460000,0x0000000021560000)]
  0x0000000010441800 JavaThread "ic2-poolthread-5" daemon [_thread_blocked, id=16520, stack(0x0000000021080000,0x0000000021180000)]
  0x0000000010441000 JavaThread "ic2-poolthread-4" daemon [_thread_blocked, id=31488, stack(0x0000000021190000,0x0000000021290000)]
  0x0000000010440000 JavaThread "ic2-poolthread-3" daemon [_thread_blocked, id=34064, stack(0x0000000012650000,0x0000000012750000)]
  0x000000001043f800 JavaThread "Physis Odd One Out Builder" [_thread_blocked, id=31320, stack(0x0000000020f20000,0x0000000021020000)]
  0x000000001043e800 JavaThread "Thread-21" [_thread_blocked, id=10000, stack(0x0000000020d40000,0x0000000020e40000)]
  0x000000001043d000 JavaThread "Server thread" [_thread_blocked, id=25024, stack(0x00000000208d0000,0x00000000209d0000)]
  0x0000000017d6e800 JavaThread "LWJGL Timer" daemon [_thread_blocked, id=34732, stack(0x0000000012510000,0x0000000012610000)]
  0x0000000017d6d800 JavaThread "ic2-poolthread-2" daemon [_thread_blocked, id=21208, stack(0x0000000012890000,0x0000000012990000)]
  0x0000000017029000 JavaThread "ic2-poolthread-1" daemon [_thread_blocked, id=27220, stack(0x0000000011d80000,0x0000000011e80000)]
  0x0000000018458800 JavaThread "Timer hack thread" daemon [_thread_blocked, id=19968, stack(0x00000000192f0000,0x00000000193f0000)]
  0x0000000018d43000 JavaThread "Snooper Timer" daemon [_thread_blocked, id=34372, stack(0x0000000016360000,0x0000000016460000)]
  0x000000000fc93800 JavaThread "Java2D Disposer" daemon [_thread_blocked, id=21564, stack(0x0000000011670000,0x0000000011770000)]
  0x000000000c921000 JavaThread "Service Thread" daemon [_thread_blocked, id=34672, stack(0x000000000f0d0000,0x000000000f1d0000)]
  0x000000000c91f000 JavaThread "C2 CompilerThread1" daemon [_thread_blocked, id=34564, stack(0x000000000ef00000,0x000000000f000000)]
  0x000000000c91c800 JavaThread "C2 CompilerThread0" daemon [_thread_blocked, id=34668, stack(0x000000000ece0000,0x000000000ede0000)]
  0x000000000c90b000 JavaThread "JDWP Command Reader" daemon [_thread_blocked, id=7948, stack(0x000000000e880000,0x000000000e980000)]
  0x000000000c904000 JavaThread "JDWP Event Helper Thread" daemon [_thread_blocked, id=32256, stack(0x000000000e630000,0x000000000e730000)]
  0x000000000b96f000 JavaThread "JDWP Transport Listener: dt_socket" daemon [_thread_blocked, id=20608, stack(0x000000000ea80000,0x000000000eb80000)]
  0x000000000b969000 JavaThread "Attach Listener" daemon [_thread_blocked, id=34476, stack(0x000000000e050000,0x000000000e150000)]
  0x000000000b966800 JavaThread "Signal Dispatcher" daemon [_thread_blocked, id=34108, stack(0x000000000df30000,0x000000000e030000)]
  0x000000000222a800 JavaThread "Finalizer" daemon [_thread_blocked, id=25668, stack(0x000000000dd30000,0x000000000de30000)]
  0x000000000b950000 JavaThread "Reference Handler" daemon [_thread_blocked, id=33800, stack(0x000000000da70000,0x000000000db70000)]
  0x000000000219c000 JavaThread "Client thread" [_thread_blocked, id=34236, stack(0x0000000002490000,0x0000000002590000)]

Other Threads:
=>0x000000000b94d000 VMThread [stack: 0x000000000d8b0000,0x000000000d9b0000] [id=31640]

VM state:at safepoint (shutting down)

VM Mutex/Monitor currently owned by a thread:  ([mutex/lock_event])
[0x0000000002199980] Threads_lock - owner thread: 0x000000000b94d000

Heap
 PSYoungGen      total 615936K, used 370769K [0x00000007d5a80000, 0x0000000800000000, 0x0000000800000000)
  eden space 540672K, 66% used [0x00000007d5a80000,0x00000007eb7d14e0,0x00000007f6a80000)
  from space 75264K, 17% used [0x00000007f6a80000,0x00000007f77430b8,0x00000007fb400000)
  to   space 75776K, 0% used [0x00000007fb600000,0x00000007fb600000,0x0000000800000000)
 ParOldGen       total 690176K, used 549091K [0x0000000781000000, 0x00000007ab200000, 0x00000007d5a80000)
  object space 690176K, 79% used [0x0000000781000000,0x00000007a2838f40,0x00000007ab200000)
 PSPermGen       total 127488K, used 102275K [0x0000000771000000, 0x0000000778c80000, 0x0000000781000000)
  object space 127488K, 80% used [0x0000000771000000,0x00000007773e0f88,0x0000000778c80000)

Card table byte_map: [0x0000000005590000,0x0000000005a10000] byte_map_base: 0x0000000001a08000

Polling page: 0x0000000000120000

Code Cache  [0x0000000002590000, 0x0000000003950000, 0x0000000005590000)
 total_blobs=6225 nmethods=5021 adapters=1160 free_code_cache=29203Kb largest_free_block=29666752

Compilation events (10 events):
Event: 173.516 Thread 0x000000000c91f000 5724             com.google.gson.internal.bind.TypeAdapters$29::<init> (20 bytes)
Event: 173.517 Thread 0x000000000c91c800 5725             com.google.gson.reflect.TypeToken::getRawType (5 bytes)
Event: 173.517 Thread 0x000000000c91c800 nmethod 5725 0x000000000384ba50 code [0x000000000384bb80, 0x000000000384bbf8]
Event: 173.517 Thread 0x000000000c91f000 nmethod 5724 0x000000000383b450 code [0x000000000383b580, 0x000000000383b618]
Event: 173.519 Thread 0x000000000c91f000 5726             com.google.gson.stream.JsonWriter::string (169 bytes)
Event: 173.521 Thread 0x000000000c91c800 5727             com.google.gson.stream.JsonWriter::value (95 bytes)
Event: 173.528 Thread 0x000000000c91f000 nmethod 5726 0x0000000003907ad0 code [0x0000000003907cc0, 0x0000000003908690]
Event: 173.595 Thread 0x000000000c91c800 nmethod 5727 0x000000000393d510 code [0x000000000393d980, 0x0000000003940c60]
Event: 173.660 Thread 0x000000000c91f000 5728 %           cpw.mods.fml.common.FMLContainer::getDataForWriting @ 154 (635 bytes)
Event: 173.689 Thread 0x000000000c91f000 nmethod 5728% 0x00000000038eb750 code [0x00000000038ebb80, 0x00000000038ee280]

GC Heap History (10 events):
Event: 157.340 GC heap before
{Heap before GC invocations=82 (full 9):
 PSYoungGen      total 614400K, used 569841K [0x00000007d5a80000, 0x00000007fff00000, 0x0000000800000000)
  eden space 537088K, 97% used [0x00000007d5a80000,0x00000007f578b9d8,0x00000007f6700000)
  from space 77312K, 62% used [0x00000007fb380000,0x00000007fe2f0e10,0x00000007fff00000)
  to   space 77824K, 0% used [0x00000007f6700000,0x00000007f6700000,0x00000007fb300000)
 ParOldGen       total 690176K, used 509969K [0x0000000781000000, 0x00000007ab200000, 0x00000007d5a80000)
  object space 690176K, 73% used [0x0000000781000000,0x00000007a02045b8,0x00000007ab200000)
 PSPermGen       total 127488K, used 101814K [0x0000000771000000, 0x0000000778c80000, 0x0000000781000000)
  object space 127488K, 79% used [0x0000000771000000,0x000000077736d838,0x0000000778c80000)
Event: 157.372 GC heap after
Heap after GC invocations=82 (full 9):
 PSYoungGen      total 614912K, used 47674K [0x00000007d5a80000, 0x00000007fff80000, 0x0000000800000000)
  eden space 537088K, 0% used [0x00000007d5a80000,0x00000007d5a80000,0x00000007f6700000)
  from space 77824K, 61% used [0x00000007f6700000,0x00000007f958e960,0x00000007fb300000)
  to   space 77312K, 0% used [0x00000007fb400000,0x00000007fb400000,0x00000007fff80000)
 ParOldGen       total 690176K, used 509969K [0x0000000781000000, 0x00000007ab200000, 0x00000007d5a80000)
  object space 690176K, 73% used [0x0000000781000000,0x00000007a02045b8,0x00000007ab200000)
 PSPermGen       total 127488K, used 101814K [0x0000000771000000, 0x0000000778c80000, 0x0000000781000000)
  object space 127488K, 79% used [0x0000000771000000,0x000000077736d838,0x0000000778c80000)
}
Event: 160.045 GC heap before
{Heap before GC invocations=83 (full 9):
 PSYoungGen      total 614912K, used 584762K [0x00000007d5a80000, 0x00000007fff80000, 0x0000000800000000)
  eden space 537088K, 100% used [0x00000007d5a80000,0x00000007f6700000,0x00000007f6700000)
  from space 77824K, 61% used [0x00000007f6700000,0x00000007f958e960,0x00000007fb300000)
  to   space 77312K, 0% used [0x00000007fb400000,0x00000007fb400000,0x00000007fff80000)
 ParOldGen       total 690176K, used 509969K [0x0000000781000000, 0x00000007ab200000, 0x00000007d5a80000)
  object space 690176K, 73% used [0x0000000781000000,0x00000007a02045b8,0x00000007ab200000)
 PSPermGen       total 127488K, used 101948K [0x0000000771000000, 0x0000000778c80000, 0x0000000781000000)
  object space 127488K, 79% used [0x0000000771000000,0x000000077738f218,0x0000000778c80000)
Event: 160.078 GC heap after
Heap after GC invocations=83 (full 9):
 PSYoungGen      total 613888K, used 48204K [0x00000007d5a80000, 0x00000007ffd80000, 0x0000000800000000)
  eden space 538624K, 0% used [0x00000007d5a80000,0x00000007d5a80000,0x00000007f6880000)
  from space 75264K, 64% used [0x00000007fb400000,0x00000007fe3133a0,0x00000007ffd80000)
  to   space 76288K, 0% used [0x00000007f6880000,0x00000007f6880000,0x00000007fb300000)
 ParOldGen       total 690176K, used 509977K [0x0000000781000000, 0x00000007ab200000, 0x00000007d5a80000)
  object space 690176K, 73% used [0x0000000781000000,0x00000007a02065b8,0x00000007ab200000)
 PSPermGen       total 127488K, used 101948K [0x0000000771000000, 0x0000000778c80000, 0x0000000781000000)
  object space 127488K, 79% used [0x0000000771000000,0x000000077738f218,0x0000000778c80000)
}
Event: 162.153 GC heap before
{Heap before GC invocations=84 (full 9):
 PSYoungGen      total 613888K, used 585619K [0x00000007d5a80000, 0x00000007ffd80000, 0x0000000800000000)
  eden space 538624K, 99% used [0x00000007d5a80000,0x00000007f6751a60,0x00000007f6880000)
  from space 75264K, 64% used [0x00000007fb400000,0x00000007fe3133a0,0x00000007ffd80000)
  to   space 76288K, 0% used [0x00000007f6880000,0x00000007f6880000,0x00000007fb300000)
 ParOldGen       total 690176K, used 509977K [0x0000000781000000, 0x00000007ab200000, 0x00000007d5a80000)
  object space 690176K, 73% used [0x0000000781000000,0x00000007a02065b8,0x00000007ab200000)
 PSPermGen       total 127488K, used 102006K [0x0000000771000000, 0x0000000778c80000, 0x0000000781000000)
  object space 127488K, 80% used [0x0000000771000000,0x000000077739dbc0,0x0000000778c80000)
Event: 162.185 GC heap after
Heap after GC invocations=84 (full 9):
 PSYoungGen      total 614912K, used 37419K [0x00000007d5a80000, 0x00000007ffc00000, 0x0000000800000000)
  eden space 538624K, 0% used [0x00000007d5a80000,0x00000007d5a80000,0x00000007f6880000)
  from space 76288K, 49% used [0x00000007f6880000,0x00000007f8d0ae78,0x00000007fb300000)
  to   space 73728K, 0% used [0x00000007fb400000,0x00000007fb400000,0x00000007ffc00000)
 ParOldGen       total 690176K, used 522172K [0x0000000781000000, 0x00000007ab200000, 0x00000007d5a80000)
  object space 690176K, 75% used [0x0000000781000000,0x00000007a0def3a0,0x00000007ab200000)
 PSPermGen       total 127488K, used 102006K [0x0000000771000000, 0x0000000778c80000, 0x0000000781000000)
  object space 127488K, 80% used [0x0000000771000000,0x000000077739dbc0,0x0000000778c80000)
}
Event: 163.156 GC heap before
{Heap before GC invocations=85 (full 9):
 PSYoungGen      total 614912K, used 573081K [0x00000007d5a80000, 0x00000007ffc00000, 0x0000000800000000)
  eden space 538624K, 99% used [0x00000007d5a80000,0x00000007f659b5c0,0x00000007f6880000)
  from space 76288K, 49% used [0x00000007f6880000,0x00000007f8d0ae78,0x00000007fb300000)
  to   space 73728K, 0% used [0x00000007fb400000,0x00000007fb400000,0x00000007ffc00000)
 ParOldGen       total 690176K, used 522172K [0x0000000781000000, 0x00000007ab200000, 0x00000007d5a80000)
  object space 690176K, 75% used [0x0000000781000000,0x00000007a0def3a0,0x00000007ab200000)
 PSPermGen       total 127488K, used 102053K [0x0000000771000000, 0x0000000778c80000, 0x0000000781000000)
  object space 127488K, 80% used [0x0000000771000000,0x00000007773a95f8,0x0000000778c80000)
Event: 163.190 GC heap after
Heap after GC invocations=85 (full 9):
 PSYoungGen      total 614400K, used 12930K [0x00000007d5a80000, 0x0000000800000000, 0x0000000800000000)
  eden space 540672K, 0% used [0x00000007d5a80000,0x00000007d5a80000,0x00000007f6a80000)
  from space 73728K, 17% used [0x00000007fb400000,0x00000007fc0a0a70,0x00000007ffc00000)
  to   space 75264K, 0% used [0x00000007f6a80000,0x00000007f6a80000,0x00000007fb400000)
 ParOldGen       total 690176K, used 548923K [0x0000000781000000, 0x00000007ab200000, 0x00000007d5a80000)
  object space 690176K, 79% used [0x0000000781000000,0x00000007a280ef40,0x00000007ab200000)
 PSPermGen       total 127488K, used 102053K [0x0000000771000000, 0x0000000778c80000, 0x0000000781000000)
  object space 127488K, 80% used [0x0000000771000000,0x00000007773a95f8,0x0000000778c80000)
}
Event: 166.397 GC heap before
{Heap before GC invocations=86 (full 9):
 PSYoungGen      total 614400K, used 553602K [0x00000007d5a80000, 0x0000000800000000, 0x0000000800000000)
  eden space 540672K, 100% used [0x00000007d5a80000,0x00000007f6a80000,0x00000007f6a80000)
  from space 73728K, 17% used [0x00000007fb400000,0x00000007fc0a0a70,0x00000007ffc00000)
  to   space 75264K, 0% used [0x00000007f6a80000,0x00000007f6a80000,0x00000007fb400000)
 ParOldGen       total 690176K, used 548923K [0x0000000781000000, 0x00000007ab200000, 0x00000007d5a80000)
  object space 690176K, 79% used [0x0000000781000000,0x00000007a280ef40,0x00000007ab200000)
 PSPermGen       total 127488K, used 102129K [0x0000000771000000, 0x0000000778c80000, 0x0000000781000000)
  object space 127488K, 80% used [0x0000000771000000,0x00000007773bc4d8,0x0000000778c80000)
Event: 166.414 GC heap after
Heap after GC invocations=86 (full 9):
 PSYoungGen      total 615936K, used 13068K [0x00000007d5a80000, 0x0000000800000000, 0x0000000800000000)
  eden space 540672K, 0% used [0x00000007d5a80000,0x00000007d5a80000,0x00000007f6a80000)
  from space 75264K, 17% used [0x00000007f6a80000,0x00000007f77430b8,0x00000007fb400000)
  to   space 75776K, 0% used [0x00000007fb600000,0x00000007fb600000,0x0000000800000000)
 ParOldGen       total 690176K, used 549091K [0x0000000781000000, 0x00000007ab200000, 0x00000007d5a80000)
  object space 690176K, 79% used [0x0000000781000000,0x00000007a2838f40,0x00000007ab200000)
 PSPermGen       total 127488K, used 102129K [0x0000000771000000, 0x0000000778c80000, 0x0000000781000000)
  object space 127488K, 80% used [0x0000000771000000,0x00000007773bc4d8,0x0000000778c80000)
}

Deoptimization events (10 events):
Event: 173.552 Thread 0x0000000017d70800 Uncommon trap: reason=class_check action=maybe_recompile pc=0x000000000315a9b8 method=org.apache.logging.log4j.core.Logger$PrivateConfig.filter(Lorg/apache/logging/log4j/Level;Lorg/apache/logging/log4j/Marker;Ljava/lang/String;)Z @ 4
Event: 173.650 Thread 0x000000001043d000 Uncommon trap: reason=class_check action=maybe_recompile pc=0x000000000315a9b8 method=org.apache.logging.log4j.core.Logger$PrivateConfig.filter(Lorg/apache/logging/log4j/Level;Lorg/apache/logging/log4j/Marker;Ljava/lang/String;)Z @ 4
Event: 173.650 Thread 0x000000001043d000 Uncommon trap: reason=class_check action=maybe_recompile pc=0x0000000002e7a5e0 method=org.apache.logging.log4j.core.Logger$PrivateConfig.filter(Lorg/apache/logging/log4j/Level;Lorg/apache/logging/log4j/Marker;Ljava/lang/String;)Z @ 4
Event: 173.650 Thread 0x00000000106db800 Uncommon trap: reason=class_check action=maybe_recompile pc=0x00000000034fec38 method=io.netty.util.concurrent.DefaultPromise.notifyListener0(Lio/netty/util/concurrent/Future;Lio/netty/util/concurrent/GenericFutureListener;)V @ 2
Event: 173.657 Thread 0x0000000017d70800 Uncommon trap: reason=class_check action=maybe_recompile pc=0x0000000003170294 method=org.apache.logging.log4j.core.Logger$PrivateConfig.filter(Lorg/apache/logging/log4j/Level;Lorg/apache/logging/log4j/Marker;Ljava/lang/String;)Z @ 4
Event: 173.658 Thread 0x000000001043d000 Uncommon trap: reason=class_check action=maybe_recompile pc=0x0000000003125ffc method=org.apache.logging.log4j.core.Logger$PrivateConfig.filter(Lorg/apache/logging/log4j/Level;Lorg/apache/logging/log4j/Marker;Ljava/lang/String;)Z @ 4
Event: 173.868 Thread 0x000000001043d000 Uncommon trap: reason=class_check action=maybe_recompile pc=0x0000000003395410 method=com.google.common.collect.AbstractMapBasedMultimap.<init>(Ljava/util/Map;)V @ 5
Event: 173.883 Thread 0x000000001043d000 Uncommon trap: reason=bimorphic action=maybe_recompile pc=0x0000000002dc8944 method=java.util.Hashtable.remove(Ljava/lang/Object;)Ljava/lang/Object; @ 49
Event: 173.884 Thread 0x0000000017d70800 Uncommon trap: reason=unreached action=reinterpret pc=0x0000000002dc891c method=java.util.Hashtable.remove(Ljava/lang/Object;)Ljava/lang/Object; @ 31
Event: 173.884 Thread 0x000000001043d000 Uncommon trap: reason=bimorphic action=maybe_recompile pc=0x0000000002dc8944 method=java.util.Hashtable.remove(Ljava/lang/Object;)Ljava/lang/Object; @ 49

Internal exceptions (10 events):
Event: 173.539 Thread 0x0000000017d71800 Threw 0x00000007ea821e38 at C:\re\jdk7u55\869\hotspot\src\share\vm\prims\jvm.cpp:1244
Event: 173.539 Thread 0x0000000017d71800 Threw 0x00000007ea828818 at C:\re\jdk7u55\869\hotspot\src\share\vm\prims\jvm.cpp:1244
Event: 173.540 Thread 0x000000002822d000 Threw 0x00000007ea99bce8 at C:\re\jdk7u55\869\hotspot\src\share\vm\prims\jvm.cpp:1244
Event: 173.540 Thread 0x000000002822d000 Threw 0x00000007ea9a1eb8 at C:\re\jdk7u55\869\hotspot\src\share\vm\prims\jvm.cpp:1244
Event: 173.861 Thread 0x000000001043d000 Threw 0x00000007eb3b1a88 at C:\re\jdk7u55\869\hotspot\src\share\vm\prims\jvm.cpp:1244
Event: 173.862 Thread 0x000000001043d000 Threw 0x00000007eb3bba38 at C:\re\jdk7u55\869\hotspot\src\share\vm\prims\jvm.cpp:1244
Event: 173.863 Thread 0x000000001043d000 Threw 0x00000007eb3c5388 at C:\re\jdk7u55\869\hotspot\src\share\vm\prims\jvm.cpp:1244
Event: 173.865 Thread 0x000000001043d000 Threw 0x00000007eb3ce708 at C:\re\jdk7u55\869\hotspot\src\share\vm\prims\jvm.cpp:1244
Event: 173.865 Thread 0x000000001043d000 Threw 0x00000007eb3d7a88 at C:\re\jdk7u55\869\hotspot\src\share\vm\prims\jvm.cpp:1244
Event: 173.865 Thread 0x000000001043d000 Threw 0x00000007eb3e0e08 at C:\re\jdk7u55\869\hotspot\src\share\vm\prims\jvm.cpp:1244

Events (10 events):
Event: 173.884 Executing VM operation: RevokeBias done
Event: 173.884 Thread 0x0000000017d70800 DEOPT PACKING pc=0x0000000002dc891c sp=0x000000001d75f4e0
Event: 173.884 Thread 0x000000001043d000 DEOPT PACKING pc=0x0000000002dc8944 sp=0x00000000209ced60
Event: 173.884 Thread 0x0000000017d70800 DEOPT UNPACKING pc=0x00000000025c75a4 sp=0x000000001d75f498 mode 2
Event: 173.884 Thread 0x000000001043d000 DEOPT UNPACKING pc=0x00000000025c75a4 sp=0x00000000209ced10 mode 2
Event: 173.884 Thread 0x0000000017d70800 Thread exited: 0x0000000017d70800
Event: 173.884 Executing VM operation: RevokeBias
Event: 173.884 Executing VM operation: RevokeBias done
Event: 173.884 Thread 0x0000000017d72000 Thread exited: 0x0000000017d72000
Event: 173.884 Executing VM operation: Exit


Dynamic libraries:
0x000000013f480000 - 0x000000013f4b3000 	C:\Program Files\Java\jre7\bin\javaw.exe
0x0000000077460000 - 0x0000000077609000 	C:\Windows\SYSTEM32\ntdll.dll
0x0000000077340000 - 0x000000007745f000 	C:\Windows\system32\kernel32.dll
0x000007fefd260000 - 0x000007fefd2cc000 	C:\Windows\system32\KERNELBASE.dll
0x000007fefe100000 - 0x000007fefe1db000 	C:\Windows\system32\ADVAPI32.dll
0x000007feff6d0000 - 0x000007feff76f000 	C:\Windows\system32\msvcrt.dll
0x000007fefe1e0000 - 0x000007fefe1ff000 	C:\Windows\SYSTEM32\sechost.dll
0x000007fefe460000 - 0x000007fefe58d000 	C:\Windows\system32\RPCRT4.dll
0x0000000077240000 - 0x000000007733a000 	C:\Windows\system32\USER32.dll
0x000007feff660000 - 0x000007feff6c7000 	C:\Windows\system32\GDI32.dll
0x000007fefdca0000 - 0x000007fefdcae000 	C:\Windows\system32\LPK.dll
0x000007fefd950000 - 0x000007fefda19000 	C:\Windows\system32\USP10.dll
0x000007fefb880000 - 0x000007fefba74000 	C:\Windows\WinSxS\amd64_microsoft.windows.common-controls_6595b64144ccf1df_6.0.7601.18807_none_fa381d5f175bfb52\COMCTL32.dll
0x000007fefdec0000 - 0x000007fefdf31000 	C:\Windows\system32\SHLWAPI.dll
0x000007fefda20000 - 0x000007fefda4e000 	C:\Windows\system32\IMM32.DLL
0x000007fefdf40000 - 0x000007fefe049000 	C:\Windows\system32\MSCTF.dll
0x000000006ae20000 - 0x000000006aef2000 	C:\Program Files\Java\jre7\bin\msvcr100.dll
0x000000006ddf0000 - 0x000000006e5b9000 	C:\Program Files\Java\jre7\bin\server\jvm.dll
0x000007fef32b0000 - 0x000007fef32b9000 	C:\Windows\system32\WSOCK32.dll
0x000007fefe0b0000 - 0x000007fefe0fd000 	C:\Windows\system32\WS2_32.dll
0x000007fefe590000 - 0x000007fefe598000 	C:\Windows\system32\NSI.dll
0x000007fefb1f0000 - 0x000007fefb22b000 	C:\Windows\system32\WINMM.dll
0x0000000077620000 - 0x0000000077627000 	C:\Windows\system32\PSAPI.DLL
0x0000000074330000 - 0x000000007433f000 	C:\Program Files\Java\jre7\bin\verify.dll
0x0000000073f60000 - 0x0000000073f88000 	C:\Program Files\Java\jre7\bin\java.dll
0x0000000072bf0000 - 0x0000000072c25000 	C:\Program Files\Java\jre7\bin\jdwp.dll
0x0000000074010000 - 0x0000000074018000 	C:\Program Files\Java\jre7\bin\npt.dll
0x0000000074310000 - 0x0000000074325000 	C:\Program Files\Java\jre7\bin\zip.dll
0x0000000073f00000 - 0x0000000073f09000 	C:\Program Files\Java\jre7\bin\dt_socket.dll
0x000007fefb060000 - 0x000007fefb075000 	C:\Windows\system32\NLAapi.dll
0x000007fef5400000 - 0x000007fef5415000 	C:\Windows\system32\napinsp.dll
0x000007fef5420000 - 0x000007fef5439000 	C:\Windows\system32\pnrpnsp.dll
0x000007fefca00000 - 0x000007fefca55000 	C:\Windows\System32\mswsock.dll
0x000007fefc880000 - 0x000007fefc8db000 	C:\Windows\system32\DNSAPI.dll
0x000007fef53a0000 - 0x000007fef53ab000 	C:\Windows\System32\winrnr.dll
0x000007fefaef0000 - 0x000007fefaf17000 	C:\Windows\system32\IPHLPAPI.DLL
0x000007fefaee0000 - 0x000007fefaeeb000 	C:\Windows\system32\WINNSI.DLL
0x000007fefad60000 - 0x000007fefadb3000 	C:\Windows\System32\fwpuclnt.dll
0x000007fef5390000 - 0x000007fef5398000 	C:\Windows\system32\rasadhlp.dll
0x000007fefc3e0000 - 0x000007fefc3e7000 	C:\Windows\System32\wshtcpip.dll
0x0000000072db0000 - 0x0000000072dbb000 	C:\Program Files\Java\jre7\bin\management.dll
0x0000000073f40000 - 0x0000000073f59000 	C:\Program Files\Java\jre7\bin\net.dll
0x000007fefc9f0000 - 0x000007fefc9f7000 	C:\Windows\System32\wship6.dll
0x0000000072bb0000 - 0x0000000072bc1000 	C:\Program Files\Java\jre7\bin\nio.dll
0x0000000072040000 - 0x0000000072064000 	C:\Program Files\Java\jre7\bin\sunec.dll
0x0000000074340000 - 0x000000007434b000 	C:\Program Files\Java\jre7\bin\sunmscapi.dll
0x000007fefd3f0000 - 0x000007fefd55d000 	C:\Windows\system32\CRYPT32.dll
0x000007fefd230000 - 0x000007fefd23f000 	C:\Windows\system32\MSASN1.dll
0x000007fefca60000 - 0x000007fefca78000 	C:\Windows\system32\CRYPTSP.dll
0x000007fefc760000 - 0x000007fefc7a7000 	C:\Windows\system32\rsaenh.dll
0x000007fefd560000 - 0x000007fefd57e000 	C:\Windows\system32\USERENV.dll
0x000007fefd220000 - 0x000007fefd22f000 	C:\Windows\system32\profapi.dll
0x000007fefd0c0000 - 0x000007fefd0cf000 	C:\Windows\system32\CRYPTBASE.dll
0x000007fefad30000 - 0x000007fefad41000 	C:\Windows\system32\dhcpcsvc6.DLL
0x000007fefacb0000 - 0x000007fefacc8000 	C:\Windows\system32\dhcpcsvc.DLL
0x000000005b200000 - 0x000000005b395000 	C:\Program Files\Java\jre7\bin\awt.dll
0x000007fefe7f0000 - 0x000007fefe8c7000 	C:\Windows\system32\OLEAUT32.dll
0x000007fefdcb0000 - 0x000007fefdeb3000 	C:\Windows\system32\ole32.dll
0x000007fefb7f0000 - 0x000007fefb846000 	C:\Windows\system32\uxtheme.dll
0x000007fede9d0000 - 0x000007fede9f7000 	C:\Program Files (x86)\Raptr\ltc_help64-96675.dll
0x000007fefe8d0000 - 0x000007feff659000 	C:\Windows\system32\SHELL32.dll
0x000007fefd590000 - 0x000007fefd5cb000 	C:\Windows\system32\WINTRUST.dll
0x000007fefb3e0000 - 0x000007fefb3f8000 	C:\Windows\system32\dwmapi.dll
0x00000000722b0000 - 0x00000000722f7000 	C:\Program Files\Java\jre7\bin\fontmanager.dll
0x000007fefc2f0000 - 0x000007fefc2fc000 	C:\Windows\system32\VERSION.dll
0x000007fefc2c0000 - 0x000007fefc2ec000 	C:\Windows\system32\POWRPROF.dll
0x000007fefe200000 - 0x000007fefe3d7000 	C:\Windows\system32\SETUPAPI.dll
0x000007fefd3b0000 - 0x000007fefd3e6000 	C:\Windows\system32\CFGMGR32.dll
0x000007fefd2f0000 - 0x000007fefd30a000 	C:\Windows\system32\DEVOBJ.dll
0x00000000611f0000 - 0x0000000061231000 	C:\Program Files\Java\jre7\bin\t2k.dll
0x0000000180000000 - 0x0000000180051000 	C:\Users\Daniel\.gradle\caches\minecraft\net\minecraft\minecraft_natives\1.7.10\lwjgl64.dll
0x000007fedf660000 - 0x000007fedf77d000 	C:\Windows\system32\OPENGL32.dll
0x000007fefae00000 - 0x000007fefae2d000 	C:\Windows\system32\GLU32.dll
0x000007fedf350000 - 0x000007fedf441000 	C:\Windows\system32\DDRAW.dll
0x000007fedf340000 - 0x000007fedf348000 	C:\Windows\system32\DCIMAN32.dll
0x000007fef5e00000 - 0x000007fef5e18000 	C:\Windows\system32\atig6pxx.dll
0x0000000068f50000 - 0x000000006aafe000 	C:\Windows\system32\atio6axx.dll
0x000007fee5420000 - 0x000007fee5558000 	C:\Windows\system32\atiadlxx.dll
0x000007fefbeb0000 - 0x000007fefbfdc000 	C:\Windows\system32\PROPSYS.dll
0x000007fefc300000 - 0x000007fefc311000 	C:\Windows\system32\WTSAPI32.dll
0x000007fee4d80000 - 0x000007fee4da9000 	C:\Windows\system32\atig6txx.dll
0x000007fefe750000 - 0x000007fefe7e9000 	C:\Windows\system32\CLBCatQ.DLL
0x000007fef4120000 - 0x000007fef41bc000 	C:\Windows\system32\mscms.dll
0x000007fed7b00000 - 0x000007fed7b42000 	C:\Windows\system32\icm32.dll
0x0000000070a40000 - 0x0000000070adc000 	C:\Users\Daniel\.gradle\caches\minecraft\net\minecraft\minecraft_natives\1.7.10\avutil-ttv-51.dll
0x0000000065980000 - 0x00000000659d6000 	C:\Users\Daniel\.gradle\caches\minecraft\net\minecraft\minecraft_natives\1.7.10\swresample-ttv-0.dll
0x000000006eb80000 - 0x000000006ec50000 	C:\Users\Daniel\.gradle\caches\minecraft\net\minecraft\minecraft_natives\1.7.10\libmp3lame-ttv.dll
0x000007fed2de0000 - 0x000007fed4184000 	C:\Users\Daniel\.gradle\caches\minecraft\net\minecraft\minecraft_natives\1.7.10\libmfxsw64.dll
0x000007fed6c50000 - 0x000007fed6d7b000 	C:\Users\Daniel\.gradle\caches\minecraft\net\minecraft\minecraft_natives\1.7.10\twitchsdk.dll
0x000007fefda50000 - 0x000007fefdc97000 	C:\Windows\system32\WININET.dll
0x000007fefd2d0000 - 0x000007fefd2d4000 	C:\Windows\system32\api-ms-win-downlevel-user32-l1-1-0.dll
0x000007fefd5d0000 - 0x000007fefd5d4000 	C:\Windows\system32\api-ms-win-downlevel-shlwapi-l1-1-0.dll
0x000007fefd2e0000 - 0x000007fefd2e4000 	C:\Windows\system32\api-ms-win-downlevel-version-l1-1-0.dll
0x000007fefd250000 - 0x000007fefd253000 	C:\Windows\system32\api-ms-win-downlevel-normaliz-l1-1-0.dll
0x0000000077630000 - 0x0000000077633000 	C:\Windows\system32\normaliz.DLL
0x000007fefd5e0000 - 0x000007fefd8a7000 	C:\Windows\system32\iertutil.dll
0x000007fefd240000 - 0x000007fefd245000 	C:\Windows\system32\api-ms-win-downlevel-advapi32-l1-1-0.dll
0x000007fedf560000 - 0x000007fedf5bf000 	C:\Program Files\OBS\plugins\GraphicsCapture\GraphicsCaptureHook64.dll
0x000007fef3580000 - 0x000007fef35b4000 	C:\Windows\system32\d3d10_1.dll
0x000007fef3520000 - 0x000007fef3577000 	C:\Windows\system32\d3d10_1core.dll
0x000007fef34c0000 - 0x000007fef351d000 	C:\Windows\system32\dxgi.dll
0x000007fef32e0000 - 0x000007fef34b5000 	C:\Windows\system32\d3d11.dll
0x0000000006470000 - 0x00000000064d4000 	C:\Users\Daniel\.gradle\caches\minecraft\net\minecraft\minecraft_natives\1.7.10\OpenAL64.dll
0x000007fefc020000 - 0x000007fefc06b000 	C:\Windows\System32\MMDevApi.dll
0x000007fef1890000 - 0x000007fef1918000 	C:\Windows\system32\dsound.dll
0x000007fefaf70000 - 0x000007fefafbf000 	C:\Windows\system32\AUDIOSES.DLL
0x000007fedf210000 - 0x000007fedf335000 	C:\Windows\system32\dbghelp.dll

VM Arguments:
jvm_args: -agentlib:jdwp=transport=dt_socket,suspend=y,address=localhost:61857 -Dfml.ignoreInvalidMinecraftCertificates=true -XX:MaxPermSize=256m -Dfile.encoding=Cp1252 
java_command: GradleStart --version 1.7 --tweakClass cpw.mods.fml.common.launcher.FMLTweaker --accessToken forgeTest --userProperties={} --username=blu.sunrize@yahoo.de --password=Dannyl1694 --assetIndex 1.7.10 --uuid=test --assetsDir C:/Users/Daniel/.gradle/caches/minecraft/assets
Launcher Type: SUN_STANDARD

Environment Variables:
PATH=C:\Program Files (x86)\NVIDIA Corporation\PhysX\Common;C:\Program Files (x86)\Intel\iCLS Client\;C:\Program Files\Intel\iCLS Client\;C:\Windows\system32;C:\Windows;C:\Windows\System32\Wbem;C:\Windows\System32\WindowsPowerShell\v1.0\;C:\Program Files\Intel\Intel(R) Management Engine Components\DAL;C:\Program Files\Intel\Intel(R) Management Engine Components\IPT;C:\Program Files (x86)\Intel\Intel(R) Management Engine Components\DAL;C:\Program Files (x86)\Intel\Intel(R) Management Engine Components\IPT;C:\Program Files (x86)\ATI Technologies\ATI.ACE\Core-Static;C:\Program Files (x86)\Git\cmd;E:\Program Files\Csound6\bin;C:\Program Files (x86)\AMD\ATI.ACE\Core-Static;C:\Program Files (x86)\Skype\Phone\
USERNAME=Daniel
OS=Windows_NT
PROCESSOR_IDENTIFIER=Intel64 Family 6 Model 60 Stepping 3, GenuineIntel



---------------  S Y S T E M  ---------------

OS: Windows 7 , 64 bit Build 7601 Service Pack 1

CPU:total 8 (4 cores per cpu, 2 threads per core) family 6 model 60 stepping 3, cmov, cx8, fxsr, mmx, sse, sse2, sse3, ssse3, sse4.1, sse4.2, popcnt, avx, avx2, aes, erms, ht, tsc, tscinvbit

Memory: 4k page, physical 8317496k(2896552k free), swap 25878348k(14625380k free)

vm_info: Java HotSpot(TM) 64-Bit Server VM (24.55-b03) for windows-amd64 JRE (1.7.0_55-b13), built on Mar 17 2014 19:45:30 by "java_re" with unknown MS VC++:1600

time: Thu Jun 04 20:57:37 2015
elapsed time: 174 seconds

