#
# A fatal error has been detected by the Java Runtime Environment:
#
#  EXCEPTION_ACCESS_VIOLATION (0xc0000005) at pc=0x000007fedf721b76, pid=34464, tid=33976
#
# JRE version: Java(TM) SE Runtime Environment (7.0_55-b13) (build 1.7.0_55-b13)
# Java VM: Java HotSpot(TM) 64-Bit Server VM (24.55-b03 mixed mode windows-amd64 compressed oops)
# Problematic frame:
# C  [GraphicsCaptureHook64.dll+0x1b76]
#
# Failed to write core dump. Minidumps are not enabled by default on client versions of Windows
#
# If you would like to submit a bug report, please visit:
#   http://bugreport.sun.com/bugreport/crash.jsp
#

---------------  T H R E A D  ---------------

Current thread (0x000000000b6ad000):  VMThread [stack: 0x000000000d720000,0x000000000d820000] [id=33976]

siginfo: ExceptionCode=0xc0000005, reading address 0x0000000000000008

Registers:
RAX=0x0000000000000000, RBX=0x000000000d81efd0, RCX=0x000000003628009c, RDX=0x000000000d81efd0
RSP=0x000000000d81ef60, RBP=0x00000000022af330, RSI=0x0000000000010000, RDI=0x0000000000000000
R8 =0x000007fffffa6000, R9 =0x000007fedf720000, R10=0x000000000d81f000, R11=0x000000000d81f000
R12=0x000007fffffdf000, R13=0x000007fffffa6000, R14=0x0000000077593bc0, R15=0x000000007758e670
RIP=0x000007fedf721b76, EFLAGS=0x0000000000010206

Top of Stack: (sp=0x000000000d81ef60)
0x000000000d81ef60:   31343a33313a3032 00000000e300203a
0x000000000d81ef70:   000000001b8379a0 00000000003bc650
0x000000000d81ef80:   000007fedf778a00 000007fedf725aeb
0x000000000d81ef90:   000000004ef9dd07 00000000e30001e2
0x000000000d81efa0:   000000007758e670 0000000077593bc0
0x000000000d81efb0:   fffffffffffffffe 0000000000000000
0x000000000d81efc0:   0000000000000000 000007fedf73e822
0x000000000d81efd0:   000000003628009c 0000000000000000
0x000000000d81efe0:   0000000000000000 0000000000000000
0x000000000d81eff0:   0000000000000004 fffffffffffffffe
0x000000000d81f000:   31343a33313a3032 000000000000203a
0x000000000d81f010:   000000000000000a 000000000000000f
0x000000000d81f020:   0000704b7680ae15 0000000000000001
0x000000000d81f030:   0000000000000000 000007fed518752d
0x000000000d81f040:   000007fee5851318 0000000000000000
0x000000000d81f050:   000007fed5160000 0000000077361a5a 

Instructions: (pc=0x000007fedf721b76)
0x000007fedf721b56:   cc cc cc cc cc cc cc cc cc cc 40 53 48 83 ec 20
0x000007fedf721b66:   48 8b 41 40 48 8b da 48 8b 08 48 89 0a 48 8b 01
0x000007fedf721b76:   ff 50 08 48 8b c3 48 83 c4 20 5b c3 cc cc cc cc
0x000007fedf721b86:   cc cc cc cc cc cc cc cc cc cc 48 89 5c 24 08 57 


Register to memory mapping:

RAX=0x0000000000000000 is an unknown value
RBX=0x000000000d81efd0 is an unknown value
RCX=0x000000003628009c is an unknown value
RDX=0x000000000d81efd0 is an unknown value
RSP=0x000000000d81ef60 is an unknown value
RBP=0x00000000022af330 is an unknown value
RSI=0x0000000000010000 is an unknown value
RDI=0x0000000000000000 is an unknown value
R8 =0x000007fffffa6000 is an unknown value
R9 =0x000007fedf720000 is an unknown value
R10=0x000000000d81f000 is an unknown value
R11=0x000000000d81f000 is an unknown value
R12=0x000007fffffdf000 is an unknown value
R13=0x000007fffffa6000 is an unknown value
R14=0x0000000077593bc0 is an unknown value
R15=0x000000007758e670 is an unknown value


Stack: [0x000000000d720000,0x000000000d820000],  sp=0x000000000d81ef60,  free space=1019k
Native frames: (J=compiled Java code, j=interpreted, Vv=VM code, C=native code)
C  [GraphicsCaptureHook64.dll+0x1b76]

VM_Operation (0x000000000269e850): Exit, mode: safepoint, requested by thread 0x000000000228c000


---------------  P R O C E S S  ---------------

Java Threads: ( => current thread )
  0x0000000016d77800 JavaThread "AWT-Shutdown" [_thread_blocked, id=10200, stack(0x0000000037a70000,0x0000000037b70000)]
  0x0000000016d72000 JavaThread "pool-4-thread-1" [_thread_blocked, id=33956, stack(0x0000000030a20000,0x0000000030b20000)]
  0x0000000016d75000 JavaThread "File IO Thread" [_thread_blocked, id=26944, stack(0x0000000039540000,0x0000000039640000)]
  0x0000000016d71800 JavaThread "Chunk I/O Executor Thread-1" daemon [_thread_blocked, id=34804, stack(0x0000000032c20000,0x0000000032d20000)]
  0x0000000016d70800 JavaThread "Netty IO #1" daemon [_thread_in_native, id=30244, stack(0x00000000315a0000,0x00000000316a0000)]
  0x0000000017139000 JavaThread "Netty Client IO #0" daemon [_thread_in_native, id=29640, stack(0x00000000313f0000,0x00000000314f0000)]
  0x0000000017138800 JavaThread "ic2-poolthread-8" daemon [_thread_blocked, id=27252, stack(0x0000000031280000,0x0000000031380000)]
  0x0000000017137800 JavaThread "ic2-poolthread-7" daemon [_thread_blocked, id=34452, stack(0x000000001ec40000,0x000000001ed40000)]
  0x0000000017137000 JavaThread "ic2-poolthread-6" daemon [_thread_blocked, id=34284, stack(0x0000000030640000,0x0000000030740000)]
  0x0000000017136000 JavaThread "ic2-poolthread-5" daemon [_thread_blocked, id=33816, stack(0x0000000031070000,0x0000000031170000)]
  0x0000000017135800 JavaThread "ic2-poolthread-4" daemon [_thread_blocked, id=33576, stack(0x0000000030ed0000,0x0000000030fd0000)]
  0x0000000017134800 JavaThread "ic2-poolthread-3" daemon [_thread_blocked, id=34040, stack(0x000000001e730000,0x000000001e830000)]
  0x0000000017134000 JavaThread "Netty IO #0" daemon [_thread_in_native, id=6116, stack(0x000000001af60000,0x000000001b060000)]
  0x0000000017132800 JavaThread "Thread-21" [_thread_blocked, id=32964, stack(0x0000000030cb0000,0x0000000030db0000)]
  0x000000002baec800 JavaThread "LWJGL Timer" daemon [_thread_blocked, id=34240, stack(0x000000001ae30000,0x000000001af30000)]
  0x0000000012376000 JavaThread "Thread-18" [_thread_blocked, id=21208, stack(0x0000000030770000,0x0000000030870000)]
  0x000000002ad41800 JavaThread "Thread-17" [_thread_blocked, id=33228, stack(0x0000000030530000,0x0000000030630000)]
  0x0000000022790800 JavaThread "ic2-poolthread-2" daemon [_thread_blocked, id=32708, stack(0x0000000031a70000,0x0000000031b70000)]
  0x000000001213c000 JavaThread "ic2-poolthread-1" daemon [_thread_blocked, id=33928, stack(0x000000001a920000,0x000000001aa20000)]
  0x000000001046a000 JavaThread "Timer hack thread" daemon [_thread_blocked, id=32044, stack(0x0000000016900000,0x0000000016a00000)]
  0x0000000011dec800 JavaThread "Snooper Timer" daemon [_thread_blocked, id=34036, stack(0x0000000011790000,0x0000000011890000)]
  0x000000000f654800 JavaThread "Java2D Disposer" daemon [_thread_blocked, id=20076, stack(0x00000000111b0000,0x00000000112b0000)]
  0x000000000c78f800 JavaThread "Service Thread" daemon [_thread_blocked, id=30940, stack(0x000000000e890000,0x000000000e990000)]
  0x000000000c78f000 JavaThread "C2 CompilerThread1" daemon [_thread_blocked, id=34372, stack(0x000000000eca0000,0x000000000eda0000)]
  0x000000000c78d800 JavaThread "C2 CompilerThread0" daemon [_thread_blocked, id=31500, stack(0x000000000eb70000,0x000000000ec70000)]
  0x000000000c778000 JavaThread "JDWP Event Helper Thread" daemon [_thread_blocked, id=29544, stack(0x000000000e710000,0x000000000e810000)]
  0x000000000c770800 JavaThread "JDWP Transport Listener: dt_socket" daemon [_thread_blocked, id=14128, stack(0x000000000e510000,0x000000000e610000)]
  0x000000000b6c9000 JavaThread "Attach Listener" daemon [_thread_blocked, id=34116, stack(0x000000000dda0000,0x000000000dea0000)]
  0x000000000b6c6800 JavaThread "Signal Dispatcher" daemon [_thread_blocked, id=34584, stack(0x000000000db30000,0x000000000dc30000)]
  0x000000000231a800 JavaThread "Finalizer" daemon [_thread_blocked, id=34728, stack(0x000000000da20000,0x000000000db20000)]
  0x000000000b6b0000 JavaThread "Reference Handler" daemon [_thread_blocked, id=34048, stack(0x000000000d8d0000,0x000000000d9d0000)]
  0x000000000228c000 JavaThread "Client thread" [_thread_blocked, id=33888, stack(0x00000000025a0000,0x00000000026a0000)]

Other Threads:
=>0x000000000b6ad000 VMThread [stack: 0x000000000d720000,0x000000000d820000] [id=33976]

VM state:at safepoint (shutting down)

VM Mutex/Monitor currently owned by a thread:  ([mutex/lock_event])
[0x0000000002289980] Threads_lock - owner thread: 0x000000000b6ad000

Heap
 PSYoungGen      total 105472K, used 7921K [0x00000007d5a80000, 0x00000007e3f80000, 0x0000000800000000)
  eden space 103936K, 7% used [0x00000007d5a80000,0x00000007d623c760,0x00000007dc000000)
  from space 1536K, 0% used [0x00000007e3c80000,0x00000007e3c80000,0x00000007e3e00000)
  to   space 1536K, 0% used [0x00000007e3e00000,0x00000007e3e00000,0x00000007e3f80000)
 ParOldGen       total 575488K, used 496553K [0x0000000781000000, 0x00000007a4200000, 0x00000007d5a80000)
  object space 575488K, 86% used [0x0000000781000000,0x000000079f4ea5a0,0x00000007a4200000)
 PSPermGen       total 123392K, used 101270K [0x0000000771000000, 0x0000000778880000, 0x0000000781000000)
  object space 123392K, 82% used [0x0000000771000000,0x00000007772e5a40,0x0000000778880000)

Card table byte_map: [0x00000000056a0000,0x0000000005b20000] byte_map_base: 0x0000000001b18000

Polling page: 0x0000000000330000

Code Cache  [0x00000000026a0000, 0x0000000003ad0000, 0x00000000056a0000)
 total_blobs=6394 nmethods=5203 adapters=1148 free_code_cache=28714Kb largest_free_block=29178816

Compilation events (10 events):
Event: 1791.379 Thread 0x000000000c78f000 5900 %           com.google.gson.stream.JsonWriter::string @ 37 (169 bytes)
Event: 1791.385 Thread 0x000000000c78f000 nmethod 5900% 0x0000000003655490 code [0x0000000003655660, 0x0000000003656190]
Event: 1791.446 Thread 0x000000000c78d800 5901             com.google.gson.stream.JsonWriter::string (169 bytes)
Event: 1791.451 Thread 0x000000000c78d800 nmethod 5901 0x0000000003ab4f10 code [0x0000000003ab5100, 0x0000000003ab5ad0]
Event: 1791.652 Thread 0x000000000c78f000 5902 %           net.minecraft.util.ObjectIntIdentityMap::func_148746_a @ 13 (56 bytes)
Event: 1793.126 Thread 0x000000000c78f000 nmethod 5902% 0x0000000003aa47d0 code [0x0000000003aa4940, 0x0000000003aa4c28]
Event: 1793.127 Thread 0x000000000c78d800 5903             net.minecraft.util.ObjectIntIdentityMap::func_148746_a (56 bytes)
Event: 1793.135 Thread 0x000000000c78d800 nmethod 5903 0x0000000003aa5550 code [0x0000000003aa5720, 0x0000000003aa60a8]
Event: 1793.172 Thread 0x000000000c78f000 5904             cpw.mods.fml.common.eventhandler.ListenerList$ListenerListInst::unregister (44 bytes)
Event: 1793.176 Thread 0x000000000c78f000 nmethod 5904 0x0000000003654a10 code [0x0000000003654ba0, 0x0000000003654f88]

GC Heap History (10 events):
Event: 1790.649 GC heap before
{Heap before GC invocations=150 (full 11):
 PSYoungGen      total 105984K, used 0K [0x00000007d5a80000, 0x00000007e4100000, 0x0000000800000000)
  eden space 103936K, 0% used [0x00000007d5a80000,0x00000007d5a80000,0x00000007dc000000)
  from space 2048K, 0% used [0x00000007e3d00000,0x00000007e3d00000,0x00000007e3f00000)
  to   space 2048K, 0% used [0x00000007e3f00000,0x00000007e3f00000,0x00000007e4100000)
 ParOldGen       total 575488K, used 498026K [0x0000000781000000, 0x00000007a4200000, 0x00000007d5a80000)
  object space 575488K, 86% used [0x0000000781000000,0x000000079f65ab08,0x00000007a4200000)
 PSPermGen       total 129536K, used 101213K [0x0000000771000000, 0x0000000778e80000, 0x0000000781000000)
  object space 129536K, 78% used [0x0000000771000000,0x00000007772d74e0,0x0000000778e80000)
Event: 1791.005 GC heap after
Heap after GC invocations=150 (full 11):
 PSYoungGen      total 105984K, used 0K [0x00000007d5a80000, 0x00000007e4100000, 0x0000000800000000)
  eden space 103936K, 0% used [0x00000007d5a80000,0x00000007d5a80000,0x00000007dc000000)
  from space 2048K, 0% used [0x00000007e3d00000,0x00000007e3d00000,0x00000007e3f00000)
  to   space 2048K, 0% used [0x00000007e3f00000,0x00000007e3f00000,0x00000007e4100000)
 ParOldGen       total 575488K, used 498026K [0x0000000781000000, 0x00000007a4200000, 0x00000007d5a80000)
  object space 575488K, 86% used [0x0000000781000000,0x000000079f65ab08,0x00000007a4200000)
 PSPermGen       total 127488K, used 101213K [0x0000000771000000, 0x0000000778c80000, 0x0000000781000000)
  object space 127488K, 79% used [0x0000000771000000,0x00000007772d74e0,0x0000000778c80000)
}
Event: 1791.655 GC heap before
{Heap before GC invocations=151 (full 11):
 PSYoungGen      total 105984K, used 26682K [0x00000007d5a80000, 0x00000007e4100000, 0x0000000800000000)
  eden space 103936K, 25% used [0x00000007d5a80000,0x00000007d748e8d0,0x00000007dc000000)
  from space 2048K, 0% used [0x00000007e3d00000,0x00000007e3d00000,0x00000007e3f00000)
  to   space 2048K, 0% used [0x00000007e3f00000,0x00000007e3f00000,0x00000007e4100000)
 ParOldGen       total 575488K, used 498026K [0x0000000781000000, 0x00000007a4200000, 0x00000007d5a80000)
  object space 575488K, 86% used [0x0000000781000000,0x000000079f65ab08,0x00000007a4200000)
 PSPermGen       total 127488K, used 101258K [0x0000000771000000, 0x0000000778c80000, 0x0000000781000000)
  object space 127488K, 79% used [0x0000000771000000,0x00000007772e2828,0x0000000778c80000)
Event: 1791.677 GC heap after
Heap after GC invocations=151 (full 11):
 PSYoungGen      total 104448K, used 448K [0x00000007d5a80000, 0x00000007e3f80000, 0x0000000800000000)
  eden space 103936K, 0% used [0x00000007d5a80000,0x00000007d5a80000,0x00000007dc000000)
  from space 512K, 87% used [0x00000007e3f00000,0x00000007e3f70000,0x00000007e3f80000)
  to   space 1536K, 0% used [0x00000007e3c80000,0x00000007e3c80000,0x00000007e3e00000)
 ParOldGen       total 575488K, used 498026K [0x0000000781000000, 0x00000007a4200000, 0x00000007d5a80000)
  object space 575488K, 86% used [0x0000000781000000,0x000000079f65ab08,0x00000007a4200000)
 PSPermGen       total 127488K, used 101258K [0x0000000771000000, 0x0000000778c80000, 0x0000000781000000)
  object space 127488K, 79% used [0x0000000771000000,0x00000007772e2828,0x0000000778c80000)
}
Event: 1791.677 GC heap before
{Heap before GC invocations=152 (full 12):
 PSYoungGen      total 104448K, used 448K [0x00000007d5a80000, 0x00000007e3f80000, 0x0000000800000000)
  eden space 103936K, 0% used [0x00000007d5a80000,0x00000007d5a80000,0x00000007dc000000)
  from space 512K, 87% used [0x00000007e3f00000,0x00000007e3f70000,0x00000007e3f80000)
  to   space 1536K, 0% used [0x00000007e3c80000,0x00000007e3c80000,0x00000007e3e00000)
 ParOldGen       total 575488K, used 498026K [0x0000000781000000, 0x00000007a4200000, 0x00000007d5a80000)
  object space 575488K, 86% used [0x0000000781000000,0x000000079f65ab08,0x00000007a4200000)
 PSPermGen       total 127488K, used 101258K [0x0000000771000000, 0x0000000778c80000, 0x0000000781000000)
  object space 127488K, 79% used [0x0000000771000000,0x00000007772e2828,0x0000000778c80000)
Event: 1792.764 GC heap after
Heap after GC invocations=152 (full 12):
 PSYoungGen      total 104448K, used 0K [0x00000007d5a80000, 0x00000007e3f80000, 0x0000000800000000)
  eden space 103936K, 0% used [0x00000007d5a80000,0x00000007d5a80000,0x00000007dc000000)
  from space 512K, 0% used [0x00000007e3f00000,0x00000007e3f00000,0x00000007e3f80000)
  to   space 1536K, 0% used [0x00000007e3c80000,0x00000007e3c80000,0x00000007e3e00000)
 ParOldGen       total 575488K, used 496553K [0x0000000781000000, 0x00000007a4200000, 0x00000007d5a80000)
  object space 575488K, 86% used [0x0000000781000000,0x000000079f4ea578,0x00000007a4200000)
 PSPermGen       total 125440K, used 101257K [0x0000000771000000, 0x0000000778a80000, 0x0000000781000000)
  object space 125440K, 80% used [0x0000000771000000,0x00000007772e25c8,0x0000000778a80000)
}
Event: 1792.764 GC heap before
{Heap before GC invocations=153 (full 12):
 PSYoungGen      total 104448K, used 303K [0x00000007d5a80000, 0x00000007e3f80000, 0x0000000800000000)
  eden space 103936K, 0% used [0x00000007d5a80000,0x00000007d5acbcd8,0x00000007dc000000)
  from space 512K, 0% used [0x00000007e3f00000,0x00000007e3f00000,0x00000007e3f80000)
  to   space 1536K, 0% used [0x00000007e3c80000,0x00000007e3c80000,0x00000007e3e00000)
 ParOldGen       total 575488K, used 496553K [0x0000000781000000, 0x00000007a4200000, 0x00000007d5a80000)
  object space 575488K, 86% used [0x0000000781000000,0x000000079f4ea578,0x00000007a4200000)
 PSPermGen       total 125440K, used 101257K [0x0000000771000000, 0x0000000778a80000, 0x0000000781000000)
  object space 125440K, 80% used [0x0000000771000000,0x00000007772e25c8,0x0000000778a80000)
Event: 1792.775 GC heap after
Heap after GC invocations=153 (full 12):
 PSYoungGen      total 105472K, used 64K [0x00000007d5a80000, 0x00000007e3f80000, 0x0000000800000000)
  eden space 103936K, 0% used [0x00000007d5a80000,0x00000007d5a80000,0x00000007dc000000)
  from space 1536K, 4% used [0x00000007e3c80000,0x00000007e3c90000,0x00000007e3e00000)
  to   space 1536K, 0% used [0x00000007e3e00000,0x00000007e3e00000,0x00000007e3f80000)
 ParOldGen       total 575488K, used 496553K [0x0000000781000000, 0x00000007a4200000, 0x00000007d5a80000)
  object space 575488K, 86% used [0x0000000781000000,0x000000079f4ea578,0x00000007a4200000)
 PSPermGen       total 125440K, used 101257K [0x0000000771000000, 0x0000000778a80000, 0x0000000781000000)
  object space 125440K, 80% used [0x0000000771000000,0x00000007772e25c8,0x0000000778a80000)
}
Event: 1792.775 GC heap before
{Heap before GC invocations=154 (full 13):
 PSYoungGen      total 105472K, used 64K [0x00000007d5a80000, 0x00000007e3f80000, 0x0000000800000000)
  eden space 103936K, 0% used [0x00000007d5a80000,0x00000007d5a80000,0x00000007dc000000)
  from space 1536K, 4% used [0x00000007e3c80000,0x00000007e3c90000,0x00000007e3e00000)
  to   space 1536K, 0% used [0x00000007e3e00000,0x00000007e3e00000,0x00000007e3f80000)
 ParOldGen       total 575488K, used 496553K [0x0000000781000000, 0x00000007a4200000, 0x00000007d5a80000)
  object space 575488K, 86% used [0x0000000781000000,0x000000079f4ea578,0x00000007a4200000)
 PSPermGen       total 125440K, used 101257K [0x0000000771000000, 0x0000000778a80000, 0x0000000781000000)
  object space 125440K, 80% used [0x0000000771000000,0x00000007772e25c8,0x0000000778a80000)
Event: 1793.126 GC heap after
Heap after GC invocations=154 (full 13):
 PSYoungGen      total 105472K, used 0K [0x00000007d5a80000, 0x00000007e3f80000, 0x0000000800000000)
  eden space 103936K, 0% used [0x00000007d5a80000,0x00000007d5a80000,0x00000007dc000000)
  from space 1536K, 0% used [0x00000007e3c80000,0x00000007e3c80000,0x00000007e3e00000)
  to   space 1536K, 0% used [0x00000007e3e00000,0x00000007e3e00000,0x00000007e3f80000)
 ParOldGen       total 575488K, used 496553K [0x0000000781000000, 0x00000007a4200000, 0x00000007d5a80000)
  object space 575488K, 86% used [0x0000000781000000,0x000000079f4ea5a0,0x00000007a4200000)
 PSPermGen       total 123392K, used 101257K [0x0000000771000000, 0x0000000778880000, 0x0000000781000000)
  object space 123392K, 82% used [0x0000000771000000,0x00000007772e25c8,0x0000000778880000)
}

Deoptimization events (10 events):
Event: 1791.649 Thread 0x000000000fc35000 Uncommon trap: reason=bimorphic action=maybe_recompile pc=0x0000000002e5bfc4 method=java.util.Hashtable.remove(Ljava/lang/Object;)Ljava/lang/Object; @ 49
Event: 1791.649 Thread 0x000000000fc35000 Uncommon trap: reason=bimorphic action=maybe_recompile pc=0x0000000002e5bfc4 method=java.util.Hashtable.remove(Ljava/lang/Object;)Ljava/lang/Object; @ 49
Event: 1791.649 Thread 0x000000000fc35000 Uncommon trap: reason=bimorphic action=maybe_recompile pc=0x0000000002e5bfc4 method=java.util.Hashtable.remove(Ljava/lang/Object;)Ljava/lang/Object; @ 49
Event: 1791.649 Thread 0x000000000fc35000 Uncommon trap: reason=bimorphic action=maybe_recompile pc=0x0000000002e5bfc4 method=java.util.Hashtable.remove(Ljava/lang/Object;)Ljava/lang/Object; @ 49
Event: 1791.651 Thread 0x000000000fc35000 Uncommon trap: reason=class_check action=maybe_recompile pc=0x00000000033c20d0 method=java.util.AbstractMap.putAll(Ljava/util/Map;)V @ 1
Event: 1793.141 Thread 0x000000000fc35000 Uncommon trap: reason=class_check action=maybe_recompile pc=0x00000000033c20d0 method=java.util.AbstractMap.putAll(Ljava/util/Map;)V @ 1
Event: 1793.181 Thread 0x000000000fc35000 Uncommon trap: reason=class_check action=maybe_recompile pc=0x00000000038a8790 method=java.lang.System$2.getEnumConstantsShared(Ljava/lang/Class;)[Ljava/lang/Enum; @ 4
Event: 1793.182 Thread 0x0000000016d72000 Uncommon trap: reason=bimorphic action=maybe_recompile pc=0x00000000032f9368 method=java.util.concurrent.locks.AbstractQueuedSynchronizer.acquire(I)V @ 2
Event: 1793.246 Thread 0x000000000fc35000 Uncommon trap: reason=bimorphic action=maybe_recompile pc=0x0000000003793894 method=com.google.common.collect.AbstractMultimap.isEmpty()Z @ 1
Event: 1793.246 Thread 0x000000000fc35000 Uncommon trap: reason=bimorphic action=maybe_recompile pc=0x0000000003793894 method=com.google.common.collect.AbstractMultimap.isEmpty()Z @ 1

Internal exceptions (10 events):
Event: 1791.629 Thread 0x000000000fc35000 Threw 0x00000007d720d0f0 at C:\re\jdk7u55\869\hotspot\src\share\vm\prims\jvm.cpp:1244
Event: 1791.629 Thread 0x000000000fc35000 Threw 0x00000007d7216a40 at C:\re\jdk7u55\869\hotspot\src\share\vm\prims\jvm.cpp:1244
Event: 1791.629 Thread 0x000000000fc35000 Threw 0x00000007d721fdc0 at C:\re\jdk7u55\869\hotspot\src\share\vm\prims\jvm.cpp:1244
Event: 1791.630 Thread 0x000000000fc35000 Threw 0x00000007d7229140 at C:\re\jdk7u55\869\hotspot\src\share\vm\prims\jvm.cpp:1244
Event: 1791.630 Thread 0x000000000fc35000 Threw 0x00000007d72324c0 at C:\re\jdk7u55\869\hotspot\src\share\vm\prims\jvm.cpp:1244
Event: 1793.250 Thread 0x0000000016d74800 Threw 0x00000007d5f497f8 at C:\re\jdk7u55\869\hotspot\src\share\vm\prims\jvm.cpp:1244
Event: 1793.251 Thread 0x0000000016d74800 Threw 0x00000007d5f60010 at C:\re\jdk7u55\869\hotspot\src\share\vm\prims\jvm.cpp:1244
Event: 1793.252 Thread 0x0000000016d74800 Threw 0x00000007d5f669a0 at C:\re\jdk7u55\869\hotspot\src\share\vm\prims\jvm.cpp:1244
Event: 1793.254 Thread 0x00000000304ec000 Threw 0x00000007d6082268 at C:\re\jdk7u55\869\hotspot\src\share\vm\prims\jvm.cpp:1244
Event: 1793.254 Thread 0x00000000304ec000 Threw 0x00000007d6088438 at C:\re\jdk7u55\869\hotspot\src\share\vm\prims\jvm.cpp:1244

Events (10 events):
Event: 1793.255 Executing VM operation: RevokeBias done
Event: 1793.255 Thread 0x0000000016d74800 Thread exited: 0x0000000016d74800
Event: 1793.255 Thread 0x0000000016d76800 Thread exited: 0x0000000016d76800
Event: 1793.256 loading class 0x000000000f5c2c00
Event: 1793.257 Thread 0x00000000304ec000 Thread exited: 0x00000000304ec000
Event: 1793.257 loading class 0x000000000f5c2c00 done
Event: 1793.336 Thread 0x000000000f6a0800 Thread exited: 0x000000000f6a0800
Event: 1793.355 Thread 0x0000000011af4800 Thread exited: 0x0000000011af4800
Event: 1793.356 Thread 0x000000000c778800 Thread exited: 0x000000000c778800
Event: 1793.357 Executing VM operation: Exit


Dynamic libraries:
0x000000013f0b0000 - 0x000000013f0e3000 	C:\Program Files\Java\jre7\bin\javaw.exe
0x0000000077460000 - 0x0000000077609000 	C:\Windows\SYSTEM32\ntdll.dll
0x0000000077340000 - 0x000000007745f000 	C:\Windows\system32\kernel32.dll
0x000007fefd260000 - 0x000007fefd2cc000 	C:\Windows\system32\KERNELBASE.dll
0x000007fefe100000 - 0x000007fefe1db000 	C:\Windows\system32\ADVAPI32.dll
0x000007feff6d0000 - 0x000007feff76f000 	C:\Windows\system32\msvcrt.dll
0x000007fefe1e0000 - 0x000007fefe1ff000 	C:\Windows\SYSTEM32\sechost.dll
0x000007fefe460000 - 0x000007fefe58d000 	C:\Windows\system32\RPCRT4.dll
0x0000000077240000 - 0x000000007733a000 	C:\Windows\system32\USER32.dll
0x000007feff660000 - 0x000007feff6c7000 	C:\Windows\system32\GDI32.dll
0x000007fefdca0000 - 0x000007fefdcae000 	C:\Windows\system32\LPK.dll
0x000007fefd950000 - 0x000007fefda19000 	C:\Windows\system32\USP10.dll
0x000007fefb880000 - 0x000007fefba74000 	C:\Windows\WinSxS\amd64_microsoft.windows.common-controls_6595b64144ccf1df_6.0.7601.18807_none_fa381d5f175bfb52\COMCTL32.dll
0x000007fefdec0000 - 0x000007fefdf31000 	C:\Windows\system32\SHLWAPI.dll
0x000007fefda20000 - 0x000007fefda4e000 	C:\Windows\system32\IMM32.DLL
0x000007fefdf40000 - 0x000007fefe049000 	C:\Windows\system32\MSCTF.dll
0x000000006ae20000 - 0x000000006aef2000 	C:\Program Files\Java\jre7\bin\msvcr100.dll
0x000000006ddf0000 - 0x000000006e5b9000 	C:\Program Files\Java\jre7\bin\server\jvm.dll
0x000007fef32b0000 - 0x000007fef32b9000 	C:\Windows\system32\WSOCK32.dll
0x000007fefe0b0000 - 0x000007fefe0fd000 	C:\Windows\system32\WS2_32.dll
0x000007fefe590000 - 0x000007fefe598000 	C:\Windows\system32\NSI.dll
0x000007fefb1f0000 - 0x000007fefb22b000 	C:\Windows\system32\WINMM.dll
0x0000000077620000 - 0x0000000077627000 	C:\Windows\system32\PSAPI.DLL
0x0000000074330000 - 0x000000007433f000 	C:\Program Files\Java\jre7\bin\verify.dll
0x0000000073f60000 - 0x0000000073f88000 	C:\Program Files\Java\jre7\bin\java.dll
0x0000000072d80000 - 0x0000000072db5000 	C:\Program Files\Java\jre7\bin\jdwp.dll
0x0000000072d70000 - 0x0000000072d78000 	C:\Program Files\Java\jre7\bin\npt.dll
0x0000000074310000 - 0x0000000074325000 	C:\Program Files\Java\jre7\bin\zip.dll
0x0000000072c20000 - 0x0000000072c29000 	C:\Program Files\Java\jre7\bin\dt_socket.dll
0x000007fefb060000 - 0x000007fefb075000 	C:\Windows\system32\NLAapi.dll
0x000007fef5400000 - 0x000007fef5415000 	C:\Windows\system32\napinsp.dll
0x000007fef5420000 - 0x000007fef5439000 	C:\Windows\system32\pnrpnsp.dll
0x000007fefca00000 - 0x000007fefca55000 	C:\Windows\System32\mswsock.dll
0x000007fefc880000 - 0x000007fefc8db000 	C:\Windows\system32\DNSAPI.dll
0x000007fef53a0000 - 0x000007fef53ab000 	C:\Windows\System32\winrnr.dll
0x000007fefaef0000 - 0x000007fefaf17000 	C:\Windows\system32\IPHLPAPI.DLL
0x000007fefaee0000 - 0x000007fefaeeb000 	C:\Windows\system32\WINNSI.DLL
0x000007fefad60000 - 0x000007fefadb3000 	C:\Windows\System32\fwpuclnt.dll
0x000007fef5390000 - 0x000007fef5398000 	C:\Windows\system32\rasadhlp.dll
0x000007fefc3e0000 - 0x000007fefc3e7000 	C:\Windows\System32\wshtcpip.dll
0x0000000072c00000 - 0x0000000072c0b000 	C:\Program Files\Java\jre7\bin\management.dll
0x0000000073f40000 - 0x0000000073f59000 	C:\Program Files\Java\jre7\bin\net.dll
0x000007fefc9f0000 - 0x000007fefc9f7000 	C:\Windows\System32\wship6.dll
0x0000000072bb0000 - 0x0000000072bc1000 	C:\Program Files\Java\jre7\bin\nio.dll
0x0000000072040000 - 0x0000000072064000 	C:\Program Files\Java\jre7\bin\sunec.dll
0x0000000074340000 - 0x000000007434b000 	C:\Program Files\Java\jre7\bin\sunmscapi.dll
0x000007fefd3f0000 - 0x000007fefd55d000 	C:\Windows\system32\CRYPT32.dll
0x000007fefd230000 - 0x000007fefd23f000 	C:\Windows\system32\MSASN1.dll
0x000007fefca60000 - 0x000007fefca78000 	C:\Windows\system32\CRYPTSP.dll
0x000007fefc760000 - 0x000007fefc7a7000 	C:\Windows\system32\rsaenh.dll
0x000007fefd560000 - 0x000007fefd57e000 	C:\Windows\system32\USERENV.dll
0x000007fefd220000 - 0x000007fefd22f000 	C:\Windows\system32\profapi.dll
0x000007fefd0c0000 - 0x000007fefd0cf000 	C:\Windows\system32\CRYPTBASE.dll
0x000007fefad30000 - 0x000007fefad41000 	C:\Windows\system32\dhcpcsvc6.DLL
0x000007fefacb0000 - 0x000007fefacc8000 	C:\Windows\system32\dhcpcsvc.DLL
0x00000000610a0000 - 0x0000000061235000 	C:\Program Files\Java\jre7\bin\awt.dll
0x000007fefe7f0000 - 0x000007fefe8c7000 	C:\Windows\system32\OLEAUT32.dll
0x000007fefdcb0000 - 0x000007fefdeb3000 	C:\Windows\system32\ole32.dll
0x000007fefb7f0000 - 0x000007fefb846000 	C:\Windows\system32\uxtheme.dll
0x000007fede9d0000 - 0x000007fede9f7000 	C:\Program Files (x86)\Raptr\ltc_help64-96675.dll
0x000007fefe8d0000 - 0x000007feff659000 	C:\Windows\system32\SHELL32.dll
0x000007fefd590000 - 0x000007fefd5cb000 	C:\Windows\system32\WINTRUST.dll
0x000007fefb3e0000 - 0x000007fefb3f8000 	C:\Windows\system32\dwmapi.dll
0x0000000061050000 - 0x0000000061097000 	C:\Program Files\Java\jre7\bin\fontmanager.dll
0x000007fefc2f0000 - 0x000007fefc2fc000 	C:\Windows\system32\VERSION.dll
0x000007fefc2c0000 - 0x000007fefc2ec000 	C:\Windows\system32\POWRPROF.dll
0x000007fefe200000 - 0x000007fefe3d7000 	C:\Windows\system32\SETUPAPI.dll
0x000007fefd3b0000 - 0x000007fefd3e6000 	C:\Windows\system32\CFGMGR32.dll
0x000007fefd2f0000 - 0x000007fefd30a000 	C:\Windows\system32\DEVOBJ.dll
0x0000000061000000 - 0x0000000061041000 	C:\Program Files\Java\jre7\bin\t2k.dll
0x0000000180000000 - 0x0000000180051000 	C:\Users\Daniel\.gradle\caches\minecraft\net\minecraft\minecraft_natives\1.7.10\lwjgl64.dll
0x000007fed5160000 - 0x000007fed527d000 	C:\Windows\system32\OPENGL32.dll
0x000007fedf4b0000 - 0x000007fedf4dd000 	C:\Windows\system32\GLU32.dll
0x000007fedf350000 - 0x000007fedf441000 	C:\Windows\system32\DDRAW.dll
0x000007fedf340000 - 0x000007fedf348000 	C:\Windows\system32\DCIMAN32.dll
0x000007fee5850000 - 0x000007fee5868000 	C:\Windows\system32\atig6pxx.dll
0x0000000068f80000 - 0x000000006ab2e000 	C:\Windows\system32\atio6axx.dll
0x000007fee5420000 - 0x000007fee5558000 	C:\Windows\system32\atiadlxx.dll
0x000007fefbeb0000 - 0x000007fefbfdc000 	C:\Windows\system32\PROPSYS.dll
0x000007fefc300000 - 0x000007fefc311000 	C:\Windows\system32\WTSAPI32.dll
0x000007fedf0b0000 - 0x000007fedf0d9000 	C:\Windows\system32\atig6txx.dll
0x000007fef4120000 - 0x000007fef41bc000 	C:\Windows\system32\mscms.dll
0x000007fed7b00000 - 0x000007fed7b42000 	C:\Windows\system32\icm32.dll
0x0000000070a40000 - 0x0000000070adc000 	C:\Users\Daniel\.gradle\caches\minecraft\net\minecraft\minecraft_natives\1.7.10\avutil-ttv-51.dll
0x0000000065980000 - 0x00000000659d6000 	C:\Users\Daniel\.gradle\caches\minecraft\net\minecraft\minecraft_natives\1.7.10\swresample-ttv-0.dll
0x000000006eb80000 - 0x000000006ec50000 	C:\Users\Daniel\.gradle\caches\minecraft\net\minecraft\minecraft_natives\1.7.10\libmp3lame-ttv.dll
0x000007fecc2b0000 - 0x000007fecd654000 	C:\Users\Daniel\.gradle\caches\minecraft\net\minecraft\minecraft_natives\1.7.10\libmfxsw64.dll
0x000007fed4f80000 - 0x000007fed50ab000 	C:\Users\Daniel\.gradle\caches\minecraft\net\minecraft\minecraft_natives\1.7.10\twitchsdk.dll
0x000007fefda50000 - 0x000007fefdc97000 	C:\Windows\system32\WININET.dll
0x000007fefd2d0000 - 0x000007fefd2d4000 	C:\Windows\system32\api-ms-win-downlevel-user32-l1-1-0.dll
0x000007fefd5d0000 - 0x000007fefd5d4000 	C:\Windows\system32\api-ms-win-downlevel-shlwapi-l1-1-0.dll
0x000007fefd2e0000 - 0x000007fefd2e4000 	C:\Windows\system32\api-ms-win-downlevel-version-l1-1-0.dll
0x000007fefd250000 - 0x000007fefd253000 	C:\Windows\system32\api-ms-win-downlevel-normaliz-l1-1-0.dll
0x0000000077630000 - 0x0000000077633000 	C:\Windows\system32\normaliz.DLL
0x000007fefd5e0000 - 0x000007fefd8a7000 	C:\Windows\system32\iertutil.dll
0x000007fefd240000 - 0x000007fefd245000 	C:\Windows\system32\api-ms-win-downlevel-advapi32-l1-1-0.dll
0x0000000006740000 - 0x00000000067a4000 	C:\Users\Daniel\.gradle\caches\minecraft\net\minecraft\minecraft_natives\1.7.10\OpenAL64.dll
0x000007fefe750000 - 0x000007fefe7e9000 	C:\Windows\system32\CLBCatQ.DLL
0x000007fefc020000 - 0x000007fefc06b000 	C:\Windows\System32\MMDevApi.dll
0x000007fef1890000 - 0x000007fef1918000 	C:\Windows\system32\dsound.dll
0x000007fefaf70000 - 0x000007fefafbf000 	C:\Windows\system32\AUDIOSES.DLL
0x000007fedf720000 - 0x000007fedf77f000 	C:\Program Files\OBS\plugins\GraphicsCapture\GraphicsCaptureHook64.dll
0x000007fef3580000 - 0x000007fef35b4000 	C:\Windows\system32\d3d10_1.dll
0x000007fef3520000 - 0x000007fef3577000 	C:\Windows\system32\d3d10_1core.dll
0x000007fef34c0000 - 0x000007fef351d000 	C:\Windows\system32\dxgi.dll
0x000007fef32e0000 - 0x000007fef34b5000 	C:\Windows\system32\d3d11.dll
0x000007fedf210000 - 0x000007fedf335000 	C:\Windows\system32\dbghelp.dll

VM Arguments:
jvm_args: -agentlib:jdwp=transport=dt_socket,suspend=y,address=localhost:60323 -Dfml.ignoreInvalidMinecraftCertificates=true -XX:MaxPermSize=256m -Dfile.encoding=Cp1252 
java_command: GradleStart --version 1.7 --tweakClass cpw.mods.fml.common.launcher.FMLTweaker --accessToken forgeTest --userProperties={} --username=blu.sunrize@yahoo.de --password=Dannyl1694 --assetIndex 1.7.10 --uuid=test --assetsDir C:/Users/Daniel/.gradle/caches/minecraft/assets
Launcher Type: SUN_STANDARD

Environment Variables:
PATH=C:\Program Files (x86)\NVIDIA Corporation\PhysX\Common;C:\Program Files (x86)\Intel\iCLS Client\;C:\Program Files\Intel\iCLS Client\;C:\Windows\system32;C:\Windows;C:\Windows\System32\Wbem;C:\Windows\System32\WindowsPowerShell\v1.0\;C:\Program Files\Intel\Intel(R) Management Engine Components\DAL;C:\Program Files\Intel\Intel(R) Management Engine Components\IPT;C:\Program Files (x86)\Intel\Intel(R) Management Engine Components\DAL;C:\Program Files (x86)\Intel\Intel(R) Management Engine Components\IPT;C:\Program Files (x86)\ATI Technologies\ATI.ACE\Core-Static;C:\Program Files (x86)\Git\cmd;E:\Program Files\Csound6\bin;C:\Program Files (x86)\AMD\ATI.ACE\Core-Static;C:\Program Files (x86)\Skype\Phone\
USERNAME=Daniel
OS=Windows_NT
PROCESSOR_IDENTIFIER=Intel64 Family 6 Model 60 Stepping 3, GenuineIntel



---------------  S Y S T E M  ---------------

OS: Windows 7 , 64 bit Build 7601 Service Pack 1

CPU:total 8 (4 cores per cpu, 2 threads per core) family 6 model 60 stepping 3, cmov, cx8, fxsr, mmx, sse, sse2, sse3, ssse3, sse4.1, sse4.2, popcnt, avx, avx2, aes, erms, ht, tsc, tscinvbit

Memory: 4k page, physical 8317496k(3520568k free), swap 25878348k(15155208k free)

vm_info: Java HotSpot(TM) 64-Bit Server VM (24.55-b03) for windows-amd64 JRE (1.7.0_55-b13), built on Mar 17 2014 19:45:30 by "java_re" with unknown MS VC++:1600

time: Thu Jun 04 20:13:41 2015
elapsed time: 1793 seconds

