#
# A fatal error has been detected by the Java Runtime Environment:
#
#  EXCEPTION_ACCESS_VIOLATION (0xc0000005) at pc=0x0000000000000000, pid=8912, tid=26560
#
# JRE version: Java(TM) SE Runtime Environment (7.0_55-b13) (build 1.7.0_55-b13)
# Java VM: Java HotSpot(TM) 64-Bit Server VM (24.55-b03 mixed mode windows-amd64 compressed oops)
# Problematic frame:
# C  0x0000000000000000
#
# Failed to write core dump. Minidumps are not enabled by default on client versions of Windows
#
# If you would like to submit a bug report, please visit:
#   http://bugreport.sun.com/bugreport/crash.jsp
#

---------------  T H R E A D  ---------------

Current thread (0x000000000b69d000):  VMThread [stack: 0x000000000d6e0000,0x000000000d7e0000] [id=26560]

siginfo: ExceptionCode=0xc0000005, ExceptionInformation=0x0000000000000008 0x0000000000000000

Registers:
RAX=0x000007fedf752800, RBX=0x0000000000000002, RCX=0x0000000000000001, RDX=0x000007fedf5b84fc
RSP=0x000000000d7df0c8, RBP=0x0000000000000000, RSI=0x0000000000000002, RDI=0x000007fedf5b8490
R8 =0x00000000149c7801, R9 =0x00000000149c7800, R10=0x0000000000248580, R11=0x00000000149c2e40
R12=0x000007fffffde000, R13=0x000007fffffa4000, R14=0x000007fedf5b8408, R15=0x000000007758e670
RIP=0x0000000000000000, EFLAGS=0x0000000000010283

Top of Stack: (sp=0x000000000d7df0c8)
0x000000000d7df0c8:   000007fedf57c4f1 0000000000000002
0x000000000d7df0d8:   0000000000000002 0000000014a0a4c0
0x000000000d7df0e8:   00000000001bc650 000000006a327380
0x000000000d7df0f8:   fffffffffffffffe 000000004e8cd8ea
0x000000000d7df108:   00000000e30001e2 000000006a4d8cc0
0x000000000d7df118:   00000000a60002a4 00008cdee758e04b
0x000000000d7df128:   0000000000000000 0000000077593bc0
0x000000000d7df138:   000007fedf57e886 0000000000000000
0x000000000d7df148:   00000000021cf330 0000000000010000
0x000000000d7df158:   0000000000000000 0000000000000004
0x000000000d7df168:   fffffffffffffffe 0000000000000001
0x000000000d7df178:   0000000000000000 0000000000000004
0x000000000d7df188:   0000000002000002 00008cdee758e1db
0x000000000d7df198:   0000000000000001 0000000000000000
0x000000000d7df1a8:   000007fedf68752d 000007fef5e01318
0x000000000d7df1b8:   0000000000000000 000007fedf660000 

Instructions: (pc=0x0000000000000000)
0xffffffffffffffe0:   


Register to memory mapping:

RAX=0x000007fedf752800 is an unknown value
RBX=0x0000000000000002 is an unknown value
RCX=0x0000000000000001 is an unknown value
RDX=0x000007fedf5b84fc is an unknown value
RSP=0x000000000d7df0c8 is an unknown value
RBP=0x0000000000000000 is an unknown value
RSI=0x0000000000000002 is an unknown value
RDI=0x000007fedf5b8490 is an unknown value
R8 =0x00000000149c7801 is an unknown value
R9 =0x00000000149c7800 is an unknown value
R10=0x0000000000248580 is an unknown value
R11=0x00000000149c2e40 is an unknown value
R12=0x000007fffffde000 is an unknown value
R13=0x000007fffffa4000 is an unknown value
R14=0x000007fedf5b8408 is an unknown value
R15=0x000000007758e670 is an unknown value


Stack: [0x000000000d6e0000,0x000000000d7e0000],  sp=0x000000000d7df0c8,  free space=1020k
VM_Operation (0x000000000251e360): Exit, mode: safepoint, requested by thread 0x00000000021ac000


---------------  P R O C E S S  ---------------

Java Threads: ( => current thread )
  0x0000000018041800 JavaThread "AWT-Shutdown" [_thread_blocked, id=29968, stack(0x0000000032330000,0x0000000032430000)]
  0x000000000c87a000 JavaThread "pool-4-thread-1" [_thread_blocked, id=17172, stack(0x0000000012930000,0x0000000012a30000)]
  0x000000001803e000 JavaThread "File IO Thread" [_thread_blocked, id=15152, stack(0x0000000035230000,0x0000000035330000)]
  0x0000000026f9b000 JavaThread "Chunk I/O Executor Thread-1" daemon [_thread_blocked, id=32932, stack(0x00000000312e0000,0x00000000313e0000)]
  0x000000001803c800 JavaThread "Netty IO #1" daemon [_thread_in_native, id=31660, stack(0x0000000031d20000,0x0000000031e20000)]
  0x000000001803b800 JavaThread "Netty Client IO #0" daemon [_thread_in_native, id=34196, stack(0x0000000031bc0000,0x0000000031cc0000)]
  0x000000001803b000 JavaThread "ic2-poolthread-8" daemon [_thread_blocked, id=25560, stack(0x000000002de90000,0x000000002df90000)]
  0x0000000026fa1000 JavaThread "ic2-poolthread-7" daemon [_thread_blocked, id=34592, stack(0x0000000031aa0000,0x0000000031ba0000)]
  0x0000000026fa0000 JavaThread "ic2-poolthread-6" daemon [_thread_blocked, id=33180, stack(0x0000000031730000,0x0000000031830000)]
  0x0000000026f9f800 JavaThread "ic2-poolthread-5" daemon [_thread_blocked, id=34528, stack(0x00000000318a0000,0x00000000319a0000)]
  0x0000000026f9e800 JavaThread "ic2-poolthread-4" daemon [_thread_blocked, id=30636, stack(0x0000000031630000,0x0000000031730000)]
  0x0000000026f9e000 JavaThread "ic2-poolthread-3" daemon [_thread_blocked, id=32364, stack(0x0000000031510000,0x0000000031610000)]
  0x0000000026f9d000 JavaThread "Netty IO #0" daemon [_thread_in_native, id=25276, stack(0x000000001eff0000,0x000000001f0f0000)]
  0x0000000026f9b800 JavaThread "Thread-22" [_thread_blocked, id=32096, stack(0x000000002cf00000,0x000000002d000000)]
  0x000000000c875800 JavaThread "LWJGL Timer" daemon [_thread_blocked, id=21184, stack(0x00000000208c0000,0x00000000209c0000)]
  0x000000000c879800 JavaThread "Thread-19" [_thread_blocked, id=34732, stack(0x0000000020a50000,0x0000000020b50000)]
  0x000000000c874000 JavaThread "Thread-18" [_thread_blocked, id=33456, stack(0x0000000030de0000,0x0000000030ee0000)]
  0x000000000c875000 JavaThread "ic2-poolthread-2" daemon [_thread_blocked, id=16088, stack(0x0000000020520000,0x0000000020620000)]
  0x00000000197d6000 JavaThread "ic2-poolthread-1" daemon [_thread_blocked, id=10232, stack(0x00000000107f0000,0x00000000108f0000)]
  0x000000000fb87000 JavaThread "Timer hack thread" daemon [_thread_blocked, id=31624, stack(0x0000000016ac0000,0x0000000016bc0000)]
  0x000000000f474800 JavaThread "Snooper Timer" daemon [_thread_blocked, id=30988, stack(0x0000000016130000,0x0000000016230000)]
  0x000000000f932000 JavaThread "Java2D Disposer" daemon [_thread_blocked, id=33728, stack(0x0000000011270000,0x0000000011370000)]
  0x000000000c780000 JavaThread "Service Thread" daemon [_thread_blocked, id=24792, stack(0x000000000ed20000,0x000000000ee20000)]
  0x000000000c77f000 JavaThread "C2 CompilerThread1" daemon [_thread_blocked, id=29804, stack(0x000000000eb20000,0x000000000ec20000)]
  0x000000000c77c800 JavaThread "C2 CompilerThread0" daemon [_thread_blocked, id=31720, stack(0x000000000e0d0000,0x000000000e1d0000)]
  0x000000000c764000 JavaThread "JDWP Event Helper Thread" daemon [_thread_blocked, id=24108, stack(0x000000000e830000,0x000000000e930000)]
  0x000000000b6bf000 JavaThread "JDWP Transport Listener: dt_socket" daemon [_thread_blocked, id=25148, stack(0x000000000e620000,0x000000000e720000)]
  0x000000000b6b8000 JavaThread "Attach Listener" daemon [_thread_blocked, id=34356, stack(0x000000000dcd0000,0x000000000ddd0000)]
  0x000000000b6b7000 JavaThread "Signal Dispatcher" daemon [_thread_blocked, id=34400, stack(0x000000000d940000,0x000000000da40000)]
  0x000000000223a000 JavaThread "Finalizer" daemon [_thread_blocked, id=27868, stack(0x000000000dae0000,0x000000000dbe0000)]
  0x000000000b6a0000 JavaThread "Reference Handler" daemon [_thread_blocked, id=33044, stack(0x000000000d830000,0x000000000d930000)]
  0x00000000021ac000 JavaThread "Client thread" [_thread_blocked, id=30656, stack(0x0000000002420000,0x0000000002520000)]

Other Threads:
=>0x000000000b69d000 VMThread [stack: 0x000000000d6e0000,0x000000000d7e0000] [id=26560]

VM state:at safepoint (shutting down)

VM Mutex/Monitor currently owned by a thread:  ([mutex/lock_event])
[0x00000000021a9980] Threads_lock - owner thread: 0x000000000b69d000

Heap
 PSYoungGen      total 85504K, used 5972K [0x00000007d5a80000, 0x00000007db800000, 0x0000000800000000)
  eden space 75264K, 7% used [0x00000007d5a80000,0x00000007d6055190,0x00000007da400000)
  from space 10240K, 0% used [0x00000007da400000,0x00000007da400000,0x00000007dae00000)
  to   space 10240K, 0% used [0x00000007dae00000,0x00000007dae00000,0x00000007db800000)
 ParOldGen       total 688128K, used 509577K [0x0000000781000000, 0x00000007ab000000, 0x00000007d5a80000)
  object space 688128K, 74% used [0x0000000781000000,0x00000007a01a2758,0x00000007ab000000)
 PSPermGen       total 130560K, used 104705K [0x0000000771000000, 0x0000000778f80000, 0x0000000781000000)
  object space 130560K, 80% used [0x0000000771000000,0x0000000777640560,0x0000000778f80000)

Card table byte_map: [0x0000000005520000,0x00000000059a0000] byte_map_base: 0x0000000001998000

Polling page: 0x0000000000420000

Code Cache  [0x0000000002520000, 0x0000000003d00000, 0x0000000005520000)
 total_blobs=7123 nmethods=5918 adapters=1161 free_code_cache=24980Kb largest_free_block=25330816

Compilation events (10 events):
Event: 1785.812 Thread 0x000000000c77c800 6817 %           java.util.IdentityHashMap::put @ 24 (123 bytes)
Event: 1785.813 Thread 0x000000000c77f000 6818 %           net.minecraft.util.ObjectIntIdentityMap::func_148746_a @ 13 (56 bytes)
Event: 1785.816 Thread 0x000000000c77c800 nmethod 6817% 0x0000000003aa5b90 code [0x0000000003aa5d00, 0x0000000003aa6148]
Event: 1785.816 Thread 0x000000000c77f000 nmethod 6818% 0x0000000003ce1e90 code [0x0000000003ce2020, 0x0000000003ce2518]
Event: 1785.816 Thread 0x000000000c77f000 6819             java.util.IdentityHashMap::put (123 bytes)
Event: 1785.817 Thread 0x000000000c77c800 6820             net.minecraft.util.ObjectIntIdentityMap::func_148746_a (56 bytes)
Event: 1787.243 Thread 0x000000000c77f000 nmethod 6819 0x0000000003c11290 code [0x0000000003c11400, 0x0000000003c11838]
Event: 1787.243 Thread 0x000000000c77c800 nmethod 6820 0x0000000003cee350 code [0x0000000003cee520, 0x0000000003cef010]
Event: 1787.273 Thread 0x000000000c77c800 6821             cpw.mods.fml.common.eventhandler.ListenerList$ListenerListInst::unregister (44 bytes)
Event: 1787.277 Thread 0x000000000c77c800 nmethod 6821 0x0000000003cf7110 code [0x0000000003cf72a0, 0x0000000003cf7688]

GC Heap History (10 events):
Event: 1785.007 GC heap before
{Heap before GC invocations=211 (full 10):
 PSYoungGen      total 85504K, used 96K [0x00000007d5a80000, 0x00000007db900000, 0x0000000800000000)
  eden space 74752K, 0% used [0x00000007d5a80000,0x00000007d5a80000,0x00000007da380000)
  from space 10752K, 0% used [0x00000007da380000,0x00000007da398000,0x00000007dae00000)
  to   space 10752K, 0% used [0x00000007dae80000,0x00000007dae80000,0x00000007db900000)
 ParOldGen       total 688128K, used 510979K [0x0000000781000000, 0x00000007ab000000, 0x00000007d5a80000)
  object space 688128K, 74% used [0x0000000781000000,0x00000007a0300ee8,0x00000007ab000000)
 PSPermGen       total 137728K, used 104651K [0x0000000771000000, 0x0000000779680000, 0x0000000781000000)
  object space 137728K, 75% used [0x0000000771000000,0x0000000777632c00,0x0000000779680000)
Event: 1785.375 GC heap after
Heap after GC invocations=211 (full 10):
 PSYoungGen      total 85504K, used 0K [0x00000007d5a80000, 0x00000007db900000, 0x0000000800000000)
  eden space 74752K, 0% used [0x00000007d5a80000,0x00000007d5a80000,0x00000007da380000)
  from space 10752K, 0% used [0x00000007da380000,0x00000007da380000,0x00000007dae00000)
  to   space 10752K, 0% used [0x00000007dae80000,0x00000007dae80000,0x00000007db900000)
 ParOldGen       total 688128K, used 510980K [0x0000000781000000, 0x00000007ab000000, 0x00000007d5a80000)
  object space 688128K, 74% used [0x0000000781000000,0x00000007a03011c0,0x00000007ab000000)
 PSPermGen       total 135680K, used 104650K [0x0000000771000000, 0x0000000779480000, 0x0000000781000000)
  object space 135680K, 77% used [0x0000000771000000,0x0000000777632be0,0x0000000779480000)
}
Event: 1785.820 GC heap before
{Heap before GC invocations=212 (full 10):
 PSYoungGen      total 85504K, used 12949K [0x00000007d5a80000, 0x00000007db900000, 0x0000000800000000)
  eden space 74752K, 17% used [0x00000007d5a80000,0x00000007d6725718,0x00000007da380000)
  from space 10752K, 0% used [0x00000007da380000,0x00000007da380000,0x00000007dae00000)
  to   space 10752K, 0% used [0x00000007dae80000,0x00000007dae80000,0x00000007db900000)
 ParOldGen       total 688128K, used 510980K [0x0000000781000000, 0x00000007ab000000, 0x00000007d5a80000)
  object space 688128K, 74% used [0x0000000781000000,0x00000007a03011c0,0x00000007ab000000)
 PSPermGen       total 135680K, used 104690K [0x0000000771000000, 0x0000000779480000, 0x0000000781000000)
  object space 135680K, 77% used [0x0000000771000000,0x000000077763cb98,0x0000000779480000)
Event: 1785.831 GC heap after
Heap after GC invocations=212 (full 10):
 PSYoungGen      total 84992K, used 480K [0x00000007d5a80000, 0x00000007db800000, 0x0000000800000000)
  eden space 75264K, 0% used [0x00000007d5a80000,0x00000007d5a80000,0x00000007da400000)
  from space 9728K, 4% used [0x00000007dae80000,0x00000007daef8020,0x00000007db800000)
  to   space 10240K, 0% used [0x00000007da400000,0x00000007da400000,0x00000007dae00000)
 ParOldGen       total 688128K, used 510980K [0x0000000781000000, 0x00000007ab000000, 0x00000007d5a80000)
  object space 688128K, 74% used [0x0000000781000000,0x00000007a03011c0,0x00000007ab000000)
 PSPermGen       total 135680K, used 104690K [0x0000000771000000, 0x0000000779480000, 0x0000000781000000)
  object space 135680K, 77% used [0x0000000771000000,0x000000077763cb98,0x0000000779480000)
}
Event: 1785.831 GC heap before
{Heap before GC invocations=213 (full 11):
 PSYoungGen      total 84992K, used 480K [0x00000007d5a80000, 0x00000007db800000, 0x0000000800000000)
  eden space 75264K, 0% used [0x00000007d5a80000,0x00000007d5a80000,0x00000007da400000)
  from space 9728K, 4% used [0x00000007dae80000,0x00000007daef8020,0x00000007db800000)
  to   space 10240K, 0% used [0x00000007da400000,0x00000007da400000,0x00000007dae00000)
 ParOldGen       total 688128K, used 510980K [0x0000000781000000, 0x00000007ab000000, 0x00000007d5a80000)
  object space 688128K, 74% used [0x0000000781000000,0x00000007a03011c0,0x00000007ab000000)
 PSPermGen       total 135680K, used 104690K [0x0000000771000000, 0x0000000779480000, 0x0000000781000000)
  object space 135680K, 77% used [0x0000000771000000,0x000000077763cb98,0x0000000779480000)
Event: 1786.885 GC heap after
Heap after GC invocations=213 (full 11):
 PSYoungGen      total 84992K, used 0K [0x00000007d5a80000, 0x00000007db800000, 0x0000000800000000)
  eden space 75264K, 0% used [0x00000007d5a80000,0x00000007d5a80000,0x00000007da400000)
  from space 9728K, 0% used [0x00000007dae80000,0x00000007dae80000,0x00000007db800000)
  to   space 10240K, 0% used [0x00000007da400000,0x00000007da400000,0x00000007dae00000)
 ParOldGen       total 688128K, used 509577K [0x0000000781000000, 0x00000007ab000000, 0x00000007d5a80000)
  object space 688128K, 74% used [0x0000000781000000,0x00000007a01a2760,0x00000007ab000000)
 PSPermGen       total 133120K, used 104690K [0x0000000771000000, 0x0000000779200000, 0x0000000781000000)
  object space 133120K, 78% used [0x0000000771000000,0x000000077763cab8,0x0000000779200000)
}
Event: 1786.885 GC heap before
{Heap before GC invocations=214 (full 11):
 PSYoungGen      total 84992K, used 744K [0x00000007d5a80000, 0x00000007db800000, 0x0000000800000000)
  eden space 75264K, 0% used [0x00000007d5a80000,0x00000007d5b3a000,0x00000007da400000)
  from space 9728K, 0% used [0x00000007dae80000,0x00000007dae80000,0x00000007db800000)
  to   space 10240K, 0% used [0x00000007da400000,0x00000007da400000,0x00000007dae00000)
 ParOldGen       total 688128K, used 509577K [0x0000000781000000, 0x00000007ab000000, 0x00000007d5a80000)
  object space 688128K, 74% used [0x0000000781000000,0x00000007a01a2760,0x00000007ab000000)
 PSPermGen       total 133120K, used 104690K [0x0000000771000000, 0x0000000779200000, 0x0000000781000000)
  object space 133120K, 78% used [0x0000000771000000,0x000000077763cab8,0x0000000779200000)
Event: 1786.894 GC heap after
Heap after GC invocations=214 (full 11):
 PSYoungGen      total 85504K, used 64K [0x00000007d5a80000, 0x00000007db800000, 0x0000000800000000)
  eden space 75264K, 0% used [0x00000007d5a80000,0x00000007d5a80000,0x00000007da400000)
  from space 10240K, 0% used [0x00000007da400000,0x00000007da410000,0x00000007dae00000)
  to   space 10240K, 0% used [0x00000007dae00000,0x00000007dae00000,0x00000007db800000)
 ParOldGen       total 688128K, used 509577K [0x0000000781000000, 0x00000007ab000000, 0x00000007d5a80000)
  object space 688128K, 74% used [0x0000000781000000,0x00000007a01a2760,0x00000007ab000000)
 PSPermGen       total 133120K, used 104690K [0x0000000771000000, 0x0000000779200000, 0x0000000781000000)
  object space 133120K, 78% used [0x0000000771000000,0x000000077763cab8,0x0000000779200000)
}
Event: 1786.894 GC heap before
{Heap before GC invocations=215 (full 12):
 PSYoungGen      total 85504K, used 64K [0x00000007d5a80000, 0x00000007db800000, 0x0000000800000000)
  eden space 75264K, 0% used [0x00000007d5a80000,0x00000007d5a80000,0x00000007da400000)
  from space 10240K, 0% used [0x00000007da400000,0x00000007da410000,0x00000007dae00000)
  to   space 10240K, 0% used [0x00000007dae00000,0x00000007dae00000,0x00000007db800000)
 ParOldGen       total 688128K, used 509577K [0x0000000781000000, 0x00000007ab000000, 0x00000007d5a80000)
  object space 688128K, 74% used [0x0000000781000000,0x00000007a01a2760,0x00000007ab000000)
 PSPermGen       total 133120K, used 104690K [0x0000000771000000, 0x0000000779200000, 0x0000000781000000)
  object space 133120K, 78% used [0x0000000771000000,0x000000077763cab8,0x0000000779200000)
Event: 1787.242 GC heap after
Heap after GC invocations=215 (full 12):
 PSYoungGen      total 85504K, used 0K [0x00000007d5a80000, 0x00000007db800000, 0x0000000800000000)
  eden space 75264K, 0% used [0x00000007d5a80000,0x00000007d5a80000,0x00000007da400000)
  from space 10240K, 0% used [0x00000007da400000,0x00000007da400000,0x00000007dae00000)
  to   space 10240K, 0% used [0x00000007dae00000,0x00000007dae00000,0x00000007db800000)
 ParOldGen       total 688128K, used 509577K [0x0000000781000000, 0x00000007ab000000, 0x00000007d5a80000)
  object space 688128K, 74% used [0x0000000781000000,0x00000007a01a2758,0x00000007ab000000)
 PSPermGen       total 130560K, used 104690K [0x0000000771000000, 0x0000000778f80000, 0x0000000781000000)
  object space 130560K, 80% used [0x0000000771000000,0x000000077763cab8,0x0000000778f80000)
}

Deoptimization events (10 events):
Event: 1785.810 Thread 0x0000000026f9a000 Uncommon trap: reason=bimorphic action=maybe_recompile pc=0x0000000002d49e0c method=java.util.Hashtable.remove(Ljava/lang/Object;)Ljava/lang/Object; @ 49
Event: 1785.810 Thread 0x0000000026f9a000 Uncommon trap: reason=bimorphic action=maybe_recompile pc=0x0000000002d49e0c method=java.util.Hashtable.remove(Ljava/lang/Object;)Ljava/lang/Object; @ 49
Event: 1785.811 Thread 0x0000000026f9a000 Uncommon trap: reason=class_check action=maybe_recompile pc=0x0000000003a10aa8 method=java.util.AbstractMap.putAll(Ljava/util/Map;)V @ 1
Event: 1787.244 Thread 0x0000000026f9a000 Uncommon trap: reason=class_check action=maybe_recompile pc=0x0000000003a10aa8 method=java.util.AbstractMap.putAll(Ljava/util/Map;)V @ 1
Event: 1787.267 Thread 0x0000000026f9a000 Uncommon trap: reason=null_assert action=make_not_entrant pc=0x0000000002f01630 method=java.util.concurrent.locks.ReentrantReadWriteLock$Sync.tryAcquireShared(I)I @ 129
Event: 1787.267 Thread 0x00000000021ac000 Uncommon trap: reason=null_assert action=make_not_entrant pc=0x0000000002f01630 method=java.util.concurrent.locks.ReentrantReadWriteLock$Sync.tryAcquireShared(I)I @ 129
Event: 1787.267 Thread 0x0000000026f9a000 Uncommon trap: reason=unreached action=reinterpret pc=0x0000000002edbf10 method=java.util.concurrent.locks.ReentrantReadWriteLock$Sync.tryReleaseShared(I)Z @ 9
Event: 1787.267 Thread 0x0000000026f9a000 Uncommon trap: reason=unreached action=reinterpret pc=0x0000000002dd4330 method=java.util.concurrent.locks.ReentrantReadWriteLock$Sync.tryReleaseShared(I)Z @ 9
Event: 1787.315 Thread 0x0000000026f9a000 Uncommon trap: reason=bimorphic action=maybe_recompile pc=0x0000000003789b14 method=com.google.common.collect.AbstractMultimap.isEmpty()Z @ 1
Event: 1787.316 Thread 0x0000000026f9a000 Uncommon trap: reason=bimorphic action=maybe_recompile pc=0x0000000003789b14 method=com.google.common.collect.AbstractMultimap.isEmpty()Z @ 1

Internal exceptions (10 events):
Event: 1785.716 Thread 0x0000000026f9a000 Threw 0x00000007d616b350 at C:\re\jdk7u55\869\hotspot\src\share\vm\prims\jvm.cpp:1244
Event: 1785.717 Thread 0x0000000026f9a000 Threw 0x00000007d61746d0 at C:\re\jdk7u55\869\hotspot\src\share\vm\prims\jvm.cpp:1244
Event: 1785.718 Thread 0x0000000026f9a000 Threw 0x00000007d617da50 at C:\re\jdk7u55\869\hotspot\src\share\vm\prims\jvm.cpp:1244
Event: 1785.718 Thread 0x0000000026f9a000 Threw 0x00000007d6186dd0 at C:\re\jdk7u55\869\hotspot\src\share\vm\prims\jvm.cpp:1244
Event: 1785.718 Thread 0x0000000026f9a000 Threw 0x00000007d6190150 at C:\re\jdk7u55\869\hotspot\src\share\vm\prims\jvm.cpp:1244
Event: 1787.320 Thread 0x0000000026f9a000 Threw 0x00000007d5eb47f0 at C:\re\jdk7u55\869\hotspot\src\share\vm\prims\jvm.cpp:1244
Event: 1787.322 Thread 0x0000000026f9a000 Threw 0x00000007d5ecb050 at C:\re\jdk7u55\869\hotspot\src\share\vm\prims\jvm.cpp:1244
Event: 1787.323 Thread 0x0000000026f9a000 Threw 0x00000007d5ed19e0 at C:\re\jdk7u55\869\hotspot\src\share\vm\prims\jvm.cpp:1244
Event: 1787.323 Thread 0x000000001803f800 Threw 0x00000007d5fb5d88 at C:\re\jdk7u55\869\hotspot\src\share\vm\prims\jvm.cpp:1244
Event: 1787.324 Thread 0x000000001803f800 Threw 0x00000007d5fbbf58 at C:\re\jdk7u55\869\hotspot\src\share\vm\prims\jvm.cpp:1244

Events (10 events):
Event: 1787.323 Thread 0x000000001803f800 DEOPT UNPACKING pc=0x00000000025592b9 sp=0x00000000314de298 mode 1
Event: 1787.324 Thread 0x000000001803f800 DEOPT PACKING pc=0x0000000002be234c sp=0x00000000314de740
Event: 1787.324 Thread 0x000000001803f800 DEOPT UNPACKING pc=0x00000000025592b9 sp=0x00000000314de460 mode 1
Event: 1787.324 Thread 0x0000000018040000 Thread exited: 0x0000000018040000
Event: 1787.329 Thread 0x0000000026f9a000 Thread exited: 0x0000000026f9a000
Event: 1787.331 Thread 0x000000001803f800 Thread exited: 0x000000001803f800
Event: 1787.367 Thread 0x000000000fb53000 Thread exited: 0x000000000fb53000
Event: 1787.421 Thread 0x0000000018041000 Thread exited: 0x0000000018041000
Event: 1787.421 Thread 0x000000000c774800 Thread exited: 0x000000000c774800
Event: 1787.421 Executing VM operation: Exit


Dynamic libraries:
0x000000013f330000 - 0x000000013f363000 	C:\Program Files\Java\jre7\bin\javaw.exe
0x0000000077460000 - 0x0000000077609000 	C:\Windows\SYSTEM32\ntdll.dll
0x0000000077340000 - 0x000000007745f000 	C:\Windows\system32\kernel32.dll
0x000007fefd260000 - 0x000007fefd2cc000 	C:\Windows\system32\KERNELBASE.dll
0x000007fefe100000 - 0x000007fefe1db000 	C:\Windows\system32\ADVAPI32.dll
0x000007feff6d0000 - 0x000007feff76f000 	C:\Windows\system32\msvcrt.dll
0x000007fefe1e0000 - 0x000007fefe1ff000 	C:\Windows\SYSTEM32\sechost.dll
0x000007fefe460000 - 0x000007fefe58d000 	C:\Windows\system32\RPCRT4.dll
0x0000000077240000 - 0x000000007733a000 	C:\Windows\system32\USER32.dll
0x000007feff660000 - 0x000007feff6c7000 	C:\Windows\system32\GDI32.dll
0x000007fefdca0000 - 0x000007fefdcae000 	C:\Windows\system32\LPK.dll
0x000007fefd950000 - 0x000007fefda19000 	C:\Windows\system32\USP10.dll
0x000007fefb880000 - 0x000007fefba74000 	C:\Windows\WinSxS\amd64_microsoft.windows.common-controls_6595b64144ccf1df_6.0.7601.18807_none_fa381d5f175bfb52\COMCTL32.dll
0x000007fefdec0000 - 0x000007fefdf31000 	C:\Windows\system32\SHLWAPI.dll
0x000007fefda20000 - 0x000007fefda4e000 	C:\Windows\system32\IMM32.DLL
0x000007fefdf40000 - 0x000007fefe049000 	C:\Windows\system32\MSCTF.dll
0x000000006ae20000 - 0x000000006aef2000 	C:\Program Files\Java\jre7\bin\msvcr100.dll
0x000000006ddf0000 - 0x000000006e5b9000 	C:\Program Files\Java\jre7\bin\server\jvm.dll
0x000007fef32b0000 - 0x000007fef32b9000 	C:\Windows\system32\WSOCK32.dll
0x000007fefe0b0000 - 0x000007fefe0fd000 	C:\Windows\system32\WS2_32.dll
0x000007fefe590000 - 0x000007fefe598000 	C:\Windows\system32\NSI.dll
0x000007fefb1f0000 - 0x000007fefb22b000 	C:\Windows\system32\WINMM.dll
0x0000000077620000 - 0x0000000077627000 	C:\Windows\system32\PSAPI.DLL
0x0000000074330000 - 0x000000007433f000 	C:\Program Files\Java\jre7\bin\verify.dll
0x0000000073f60000 - 0x0000000073f88000 	C:\Program Files\Java\jre7\bin\java.dll
0x0000000072bf0000 - 0x0000000072c25000 	C:\Program Files\Java\jre7\bin\jdwp.dll
0x0000000074010000 - 0x0000000074018000 	C:\Program Files\Java\jre7\bin\npt.dll
0x0000000074310000 - 0x0000000074325000 	C:\Program Files\Java\jre7\bin\zip.dll
0x0000000073f00000 - 0x0000000073f09000 	C:\Program Files\Java\jre7\bin\dt_socket.dll
0x000007fefb060000 - 0x000007fefb075000 	C:\Windows\system32\NLAapi.dll
0x000007fef5400000 - 0x000007fef5415000 	C:\Windows\system32\napinsp.dll
0x000007fef5420000 - 0x000007fef5439000 	C:\Windows\system32\pnrpnsp.dll
0x000007fefca00000 - 0x000007fefca55000 	C:\Windows\System32\mswsock.dll
0x000007fefc880000 - 0x000007fefc8db000 	C:\Windows\system32\DNSAPI.dll
0x000007fef53a0000 - 0x000007fef53ab000 	C:\Windows\System32\winrnr.dll
0x000007fefaef0000 - 0x000007fefaf17000 	C:\Windows\system32\IPHLPAPI.DLL
0x000007fefaee0000 - 0x000007fefaeeb000 	C:\Windows\system32\WINNSI.DLL
0x000007fefad60000 - 0x000007fefadb3000 	C:\Windows\System32\fwpuclnt.dll
0x000007fef5390000 - 0x000007fef5398000 	C:\Windows\system32\rasadhlp.dll
0x000007fefc3e0000 - 0x000007fefc3e7000 	C:\Windows\System32\wshtcpip.dll
0x0000000072db0000 - 0x0000000072dbb000 	C:\Program Files\Java\jre7\bin\management.dll
0x0000000073f40000 - 0x0000000073f59000 	C:\Program Files\Java\jre7\bin\net.dll
0x000007fefc9f0000 - 0x000007fefc9f7000 	C:\Windows\System32\wship6.dll
0x0000000072bb0000 - 0x0000000072bc1000 	C:\Program Files\Java\jre7\bin\nio.dll
0x0000000072040000 - 0x0000000072064000 	C:\Program Files\Java\jre7\bin\sunec.dll
0x0000000074340000 - 0x000000007434b000 	C:\Program Files\Java\jre7\bin\sunmscapi.dll
0x000007fefd3f0000 - 0x000007fefd55d000 	C:\Windows\system32\CRYPT32.dll
0x000007fefd230000 - 0x000007fefd23f000 	C:\Windows\system32\MSASN1.dll
0x000007fefca60000 - 0x000007fefca78000 	C:\Windows\system32\CRYPTSP.dll
0x000007fefc760000 - 0x000007fefc7a7000 	C:\Windows\system32\rsaenh.dll
0x000007fefd560000 - 0x000007fefd57e000 	C:\Windows\system32\USERENV.dll
0x000007fefd220000 - 0x000007fefd22f000 	C:\Windows\system32\profapi.dll
0x000007fefd0c0000 - 0x000007fefd0cf000 	C:\Windows\system32\CRYPTBASE.dll
0x000007fefad30000 - 0x000007fefad41000 	C:\Windows\system32\dhcpcsvc6.DLL
0x000007fefacb0000 - 0x000007fefacc8000 	C:\Windows\system32\dhcpcsvc.DLL
0x000000005b200000 - 0x000000005b395000 	C:\Program Files\Java\jre7\bin\awt.dll
0x000007fefe7f0000 - 0x000007fefe8c7000 	C:\Windows\system32\OLEAUT32.dll
0x000007fefdcb0000 - 0x000007fefdeb3000 	C:\Windows\system32\ole32.dll
0x000007fefb7f0000 - 0x000007fefb846000 	C:\Windows\system32\uxtheme.dll
0x000007fede9d0000 - 0x000007fede9f7000 	C:\Program Files (x86)\Raptr\ltc_help64-96675.dll
0x000007fefe8d0000 - 0x000007feff659000 	C:\Windows\system32\SHELL32.dll
0x000007fefd590000 - 0x000007fefd5cb000 	C:\Windows\system32\WINTRUST.dll
0x000007fefb3e0000 - 0x000007fefb3f8000 	C:\Windows\system32\dwmapi.dll
0x00000000722b0000 - 0x00000000722f7000 	C:\Program Files\Java\jre7\bin\fontmanager.dll
0x000007fefc2f0000 - 0x000007fefc2fc000 	C:\Windows\system32\VERSION.dll
0x000007fef2e10000 - 0x000007fef2f5c000 	C:\Windows\system32\aticfx64.dll
0x000007fefc2c0000 - 0x000007fefc2ec000 	C:\Windows\system32\POWRPROF.dll
0x000007fefe200000 - 0x000007fefe3d7000 	C:\Windows\system32\SETUPAPI.dll
0x000007fefd3b0000 - 0x000007fefd3e6000 	C:\Windows\system32\CFGMGR32.dll
0x000007fefd2f0000 - 0x000007fefd30a000 	C:\Windows\system32\DEVOBJ.dll
0x00000000611f0000 - 0x0000000061231000 	C:\Program Files\Java\jre7\bin\t2k.dll
0x0000000180000000 - 0x0000000180051000 	C:\Users\Daniel\.gradle\caches\minecraft\net\minecraft\minecraft_natives\1.7.10\lwjgl64.dll
0x000007fedf660000 - 0x000007fedf77d000 	C:\Windows\system32\OPENGL32.dll
0x000007fefae00000 - 0x000007fefae2d000 	C:\Windows\system32\GLU32.dll
0x000007fedf350000 - 0x000007fedf441000 	C:\Windows\system32\DDRAW.dll
0x000007fedf340000 - 0x000007fedf348000 	C:\Windows\system32\DCIMAN32.dll
0x000007fef5e00000 - 0x000007fef5e18000 	C:\Windows\system32\atig6pxx.dll
0x0000000068a50000 - 0x000000006a5fe000 	C:\Windows\system32\atio6axx.dll
0x000007fee5420000 - 0x000007fee5558000 	C:\Windows\system32\atiadlxx.dll
0x000007fefbeb0000 - 0x000007fefbfdc000 	C:\Windows\system32\PROPSYS.dll
0x000007fefc300000 - 0x000007fefc311000 	C:\Windows\system32\WTSAPI32.dll
0x000007fef5da0000 - 0x000007fef5dc9000 	C:\Windows\system32\atig6txx.dll
0x000007fefe750000 - 0x000007fefe7e9000 	C:\Windows\system32\CLBCatQ.DLL
0x000007fef4120000 - 0x000007fef41bc000 	C:\Windows\system32\mscms.dll
0x000007fed7b00000 - 0x000007fed7b42000 	C:\Windows\system32\icm32.dll
0x0000000070a40000 - 0x0000000070adc000 	C:\Users\Daniel\.gradle\caches\minecraft\net\minecraft\minecraft_natives\1.7.10\avutil-ttv-51.dll
0x0000000065980000 - 0x00000000659d6000 	C:\Users\Daniel\.gradle\caches\minecraft\net\minecraft\minecraft_natives\1.7.10\swresample-ttv-0.dll
0x000000006eb80000 - 0x000000006ec50000 	C:\Users\Daniel\.gradle\caches\minecraft\net\minecraft\minecraft_natives\1.7.10\libmp3lame-ttv.dll
0x000007fed2de0000 - 0x000007fed4184000 	C:\Users\Daniel\.gradle\caches\minecraft\net\minecraft\minecraft_natives\1.7.10\libmfxsw64.dll
0x000007fed6c50000 - 0x000007fed6d7b000 	C:\Users\Daniel\.gradle\caches\minecraft\net\minecraft\minecraft_natives\1.7.10\twitchsdk.dll
0x000007fefda50000 - 0x000007fefdc97000 	C:\Windows\system32\WININET.dll
0x000007fefd2d0000 - 0x000007fefd2d4000 	C:\Windows\system32\api-ms-win-downlevel-user32-l1-1-0.dll
0x000007fefd5d0000 - 0x000007fefd5d4000 	C:\Windows\system32\api-ms-win-downlevel-shlwapi-l1-1-0.dll
0x000007fefd2e0000 - 0x000007fefd2e4000 	C:\Windows\system32\api-ms-win-downlevel-version-l1-1-0.dll
0x000007fefd250000 - 0x000007fefd253000 	C:\Windows\system32\api-ms-win-downlevel-normaliz-l1-1-0.dll
0x0000000077630000 - 0x0000000077633000 	C:\Windows\system32\normaliz.DLL
0x000007fefd5e0000 - 0x000007fefd8a7000 	C:\Windows\system32\iertutil.dll
0x000007fefd240000 - 0x000007fefd245000 	C:\Windows\system32\api-ms-win-downlevel-advapi32-l1-1-0.dll
0x000007fedf560000 - 0x000007fedf5bf000 	C:\Program Files\OBS\plugins\GraphicsCapture\GraphicsCaptureHook64.dll
0x000007fef3580000 - 0x000007fef35b4000 	C:\Windows\system32\d3d10_1.dll
0x000007fef3520000 - 0x000007fef3577000 	C:\Windows\system32\d3d10_1core.dll
0x000007fef34c0000 - 0x000007fef351d000 	C:\Windows\system32\dxgi.dll
0x000007fef32e0000 - 0x000007fef34b5000 	C:\Windows\system32\d3d11.dll
0x000007fef3280000 - 0x000007fef32a6000 	C:\Windows\system32\atiuxp64.dll
0x000007fef2380000 - 0x000007fef2e05000 	C:\Windows\system32\atidxx64.dll
0x000000000da50000 - 0x000000000dab4000 	C:\Users\Daniel\.gradle\caches\minecraft\net\minecraft\minecraft_natives\1.7.10\OpenAL64.dll
0x000007fefc020000 - 0x000007fefc06b000 	C:\Windows\System32\MMDevApi.dll
0x000007fef1890000 - 0x000007fef1918000 	C:\Windows\system32\dsound.dll
0x000007fefaf70000 - 0x000007fefafbf000 	C:\Windows\system32\AUDIOSES.DLL
0x000007fedf210000 - 0x000007fedf335000 	C:\Windows\system32\dbghelp.dll

VM Arguments:
jvm_args: -agentlib:jdwp=transport=dt_socket,suspend=y,address=localhost:63440 -Dfml.ignoreInvalidMinecraftCertificates=true -XX:MaxPermSize=256m -Dfile.encoding=Cp1252 
java_command: GradleStart --version 1.7 --tweakClass cpw.mods.fml.common.launcher.FMLTweaker --accessToken forgeTest --userProperties={} --username=blu.sunrize@yahoo.de --password=Dannyl1694 --assetIndex 1.7.10 --uuid=test --assetsDir C:/Users/Daniel/.gradle/caches/minecraft/assets
Launcher Type: SUN_STANDARD

Environment Variables:
PATH=C:\Program Files (x86)\NVIDIA Corporation\PhysX\Common;C:\Program Files (x86)\Intel\iCLS Client\;C:\Program Files\Intel\iCLS Client\;C:\Windows\system32;C:\Windows;C:\Windows\System32\Wbem;C:\Windows\System32\WindowsPowerShell\v1.0\;C:\Program Files\Intel\Intel(R) Management Engine Components\DAL;C:\Program Files\Intel\Intel(R) Management Engine Components\IPT;C:\Program Files (x86)\Intel\Intel(R) Management Engine Components\DAL;C:\Program Files (x86)\Intel\Intel(R) Management Engine Components\IPT;C:\Program Files (x86)\ATI Technologies\ATI.ACE\Core-Static;C:\Program Files (x86)\Git\cmd;E:\Program Files\Csound6\bin;C:\Program Files (x86)\AMD\ATI.ACE\Core-Static;C:\Program Files (x86)\Skype\Phone\
USERNAME=Daniel
OS=Windows_NT
PROCESSOR_IDENTIFIER=Intel64 Family 6 Model 60 Stepping 3, GenuineIntel



---------------  S Y S T E M  ---------------

OS: Windows 7 , 64 bit Build 7601 Service Pack 1

CPU:total 8 (4 cores per cpu, 2 threads per core) family 6 model 60 stepping 3, cmov, cx8, fxsr, mmx, sse, sse2, sse3, ssse3, sse4.1, sse4.2, popcnt, avx, avx2, aes, erms, ht, tsc, tscinvbit

Memory: 4k page, physical 8317496k(3074636k free), swap 25878348k(14948880k free)

vm_info: Java HotSpot(TM) 64-Bit Server VM (24.55-b03) for windows-amd64 JRE (1.7.0_55-b13), built on Mar 17 2014 19:45:30 by "java_re" with unknown MS VC++:1600

time: Thu Jun 04 22:25:51 2015
elapsed time: 1787 seconds

