#
# A fatal error has been detected by the Java Runtime Environment:
#
#  EXCEPTION_ACCESS_VIOLATION (0xc0000005) at pc=0x000007fedf501b76, pid=32348, tid=21396
#
# JRE version: Java(TM) SE Runtime Environment (7.0_55-b13) (build 1.7.0_55-b13)
# Java VM: Java HotSpot(TM) 64-Bit Server VM (24.55-b03 mixed mode windows-amd64 compressed oops)
# Problematic frame:
# C  [GraphicsCaptureHook64.dll+0x1b76]
#
# Failed to write core dump. Minidumps are not enabled by default on client versions of Windows
#
# If you would like to submit a bug report, please visit:
#   http://bugreport.sun.com/bugreport/crash.jsp
#

---------------  T H R E A D  ---------------

Current thread (0x000000000b52d000):  VMThread [stack: 0x000000000d580000,0x000000000d680000] [id=21396]

siginfo: ExceptionCode=0xc0000005, reading address 0x0000000000000008

Registers:
RAX=0x0000000000000000, RBX=0x000000000d67f180, RCX=0x000000001b3d007d, RDX=0x000000000d67f180
RSP=0x000000000d67f110, RBP=0x00000000005df330, RSI=0x0000000000020001, RDI=0x0000000000000028
R8 =0x000007fffffa6000, R9 =0x000007fedf500000, R10=0x000000000d67f1b0, R11=0x000000000d67f1b0
R12=0x000007fffffdf000, R13=0x000007fffffa6000, R14=0x0000000077593bc0, R15=0x000000007758e670
RIP=0x000007fedf501b76, EFLAGS=0x0000000000010202

Top of Stack: (sp=0x000000000d67f110)
0x000000000d67f110:   32343a34353a3032 00000000e300203a
0x000000000d67f120:   000000001a8ed8f0 000000000040c650
0x000000000d67f130:   000007fedf558a00 000007fedf505aeb
0x000000000d67f140:   000000004e58dd32 00000000e30001e2
0x000000000d67f150:   000000007758e670 0000000077593bc0
0x000000000d67f160:   fffffffffffffffe 0000000000000028
0x000000000d67f170:   0000000000000028 000007fedf51e822
0x000000000d67f180:   000000001b3d007d 0000000000000001
0x000000000d67f190:   0000000000000001 0000000000000000
0x000000000d67f1a0:   0000000000000004 fffffffffffffffe
0x000000000d67f1b0:   32343a34353a3032 000000000000203a
0x000000000d67f1c0:   000000000000000a 000000000000000f
0x000000000d67f1d0:   0000d97c3aa997f3 0000000000000001
0x000000000d67f1e0:   0000000000000028 000007fed6c8752d
0x000000000d67f1f0:   000007fefae11318 0000000000000001
0x000000000d67f200:   000007fed6c60000 0000000077361a5a 

Instructions: (pc=0x000007fedf501b76)
0x000007fedf501b56:   cc cc cc cc cc cc cc cc cc cc 40 53 48 83 ec 20
0x000007fedf501b66:   48 8b 41 40 48 8b da 48 8b 08 48 89 0a 48 8b 01
0x000007fedf501b76:   ff 50 08 48 8b c3 48 83 c4 20 5b c3 cc cc cc cc
0x000007fedf501b86:   cc cc cc cc cc cc cc cc cc cc 48 89 5c 24 08 57 


Register to memory mapping:

RAX=0x0000000000000000 is an unknown value
RBX=0x000000000d67f180 is an unknown value
RCX=0x000000001b3d007d is an unknown value
RDX=0x000000000d67f180 is an unknown value
RSP=0x000000000d67f110 is an unknown value
RBP=0x00000000005df330 is an unknown value
RSI=0x0000000000020001 is an unknown value
RDI=0x0000000000000028 is an unknown value
R8 =0x000007fffffa6000 is an unknown value
R9 =0x000007fedf500000 is an unknown value
R10=0x000000000d67f1b0 is an unknown value
R11=0x000000000d67f1b0 is an unknown value
R12=0x000007fffffdf000 is an unknown value
R13=0x000007fffffa6000 is an unknown value
R14=0x0000000077593bc0 is an unknown value
R15=0x000000007758e670 is an unknown value


Stack: [0x000000000d580000,0x000000000d680000],  sp=0x000000000d67f110,  free space=1020k
Native frames: (J=compiled Java code, j=interpreted, Vv=VM code, C=native code)
C  [GraphicsCaptureHook64.dll+0x1b76]

VM_Operation (0x00000000025fe6c0): Exit, mode: safepoint, requested by thread 0x00000000005bc000


---------------  P R O C E S S  ---------------

Java Threads: ( => current thread )
  0x000000001730d800 JavaThread "AWT-Shutdown" [_thread_blocked, id=14128, stack(0x000000001d4a0000,0x000000001d5a0000)]
  0x0000000017331800 JavaThread "File IO Thread" [_thread_blocked, id=33868, stack(0x00000000302a0000,0x00000000303a0000)]
  0x000000001732f000 JavaThread "pool-2-thread-1" [_thread_blocked, id=31784, stack(0x0000000032450000,0x0000000032550000)]
  0x000000001732e800 JavaThread "Chunk I/O Executor Thread-1" daemon [_thread_blocked, id=32072, stack(0x000000002fed0000,0x000000002ffd0000)]
  0x000000001732d800 JavaThread "Netty IO #1" daemon [_thread_in_native, id=1648, stack(0x000000002fdb0000,0x000000002feb0000)]
  0x000000001732d000 JavaThread "Netty Client IO #0" daemon [_thread_in_native, id=27180, stack(0x000000002fbe0000,0x000000002fce0000)]
  0x000000001732c000 JavaThread "Netty IO #0" daemon [_thread_in_native, id=32308, stack(0x000000001e1c0000,0x000000001e2c0000)]
  0x0000000018bce800 JavaThread "ic2-poolthread-8" daemon [_thread_blocked, id=32932, stack(0x000000002f9c0000,0x000000002fac0000)]
  0x0000000018bce000 JavaThread "ic2-poolthread-7" daemon [_thread_blocked, id=27252, stack(0x000000002f710000,0x000000002f810000)]
  0x0000000018bcd000 JavaThread "ic2-poolthread-6" daemon [_thread_blocked, id=31660, stack(0x000000002aff0000,0x000000002b0f0000)]
  0x0000000024953800 JavaThread "ic2-poolthread-5" daemon [_thread_blocked, id=3480, stack(0x000000002f010000,0x000000002f110000)]
  0x00000000197c4800 JavaThread "ic2-poolthread-4" daemon [_thread_blocked, id=30300, stack(0x000000001f4a0000,0x000000001f5a0000)]
  0x0000000022ea8800 JavaThread "ic2-poolthread-3" daemon [_thread_blocked, id=21828, stack(0x000000002f5c0000,0x000000002f6c0000)]
  0x000000002ccc0800 JavaThread "Physis Odd One Out Builder" [_thread_blocked, id=31860, stack(0x000000002f440000,0x000000002f540000)]
  0x000000002c530800 JavaThread "Thread-21" [_thread_blocked, id=29632, stack(0x000000002f2b0000,0x000000002f3b0000)]
  0x0000000024432800 JavaThread "Server thread" [_thread_blocked, id=33328, stack(0x00000000124d0000,0x00000000125d0000)]
  0x00000000194d7800 JavaThread "LWJGL Timer" daemon [_thread_blocked, id=34284, stack(0x00000000125d0000,0x00000000126d0000)]
  0x0000000016ddb800 JavaThread "ic2-poolthread-2" daemon [_thread_blocked, id=34220, stack(0x0000000024ed0000,0x0000000024fd0000)]
  0x0000000017e02000 JavaThread "ic2-poolthread-1" daemon [_thread_blocked, id=26900, stack(0x0000000012380000,0x0000000012480000)]
  0x000000000fb51000 JavaThread "Timer hack thread" daemon [_thread_blocked, id=33832, stack(0x0000000017b50000,0x0000000017c50000)]
  0x000000000c916000 JavaThread "Snooper Timer" daemon [_thread_blocked, id=17532, stack(0x0000000011030000,0x0000000011130000)]
  0x000000000f319000 JavaThread "Java2D Disposer" daemon [_thread_blocked, id=5324, stack(0x0000000010e20000,0x0000000010f20000)]
  0x000000000c610000 JavaThread "Service Thread" daemon [_thread_blocked, id=23100, stack(0x000000000dbc0000,0x000000000dcc0000)]
  0x000000000c60f000 JavaThread "C2 CompilerThread1" daemon [_thread_blocked, id=34028, stack(0x000000000e860000,0x000000000e960000)]
  0x000000000c60d800 JavaThread "C2 CompilerThread0" daemon [_thread_blocked, id=34004, stack(0x000000000e550000,0x000000000e650000)]
  0x000000000c5f9000 JavaThread "JDWP Command Reader" daemon [_thread_blocked, id=16784, stack(0x000000000e0e0000,0x000000000e1e0000)]
  0x000000000c5f4000 JavaThread "JDWP Event Helper Thread" daemon [_thread_blocked, id=29980, stack(0x000000000d6b0000,0x000000000d7b0000)]
  0x000000000b54f000 JavaThread "JDWP Transport Listener: dt_socket" daemon [_thread_blocked, id=34516, stack(0x000000000e330000,0x000000000e430000)]
  0x000000000b549000 JavaThread "Attach Listener" daemon [_thread_blocked, id=33976, stack(0x000000000dd00000,0x000000000de00000)]
  0x000000000b546800 JavaThread "Signal Dispatcher" daemon [_thread_blocked, id=9220, stack(0x000000000dac0000,0x000000000dbc0000)]
  0x000000000b533000 JavaThread "Finalizer" daemon [_thread_blocked, id=14900, stack(0x000000000d9c0000,0x000000000dac0000)]
  0x000000000b530000 JavaThread "Reference Handler" daemon [_thread_blocked, id=14252, stack(0x000000000d7b0000,0x000000000d8b0000)]
  0x00000000005bc000 JavaThread "Client thread" [_thread_blocked, id=23364, stack(0x0000000002500000,0x0000000002600000)]

Other Threads:
=>0x000000000b52d000 VMThread [stack: 0x000000000d580000,0x000000000d680000] [id=21396]

VM state:at safepoint (shutting down)

VM Mutex/Monitor currently owned by a thread:  ([mutex/lock_event])
[0x00000000005b9980] Threads_lock - owner thread: 0x000000000b52d000

Heap
 PSYoungGen      total 604160K, used 891K [0x00000007d5a80000, 0x0000000800000000, 0x0000000800000000)
  eden space 518656K, 0% used [0x00000007d5a80000,0x00000007d5b5ecf8,0x00000007f5500000)
  from space 85504K, 0% used [0x00000007faa80000,0x00000007faa80000,0x00000007ffe00000)
  to   space 87552K, 0% used [0x00000007f5500000,0x00000007f5500000,0x00000007faa80000)
 ParOldGen       total 695296K, used 501914K [0x0000000781000000, 0x00000007ab700000, 0x00000007d5a80000)
  object space 695296K, 72% used [0x0000000781000000,0x000000079fa26ad0,0x00000007ab700000)
 PSPermGen       total 128000K, used 100476K [0x0000000771000000, 0x0000000778d00000, 0x0000000781000000)
  object space 128000K, 78% used [0x0000000771000000,0x000000077721f390,0x0000000778d00000)

Card table byte_map: [0x0000000005600000,0x0000000005a80000] byte_map_base: 0x0000000001a78000

Polling page: 0x0000000000520000

Code Cache  [0x0000000002600000, 0x00000000035d0000, 0x0000000005600000)
 total_blobs=5077 nmethods=3886 adapters=1148 free_code_cache=33202Kb largest_free_block=33770560

Compilation events (10 events):
Event: 117.468 Thread 0x000000000c60f000 4440             thaumcraft.api.research.ResearchCategories::getResearch (101 bytes)
Event: 117.476 Thread 0x000000000c60f000 nmethod 4440 0x00000000035ac550 code [0x00000000035ac720, 0x00000000035ad3d8]
Event: 117.548 Thread 0x000000000c60d800 4441             cpw.mods.fml.common.registry.FMLControlledNamespacedRegistry::serializeInto (70 bytes)
Event: 117.552 Thread 0x000000000c60f000 4442             net.minecraft.nbt.NBTTagInt::write (11 bytes)
Event: 117.553 Thread 0x000000000c60f000 nmethod 4442 0x00000000033b03d0 code [0x00000000033b0520, 0x00000000033b06b8]
Event: 117.555 Thread 0x000000000c60f000 4443             net.minecraft.nbt.NBTTagString::write (11 bytes)
Event: 117.556 Thread 0x000000000c60f000 nmethod 4443 0x00000000035ac210 code [0x00000000035ac360, 0x00000000035ac448]
Event: 117.560 Thread 0x000000000c60f000 4444             java.util.zip.DeflaterOutputStream::write (88 bytes)
Event: 117.571 Thread 0x000000000c60f000 nmethod 4444 0x0000000003434690 code [0x0000000003434860, 0x0000000003436028]
Event: 117.574 Thread 0x000000000c60d800 nmethod 4441 0x000000000344a310 code [0x000000000344a600, 0x000000000344c1c0]

GC Heap History (10 events):
Event: 113.160 GC heap before
{Heap before GC invocations=83 (full 8):
 PSYoungGen      total 585728K, used 537870K [0x00000007d5a80000, 0x00000007ff400000, 0x0000000800000000)
  eden space 492032K, 100% used [0x00000007d5a80000,0x00000007f3b00000,0x00000007f3b00000)
  from space 93696K, 48% used [0x00000007f9880000,0x00000007fc543b78,0x00000007ff400000)
  to   space 94720K, 0% used [0x00000007f3b00000,0x00000007f3b00000,0x00000007f9780000)
 ParOldGen       total 539648K, used 466453K [0x0000000781000000, 0x00000007a1f00000, 0x00000007d5a80000)
  object space 539648K, 86% used [0x0000000781000000,0x000000079d785600,0x00000007a1f00000)
 PSPermGen       total 125952K, used 100205K [0x0000000771000000, 0x0000000778b00000, 0x0000000781000000)
  object space 125952K, 79% used [0x0000000771000000,0x00000007771db588,0x0000000778b00000)
Event: 113.188 GC heap after
Heap after GC invocations=83 (full 8):
 PSYoungGen      total 586752K, used 46815K [0x00000007d5a80000, 0x00000007ffb00000, 0x0000000800000000)
  eden space 492032K, 0% used [0x00000007d5a80000,0x00000007d5a80000,0x00000007f3b00000)
  from space 94720K, 49% used [0x00000007f3b00000,0x00000007f68b7dc0,0x00000007f9780000)
  to   space 91648K, 0% used [0x00000007fa180000,0x00000007fa180000,0x00000007ffb00000)
 ParOldGen       total 539648K, used 466453K [0x0000000781000000, 0x00000007a1f00000, 0x00000007d5a80000)
  object space 539648K, 86% used [0x0000000781000000,0x000000079d785600,0x00000007a1f00000)
 PSPermGen       total 125952K, used 100205K [0x0000000771000000, 0x0000000778b00000, 0x0000000781000000)
  object space 125952K, 79% used [0x0000000771000000,0x00000007771db588,0x0000000778b00000)
}
Event: 113.743 GC heap before
{Heap before GC invocations=84 (full 8):
 PSYoungGen      total 586752K, used 538847K [0x00000007d5a80000, 0x00000007ffb00000, 0x0000000800000000)
  eden space 492032K, 100% used [0x00000007d5a80000,0x00000007f3b00000,0x00000007f3b00000)
  from space 94720K, 49% used [0x00000007f3b00000,0x00000007f68b7dc0,0x00000007f9780000)
  to   space 91648K, 0% used [0x00000007fa180000,0x00000007fa180000,0x00000007ffb00000)
 ParOldGen       total 539648K, used 466453K [0x0000000781000000, 0x00000007a1f00000, 0x00000007d5a80000)
  object space 539648K, 86% used [0x0000000781000000,0x000000079d785600,0x00000007a1f00000)
 PSPermGen       total 125952K, used 100215K [0x0000000771000000, 0x0000000778b00000, 0x0000000781000000)
  object space 125952K, 79% used [0x0000000771000000,0x00000007771ddcc0,0x0000000778b00000)
Event: 113.770 GC heap after
Heap after GC invocations=84 (full 8):
 PSYoungGen      total 592896K, used 36555K [0x00000007d5a80000, 0x00000007ff500000, 0x0000000800000000)
  eden space 507392K, 0% used [0x00000007d5a80000,0x00000007d5a80000,0x00000007f4a00000)
  from space 85504K, 42% used [0x00000007fa180000,0x00000007fc532eb0,0x00000007ff500000)
  to   space 87552K, 0% used [0x00000007f4a00000,0x00000007f4a00000,0x00000007f9f80000)
 ParOldGen       total 539648K, used 475998K [0x0000000781000000, 0x00000007a1f00000, 0x00000007d5a80000)
  object space 539648K, 88% used [0x0000000781000000,0x000000079e0d7a60,0x00000007a1f00000)
 PSPermGen       total 125952K, used 100215K [0x0000000771000000, 0x0000000778b00000, 0x0000000781000000)
  object space 125952K, 79% used [0x0000000771000000,0x00000007771ddcc0,0x0000000778b00000)
}
Event: 114.364 GC heap before
{Heap before GC invocations=85 (full 8):
 PSYoungGen      total 592896K, used 543947K [0x00000007d5a80000, 0x00000007ff500000, 0x0000000800000000)
  eden space 507392K, 100% used [0x00000007d5a80000,0x00000007f4a00000,0x00000007f4a00000)
  from space 85504K, 42% used [0x00000007fa180000,0x00000007fc532eb0,0x00000007ff500000)
  to   space 87552K, 0% used [0x00000007f4a00000,0x00000007f4a00000,0x00000007f9f80000)
 ParOldGen       total 539648K, used 475998K [0x0000000781000000, 0x00000007a1f00000, 0x00000007d5a80000)
  object space 539648K, 88% used [0x0000000781000000,0x000000079e0d7a60,0x00000007a1f00000)
 PSPermGen       total 125952K, used 100225K [0x0000000771000000, 0x0000000778b00000, 0x0000000781000000)
  object space 125952K, 79% used [0x0000000771000000,0x00000007771e0538,0x0000000778b00000)
Event: 114.387 GC heap after
Heap after GC invocations=85 (full 8):
 PSYoungGen      total 594944K, used 24596K [0x00000007d5a80000, 0x00000007ffe00000, 0x0000000800000000)
  eden space 507392K, 0% used [0x00000007d5a80000,0x00000007d5a80000,0x00000007f4a00000)
  from space 87552K, 28% used [0x00000007f4a00000,0x00000007f62050d0,0x00000007f9f80000)
  to   space 85504K, 0% used [0x00000007faa80000,0x00000007faa80000,0x00000007ffe00000)
 ParOldGen       total 539648K, used 489456K [0x0000000781000000, 0x00000007a1f00000, 0x00000007d5a80000)
  object space 539648K, 90% used [0x0000000781000000,0x000000079edfc2f0,0x00000007a1f00000)
 PSPermGen       total 125952K, used 100225K [0x0000000771000000, 0x0000000778b00000, 0x0000000781000000)
  object space 125952K, 79% used [0x0000000771000000,0x00000007771e0538,0x0000000778b00000)
}
Event: 117.764 GC heap before
{Heap before GC invocations=86 (full 8):
 PSYoungGen      total 594944K, used 531988K [0x00000007d5a80000, 0x00000007ffe00000, 0x0000000800000000)
  eden space 507392K, 100% used [0x00000007d5a80000,0x00000007f4a00000,0x00000007f4a00000)
  from space 87552K, 28% used [0x00000007f4a00000,0x00000007f62050d0,0x00000007f9f80000)
  to   space 85504K, 0% used [0x00000007faa80000,0x00000007faa80000,0x00000007ffe00000)
 ParOldGen       total 539648K, used 489456K [0x0000000781000000, 0x00000007a1f00000, 0x00000007d5a80000)
  object space 539648K, 90% used [0x0000000781000000,0x000000079edfc2f0,0x00000007a1f00000)
 PSPermGen       total 125952K, used 100472K [0x0000000771000000, 0x0000000778b00000, 0x0000000781000000)
  object space 125952K, 79% used [0x0000000771000000,0x000000077721e090,0x0000000778b00000)
Event: 117.785 GC heap after
Heap after GC invocations=86 (full 8):
 PSYoungGen      total 604160K, used 2456K [0x00000007d5a80000, 0x0000000800000000, 0x0000000800000000)
  eden space 518656K, 0% used [0x00000007d5a80000,0x00000007d5a80000,0x00000007f5500000)
  from space 85504K, 2% used [0x00000007faa80000,0x00000007face6240,0x00000007ffe00000)
  to   space 87552K, 0% used [0x00000007f5500000,0x00000007f5500000,0x00000007faa80000)
 ParOldGen       total 539648K, used 514166K [0x0000000781000000, 0x00000007a1f00000, 0x00000007d5a80000)
  object space 539648K, 95% used [0x0000000781000000,0x00000007a061db98,0x00000007a1f00000)
 PSPermGen       total 125952K, used 100472K [0x0000000771000000, 0x0000000778b00000, 0x0000000781000000)
  object space 125952K, 79% used [0x0000000771000000,0x000000077721e090,0x0000000778b00000)
}
Event: 117.785 GC heap before
{Heap before GC invocations=87 (full 9):
 PSYoungGen      total 604160K, used 2456K [0x00000007d5a80000, 0x0000000800000000, 0x0000000800000000)
  eden space 518656K, 0% used [0x00000007d5a80000,0x00000007d5a80000,0x00000007f5500000)
  from space 85504K, 2% used [0x00000007faa80000,0x00000007face6240,0x00000007ffe00000)
  to   space 87552K, 0% used [0x00000007f5500000,0x00000007f5500000,0x00000007faa80000)
 ParOldGen       total 539648K, used 514166K [0x0000000781000000, 0x00000007a1f00000, 0x00000007d5a80000)
  object space 539648K, 95% used [0x0000000781000000,0x00000007a061db98,0x00000007a1f00000)
 PSPermGen       total 125952K, used 100472K [0x0000000771000000, 0x0000000778b00000, 0x0000000781000000)
  object space 125952K, 79% used [0x0000000771000000,0x000000077721e090,0x0000000778b00000)
Event: 118.153 GC heap after
Heap after GC invocations=87 (full 9):
 PSYoungGen      total 604160K, used 0K [0x00000007d5a80000, 0x0000000800000000, 0x0000000800000000)
  eden space 518656K, 0% used [0x00000007d5a80000,0x00000007d5a80000,0x00000007f5500000)
  from space 85504K, 0% used [0x00000007faa80000,0x00000007faa80000,0x00000007ffe00000)
  to   space 87552K, 0% used [0x00000007f5500000,0x00000007f5500000,0x00000007faa80000)
 ParOldGen       total 695296K, used 501914K [0x0000000781000000, 0x00000007ab700000, 0x00000007d5a80000)
  object space 695296K, 72% used [0x0000000781000000,0x000000079fa26ad0,0x00000007ab700000)
 PSPermGen       total 128000K, used 100465K [0x0000000771000000, 0x0000000778d00000, 0x0000000781000000)
  object space 128000K, 78% used [0x0000000771000000,0x000000077721c620,0x0000000778d00000)
}

Deoptimization events (10 events):
Event: 117.559 Thread 0x0000000024432800 Uncommon trap: reason=class_check action=maybe_recompile pc=0x00000000034d277c method=java.util.zip.DeflaterOutputStream.deflate()V @ 32
Event: 117.559 Thread 0x0000000024432800 Uncommon trap: reason=class_check action=maybe_recompile pc=0x00000000034d277c method=java.util.zip.DeflaterOutputStream.deflate()V @ 32
Event: 117.762 Thread 0x0000000024432800 Uncommon trap: reason=unreached action=reinterpret pc=0x0000000003393fac method=com.google.common.collect.MapMakerInternalMap$Segment.getLiveEntry(Ljava/lang/Object;I)Lcom/google/common/collect/MapMakerInternalMap$ReferenceEntry; @ 8
Event: 118.153 Thread 0x0000000017330000 Uncommon trap: reason=null_check action=make_not_entrant pc=0x0000000002c8dcc8 method=java.lang.ThreadLocal$ThreadLocalMap.getEntryAfterMiss(Ljava/lang/ThreadLocal;ILjava/lang/ThreadLocal$ThreadLocalMap$Entry;)Ljava/lang/ThreadLocal$ThreadLocalMap$Entry; @
Event: 118.199 Thread 0x0000000024432800 Uncommon trap: reason=unreached action=reinterpret pc=0x0000000003390394 method=com.google.common.collect.MapMakerInternalMap$Segment.getLiveEntry(Ljava/lang/Object;I)Lcom/google/common/collect/MapMakerInternalMap$ReferenceEntry; @ 8
Event: 118.201 Thread 0x0000000017330000 Uncommon trap: reason=bimorphic action=maybe_recompile pc=0x00000000029908c4 method=java.util.Hashtable.remove(Ljava/lang/Object;)Ljava/lang/Object; @ 49
Event: 118.201 Thread 0x0000000017330000 Uncommon trap: reason=bimorphic action=maybe_recompile pc=0x00000000029908c4 method=java.util.Hashtable.remove(Ljava/lang/Object;)Ljava/lang/Object; @ 49
Event: 118.201 Thread 0x0000000017330000 Uncommon trap: reason=class_check action=maybe_recompile pc=0x00000000031b4d7c method=org.apache.logging.log4j.core.Logger$PrivateConfig.filter(Lorg/apache/logging/log4j/Level;Lorg/apache/logging/log4j/Marker;Ljava/lang/String;)Z @ 4
Event: 118.201 Thread 0x0000000017330000 Uncommon trap: reason=bimorphic action=maybe_recompile pc=0x00000000029908c4 method=java.util.Hashtable.remove(Ljava/lang/Object;)Ljava/lang/Object; @ 49
Event: 118.201 Thread 0x0000000017330000 Uncommon trap: reason=bimorphic action=maybe_recompile pc=0x00000000029908c4 method=java.util.Hashtable.remove(Ljava/lang/Object;)Ljava/lang/Object; @ 49

Internal exceptions (10 events):
Event: 117.407 Thread 0x0000000024432800 Implicit null exception at 0x0000000003132837 to 0x0000000003132c05
Event: 117.409 Thread 0x0000000024432800 Threw 0x00000007f4354ff0 at C:\re\jdk7u55\869\hotspot\src\share\vm\runtime\reflection.cpp:1030
Event: 117.409 Thread 0x0000000024432800 Threw 0x00000007f4356250 at C:\re\jdk7u55\869\hotspot\src\share\vm\prims\jvm.cpp:1244
Event: 117.754 Thread 0x0000000017330000 Threw 0x00000007f480abe8 at C:\re\jdk7u55\869\hotspot\src\share\vm\prims\jvm.cpp:1244
Event: 117.754 Thread 0x0000000017330000 Threw 0x00000007f4814b98 at C:\re\jdk7u55\869\hotspot\src\share\vm\prims\jvm.cpp:1244
Event: 117.755 Thread 0x0000000017330000 Threw 0x00000007f481e4e8 at C:\re\jdk7u55\869\hotspot\src\share\vm\prims\jvm.cpp:1244
Event: 117.756 Thread 0x0000000017330000 Threw 0x00000007f4827868 at C:\re\jdk7u55\869\hotspot\src\share\vm\prims\jvm.cpp:1244
Event: 117.756 Thread 0x0000000017330000 Threw 0x00000007f4830be8 at C:\re\jdk7u55\869\hotspot\src\share\vm\prims\jvm.cpp:1244
Event: 117.757 Thread 0x0000000017330000 Threw 0x00000007f4839f68 at C:\re\jdk7u55\869\hotspot\src\share\vm\prims\jvm.cpp:1244
Event: 118.153 Thread 0x0000000017330000 Implicit null exception at 0x0000000002c8d024 to 0x0000000002c8dc79

Events (10 events):
Event: 118.201 Thread 0x0000000017330000 DEOPT PACKING pc=0x00000000029908c4 sp=0x000000001d02ef10
Event: 118.201 Thread 0x0000000017330000 DEOPT UNPACKING pc=0x00000000026375a4 sp=0x000000001d02eec0 mode 2
Event: 118.201 Thread 0x0000000017330000 Uncommon trap: trap_request=0xffffffc6 fr.pc=0x00000000029908c4
Event: 118.201 Thread 0x0000000017330000 DEOPT PACKING pc=0x00000000029908c4 sp=0x000000001d02ef10
Event: 118.201 Thread 0x0000000017330000 DEOPT UNPACKING pc=0x00000000026375a4 sp=0x000000001d02eec0 mode 2
Event: 118.201 Executing VM operation: RevokeBias
Event: 118.201 Executing VM operation: RevokeBias done
Event: 118.201 Thread 0x0000000017330000 Thread exited: 0x0000000017330000
Event: 118.201 Thread 0x000000002d330800 Thread exited: 0x000000002d330800
Event: 118.201 Executing VM operation: Exit


Dynamic libraries:
0x000000013f0c0000 - 0x000000013f0f3000 	C:\Program Files\Java\jre7\bin\javaw.exe
0x0000000077460000 - 0x0000000077609000 	C:\Windows\SYSTEM32\ntdll.dll
0x0000000077340000 - 0x000000007745f000 	C:\Windows\system32\kernel32.dll
0x000007fefd260000 - 0x000007fefd2cc000 	C:\Windows\system32\KERNELBASE.dll
0x000007fefe100000 - 0x000007fefe1db000 	C:\Windows\system32\ADVAPI32.dll
0x000007feff6d0000 - 0x000007feff76f000 	C:\Windows\system32\msvcrt.dll
0x000007fefe1e0000 - 0x000007fefe1ff000 	C:\Windows\SYSTEM32\sechost.dll
0x000007fefe460000 - 0x000007fefe58d000 	C:\Windows\system32\RPCRT4.dll
0x0000000077240000 - 0x000000007733a000 	C:\Windows\system32\USER32.dll
0x000007feff660000 - 0x000007feff6c7000 	C:\Windows\system32\GDI32.dll
0x000007fefdca0000 - 0x000007fefdcae000 	C:\Windows\system32\LPK.dll
0x000007fefd950000 - 0x000007fefda19000 	C:\Windows\system32\USP10.dll
0x000007fefb880000 - 0x000007fefba74000 	C:\Windows\WinSxS\amd64_microsoft.windows.common-controls_6595b64144ccf1df_6.0.7601.18807_none_fa381d5f175bfb52\COMCTL32.dll
0x000007fefdec0000 - 0x000007fefdf31000 	C:\Windows\system32\SHLWAPI.dll
0x000007fefda20000 - 0x000007fefda4e000 	C:\Windows\system32\IMM32.DLL
0x000007fefdf40000 - 0x000007fefe049000 	C:\Windows\system32\MSCTF.dll
0x000000006ae20000 - 0x000000006aef2000 	C:\Program Files\Java\jre7\bin\msvcr100.dll
0x000000006ddf0000 - 0x000000006e5b9000 	C:\Program Files\Java\jre7\bin\server\jvm.dll
0x000007fef32b0000 - 0x000007fef32b9000 	C:\Windows\system32\WSOCK32.dll
0x000007fefe0b0000 - 0x000007fefe0fd000 	C:\Windows\system32\WS2_32.dll
0x000007fefe590000 - 0x000007fefe598000 	C:\Windows\system32\NSI.dll
0x000007fefb1f0000 - 0x000007fefb22b000 	C:\Windows\system32\WINMM.dll
0x0000000077620000 - 0x0000000077627000 	C:\Windows\system32\PSAPI.DLL
0x0000000074330000 - 0x000000007433f000 	C:\Program Files\Java\jre7\bin\verify.dll
0x0000000073f60000 - 0x0000000073f88000 	C:\Program Files\Java\jre7\bin\java.dll
0x0000000072d80000 - 0x0000000072db5000 	C:\Program Files\Java\jre7\bin\jdwp.dll
0x0000000073f00000 - 0x0000000073f08000 	C:\Program Files\Java\jre7\bin\npt.dll
0x0000000074310000 - 0x0000000074325000 	C:\Program Files\Java\jre7\bin\zip.dll
0x0000000074010000 - 0x0000000074019000 	C:\Program Files\Java\jre7\bin\dt_socket.dll
0x000007fefb060000 - 0x000007fefb075000 	C:\Windows\system32\NLAapi.dll
0x000007fef5400000 - 0x000007fef5415000 	C:\Windows\system32\napinsp.dll
0x000007fef5420000 - 0x000007fef5439000 	C:\Windows\system32\pnrpnsp.dll
0x000007fefca00000 - 0x000007fefca55000 	C:\Windows\System32\mswsock.dll
0x000007fefc880000 - 0x000007fefc8db000 	C:\Windows\system32\DNSAPI.dll
0x000007fef53a0000 - 0x000007fef53ab000 	C:\Windows\System32\winrnr.dll
0x000007fefaef0000 - 0x000007fefaf17000 	C:\Windows\system32\IPHLPAPI.DLL
0x000007fefaee0000 - 0x000007fefaeeb000 	C:\Windows\system32\WINNSI.DLL
0x000007fefad60000 - 0x000007fefadb3000 	C:\Windows\System32\fwpuclnt.dll
0x000007fef5390000 - 0x000007fef5398000 	C:\Windows\system32\rasadhlp.dll
0x000007fefc3e0000 - 0x000007fefc3e7000 	C:\Windows\System32\wshtcpip.dll
0x0000000072d70000 - 0x0000000072d7b000 	C:\Program Files\Java\jre7\bin\management.dll
0x0000000073f40000 - 0x0000000073f59000 	C:\Program Files\Java\jre7\bin\net.dll
0x000007fefc9f0000 - 0x000007fefc9f7000 	C:\Windows\System32\wship6.dll
0x0000000072bb0000 - 0x0000000072bc1000 	C:\Program Files\Java\jre7\bin\nio.dll
0x0000000072040000 - 0x0000000072064000 	C:\Program Files\Java\jre7\bin\sunec.dll
0x0000000074340000 - 0x000000007434b000 	C:\Program Files\Java\jre7\bin\sunmscapi.dll
0x000007fefd3f0000 - 0x000007fefd55d000 	C:\Windows\system32\CRYPT32.dll
0x000007fefd230000 - 0x000007fefd23f000 	C:\Windows\system32\MSASN1.dll
0x000007fefca60000 - 0x000007fefca78000 	C:\Windows\system32\CRYPTSP.dll
0x000007fefc760000 - 0x000007fefc7a7000 	C:\Windows\system32\rsaenh.dll
0x000007fefd560000 - 0x000007fefd57e000 	C:\Windows\system32\USERENV.dll
0x000007fefd220000 - 0x000007fefd22f000 	C:\Windows\system32\profapi.dll
0x000007fefd0c0000 - 0x000007fefd0cf000 	C:\Windows\system32\CRYPTBASE.dll
0x000007fefad30000 - 0x000007fefad41000 	C:\Windows\system32\dhcpcsvc6.DLL
0x000007fefacb0000 - 0x000007fefacc8000 	C:\Windows\system32\dhcpcsvc.DLL
0x00000000610a0000 - 0x0000000061235000 	C:\Program Files\Java\jre7\bin\awt.dll
0x000007fefe7f0000 - 0x000007fefe8c7000 	C:\Windows\system32\OLEAUT32.dll
0x000007fefdcb0000 - 0x000007fefdeb3000 	C:\Windows\system32\ole32.dll
0x000007fefb7f0000 - 0x000007fefb846000 	C:\Windows\system32\uxtheme.dll
0x000007fede9d0000 - 0x000007fede9f7000 	C:\Program Files (x86)\Raptr\ltc_help64-96675.dll
0x000007fefe8d0000 - 0x000007feff659000 	C:\Windows\system32\SHELL32.dll
0x000007fefd590000 - 0x000007fefd5cb000 	C:\Windows\system32\WINTRUST.dll
0x000007fefb3e0000 - 0x000007fefb3f8000 	C:\Windows\system32\dwmapi.dll
0x0000000061050000 - 0x0000000061097000 	C:\Program Files\Java\jre7\bin\fontmanager.dll
0x000007fefc2f0000 - 0x000007fefc2fc000 	C:\Windows\system32\VERSION.dll
0x000007fefc2c0000 - 0x000007fefc2ec000 	C:\Windows\system32\POWRPROF.dll
0x000007fefe200000 - 0x000007fefe3d7000 	C:\Windows\system32\SETUPAPI.dll
0x000007fefd3b0000 - 0x000007fefd3e6000 	C:\Windows\system32\CFGMGR32.dll
0x000007fefd2f0000 - 0x000007fefd30a000 	C:\Windows\system32\DEVOBJ.dll
0x00000000722b0000 - 0x00000000722f1000 	C:\Program Files\Java\jre7\bin\t2k.dll
0x0000000180000000 - 0x0000000180051000 	C:\Users\Daniel\.gradle\caches\minecraft\net\minecraft\minecraft_natives\1.7.10\lwjgl64.dll
0x000007fed6c60000 - 0x000007fed6d7d000 	C:\Windows\system32\OPENGL32.dll
0x000007fef5df0000 - 0x000007fef5e1d000 	C:\Windows\system32\GLU32.dll
0x000007fedf350000 - 0x000007fedf441000 	C:\Windows\system32\DDRAW.dll
0x000007fedf340000 - 0x000007fedf348000 	C:\Windows\system32\DCIMAN32.dll
0x000007fefae10000 - 0x000007fefae28000 	C:\Windows\system32\atig6pxx.dll
0x0000000068a40000 - 0x000000006a5ee000 	C:\Windows\system32\atio6axx.dll
0x000007fee5420000 - 0x000007fee5558000 	C:\Windows\system32\atiadlxx.dll
0x000007fefbeb0000 - 0x000007fefbfdc000 	C:\Windows\system32\PROPSYS.dll
0x000007fefc300000 - 0x000007fefc311000 	C:\Windows\system32\WTSAPI32.dll
0x000007fee4d80000 - 0x000007fee4da9000 	C:\Windows\system32\atig6txx.dll
0x000007fef4120000 - 0x000007fef41bc000 	C:\Windows\system32\mscms.dll
0x000007fed7b00000 - 0x000007fed7b42000 	C:\Windows\system32\icm32.dll
0x0000000070a40000 - 0x0000000070adc000 	C:\Users\Daniel\.gradle\caches\minecraft\net\minecraft\minecraft_natives\1.7.10\avutil-ttv-51.dll
0x0000000065980000 - 0x00000000659d6000 	C:\Users\Daniel\.gradle\caches\minecraft\net\minecraft\minecraft_natives\1.7.10\swresample-ttv-0.dll
0x000000006eb80000 - 0x000000006ec50000 	C:\Users\Daniel\.gradle\caches\minecraft\net\minecraft\minecraft_natives\1.7.10\libmp3lame-ttv.dll
0x000007fecfb70000 - 0x000007fed0f14000 	C:\Users\Daniel\.gradle\caches\minecraft\net\minecraft\minecraft_natives\1.7.10\libmfxsw64.dll
0x000007fedf650000 - 0x000007fedf77b000 	C:\Users\Daniel\.gradle\caches\minecraft\net\minecraft\minecraft_natives\1.7.10\twitchsdk.dll
0x000007fefda50000 - 0x000007fefdc97000 	C:\Windows\system32\WININET.dll
0x000007fefd2d0000 - 0x000007fefd2d4000 	C:\Windows\system32\api-ms-win-downlevel-user32-l1-1-0.dll
0x000007fefd5d0000 - 0x000007fefd5d4000 	C:\Windows\system32\api-ms-win-downlevel-shlwapi-l1-1-0.dll
0x000007fefd2e0000 - 0x000007fefd2e4000 	C:\Windows\system32\api-ms-win-downlevel-version-l1-1-0.dll
0x000007fefd250000 - 0x000007fefd253000 	C:\Windows\system32\api-ms-win-downlevel-normaliz-l1-1-0.dll
0x0000000077630000 - 0x0000000077633000 	C:\Windows\system32\normaliz.DLL
0x000007fefd5e0000 - 0x000007fefd8a7000 	C:\Windows\system32\iertutil.dll
0x000007fefd240000 - 0x000007fefd245000 	C:\Windows\system32\api-ms-win-downlevel-advapi32-l1-1-0.dll
0x000007fedf500000 - 0x000007fedf55f000 	C:\Program Files\OBS\plugins\GraphicsCapture\GraphicsCaptureHook64.dll
0x000007fef3580000 - 0x000007fef35b4000 	C:\Windows\system32\d3d10_1.dll
0x000007fef3520000 - 0x000007fef3577000 	C:\Windows\system32\d3d10_1core.dll
0x000007fef34c0000 - 0x000007fef351d000 	C:\Windows\system32\dxgi.dll
0x000007fef32e0000 - 0x000007fef34b5000 	C:\Windows\system32\d3d11.dll
0x000000000e220000 - 0x000000000e284000 	C:\Users\Daniel\.gradle\caches\minecraft\net\minecraft\minecraft_natives\1.7.10\OpenAL64.dll
0x000007fefe750000 - 0x000007fefe7e9000 	C:\Windows\system32\CLBCatQ.DLL
0x000007fefc020000 - 0x000007fefc06b000 	C:\Windows\System32\MMDevApi.dll
0x000007fef1890000 - 0x000007fef1918000 	C:\Windows\system32\dsound.dll
0x000007fefaf70000 - 0x000007fefafbf000 	C:\Windows\system32\AUDIOSES.DLL
0x000007fedf210000 - 0x000007fedf335000 	C:\Windows\system32\dbghelp.dll

VM Arguments:
jvm_args: -agentlib:jdwp=transport=dt_socket,suspend=y,address=localhost:61758 -Dfml.ignoreInvalidMinecraftCertificates=true -XX:MaxPermSize=256m -Dfile.encoding=Cp1252 
java_command: GradleStart --version 1.7 --tweakClass cpw.mods.fml.common.launcher.FMLTweaker --accessToken forgeTest --userProperties={} --username=blu.sunrize@yahoo.de --password=Dannyl1694 --assetIndex 1.7.10 --uuid=test --assetsDir C:/Users/Daniel/.gradle/caches/minecraft/assets
Launcher Type: SUN_STANDARD

Environment Variables:
PATH=C:\Program Files (x86)\NVIDIA Corporation\PhysX\Common;C:\Program Files (x86)\Intel\iCLS Client\;C:\Program Files\Intel\iCLS Client\;C:\Windows\system32;C:\Windows;C:\Windows\System32\Wbem;C:\Windows\System32\WindowsPowerShell\v1.0\;C:\Program Files\Intel\Intel(R) Management Engine Components\DAL;C:\Program Files\Intel\Intel(R) Management Engine Components\IPT;C:\Program Files (x86)\Intel\Intel(R) Management Engine Components\DAL;C:\Program Files (x86)\Intel\Intel(R) Management Engine Components\IPT;C:\Program Files (x86)\ATI Technologies\ATI.ACE\Core-Static;C:\Program Files (x86)\Git\cmd;E:\Program Files\Csound6\bin;C:\Program Files (x86)\AMD\ATI.ACE\Core-Static;C:\Program Files (x86)\Skype\Phone\
USERNAME=Daniel
OS=Windows_NT
PROCESSOR_IDENTIFIER=Intel64 Family 6 Model 60 Stepping 3, GenuineIntel



---------------  S Y S T E M  ---------------

OS: Windows 7 , 64 bit Build 7601 Service Pack 1

CPU:total 8 (4 cores per cpu, 2 threads per core) family 6 model 60 stepping 3, cmov, cx8, fxsr, mmx, sse, sse2, sse3, ssse3, sse4.1, sse4.2, popcnt, avx, avx2, aes, erms, ht, tsc, tscinvbit

Memory: 4k page, physical 8317496k(2973984k free), swap 25878348k(14609192k free)

vm_info: Java HotSpot(TM) 64-Bit Server VM (24.55-b03) for windows-amd64 JRE (1.7.0_55-b13), built on Mar 17 2014 19:45:30 by "java_re" with unknown MS VC++:1600

time: Thu Jun 04 20:54:42 2015
elapsed time: 118 seconds

